debug: Mon, 13 May 2024 07:04:14 GMT
debug: Project: D:\PA_2024\3D\MergeCraft\MergeCraft_Op7
debug: Targets: editor,preview
debug: Incremental file seems great.
debug: Engine path: C:\ProgramData\cocos\editors\Creator\3.4.2\resources\resources\3d\engine
debug: Initializing target [Editor]
debug: Loading cache
debug: Loading cache costs 48.90499997138977ms.
debug: Engine features shipped in editor: base,gfx-webgl,gfx-webgl2,3d,2d,ui,particle,particle-2d,physics-framework,physics-2d-framework,intersection-2d,primitive,profiler,audio,video,terrain,webview,tween,tiled-map,spine,dragon-bones,marionette
debug: Initializing target [Preview]
debug: Loading cache
debug: Loading cache costs 25.913900017738342ms.
debug: Sync engine features: 2d,3d,audio,base,dragon-bones,gfx-webgl,gfx-webgl2,marionette,particle,physics-cannon,primitive,profiler,spine,terrain,tiled-map,tween,ui,webview
debug: Pulling asset-db.
debug: Fetch asset-db cost: 35.27839994430542ms.
debug: Build iteration starts.
Number of accumulated asset changes: 12
Feature changed: false
debug: Target(editor) build started.
debug: Detected change: cce:/internal/x/cc. Last mtime: Thu Jan 01 1970 08:00:07 GMT+0800 (Indochina Time), Current mtime: Thu Jan 01 1970 08:00:07 GMT+0800 (Indochina Time)
debug: Inspect cce:/internal/x/cc
debug: Resolve cce:/internal/x/cc-fu/base from cce:/internal/x/cc as external dependency cce:/internal/x/cc-fu/base.
debug: Resolve cce:/internal/x/cc-fu/gfx-webgl from cce:/internal/x/cc as external dependency cce:/internal/x/cc-fu/gfx-webgl.
debug: Resolve cce:/internal/x/cc-fu/gfx-webgl2 from cce:/internal/x/cc as external dependency cce:/internal/x/cc-fu/gfx-webgl2.
debug: Resolve cce:/internal/x/cc-fu/3d from cce:/internal/x/cc as external dependency cce:/internal/x/cc-fu/3d.
debug: Resolve cce:/internal/x/cc-fu/2d from cce:/internal/x/cc as external dependency cce:/internal/x/cc-fu/2d.
debug: Resolve cce:/internal/x/cc-fu/ui from cce:/internal/x/cc as external dependency cce:/internal/x/cc-fu/ui.
debug: Resolve cce:/internal/x/cc-fu/particle from cce:/internal/x/cc as external dependency cce:/internal/x/cc-fu/particle.
debug: Resolve cce:/internal/x/cc-fu/particle-2d from cce:/internal/x/cc as external dependency cce:/internal/x/cc-fu/particle-2d.
debug: Resolve cce:/internal/x/cc-fu/physics-framework from cce:/internal/x/cc as external dependency cce:/internal/x/cc-fu/physics-framework.
debug: Resolve cce:/internal/x/cc-fu/physics-2d-framework from cce:/internal/x/cc as external dependency cce:/internal/x/cc-fu/physics-2d-framework.
debug: Resolve cce:/internal/x/cc-fu/intersection-2d from cce:/internal/x/cc as external dependency cce:/internal/x/cc-fu/intersection-2d.
debug: Resolve cce:/internal/x/cc-fu/primitive from cce:/internal/x/cc as external dependency cce:/internal/x/cc-fu/primitive.
debug: Resolve cce:/internal/x/cc-fu/profiler from cce:/internal/x/cc as external dependency cce:/internal/x/cc-fu/profiler.
debug: Resolve cce:/internal/x/cc-fu/audio from cce:/internal/x/cc as external dependency cce:/internal/x/cc-fu/audio.
debug: Resolve cce:/internal/x/cc-fu/video from cce:/internal/x/cc as external dependency cce:/internal/x/cc-fu/video.
debug: Resolve cce:/internal/x/cc-fu/terrain from cce:/internal/x/cc as external dependency cce:/internal/x/cc-fu/terrain.
debug: Resolve cce:/internal/x/cc-fu/webview from cce:/internal/x/cc as external dependency cce:/internal/x/cc-fu/webview.
debug: Resolve cce:/internal/x/cc-fu/tween from cce:/internal/x/cc as external dependency cce:/internal/x/cc-fu/tween.
debug: Resolve cce:/internal/x/cc-fu/tiled-map from cce:/internal/x/cc as external dependency cce:/internal/x/cc-fu/tiled-map.
debug: Resolve cce:/internal/x/cc-fu/spine from cce:/internal/x/cc as external dependency cce:/internal/x/cc-fu/spine.
debug: Resolve cce:/internal/x/cc-fu/dragon-bones from cce:/internal/x/cc as external dependency cce:/internal/x/cc-fu/dragon-bones.
debug: Detected change: cce:/internal/x/prerequisite-imports. Last mtime: Thu Jan 01 1970 08:00:19 GMT+0800 (Indochina Time), Current mtime: Thu Jan 01 1970 08:00:27 GMT+0800 (Indochina Time)
debug: Inspect cce:/internal/x/prerequisite-imports
debug: Resolve file:///D:/PA_2024/3D/MergeCraft/MergeCraft_Op7/assets/Script/Controller/BossController.ts from cce:/internal/x/prerequisite-imports as file:///D:/PA_2024/3D/MergeCraft/MergeCraft_Op7/assets/Script/Controller/BossController.ts.
debug: Resolve file:///D:/PA_2024/3D/MergeCraft/MergeCraft_Op7/assets/Script/Controller/CharacterControl.ts from cce:/internal/x/prerequisite-imports as file:///D:/PA_2024/3D/MergeCraft/MergeCraft_Op7/assets/Script/Controller/CharacterControl.ts.
debug: Resolve file:///D:/PA_2024/3D/MergeCraft/MergeCraft_Op7/assets/Script/Controller/GameController.ts from cce:/internal/x/prerequisite-imports as file:///D:/PA_2024/3D/MergeCraft/MergeCraft_Op7/assets/Script/Controller/GameController.ts.
debug: Resolve file:///D:/PA_2024/3D/MergeCraft/MergeCraft_Op7/assets/Script/Controller/GamePlay.ts from cce:/internal/x/prerequisite-imports as file:///D:/PA_2024/3D/MergeCraft/MergeCraft_Op7/assets/Script/Controller/GamePlay.ts.
debug: Resolve file:///D:/PA_2024/3D/MergeCraft/MergeCraft_Op7/assets/Script/Controller/NodesController.ts from cce:/internal/x/prerequisite-imports as file:///D:/PA_2024/3D/MergeCraft/MergeCraft_Op7/assets/Script/Controller/NodesController.ts.
debug: Resolve file:///D:/PA_2024/3D/MergeCraft/MergeCraft_Op7/assets/Script/Controller/RangerControl.ts from cce:/internal/x/prerequisite-imports as file:///D:/PA_2024/3D/MergeCraft/MergeCraft_Op7/assets/Script/Controller/RangerControl.ts.
debug: Resolve file:///D:/PA_2024/3D/MergeCraft/MergeCraft_Op7/assets/Script/Controller/TouchAreaController.ts from cce:/internal/x/prerequisite-imports as file:///D:/PA_2024/3D/MergeCraft/MergeCraft_Op7/assets/Script/Controller/TouchAreaController.ts.
debug: Resolve file:///D:/PA_2024/3D/MergeCraft/MergeCraft_Op7/assets/Script/Plugin/AudioManager.ts from cce:/internal/x/prerequisite-imports as file:///D:/PA_2024/3D/MergeCraft/MergeCraft_Op7/assets/Script/Plugin/AudioManager.ts.
debug: Resolve file:///D:/PA_2024/3D/MergeCraft/MergeCraft_Op7/assets/Script/Data/Constant.ts from cce:/internal/x/prerequisite-imports as file:///D:/PA_2024/3D/MergeCraft/MergeCraft_Op7/assets/Script/Data/Constant.ts.
debug: Resolve file:///D:/PA_2024/3D/MergeCraft/MergeCraft_Op7/assets/Script/Plugin/IronSource.ts from cce:/internal/x/prerequisite-imports as file:///D:/PA_2024/3D/MergeCraft/MergeCraft_Op7/assets/Script/Plugin/IronSource.ts.
debug: Resolve file:///D:/PA_2024/3D/MergeCraft/MergeCraft_Op7/assets/Script/Plugin/Responsive.ts from cce:/internal/x/prerequisite-imports as file:///D:/PA_2024/3D/MergeCraft/MergeCraft_Op7/assets/Script/Plugin/Responsive.ts.
debug: Resolve file:///D:/PA_2024/3D/MergeCraft/MergeCraft_Op7/assets/Script/Plugin/Utils.ts from cce:/internal/x/prerequisite-imports as file:///D:/PA_2024/3D/MergeCraft/MergeCraft_Op7/assets/Script/Plugin/Utils.ts.
debug: Detected change: cce:/internal/code-quality/cr.mjs. Last mtime: Mon May 13 2024 08:50:32 GMT+0700 (Indochina Time), Current mtime: Mon May 13 2024 14:04:07 GMT+0700 (Indochina Time)
debug: Inspect cce:/internal/code-quality/cr.mjs
debug: Target(editor) ends with cost 129.60110008716583ms.
debug: Target(preview) build started.
debug: Detected change: cce:/internal/x/cc. Last mtime: Thu Jan 01 1970 08:00:07 GMT+0800 (Indochina Time), Current mtime: Thu Jan 01 1970 08:00:07 GMT+0800 (Indochina Time)
debug: Inspect cce:/internal/x/cc
debug: Resolve cce:/internal/x/cc-fu/2d from cce:/internal/x/cc as external dependency cce:/internal/x/cc-fu/2d.
debug: Resolve cce:/internal/x/cc-fu/3d from cce:/internal/x/cc as external dependency cce:/internal/x/cc-fu/3d.
debug: Resolve cce:/internal/x/cc-fu/audio from cce:/internal/x/cc as external dependency cce:/internal/x/cc-fu/audio.
debug: Resolve cce:/internal/x/cc-fu/base from cce:/internal/x/cc as external dependency cce:/internal/x/cc-fu/base.
debug: Resolve cce:/internal/x/cc-fu/dragon-bones from cce:/internal/x/cc as external dependency cce:/internal/x/cc-fu/dragon-bones.
debug: Resolve cce:/internal/x/cc-fu/gfx-webgl from cce:/internal/x/cc as external dependency cce:/internal/x/cc-fu/gfx-webgl.
debug: Resolve cce:/internal/x/cc-fu/gfx-webgl2 from cce:/internal/x/cc as external dependency cce:/internal/x/cc-fu/gfx-webgl2.
debug: Resolve cce:/internal/x/cc-fu/particle from cce:/internal/x/cc as external dependency cce:/internal/x/cc-fu/particle.
debug: Resolve cce:/internal/x/cc-fu/physics-cannon from cce:/internal/x/cc as external dependency cce:/internal/x/cc-fu/physics-cannon.
debug: Resolve cce:/internal/x/cc-fu/physics-framework from cce:/internal/x/cc as external dependency cce:/internal/x/cc-fu/physics-framework.
debug: Resolve cce:/internal/x/cc-fu/primitive from cce:/internal/x/cc as external dependency cce:/internal/x/cc-fu/primitive.
debug: Resolve cce:/internal/x/cc-fu/profiler from cce:/internal/x/cc as external dependency cce:/internal/x/cc-fu/profiler.
debug: Resolve cce:/internal/x/cc-fu/spine from cce:/internal/x/cc as external dependency cce:/internal/x/cc-fu/spine.
debug: Resolve cce:/internal/x/cc-fu/terrain from cce:/internal/x/cc as external dependency cce:/internal/x/cc-fu/terrain.
debug: Resolve cce:/internal/x/cc-fu/tiled-map from cce:/internal/x/cc as external dependency cce:/internal/x/cc-fu/tiled-map.
debug: Resolve cce:/internal/x/cc-fu/tween from cce:/internal/x/cc as external dependency cce:/internal/x/cc-fu/tween.
debug: Resolve cce:/internal/x/cc-fu/ui from cce:/internal/x/cc as external dependency cce:/internal/x/cc-fu/ui.
debug: Resolve cce:/internal/x/cc-fu/webview from cce:/internal/x/cc as external dependency cce:/internal/x/cc-fu/webview.
debug: Detected change: cce:/internal/x/prerequisite-imports. Last mtime: Thu Jan 01 1970 08:00:19 GMT+0800 (Indochina Time), Current mtime: Thu Jan 01 1970 08:00:27 GMT+0800 (Indochina Time)
debug: Inspect cce:/internal/x/prerequisite-imports
debug: Resolve file:///D:/PA_2024/3D/MergeCraft/MergeCraft_Op7/assets/Script/Controller/BossController.ts from cce:/internal/x/prerequisite-imports as file:///D:/PA_2024/3D/MergeCraft/MergeCraft_Op7/assets/Script/Controller/BossController.ts.
debug: Resolve file:///D:/PA_2024/3D/MergeCraft/MergeCraft_Op7/assets/Script/Controller/CharacterControl.ts from cce:/internal/x/prerequisite-imports as file:///D:/PA_2024/3D/MergeCraft/MergeCraft_Op7/assets/Script/Controller/CharacterControl.ts.
debug: Resolve file:///D:/PA_2024/3D/MergeCraft/MergeCraft_Op7/assets/Script/Controller/GameController.ts from cce:/internal/x/prerequisite-imports as file:///D:/PA_2024/3D/MergeCraft/MergeCraft_Op7/assets/Script/Controller/GameController.ts.
debug: Resolve file:///D:/PA_2024/3D/MergeCraft/MergeCraft_Op7/assets/Script/Controller/GamePlay.ts from cce:/internal/x/prerequisite-imports as file:///D:/PA_2024/3D/MergeCraft/MergeCraft_Op7/assets/Script/Controller/GamePlay.ts.
debug: Resolve file:///D:/PA_2024/3D/MergeCraft/MergeCraft_Op7/assets/Script/Controller/NodesController.ts from cce:/internal/x/prerequisite-imports as file:///D:/PA_2024/3D/MergeCraft/MergeCraft_Op7/assets/Script/Controller/NodesController.ts.
debug: Resolve file:///D:/PA_2024/3D/MergeCraft/MergeCraft_Op7/assets/Script/Controller/RangerControl.ts from cce:/internal/x/prerequisite-imports as file:///D:/PA_2024/3D/MergeCraft/MergeCraft_Op7/assets/Script/Controller/RangerControl.ts.
debug: Resolve file:///D:/PA_2024/3D/MergeCraft/MergeCraft_Op7/assets/Script/Controller/TouchAreaController.ts from cce:/internal/x/prerequisite-imports as file:///D:/PA_2024/3D/MergeCraft/MergeCraft_Op7/assets/Script/Controller/TouchAreaController.ts.
debug: Resolve file:///D:/PA_2024/3D/MergeCraft/MergeCraft_Op7/assets/Script/Data/Constant.ts from cce:/internal/x/prerequisite-imports as file:///D:/PA_2024/3D/MergeCraft/MergeCraft_Op7/assets/Script/Data/Constant.ts.
debug: Resolve file:///D:/PA_2024/3D/MergeCraft/MergeCraft_Op7/assets/Script/Plugin/AudioManager.ts from cce:/internal/x/prerequisite-imports as file:///D:/PA_2024/3D/MergeCraft/MergeCraft_Op7/assets/Script/Plugin/AudioManager.ts.
debug: Resolve file:///D:/PA_2024/3D/MergeCraft/MergeCraft_Op7/assets/Script/Plugin/IronSource.ts from cce:/internal/x/prerequisite-imports as file:///D:/PA_2024/3D/MergeCraft/MergeCraft_Op7/assets/Script/Plugin/IronSource.ts.
debug: Resolve file:///D:/PA_2024/3D/MergeCraft/MergeCraft_Op7/assets/Script/Plugin/Responsive.ts from cce:/internal/x/prerequisite-imports as file:///D:/PA_2024/3D/MergeCraft/MergeCraft_Op7/assets/Script/Plugin/Responsive.ts.
debug: Resolve file:///D:/PA_2024/3D/MergeCraft/MergeCraft_Op7/assets/Script/Plugin/Utils.ts from cce:/internal/x/prerequisite-imports as file:///D:/PA_2024/3D/MergeCraft/MergeCraft_Op7/assets/Script/Plugin/Utils.ts.
debug: Detected change: cce:/internal/code-quality/cr.mjs. Last mtime: Mon May 13 2024 08:50:32 GMT+0700 (Indochina Time), Current mtime: Mon May 13 2024 14:04:07 GMT+0700 (Indochina Time)
debug: Inspect cce:/internal/code-quality/cr.mjs
debug: Target(preview) ends with cost 83.473100066185ms.
debug: Dispatch build request for time accumulated 1 asset changes.
debug: Build iteration starts.
Number of accumulated asset changes: 1
Feature changed: false
debug: Target(editor) build started.
debug: Detected change: cce:/internal/x/prerequisite-imports. Last mtime: Thu Jan 01 1970 08:00:27 GMT+0800 (Indochina Time), Current mtime: Thu Jan 01 1970 08:59:15 GMT+0800 (Indochina Time)
debug: Inspect cce:/internal/x/prerequisite-imports
debug: Resolve file:///D:/PA_2024/3D/MergeCraft/MergeCraft_Op7/assets/Script/Controller/BossController.ts from cce:/internal/x/prerequisite-imports as file:///D:/PA_2024/3D/MergeCraft/MergeCraft_Op7/assets/Script/Controller/BossController.ts.
debug: Resolve file:///D:/PA_2024/3D/MergeCraft/MergeCraft_Op7/assets/Script/Controller/CharacterControl.ts from cce:/internal/x/prerequisite-imports as file:///D:/PA_2024/3D/MergeCraft/MergeCraft_Op7/assets/Script/Controller/CharacterControl.ts.
debug: Resolve file:///D:/PA_2024/3D/MergeCraft/MergeCraft_Op7/assets/Script/Controller/GameController.ts from cce:/internal/x/prerequisite-imports as file:///D:/PA_2024/3D/MergeCraft/MergeCraft_Op7/assets/Script/Controller/GameController.ts.
debug: Resolve file:///D:/PA_2024/3D/MergeCraft/MergeCraft_Op7/assets/Script/Controller/GamePlay.ts from cce:/internal/x/prerequisite-imports as file:///D:/PA_2024/3D/MergeCraft/MergeCraft_Op7/assets/Script/Controller/GamePlay.ts.
debug: Resolve file:///D:/PA_2024/3D/MergeCraft/MergeCraft_Op7/assets/Script/Controller/NodesController.ts from cce:/internal/x/prerequisite-imports as file:///D:/PA_2024/3D/MergeCraft/MergeCraft_Op7/assets/Script/Controller/NodesController.ts.
debug: Resolve file:///D:/PA_2024/3D/MergeCraft/MergeCraft_Op7/assets/Script/Controller/RangerControl.ts from cce:/internal/x/prerequisite-imports as file:///D:/PA_2024/3D/MergeCraft/MergeCraft_Op7/assets/Script/Controller/RangerControl.ts.
debug: Resolve file:///D:/PA_2024/3D/MergeCraft/MergeCraft_Op7/assets/Script/Controller/TouchAreaController.ts from cce:/internal/x/prerequisite-imports as file:///D:/PA_2024/3D/MergeCraft/MergeCraft_Op7/assets/Script/Controller/TouchAreaController.ts.
debug: Resolve file:///D:/PA_2024/3D/MergeCraft/MergeCraft_Op7/assets/Script/Data/Constant.ts from cce:/internal/x/prerequisite-imports as file:///D:/PA_2024/3D/MergeCraft/MergeCraft_Op7/assets/Script/Data/Constant.ts.
debug: Resolve file:///D:/PA_2024/3D/MergeCraft/MergeCraft_Op7/assets/Script/Plugin/AudioManager.ts from cce:/internal/x/prerequisite-imports as file:///D:/PA_2024/3D/MergeCraft/MergeCraft_Op7/assets/Script/Plugin/AudioManager.ts.
debug: Resolve file:///D:/PA_2024/3D/MergeCraft/MergeCraft_Op7/assets/Script/Plugin/IronSource.ts from cce:/internal/x/prerequisite-imports as file:///D:/PA_2024/3D/MergeCraft/MergeCraft_Op7/assets/Script/Plugin/IronSource.ts.
debug: Resolve file:///D:/PA_2024/3D/MergeCraft/MergeCraft_Op7/assets/Script/Plugin/Responsive.ts from cce:/internal/x/prerequisite-imports as file:///D:/PA_2024/3D/MergeCraft/MergeCraft_Op7/assets/Script/Plugin/Responsive.ts.
debug: Resolve file:///D:/PA_2024/3D/MergeCraft/MergeCraft_Op7/assets/Script/Plugin/Utils.ts from cce:/internal/x/prerequisite-imports as file:///D:/PA_2024/3D/MergeCraft/MergeCraft_Op7/assets/Script/Plugin/Utils.ts.
debug: Detected change: file:///D:/PA_2024/3D/MergeCraft/MergeCraft_Op7/assets/Script/Controller/GamePlay.ts. Last mtime: Fri May 10 2024 16:45:28 GMT+0700 (Indochina Time)@d6ba2e81-5fd5-455a-bbcd-d756b03ebf0b, Current mtime: Mon May 13 2024 15:00:06 GMT+0700 (Indochina Time)@d6ba2e81-5fd5-455a-bbcd-d756b03ebf0b
debug: Inspect file:///D:/PA_2024/3D/MergeCraft/MergeCraft_Op7/assets/Script/Controller/GamePlay.ts
debug: Resolve cce:/internal/code-quality/cr.mjs from file:///D:/PA_2024/3D/MergeCraft/MergeCraft_Op7/assets/Script/Controller/GamePlay.ts as cce:/internal/code-quality/cr.mjs.
debug: Resolve cc from file:///D:/PA_2024/3D/MergeCraft/MergeCraft_Op7/assets/Script/Controller/GamePlay.ts as cce:/internal/x/cc.
debug: Resolve cc from file:///D:/PA_2024/3D/MergeCraft/MergeCraft_Op7/assets/Script/Controller/GamePlay.ts as cce:/internal/x/cc.
debug: Resolve ./GameController from file:///D:/PA_2024/3D/MergeCraft/MergeCraft_Op7/assets/Script/Controller/GamePlay.ts as file:///D:/PA_2024/3D/MergeCraft/MergeCraft_Op7/assets/Script/Controller/GameController.ts.
debug: Resolve ../Plugin/AudioManager from file:///D:/PA_2024/3D/MergeCraft/MergeCraft_Op7/assets/Script/Controller/GamePlay.ts as file:///D:/PA_2024/3D/MergeCraft/MergeCraft_Op7/assets/Script/Plugin/AudioManager.ts.
debug: Resolve ../Data/Constant from file:///D:/PA_2024/3D/MergeCraft/MergeCraft_Op7/assets/Script/Controller/GamePlay.ts as file:///D:/PA_2024/3D/MergeCraft/MergeCraft_Op7/assets/Script/Data/Constant.ts.
debug: Resolve ./NodesController from file:///D:/PA_2024/3D/MergeCraft/MergeCraft_Op7/assets/Script/Controller/GamePlay.ts as file:///D:/PA_2024/3D/MergeCraft/MergeCraft_Op7/assets/Script/Controller/NodesController.ts.
debug: Target(editor) ends with cost 308.4487999677658ms.
debug: Target(preview) build started.
debug: Detected change: cce:/internal/x/prerequisite-imports. Last mtime: Thu Jan 01 1970 08:00:27 GMT+0800 (Indochina Time), Current mtime: Thu Jan 01 1970 08:59:15 GMT+0800 (Indochina Time)
debug: Inspect cce:/internal/x/prerequisite-imports
debug: Resolve file:///D:/PA_2024/3D/MergeCraft/MergeCraft_Op7/assets/Script/Controller/BossController.ts from cce:/internal/x/prerequisite-imports as file:///D:/PA_2024/3D/MergeCraft/MergeCraft_Op7/assets/Script/Controller/BossController.ts.
debug: Resolve file:///D:/PA_2024/3D/MergeCraft/MergeCraft_Op7/assets/Script/Controller/CharacterControl.ts from cce:/internal/x/prerequisite-imports as file:///D:/PA_2024/3D/MergeCraft/MergeCraft_Op7/assets/Script/Controller/CharacterControl.ts.
debug: Resolve file:///D:/PA_2024/3D/MergeCraft/MergeCraft_Op7/assets/Script/Controller/GameController.ts from cce:/internal/x/prerequisite-imports as file:///D:/PA_2024/3D/MergeCraft/MergeCraft_Op7/assets/Script/Controller/GameController.ts.
debug: Resolve file:///D:/PA_2024/3D/MergeCraft/MergeCraft_Op7/assets/Script/Controller/GamePlay.ts from cce:/internal/x/prerequisite-imports as file:///D:/PA_2024/3D/MergeCraft/MergeCraft_Op7/assets/Script/Controller/GamePlay.ts.
debug: Resolve file:///D:/PA_2024/3D/MergeCraft/MergeCraft_Op7/assets/Script/Controller/NodesController.ts from cce:/internal/x/prerequisite-imports as file:///D:/PA_2024/3D/MergeCraft/MergeCraft_Op7/assets/Script/Controller/NodesController.ts.
debug: Resolve file:///D:/PA_2024/3D/MergeCraft/MergeCraft_Op7/assets/Script/Controller/RangerControl.ts from cce:/internal/x/prerequisite-imports as file:///D:/PA_2024/3D/MergeCraft/MergeCraft_Op7/assets/Script/Controller/RangerControl.ts.
debug: Resolve file:///D:/PA_2024/3D/MergeCraft/MergeCraft_Op7/assets/Script/Controller/TouchAreaController.ts from cce:/internal/x/prerequisite-imports as file:///D:/PA_2024/3D/MergeCraft/MergeCraft_Op7/assets/Script/Controller/TouchAreaController.ts.
debug: Resolve file:///D:/PA_2024/3D/MergeCraft/MergeCraft_Op7/assets/Script/Data/Constant.ts from cce:/internal/x/prerequisite-imports as file:///D:/PA_2024/3D/MergeCraft/MergeCraft_Op7/assets/Script/Data/Constant.ts.
debug: Resolve file:///D:/PA_2024/3D/MergeCraft/MergeCraft_Op7/assets/Script/Plugin/AudioManager.ts from cce:/internal/x/prerequisite-imports as file:///D:/PA_2024/3D/MergeCraft/MergeCraft_Op7/assets/Script/Plugin/AudioManager.ts.
debug: Resolve file:///D:/PA_2024/3D/MergeCraft/MergeCraft_Op7/assets/Script/Plugin/IronSource.ts from cce:/internal/x/prerequisite-imports as file:///D:/PA_2024/3D/MergeCraft/MergeCraft_Op7/assets/Script/Plugin/IronSource.ts.
debug: Resolve file:///D:/PA_2024/3D/MergeCraft/MergeCraft_Op7/assets/Script/Plugin/Responsive.ts from cce:/internal/x/prerequisite-imports as file:///D:/PA_2024/3D/MergeCraft/MergeCraft_Op7/assets/Script/Plugin/Responsive.ts.
debug: Resolve file:///D:/PA_2024/3D/MergeCraft/MergeCraft_Op7/assets/Script/Plugin/Utils.ts from cce:/internal/x/prerequisite-imports as file:///D:/PA_2024/3D/MergeCraft/MergeCraft_Op7/assets/Script/Plugin/Utils.ts.
debug: Detected change: file:///D:/PA_2024/3D/MergeCraft/MergeCraft_Op7/assets/Script/Controller/GamePlay.ts. Last mtime: Fri May 10 2024 16:45:28 GMT+0700 (Indochina Time)@d6ba2e81-5fd5-455a-bbcd-d756b03ebf0b, Current mtime: Mon May 13 2024 15:00:06 GMT+0700 (Indochina Time)@d6ba2e81-5fd5-455a-bbcd-d756b03ebf0b
debug: Inspect file:///D:/PA_2024/3D/MergeCraft/MergeCraft_Op7/assets/Script/Controller/GamePlay.ts
debug: Resolve cce:/internal/code-quality/cr.mjs from file:///D:/PA_2024/3D/MergeCraft/MergeCraft_Op7/assets/Script/Controller/GamePlay.ts as cce:/internal/code-quality/cr.mjs.
debug: Resolve cc from file:///D:/PA_2024/3D/MergeCraft/MergeCraft_Op7/assets/Script/Controller/GamePlay.ts as cce:/internal/x/cc.
debug: Resolve cc from file:///D:/PA_2024/3D/MergeCraft/MergeCraft_Op7/assets/Script/Controller/GamePlay.ts as cce:/internal/x/cc.
debug: Resolve ./GameController from file:///D:/PA_2024/3D/MergeCraft/MergeCraft_Op7/assets/Script/Controller/GamePlay.ts as file:///D:/PA_2024/3D/MergeCraft/MergeCraft_Op7/assets/Script/Controller/GameController.ts.
debug: Resolve ../Plugin/AudioManager from file:///D:/PA_2024/3D/MergeCraft/MergeCraft_Op7/assets/Script/Controller/GamePlay.ts as file:///D:/PA_2024/3D/MergeCraft/MergeCraft_Op7/assets/Script/Plugin/AudioManager.ts.
debug: Resolve ../Data/Constant from file:///D:/PA_2024/3D/MergeCraft/MergeCraft_Op7/assets/Script/Controller/GamePlay.ts as file:///D:/PA_2024/3D/MergeCraft/MergeCraft_Op7/assets/Script/Data/Constant.ts.
debug: Resolve ./NodesController from file:///D:/PA_2024/3D/MergeCraft/MergeCraft_Op7/assets/Script/Controller/GamePlay.ts as file:///D:/PA_2024/3D/MergeCraft/MergeCraft_Op7/assets/Script/Controller/NodesController.ts.
debug: Target(preview) ends with cost 226.16910004615784ms.
debug: Dispatch build request for time accumulated 1 asset changes.
debug: Build iteration starts.
Number of accumulated asset changes: 1
Feature changed: false
debug: Target(editor) build started.
debug: Detected change: cce:/internal/x/prerequisite-imports. Last mtime: Thu Jan 01 1970 08:59:15 GMT+0800 (Indochina Time), Current mtime: Thu Jan 01 1970 08:59:27 GMT+0800 (Indochina Time)
debug: Inspect cce:/internal/x/prerequisite-imports
debug: Resolve file:///D:/PA_2024/3D/MergeCraft/MergeCraft_Op7/assets/Script/Controller/BossController.ts from cce:/internal/x/prerequisite-imports as file:///D:/PA_2024/3D/MergeCraft/MergeCraft_Op7/assets/Script/Controller/BossController.ts.
debug: Resolve file:///D:/PA_2024/3D/MergeCraft/MergeCraft_Op7/assets/Script/Controller/CharacterControl.ts from cce:/internal/x/prerequisite-imports as file:///D:/PA_2024/3D/MergeCraft/MergeCraft_Op7/assets/Script/Controller/CharacterControl.ts.
debug: Resolve file:///D:/PA_2024/3D/MergeCraft/MergeCraft_Op7/assets/Script/Controller/GameController.ts from cce:/internal/x/prerequisite-imports as file:///D:/PA_2024/3D/MergeCraft/MergeCraft_Op7/assets/Script/Controller/GameController.ts.
debug: Resolve file:///D:/PA_2024/3D/MergeCraft/MergeCraft_Op7/assets/Script/Controller/GamePlay.ts from cce:/internal/x/prerequisite-imports as file:///D:/PA_2024/3D/MergeCraft/MergeCraft_Op7/assets/Script/Controller/GamePlay.ts.
debug: Resolve file:///D:/PA_2024/3D/MergeCraft/MergeCraft_Op7/assets/Script/Controller/NodesController.ts from cce:/internal/x/prerequisite-imports as file:///D:/PA_2024/3D/MergeCraft/MergeCraft_Op7/assets/Script/Controller/NodesController.ts.
debug: Resolve file:///D:/PA_2024/3D/MergeCraft/MergeCraft_Op7/assets/Script/Controller/RangerControl.ts from cce:/internal/x/prerequisite-imports as file:///D:/PA_2024/3D/MergeCraft/MergeCraft_Op7/assets/Script/Controller/RangerControl.ts.
debug: Resolve file:///D:/PA_2024/3D/MergeCraft/MergeCraft_Op7/assets/Script/Controller/TouchAreaController.ts from cce:/internal/x/prerequisite-imports as file:///D:/PA_2024/3D/MergeCraft/MergeCraft_Op7/assets/Script/Controller/TouchAreaController.ts.
debug: Resolve file:///D:/PA_2024/3D/MergeCraft/MergeCraft_Op7/assets/Script/Data/Constant.ts from cce:/internal/x/prerequisite-imports as file:///D:/PA_2024/3D/MergeCraft/MergeCraft_Op7/assets/Script/Data/Constant.ts.
debug: Resolve file:///D:/PA_2024/3D/MergeCraft/MergeCraft_Op7/assets/Script/Plugin/AudioManager.ts from cce:/internal/x/prerequisite-imports as file:///D:/PA_2024/3D/MergeCraft/MergeCraft_Op7/assets/Script/Plugin/AudioManager.ts.
debug: Resolve file:///D:/PA_2024/3D/MergeCraft/MergeCraft_Op7/assets/Script/Plugin/IronSource.ts from cce:/internal/x/prerequisite-imports as file:///D:/PA_2024/3D/MergeCraft/MergeCraft_Op7/assets/Script/Plugin/IronSource.ts.
debug: Resolve file:///D:/PA_2024/3D/MergeCraft/MergeCraft_Op7/assets/Script/Plugin/Responsive.ts from cce:/internal/x/prerequisite-imports as file:///D:/PA_2024/3D/MergeCraft/MergeCraft_Op7/assets/Script/Plugin/Responsive.ts.
debug: Resolve file:///D:/PA_2024/3D/MergeCraft/MergeCraft_Op7/assets/Script/Plugin/Utils.ts from cce:/internal/x/prerequisite-imports as file:///D:/PA_2024/3D/MergeCraft/MergeCraft_Op7/assets/Script/Plugin/Utils.ts.
debug: Detected change: file:///D:/PA_2024/3D/MergeCraft/MergeCraft_Op7/assets/Script/Controller/GamePlay.ts. Last mtime: Mon May 13 2024 15:00:06 GMT+0700 (Indochina Time)@d6ba2e81-5fd5-455a-bbcd-d756b03ebf0b, Current mtime: Mon May 13 2024 15:03:34 GMT+0700 (Indochina Time)@d6ba2e81-5fd5-455a-bbcd-d756b03ebf0b
debug: Inspect file:///D:/PA_2024/3D/MergeCraft/MergeCraft_Op7/assets/Script/Controller/GamePlay.ts
debug: Resolve cce:/internal/code-quality/cr.mjs from file:///D:/PA_2024/3D/MergeCraft/MergeCraft_Op7/assets/Script/Controller/GamePlay.ts as cce:/internal/code-quality/cr.mjs.
debug: Resolve cc from file:///D:/PA_2024/3D/MergeCraft/MergeCraft_Op7/assets/Script/Controller/GamePlay.ts as cce:/internal/x/cc.
debug: Resolve cc from file:///D:/PA_2024/3D/MergeCraft/MergeCraft_Op7/assets/Script/Controller/GamePlay.ts as cce:/internal/x/cc.
debug: Resolve ./GameController from file:///D:/PA_2024/3D/MergeCraft/MergeCraft_Op7/assets/Script/Controller/GamePlay.ts as file:///D:/PA_2024/3D/MergeCraft/MergeCraft_Op7/assets/Script/Controller/GameController.ts.
debug: Resolve ../Plugin/AudioManager from file:///D:/PA_2024/3D/MergeCraft/MergeCraft_Op7/assets/Script/Controller/GamePlay.ts as file:///D:/PA_2024/3D/MergeCraft/MergeCraft_Op7/assets/Script/Plugin/AudioManager.ts.
debug: Resolve ../Data/Constant from file:///D:/PA_2024/3D/MergeCraft/MergeCraft_Op7/assets/Script/Controller/GamePlay.ts as file:///D:/PA_2024/3D/MergeCraft/MergeCraft_Op7/assets/Script/Data/Constant.ts.
debug: Resolve ./NodesController from file:///D:/PA_2024/3D/MergeCraft/MergeCraft_Op7/assets/Script/Controller/GamePlay.ts as file:///D:/PA_2024/3D/MergeCraft/MergeCraft_Op7/assets/Script/Controller/NodesController.ts.
debug: Target(editor) ends with cost 133.16040003299713ms.
debug: Target(preview) build started.
debug: Detected change: cce:/internal/x/prerequisite-imports. Last mtime: Thu Jan 01 1970 08:59:15 GMT+0800 (Indochina Time), Current mtime: Thu Jan 01 1970 08:59:27 GMT+0800 (Indochina Time)
debug: Inspect cce:/internal/x/prerequisite-imports
debug: Resolve file:///D:/PA_2024/3D/MergeCraft/MergeCraft_Op7/assets/Script/Controller/BossController.ts from cce:/internal/x/prerequisite-imports as file:///D:/PA_2024/3D/MergeCraft/MergeCraft_Op7/assets/Script/Controller/BossController.ts.
debug: Resolve file:///D:/PA_2024/3D/MergeCraft/MergeCraft_Op7/assets/Script/Controller/CharacterControl.ts from cce:/internal/x/prerequisite-imports as file:///D:/PA_2024/3D/MergeCraft/MergeCraft_Op7/assets/Script/Controller/CharacterControl.ts.
debug: Resolve file:///D:/PA_2024/3D/MergeCraft/MergeCraft_Op7/assets/Script/Controller/GameController.ts from cce:/internal/x/prerequisite-imports as file:///D:/PA_2024/3D/MergeCraft/MergeCraft_Op7/assets/Script/Controller/GameController.ts.
debug: Resolve file:///D:/PA_2024/3D/MergeCraft/MergeCraft_Op7/assets/Script/Controller/GamePlay.ts from cce:/internal/x/prerequisite-imports as file:///D:/PA_2024/3D/MergeCraft/MergeCraft_Op7/assets/Script/Controller/GamePlay.ts.
debug: Resolve file:///D:/PA_2024/3D/MergeCraft/MergeCraft_Op7/assets/Script/Controller/NodesController.ts from cce:/internal/x/prerequisite-imports as file:///D:/PA_2024/3D/MergeCraft/MergeCraft_Op7/assets/Script/Controller/NodesController.ts.
debug: Resolve file:///D:/PA_2024/3D/MergeCraft/MergeCraft_Op7/assets/Script/Controller/RangerControl.ts from cce:/internal/x/prerequisite-imports as file:///D:/PA_2024/3D/MergeCraft/MergeCraft_Op7/assets/Script/Controller/RangerControl.ts.
debug: Resolve file:///D:/PA_2024/3D/MergeCraft/MergeCraft_Op7/assets/Script/Controller/TouchAreaController.ts from cce:/internal/x/prerequisite-imports as file:///D:/PA_2024/3D/MergeCraft/MergeCraft_Op7/assets/Script/Controller/TouchAreaController.ts.
debug: Resolve file:///D:/PA_2024/3D/MergeCraft/MergeCraft_Op7/assets/Script/Data/Constant.ts from cce:/internal/x/prerequisite-imports as file:///D:/PA_2024/3D/MergeCraft/MergeCraft_Op7/assets/Script/Data/Constant.ts.
debug: Resolve file:///D:/PA_2024/3D/MergeCraft/MergeCraft_Op7/assets/Script/Plugin/AudioManager.ts from cce:/internal/x/prerequisite-imports as file:///D:/PA_2024/3D/MergeCraft/MergeCraft_Op7/assets/Script/Plugin/AudioManager.ts.
debug: Resolve file:///D:/PA_2024/3D/MergeCraft/MergeCraft_Op7/assets/Script/Plugin/IronSource.ts from cce:/internal/x/prerequisite-imports as file:///D:/PA_2024/3D/MergeCraft/MergeCraft_Op7/assets/Script/Plugin/IronSource.ts.
debug: Resolve file:///D:/PA_2024/3D/MergeCraft/MergeCraft_Op7/assets/Script/Plugin/Responsive.ts from cce:/internal/x/prerequisite-imports as file:///D:/PA_2024/3D/MergeCraft/MergeCraft_Op7/assets/Script/Plugin/Responsive.ts.
debug: Resolve file:///D:/PA_2024/3D/MergeCraft/MergeCraft_Op7/assets/Script/Plugin/Utils.ts from cce:/internal/x/prerequisite-imports as file:///D:/PA_2024/3D/MergeCraft/MergeCraft_Op7/assets/Script/Plugin/Utils.ts.
debug: Detected change: file:///D:/PA_2024/3D/MergeCraft/MergeCraft_Op7/assets/Script/Controller/GamePlay.ts. Last mtime: Mon May 13 2024 15:00:06 GMT+0700 (Indochina Time)@d6ba2e81-5fd5-455a-bbcd-d756b03ebf0b, Current mtime: Mon May 13 2024 15:03:34 GMT+0700 (Indochina Time)@d6ba2e81-5fd5-455a-bbcd-d756b03ebf0b
debug: Inspect file:///D:/PA_2024/3D/MergeCraft/MergeCraft_Op7/assets/Script/Controller/GamePlay.ts
debug: Resolve cce:/internal/code-quality/cr.mjs from file:///D:/PA_2024/3D/MergeCraft/MergeCraft_Op7/assets/Script/Controller/GamePlay.ts as cce:/internal/code-quality/cr.mjs.
debug: Resolve cc from file:///D:/PA_2024/3D/MergeCraft/MergeCraft_Op7/assets/Script/Controller/GamePlay.ts as cce:/internal/x/cc.
debug: Resolve cc from file:///D:/PA_2024/3D/MergeCraft/MergeCraft_Op7/assets/Script/Controller/GamePlay.ts as cce:/internal/x/cc.
debug: Resolve ./GameController from file:///D:/PA_2024/3D/MergeCraft/MergeCraft_Op7/assets/Script/Controller/GamePlay.ts as file:///D:/PA_2024/3D/MergeCraft/MergeCraft_Op7/assets/Script/Controller/GameController.ts.
debug: Resolve ../Plugin/AudioManager from file:///D:/PA_2024/3D/MergeCraft/MergeCraft_Op7/assets/Script/Controller/GamePlay.ts as file:///D:/PA_2024/3D/MergeCraft/MergeCraft_Op7/assets/Script/Plugin/AudioManager.ts.
debug: Resolve ../Data/Constant from file:///D:/PA_2024/3D/MergeCraft/MergeCraft_Op7/assets/Script/Controller/GamePlay.ts as file:///D:/PA_2024/3D/MergeCraft/MergeCraft_Op7/assets/Script/Data/Constant.ts.
debug: Resolve ./NodesController from file:///D:/PA_2024/3D/MergeCraft/MergeCraft_Op7/assets/Script/Controller/GamePlay.ts as file:///D:/PA_2024/3D/MergeCraft/MergeCraft_Op7/assets/Script/Controller/NodesController.ts.
debug: Target(preview) ends with cost 117.01569998264313ms.
debug: Dispatch build request for time accumulated 1 asset changes.
debug: Build iteration starts.
Number of accumulated asset changes: 1
Feature changed: false
debug: Target(editor) build started.
debug: Detected change: cce:/internal/x/prerequisite-imports. Last mtime: Thu Jan 01 1970 08:59:27 GMT+0800 (Indochina Time), Current mtime: Thu Jan 01 1970 09:01:00 GMT+0800 (Indochina Time)
debug: Inspect cce:/internal/x/prerequisite-imports
debug: Resolve file:///D:/PA_2024/3D/MergeCraft/MergeCraft_Op7/assets/Script/Controller/BossController.ts from cce:/internal/x/prerequisite-imports as file:///D:/PA_2024/3D/MergeCraft/MergeCraft_Op7/assets/Script/Controller/BossController.ts.
debug: Resolve file:///D:/PA_2024/3D/MergeCraft/MergeCraft_Op7/assets/Script/Controller/CharacterControl.ts from cce:/internal/x/prerequisite-imports as file:///D:/PA_2024/3D/MergeCraft/MergeCraft_Op7/assets/Script/Controller/CharacterControl.ts.
debug: Resolve file:///D:/PA_2024/3D/MergeCraft/MergeCraft_Op7/assets/Script/Controller/GameController.ts from cce:/internal/x/prerequisite-imports as file:///D:/PA_2024/3D/MergeCraft/MergeCraft_Op7/assets/Script/Controller/GameController.ts.
debug: Resolve file:///D:/PA_2024/3D/MergeCraft/MergeCraft_Op7/assets/Script/Controller/GamePlay.ts from cce:/internal/x/prerequisite-imports as file:///D:/PA_2024/3D/MergeCraft/MergeCraft_Op7/assets/Script/Controller/GamePlay.ts.
debug: Resolve file:///D:/PA_2024/3D/MergeCraft/MergeCraft_Op7/assets/Script/Controller/NodesController.ts from cce:/internal/x/prerequisite-imports as file:///D:/PA_2024/3D/MergeCraft/MergeCraft_Op7/assets/Script/Controller/NodesController.ts.
debug: Resolve file:///D:/PA_2024/3D/MergeCraft/MergeCraft_Op7/assets/Script/Controller/RangerControl.ts from cce:/internal/x/prerequisite-imports as file:///D:/PA_2024/3D/MergeCraft/MergeCraft_Op7/assets/Script/Controller/RangerControl.ts.
debug: Resolve file:///D:/PA_2024/3D/MergeCraft/MergeCraft_Op7/assets/Script/Controller/TouchAreaController.ts from cce:/internal/x/prerequisite-imports as file:///D:/PA_2024/3D/MergeCraft/MergeCraft_Op7/assets/Script/Controller/TouchAreaController.ts.
debug: Resolve file:///D:/PA_2024/3D/MergeCraft/MergeCraft_Op7/assets/Script/Data/Constant.ts from cce:/internal/x/prerequisite-imports as file:///D:/PA_2024/3D/MergeCraft/MergeCraft_Op7/assets/Script/Data/Constant.ts.
debug: Resolve file:///D:/PA_2024/3D/MergeCraft/MergeCraft_Op7/assets/Script/Plugin/AudioManager.ts from cce:/internal/x/prerequisite-imports as file:///D:/PA_2024/3D/MergeCraft/MergeCraft_Op7/assets/Script/Plugin/AudioManager.ts.
debug: Resolve file:///D:/PA_2024/3D/MergeCraft/MergeCraft_Op7/assets/Script/Plugin/IronSource.ts from cce:/internal/x/prerequisite-imports as file:///D:/PA_2024/3D/MergeCraft/MergeCraft_Op7/assets/Script/Plugin/IronSource.ts.
debug: Resolve file:///D:/PA_2024/3D/MergeCraft/MergeCraft_Op7/assets/Script/Plugin/Responsive.ts from cce:/internal/x/prerequisite-imports as file:///D:/PA_2024/3D/MergeCraft/MergeCraft_Op7/assets/Script/Plugin/Responsive.ts.
debug: Resolve file:///D:/PA_2024/3D/MergeCraft/MergeCraft_Op7/assets/Script/Plugin/Utils.ts from cce:/internal/x/prerequisite-imports as file:///D:/PA_2024/3D/MergeCraft/MergeCraft_Op7/assets/Script/Plugin/Utils.ts.
debug: Detected change: file:///D:/PA_2024/3D/MergeCraft/MergeCraft_Op7/assets/Script/Controller/TouchAreaController.ts. Last mtime: Fri May 10 2024 16:58:33 GMT+0700 (Indochina Time)@6c960960-d0d4-46ba-9a72-c0e274c1640b, Current mtime: Mon May 13 2024 15:04:57 GMT+0700 (Indochina Time)@6c960960-d0d4-46ba-9a72-c0e274c1640b
debug: Inspect file:///D:/PA_2024/3D/MergeCraft/MergeCraft_Op7/assets/Script/Controller/TouchAreaController.ts
debug: Resolve cce:/internal/code-quality/cr.mjs from file:///D:/PA_2024/3D/MergeCraft/MergeCraft_Op7/assets/Script/Controller/TouchAreaController.ts as cce:/internal/code-quality/cr.mjs.
debug: Resolve cc from file:///D:/PA_2024/3D/MergeCraft/MergeCraft_Op7/assets/Script/Controller/TouchAreaController.ts as cce:/internal/x/cc.
debug: Resolve cc from file:///D:/PA_2024/3D/MergeCraft/MergeCraft_Op7/assets/Script/Controller/TouchAreaController.ts as cce:/internal/x/cc.
debug: Resolve ../Data/Constant from file:///D:/PA_2024/3D/MergeCraft/MergeCraft_Op7/assets/Script/Controller/TouchAreaController.ts as file:///D:/PA_2024/3D/MergeCraft/MergeCraft_Op7/assets/Script/Data/Constant.ts.
debug: Resolve ./NodesController from file:///D:/PA_2024/3D/MergeCraft/MergeCraft_Op7/assets/Script/Controller/TouchAreaController.ts as file:///D:/PA_2024/3D/MergeCraft/MergeCraft_Op7/assets/Script/Controller/NodesController.ts.
debug: Resolve ./GameController from file:///D:/PA_2024/3D/MergeCraft/MergeCraft_Op7/assets/Script/Controller/TouchAreaController.ts as file:///D:/PA_2024/3D/MergeCraft/MergeCraft_Op7/assets/Script/Controller/GameController.ts.
debug: Resolve ../Plugin/AudioManager from file:///D:/PA_2024/3D/MergeCraft/MergeCraft_Op7/assets/Script/Controller/TouchAreaController.ts as file:///D:/PA_2024/3D/MergeCraft/MergeCraft_Op7/assets/Script/Plugin/AudioManager.ts.
debug: Resolve ../Plugin/IronSource from file:///D:/PA_2024/3D/MergeCraft/MergeCraft_Op7/assets/Script/Controller/TouchAreaController.ts as file:///D:/PA_2024/3D/MergeCraft/MergeCraft_Op7/assets/Script/Plugin/IronSource.ts.
debug: Resolve ./GamePlay from file:///D:/PA_2024/3D/MergeCraft/MergeCraft_Op7/assets/Script/Controller/TouchAreaController.ts as file:///D:/PA_2024/3D/MergeCraft/MergeCraft_Op7/assets/Script/Controller/GamePlay.ts.
debug: Target(editor) ends with cost 82.27969992160797ms.
debug: Target(preview) build started.
debug: Detected change: cce:/internal/x/prerequisite-imports. Last mtime: Thu Jan 01 1970 08:59:27 GMT+0800 (Indochina Time), Current mtime: Thu Jan 01 1970 09:01:00 GMT+0800 (Indochina Time)
debug: Inspect cce:/internal/x/prerequisite-imports
debug: Resolve file:///D:/PA_2024/3D/MergeCraft/MergeCraft_Op7/assets/Script/Controller/BossController.ts from cce:/internal/x/prerequisite-imports as file:///D:/PA_2024/3D/MergeCraft/MergeCraft_Op7/assets/Script/Controller/BossController.ts.
debug: Resolve file:///D:/PA_2024/3D/MergeCraft/MergeCraft_Op7/assets/Script/Controller/CharacterControl.ts from cce:/internal/x/prerequisite-imports as file:///D:/PA_2024/3D/MergeCraft/MergeCraft_Op7/assets/Script/Controller/CharacterControl.ts.
debug: Resolve file:///D:/PA_2024/3D/MergeCraft/MergeCraft_Op7/assets/Script/Controller/GameController.ts from cce:/internal/x/prerequisite-imports as file:///D:/PA_2024/3D/MergeCraft/MergeCraft_Op7/assets/Script/Controller/GameController.ts.
debug: Resolve file:///D:/PA_2024/3D/MergeCraft/MergeCraft_Op7/assets/Script/Controller/NodesController.ts from cce:/internal/x/prerequisite-imports as file:///D:/PA_2024/3D/MergeCraft/MergeCraft_Op7/assets/Script/Controller/NodesController.ts.
debug: Resolve file:///D:/PA_2024/3D/MergeCraft/MergeCraft_Op7/assets/Script/Controller/GamePlay.ts from cce:/internal/x/prerequisite-imports as file:///D:/PA_2024/3D/MergeCraft/MergeCraft_Op7/assets/Script/Controller/GamePlay.ts.
debug: Resolve file:///D:/PA_2024/3D/MergeCraft/MergeCraft_Op7/assets/Script/Controller/RangerControl.ts from cce:/internal/x/prerequisite-imports as file:///D:/PA_2024/3D/MergeCraft/MergeCraft_Op7/assets/Script/Controller/RangerControl.ts.
debug: Resolve file:///D:/PA_2024/3D/MergeCraft/MergeCraft_Op7/assets/Script/Controller/TouchAreaController.ts from cce:/internal/x/prerequisite-imports as file:///D:/PA_2024/3D/MergeCraft/MergeCraft_Op7/assets/Script/Controller/TouchAreaController.ts.
debug: Resolve file:///D:/PA_2024/3D/MergeCraft/MergeCraft_Op7/assets/Script/Data/Constant.ts from cce:/internal/x/prerequisite-imports as file:///D:/PA_2024/3D/MergeCraft/MergeCraft_Op7/assets/Script/Data/Constant.ts.
debug: Resolve file:///D:/PA_2024/3D/MergeCraft/MergeCraft_Op7/assets/Script/Plugin/AudioManager.ts from cce:/internal/x/prerequisite-imports as file:///D:/PA_2024/3D/MergeCraft/MergeCraft_Op7/assets/Script/Plugin/AudioManager.ts.
debug: Resolve file:///D:/PA_2024/3D/MergeCraft/MergeCraft_Op7/assets/Script/Plugin/IronSource.ts from cce:/internal/x/prerequisite-imports as file:///D:/PA_2024/3D/MergeCraft/MergeCraft_Op7/assets/Script/Plugin/IronSource.ts.
debug: Resolve file:///D:/PA_2024/3D/MergeCraft/MergeCraft_Op7/assets/Script/Plugin/Responsive.ts from cce:/internal/x/prerequisite-imports as file:///D:/PA_2024/3D/MergeCraft/MergeCraft_Op7/assets/Script/Plugin/Responsive.ts.
debug: Resolve file:///D:/PA_2024/3D/MergeCraft/MergeCraft_Op7/assets/Script/Plugin/Utils.ts from cce:/internal/x/prerequisite-imports as file:///D:/PA_2024/3D/MergeCraft/MergeCraft_Op7/assets/Script/Plugin/Utils.ts.
debug: Detected change: file:///D:/PA_2024/3D/MergeCraft/MergeCraft_Op7/assets/Script/Controller/TouchAreaController.ts. Last mtime: Fri May 10 2024 16:58:33 GMT+0700 (Indochina Time)@6c960960-d0d4-46ba-9a72-c0e274c1640b, Current mtime: Mon May 13 2024 15:04:57 GMT+0700 (Indochina Time)@6c960960-d0d4-46ba-9a72-c0e274c1640b
debug: Inspect file:///D:/PA_2024/3D/MergeCraft/MergeCraft_Op7/assets/Script/Controller/TouchAreaController.ts
debug: Resolve cce:/internal/code-quality/cr.mjs from file:///D:/PA_2024/3D/MergeCraft/MergeCraft_Op7/assets/Script/Controller/TouchAreaController.ts as cce:/internal/code-quality/cr.mjs.
debug: Resolve cc from file:///D:/PA_2024/3D/MergeCraft/MergeCraft_Op7/assets/Script/Controller/TouchAreaController.ts as cce:/internal/x/cc.
debug: Resolve cc from file:///D:/PA_2024/3D/MergeCraft/MergeCraft_Op7/assets/Script/Controller/TouchAreaController.ts as cce:/internal/x/cc.
debug: Resolve ../Data/Constant from file:///D:/PA_2024/3D/MergeCraft/MergeCraft_Op7/assets/Script/Controller/TouchAreaController.ts as file:///D:/PA_2024/3D/MergeCraft/MergeCraft_Op7/assets/Script/Data/Constant.ts.
debug: Resolve ./NodesController from file:///D:/PA_2024/3D/MergeCraft/MergeCraft_Op7/assets/Script/Controller/TouchAreaController.ts as file:///D:/PA_2024/3D/MergeCraft/MergeCraft_Op7/assets/Script/Controller/NodesController.ts.
debug: Resolve ./GameController from file:///D:/PA_2024/3D/MergeCraft/MergeCraft_Op7/assets/Script/Controller/TouchAreaController.ts as file:///D:/PA_2024/3D/MergeCraft/MergeCraft_Op7/assets/Script/Controller/GameController.ts.
debug: Resolve ../Plugin/AudioManager from file:///D:/PA_2024/3D/MergeCraft/MergeCraft_Op7/assets/Script/Controller/TouchAreaController.ts as file:///D:/PA_2024/3D/MergeCraft/MergeCraft_Op7/assets/Script/Plugin/AudioManager.ts.
debug: Resolve ../Plugin/IronSource from file:///D:/PA_2024/3D/MergeCraft/MergeCraft_Op7/assets/Script/Controller/TouchAreaController.ts as file:///D:/PA_2024/3D/MergeCraft/MergeCraft_Op7/assets/Script/Plugin/IronSource.ts.
debug: Resolve ./GamePlay from file:///D:/PA_2024/3D/MergeCraft/MergeCraft_Op7/assets/Script/Controller/TouchAreaController.ts as file:///D:/PA_2024/3D/MergeCraft/MergeCraft_Op7/assets/Script/Controller/GamePlay.ts.
debug: Target(preview) ends with cost 108.12089991569519ms.
debug: Dispatch build request for time accumulated 3 asset changes.
debug: Build iteration starts.
Number of accumulated asset changes: 3
Feature changed: false
debug: Target(editor) build started.
debug: Detected change: cce:/internal/x/prerequisite-imports. Last mtime: Thu Jan 01 1970 09:01:00 GMT+0800 (Indochina Time), Current mtime: Thu Jan 01 1970 09:25:47 GMT+0800 (Indochina Time)
debug: Inspect cce:/internal/x/prerequisite-imports
debug: Resolve file:///D:/PA_2024/3D/MergeCraft/MergeCraft_Op7/assets/Script/Controller/BossController.ts from cce:/internal/x/prerequisite-imports as file:///D:/PA_2024/3D/MergeCraft/MergeCraft_Op7/assets/Script/Controller/BossController.ts.
debug: Resolve file:///D:/PA_2024/3D/MergeCraft/MergeCraft_Op7/assets/Script/Controller/CharacterControl.ts from cce:/internal/x/prerequisite-imports as file:///D:/PA_2024/3D/MergeCraft/MergeCraft_Op7/assets/Script/Controller/CharacterControl.ts.
debug: Resolve file:///D:/PA_2024/3D/MergeCraft/MergeCraft_Op7/assets/Script/Controller/GameController.ts from cce:/internal/x/prerequisite-imports as file:///D:/PA_2024/3D/MergeCraft/MergeCraft_Op7/assets/Script/Controller/GameController.ts.
debug: Resolve file:///D:/PA_2024/3D/MergeCraft/MergeCraft_Op7/assets/Script/Controller/GamePlay.ts from cce:/internal/x/prerequisite-imports as file:///D:/PA_2024/3D/MergeCraft/MergeCraft_Op7/assets/Script/Controller/GamePlay.ts.
debug: Resolve file:///D:/PA_2024/3D/MergeCraft/MergeCraft_Op7/assets/Script/Controller/NodesController.ts from cce:/internal/x/prerequisite-imports as file:///D:/PA_2024/3D/MergeCraft/MergeCraft_Op7/assets/Script/Controller/NodesController.ts.
debug: Resolve file:///D:/PA_2024/3D/MergeCraft/MergeCraft_Op7/assets/Script/Controller/RangerControl.ts from cce:/internal/x/prerequisite-imports as file:///D:/PA_2024/3D/MergeCraft/MergeCraft_Op7/assets/Script/Controller/RangerControl.ts.
debug: Resolve file:///D:/PA_2024/3D/MergeCraft/MergeCraft_Op7/assets/Script/Controller/TouchAreaController.ts from cce:/internal/x/prerequisite-imports as file:///D:/PA_2024/3D/MergeCraft/MergeCraft_Op7/assets/Script/Controller/TouchAreaController.ts.
debug: Resolve file:///D:/PA_2024/3D/MergeCraft/MergeCraft_Op7/assets/Script/Data/Constant.ts from cce:/internal/x/prerequisite-imports as file:///D:/PA_2024/3D/MergeCraft/MergeCraft_Op7/assets/Script/Data/Constant.ts.
debug: Resolve file:///D:/PA_2024/3D/MergeCraft/MergeCraft_Op7/assets/Script/Plugin/AudioManager.ts from cce:/internal/x/prerequisite-imports as file:///D:/PA_2024/3D/MergeCraft/MergeCraft_Op7/assets/Script/Plugin/AudioManager.ts.
debug: Resolve file:///D:/PA_2024/3D/MergeCraft/MergeCraft_Op7/assets/Script/Plugin/IronSource.ts from cce:/internal/x/prerequisite-imports as file:///D:/PA_2024/3D/MergeCraft/MergeCraft_Op7/assets/Script/Plugin/IronSource.ts.
debug: Resolve file:///D:/PA_2024/3D/MergeCraft/MergeCraft_Op7/assets/Script/Plugin/Responsive.ts from cce:/internal/x/prerequisite-imports as file:///D:/PA_2024/3D/MergeCraft/MergeCraft_Op7/assets/Script/Plugin/Responsive.ts.
debug: Resolve file:///D:/PA_2024/3D/MergeCraft/MergeCraft_Op7/assets/Script/Plugin/Utils.ts from cce:/internal/x/prerequisite-imports as file:///D:/PA_2024/3D/MergeCraft/MergeCraft_Op7/assets/Script/Plugin/Utils.ts.
debug: Detected change: file:///D:/PA_2024/3D/MergeCraft/MergeCraft_Op7/assets/Script/Controller/GamePlay.ts. Last mtime: Mon May 13 2024 15:03:34 GMT+0700 (Indochina Time)@d6ba2e81-5fd5-455a-bbcd-d756b03ebf0b, Current mtime: Mon May 13 2024 15:29:53 GMT+0700 (Indochina Time)@d6ba2e81-5fd5-455a-bbcd-d756b03ebf0b
debug: Inspect file:///D:/PA_2024/3D/MergeCraft/MergeCraft_Op7/assets/Script/Controller/GamePlay.ts
debug: Detected change: file:///D:/PA_2024/3D/MergeCraft/MergeCraft_Op7/assets/Script/Controller/NodesController.ts. Last mtime: Fri May 10 2024 16:58:08 GMT+0700 (Indochina Time)@d10be42d-07cd-4283-a03a-495fc2f77e47, Current mtime: Mon May 13 2024 15:27:55 GMT+0700 (Indochina Time)@d10be42d-07cd-4283-a03a-495fc2f77e47
debug: Inspect file:///D:/PA_2024/3D/MergeCraft/MergeCraft_Op7/assets/Script/Controller/NodesController.ts
debug: Detected change: file:///D:/PA_2024/3D/MergeCraft/MergeCraft_Op7/assets/Script/Controller/TouchAreaController.ts. Last mtime: Mon May 13 2024 15:04:57 GMT+0700 (Indochina Time)@6c960960-d0d4-46ba-9a72-c0e274c1640b, Current mtime: Mon May 13 2024 15:28:54 GMT+0700 (Indochina Time)@6c960960-d0d4-46ba-9a72-c0e274c1640b
debug: Inspect file:///D:/PA_2024/3D/MergeCraft/MergeCraft_Op7/assets/Script/Controller/TouchAreaController.ts
debug: Resolve cc from file:///D:/PA_2024/3D/MergeCraft/MergeCraft_Op7/assets/Script/Controller/NodesController.ts as cce:/internal/x/cc.
debug: Resolve cc from file:///D:/PA_2024/3D/MergeCraft/MergeCraft_Op7/assets/Script/Controller/NodesController.ts as cce:/internal/x/cc.
debug: Resolve cce:/internal/code-quality/cr.mjs from file:///D:/PA_2024/3D/MergeCraft/MergeCraft_Op7/assets/Script/Controller/TouchAreaController.ts as cce:/internal/code-quality/cr.mjs.
debug: Resolve cc from file:///D:/PA_2024/3D/MergeCraft/MergeCraft_Op7/assets/Script/Controller/TouchAreaController.ts as cce:/internal/x/cc.
debug: Resolve cc from file:///D:/PA_2024/3D/MergeCraft/MergeCraft_Op7/assets/Script/Controller/TouchAreaController.ts as cce:/internal/x/cc.
debug: Resolve ../Data/Constant from file:///D:/PA_2024/3D/MergeCraft/MergeCraft_Op7/assets/Script/Controller/TouchAreaController.ts as file:///D:/PA_2024/3D/MergeCraft/MergeCraft_Op7/assets/Script/Data/Constant.ts.
debug: Resolve ./NodesController from file:///D:/PA_2024/3D/MergeCraft/MergeCraft_Op7/assets/Script/Controller/TouchAreaController.ts as file:///D:/PA_2024/3D/MergeCraft/MergeCraft_Op7/assets/Script/Controller/NodesController.ts.
debug: Resolve ./GameController from file:///D:/PA_2024/3D/MergeCraft/MergeCraft_Op7/assets/Script/Controller/TouchAreaController.ts as file:///D:/PA_2024/3D/MergeCraft/MergeCraft_Op7/assets/Script/Controller/GameController.ts.
debug: Resolve ../Plugin/AudioManager from file:///D:/PA_2024/3D/MergeCraft/MergeCraft_Op7/assets/Script/Controller/TouchAreaController.ts as file:///D:/PA_2024/3D/MergeCraft/MergeCraft_Op7/assets/Script/Plugin/AudioManager.ts.
debug: Resolve ../Plugin/IronSource from file:///D:/PA_2024/3D/MergeCraft/MergeCraft_Op7/assets/Script/Controller/TouchAreaController.ts as file:///D:/PA_2024/3D/MergeCraft/MergeCraft_Op7/assets/Script/Plugin/IronSource.ts.
debug: Resolve ./GamePlay from file:///D:/PA_2024/3D/MergeCraft/MergeCraft_Op7/assets/Script/Controller/TouchAreaController.ts as file:///D:/PA_2024/3D/MergeCraft/MergeCraft_Op7/assets/Script/Controller/GamePlay.ts.
debug: Resolve cce:/internal/code-quality/cr.mjs from file:///D:/PA_2024/3D/MergeCraft/MergeCraft_Op7/assets/Script/Controller/GamePlay.ts as cce:/internal/code-quality/cr.mjs.
debug: Resolve cc from file:///D:/PA_2024/3D/MergeCraft/MergeCraft_Op7/assets/Script/Controller/GamePlay.ts as cce:/internal/x/cc.
debug: Resolve cc from file:///D:/PA_2024/3D/MergeCraft/MergeCraft_Op7/assets/Script/Controller/GamePlay.ts as cce:/internal/x/cc.
debug: Resolve ./GameController from file:///D:/PA_2024/3D/MergeCraft/MergeCraft_Op7/assets/Script/Controller/GamePlay.ts as file:///D:/PA_2024/3D/MergeCraft/MergeCraft_Op7/assets/Script/Controller/GameController.ts.
debug: Resolve ../Data/Constant from file:///D:/PA_2024/3D/MergeCraft/MergeCraft_Op7/assets/Script/Controller/GamePlay.ts as file:///D:/PA_2024/3D/MergeCraft/MergeCraft_Op7/assets/Script/Data/Constant.ts.
debug: Resolve ../Plugin/AudioManager from file:///D:/PA_2024/3D/MergeCraft/MergeCraft_Op7/assets/Script/Controller/GamePlay.ts as file:///D:/PA_2024/3D/MergeCraft/MergeCraft_Op7/assets/Script/Plugin/AudioManager.ts.
debug: Resolve ./NodesController from file:///D:/PA_2024/3D/MergeCraft/MergeCraft_Op7/assets/Script/Controller/GamePlay.ts as file:///D:/PA_2024/3D/MergeCraft/MergeCraft_Op7/assets/Script/Controller/NodesController.ts.
debug: Target(editor) ends with cost 3545.953099966049ms.
debug: Target(preview) build started.
debug: Detected change: cce:/internal/x/prerequisite-imports. Last mtime: Thu Jan 01 1970 09:01:00 GMT+0800 (Indochina Time), Current mtime: Thu Jan 01 1970 09:25:50 GMT+0800 (Indochina Time)
debug: Inspect cce:/internal/x/prerequisite-imports
debug: Resolve file:///D:/PA_2024/3D/MergeCraft/MergeCraft_Op7/assets/Script/Controller/BossController.ts from cce:/internal/x/prerequisite-imports as file:///D:/PA_2024/3D/MergeCraft/MergeCraft_Op7/assets/Script/Controller/BossController.ts.
debug: Resolve file:///D:/PA_2024/3D/MergeCraft/MergeCraft_Op7/assets/Script/Controller/CharacterControl.ts from cce:/internal/x/prerequisite-imports as file:///D:/PA_2024/3D/MergeCraft/MergeCraft_Op7/assets/Script/Controller/CharacterControl.ts.
debug: Resolve file:///D:/PA_2024/3D/MergeCraft/MergeCraft_Op7/assets/Script/Controller/GamePlay.ts from cce:/internal/x/prerequisite-imports as file:///D:/PA_2024/3D/MergeCraft/MergeCraft_Op7/assets/Script/Controller/GamePlay.ts.
debug: Resolve file:///D:/PA_2024/3D/MergeCraft/MergeCraft_Op7/assets/Script/Controller/GameController.ts from cce:/internal/x/prerequisite-imports as file:///D:/PA_2024/3D/MergeCraft/MergeCraft_Op7/assets/Script/Controller/GameController.ts.
debug: Resolve file:///D:/PA_2024/3D/MergeCraft/MergeCraft_Op7/assets/Script/Controller/NodesController.ts from cce:/internal/x/prerequisite-imports as file:///D:/PA_2024/3D/MergeCraft/MergeCraft_Op7/assets/Script/Controller/NodesController.ts.
debug: Resolve file:///D:/PA_2024/3D/MergeCraft/MergeCraft_Op7/assets/Script/Controller/RangerControl.ts from cce:/internal/x/prerequisite-imports as file:///D:/PA_2024/3D/MergeCraft/MergeCraft_Op7/assets/Script/Controller/RangerControl.ts.
debug: Resolve file:///D:/PA_2024/3D/MergeCraft/MergeCraft_Op7/assets/Script/Controller/TouchAreaController.ts from cce:/internal/x/prerequisite-imports as file:///D:/PA_2024/3D/MergeCraft/MergeCraft_Op7/assets/Script/Controller/TouchAreaController.ts.
debug: Resolve file:///D:/PA_2024/3D/MergeCraft/MergeCraft_Op7/assets/Script/Data/Constant.ts from cce:/internal/x/prerequisite-imports as file:///D:/PA_2024/3D/MergeCraft/MergeCraft_Op7/assets/Script/Data/Constant.ts.
debug: Resolve file:///D:/PA_2024/3D/MergeCraft/MergeCraft_Op7/assets/Script/Plugin/AudioManager.ts from cce:/internal/x/prerequisite-imports as file:///D:/PA_2024/3D/MergeCraft/MergeCraft_Op7/assets/Script/Plugin/AudioManager.ts.
debug: Resolve file:///D:/PA_2024/3D/MergeCraft/MergeCraft_Op7/assets/Script/Plugin/IronSource.ts from cce:/internal/x/prerequisite-imports as file:///D:/PA_2024/3D/MergeCraft/MergeCraft_Op7/assets/Script/Plugin/IronSource.ts.
debug: Resolve file:///D:/PA_2024/3D/MergeCraft/MergeCraft_Op7/assets/Script/Plugin/Responsive.ts from cce:/internal/x/prerequisite-imports as file:///D:/PA_2024/3D/MergeCraft/MergeCraft_Op7/assets/Script/Plugin/Responsive.ts.
debug: Resolve file:///D:/PA_2024/3D/MergeCraft/MergeCraft_Op7/assets/Script/Plugin/Utils.ts from cce:/internal/x/prerequisite-imports as file:///D:/PA_2024/3D/MergeCraft/MergeCraft_Op7/assets/Script/Plugin/Utils.ts.
debug: Detected change: file:///D:/PA_2024/3D/MergeCraft/MergeCraft_Op7/assets/Script/Controller/GamePlay.ts. Last mtime: Mon May 13 2024 15:03:34 GMT+0700 (Indochina Time)@d6ba2e81-5fd5-455a-bbcd-d756b03ebf0b, Current mtime: Mon May 13 2024 15:29:53 GMT+0700 (Indochina Time)@d6ba2e81-5fd5-455a-bbcd-d756b03ebf0b
debug: Inspect file:///D:/PA_2024/3D/MergeCraft/MergeCraft_Op7/assets/Script/Controller/GamePlay.ts
debug: Detected change: file:///D:/PA_2024/3D/MergeCraft/MergeCraft_Op7/assets/Script/Controller/NodesController.ts. Last mtime: Fri May 10 2024 16:58:08 GMT+0700 (Indochina Time)@d10be42d-07cd-4283-a03a-495fc2f77e47, Current mtime: Mon May 13 2024 15:27:55 GMT+0700 (Indochina Time)@d10be42d-07cd-4283-a03a-495fc2f77e47
debug: Inspect file:///D:/PA_2024/3D/MergeCraft/MergeCraft_Op7/assets/Script/Controller/NodesController.ts
debug: Detected change: file:///D:/PA_2024/3D/MergeCraft/MergeCraft_Op7/assets/Script/Controller/TouchAreaController.ts. Last mtime: Mon May 13 2024 15:04:57 GMT+0700 (Indochina Time)@6c960960-d0d4-46ba-9a72-c0e274c1640b, Current mtime: Mon May 13 2024 15:28:54 GMT+0700 (Indochina Time)@6c960960-d0d4-46ba-9a72-c0e274c1640b
debug: Inspect file:///D:/PA_2024/3D/MergeCraft/MergeCraft_Op7/assets/Script/Controller/TouchAreaController.ts
debug: Resolve cce:/internal/code-quality/cr.mjs from file:///D:/PA_2024/3D/MergeCraft/MergeCraft_Op7/assets/Script/Controller/TouchAreaController.ts as cce:/internal/code-quality/cr.mjs.
debug: Resolve cc from file:///D:/PA_2024/3D/MergeCraft/MergeCraft_Op7/assets/Script/Controller/TouchAreaController.ts as cce:/internal/x/cc.
debug: Resolve cc from file:///D:/PA_2024/3D/MergeCraft/MergeCraft_Op7/assets/Script/Controller/TouchAreaController.ts as cce:/internal/x/cc.
debug: Resolve cc from file:///D:/PA_2024/3D/MergeCraft/MergeCraft_Op7/assets/Script/Controller/NodesController.ts as cce:/internal/x/cc.
debug: Resolve cc from file:///D:/PA_2024/3D/MergeCraft/MergeCraft_Op7/assets/Script/Controller/NodesController.ts as cce:/internal/x/cc.
debug: Resolve cce:/internal/code-quality/cr.mjs from file:///D:/PA_2024/3D/MergeCraft/MergeCraft_Op7/assets/Script/Controller/GamePlay.ts as cce:/internal/code-quality/cr.mjs.
debug: Resolve cc from file:///D:/PA_2024/3D/MergeCraft/MergeCraft_Op7/assets/Script/Controller/GamePlay.ts as cce:/internal/x/cc.
debug: Resolve cc from file:///D:/PA_2024/3D/MergeCraft/MergeCraft_Op7/assets/Script/Controller/GamePlay.ts as cce:/internal/x/cc.
debug: Resolve ../Data/Constant from file:///D:/PA_2024/3D/MergeCraft/MergeCraft_Op7/assets/Script/Controller/TouchAreaController.ts as file:///D:/PA_2024/3D/MergeCraft/MergeCraft_Op7/assets/Script/Data/Constant.ts.
debug: Resolve ./NodesController from file:///D:/PA_2024/3D/MergeCraft/MergeCraft_Op7/assets/Script/Controller/TouchAreaController.ts as file:///D:/PA_2024/3D/MergeCraft/MergeCraft_Op7/assets/Script/Controller/NodesController.ts.
debug: Resolve ./GameController from file:///D:/PA_2024/3D/MergeCraft/MergeCraft_Op7/assets/Script/Controller/TouchAreaController.ts as file:///D:/PA_2024/3D/MergeCraft/MergeCraft_Op7/assets/Script/Controller/GameController.ts.
debug: Resolve ../Plugin/AudioManager from file:///D:/PA_2024/3D/MergeCraft/MergeCraft_Op7/assets/Script/Controller/TouchAreaController.ts as file:///D:/PA_2024/3D/MergeCraft/MergeCraft_Op7/assets/Script/Plugin/AudioManager.ts.
debug: Resolve ../Plugin/IronSource from file:///D:/PA_2024/3D/MergeCraft/MergeCraft_Op7/assets/Script/Controller/TouchAreaController.ts as file:///D:/PA_2024/3D/MergeCraft/MergeCraft_Op7/assets/Script/Plugin/IronSource.ts.
debug: Resolve ./GamePlay from file:///D:/PA_2024/3D/MergeCraft/MergeCraft_Op7/assets/Script/Controller/TouchAreaController.ts as file:///D:/PA_2024/3D/MergeCraft/MergeCraft_Op7/assets/Script/Controller/GamePlay.ts.
debug: Resolve ./GameController from file:///D:/PA_2024/3D/MergeCraft/MergeCraft_Op7/assets/Script/Controller/GamePlay.ts as file:///D:/PA_2024/3D/MergeCraft/MergeCraft_Op7/assets/Script/Controller/GameController.ts.
debug: Resolve ../Plugin/AudioManager from file:///D:/PA_2024/3D/MergeCraft/MergeCraft_Op7/assets/Script/Controller/GamePlay.ts as file:///D:/PA_2024/3D/MergeCraft/MergeCraft_Op7/assets/Script/Plugin/AudioManager.ts.
debug: Resolve ../Data/Constant from file:///D:/PA_2024/3D/MergeCraft/MergeCraft_Op7/assets/Script/Controller/GamePlay.ts as file:///D:/PA_2024/3D/MergeCraft/MergeCraft_Op7/assets/Script/Data/Constant.ts.
debug: Resolve ./NodesController from file:///D:/PA_2024/3D/MergeCraft/MergeCraft_Op7/assets/Script/Controller/GamePlay.ts as file:///D:/PA_2024/3D/MergeCraft/MergeCraft_Op7/assets/Script/Controller/NodesController.ts.
debug: Target(preview) ends with cost 266.1092998981476ms.
debug: Dispatch build request for time accumulated 1 asset changes.
debug: Build iteration starts.
Number of accumulated asset changes: 1
Feature changed: false
debug: Target(editor) build started.
debug: Detected change: cce:/internal/x/prerequisite-imports. Last mtime: Thu Jan 01 1970 09:25:47 GMT+0800 (Indochina Time), Current mtime: Thu Jan 01 1970 09:34:54 GMT+0800 (Indochina Time)
debug: Inspect cce:/internal/x/prerequisite-imports
debug: Resolve file:///D:/PA_2024/3D/MergeCraft/MergeCraft_Op7/assets/Script/Controller/BossController.ts from cce:/internal/x/prerequisite-imports as file:///D:/PA_2024/3D/MergeCraft/MergeCraft_Op7/assets/Script/Controller/BossController.ts.
debug: Resolve file:///D:/PA_2024/3D/MergeCraft/MergeCraft_Op7/assets/Script/Controller/CharacterControl.ts from cce:/internal/x/prerequisite-imports as file:///D:/PA_2024/3D/MergeCraft/MergeCraft_Op7/assets/Script/Controller/CharacterControl.ts.
debug: Resolve file:///D:/PA_2024/3D/MergeCraft/MergeCraft_Op7/assets/Script/Controller/GameController.ts from cce:/internal/x/prerequisite-imports as file:///D:/PA_2024/3D/MergeCraft/MergeCraft_Op7/assets/Script/Controller/GameController.ts.
debug: Resolve file:///D:/PA_2024/3D/MergeCraft/MergeCraft_Op7/assets/Script/Controller/GamePlay.ts from cce:/internal/x/prerequisite-imports as file:///D:/PA_2024/3D/MergeCraft/MergeCraft_Op7/assets/Script/Controller/GamePlay.ts.
debug: Resolve file:///D:/PA_2024/3D/MergeCraft/MergeCraft_Op7/assets/Script/Controller/NodesController.ts from cce:/internal/x/prerequisite-imports as file:///D:/PA_2024/3D/MergeCraft/MergeCraft_Op7/assets/Script/Controller/NodesController.ts.
debug: Resolve file:///D:/PA_2024/3D/MergeCraft/MergeCraft_Op7/assets/Script/Controller/RangerControl.ts from cce:/internal/x/prerequisite-imports as file:///D:/PA_2024/3D/MergeCraft/MergeCraft_Op7/assets/Script/Controller/RangerControl.ts.
debug: Resolve file:///D:/PA_2024/3D/MergeCraft/MergeCraft_Op7/assets/Script/Controller/TouchAreaController.ts from cce:/internal/x/prerequisite-imports as file:///D:/PA_2024/3D/MergeCraft/MergeCraft_Op7/assets/Script/Controller/TouchAreaController.ts.
debug: Resolve file:///D:/PA_2024/3D/MergeCraft/MergeCraft_Op7/assets/Script/Data/Constant.ts from cce:/internal/x/prerequisite-imports as file:///D:/PA_2024/3D/MergeCraft/MergeCraft_Op7/assets/Script/Data/Constant.ts.
debug: Resolve file:///D:/PA_2024/3D/MergeCraft/MergeCraft_Op7/assets/Script/Plugin/AudioManager.ts from cce:/internal/x/prerequisite-imports as file:///D:/PA_2024/3D/MergeCraft/MergeCraft_Op7/assets/Script/Plugin/AudioManager.ts.
debug: Resolve file:///D:/PA_2024/3D/MergeCraft/MergeCraft_Op7/assets/Script/Plugin/IronSource.ts from cce:/internal/x/prerequisite-imports as file:///D:/PA_2024/3D/MergeCraft/MergeCraft_Op7/assets/Script/Plugin/IronSource.ts.
debug: Resolve file:///D:/PA_2024/3D/MergeCraft/MergeCraft_Op7/assets/Script/Plugin/Responsive.ts from cce:/internal/x/prerequisite-imports as file:///D:/PA_2024/3D/MergeCraft/MergeCraft_Op7/assets/Script/Plugin/Responsive.ts.
debug: Resolve file:///D:/PA_2024/3D/MergeCraft/MergeCraft_Op7/assets/Script/Plugin/Utils.ts from cce:/internal/x/prerequisite-imports as file:///D:/PA_2024/3D/MergeCraft/MergeCraft_Op7/assets/Script/Plugin/Utils.ts.
debug: Detected change: file:///D:/PA_2024/3D/MergeCraft/MergeCraft_Op7/assets/Script/Controller/TouchAreaController.ts. Last mtime: Mon May 13 2024 15:28:54 GMT+0700 (Indochina Time)@6c960960-d0d4-46ba-9a72-c0e274c1640b, Current mtime: Mon May 13 2024 15:38:55 GMT+0700 (Indochina Time)@6c960960-d0d4-46ba-9a72-c0e274c1640b
debug: Inspect file:///D:/PA_2024/3D/MergeCraft/MergeCraft_Op7/assets/Script/Controller/TouchAreaController.ts
debug: Resolve cce:/internal/code-quality/cr.mjs from file:///D:/PA_2024/3D/MergeCraft/MergeCraft_Op7/assets/Script/Controller/TouchAreaController.ts as cce:/internal/code-quality/cr.mjs.
debug: Resolve cc from file:///D:/PA_2024/3D/MergeCraft/MergeCraft_Op7/assets/Script/Controller/TouchAreaController.ts as cce:/internal/x/cc.
debug: Resolve cc from file:///D:/PA_2024/3D/MergeCraft/MergeCraft_Op7/assets/Script/Controller/TouchAreaController.ts as cce:/internal/x/cc.
debug: Resolve ../Data/Constant from file:///D:/PA_2024/3D/MergeCraft/MergeCraft_Op7/assets/Script/Controller/TouchAreaController.ts as file:///D:/PA_2024/3D/MergeCraft/MergeCraft_Op7/assets/Script/Data/Constant.ts.
debug: Resolve ./NodesController from file:///D:/PA_2024/3D/MergeCraft/MergeCraft_Op7/assets/Script/Controller/TouchAreaController.ts as file:///D:/PA_2024/3D/MergeCraft/MergeCraft_Op7/assets/Script/Controller/NodesController.ts.
debug: Resolve ./GameController from file:///D:/PA_2024/3D/MergeCraft/MergeCraft_Op7/assets/Script/Controller/TouchAreaController.ts as file:///D:/PA_2024/3D/MergeCraft/MergeCraft_Op7/assets/Script/Controller/GameController.ts.
debug: Resolve ../Plugin/AudioManager from file:///D:/PA_2024/3D/MergeCraft/MergeCraft_Op7/assets/Script/Controller/TouchAreaController.ts as file:///D:/PA_2024/3D/MergeCraft/MergeCraft_Op7/assets/Script/Plugin/AudioManager.ts.
debug: Resolve ../Plugin/IronSource from file:///D:/PA_2024/3D/MergeCraft/MergeCraft_Op7/assets/Script/Controller/TouchAreaController.ts as file:///D:/PA_2024/3D/MergeCraft/MergeCraft_Op7/assets/Script/Plugin/IronSource.ts.
debug: Resolve ./GamePlay from file:///D:/PA_2024/3D/MergeCraft/MergeCraft_Op7/assets/Script/Controller/TouchAreaController.ts as file:///D:/PA_2024/3D/MergeCraft/MergeCraft_Op7/assets/Script/Controller/GamePlay.ts.
debug: Target(editor) ends with cost 153.26170003414154ms.
debug: Target(preview) build started.
debug: Detected change: cce:/internal/x/prerequisite-imports. Last mtime: Thu Jan 01 1970 09:25:50 GMT+0800 (Indochina Time), Current mtime: Thu Jan 01 1970 09:34:54 GMT+0800 (Indochina Time)
debug: Inspect cce:/internal/x/prerequisite-imports
debug: Resolve file:///D:/PA_2024/3D/MergeCraft/MergeCraft_Op7/assets/Script/Controller/BossController.ts from cce:/internal/x/prerequisite-imports as file:///D:/PA_2024/3D/MergeCraft/MergeCraft_Op7/assets/Script/Controller/BossController.ts.
debug: Resolve file:///D:/PA_2024/3D/MergeCraft/MergeCraft_Op7/assets/Script/Controller/CharacterControl.ts from cce:/internal/x/prerequisite-imports as file:///D:/PA_2024/3D/MergeCraft/MergeCraft_Op7/assets/Script/Controller/CharacterControl.ts.
debug: Resolve file:///D:/PA_2024/3D/MergeCraft/MergeCraft_Op7/assets/Script/Controller/GameController.ts from cce:/internal/x/prerequisite-imports as file:///D:/PA_2024/3D/MergeCraft/MergeCraft_Op7/assets/Script/Controller/GameController.ts.
debug: Resolve file:///D:/PA_2024/3D/MergeCraft/MergeCraft_Op7/assets/Script/Controller/GamePlay.ts from cce:/internal/x/prerequisite-imports as file:///D:/PA_2024/3D/MergeCraft/MergeCraft_Op7/assets/Script/Controller/GamePlay.ts.
debug: Resolve file:///D:/PA_2024/3D/MergeCraft/MergeCraft_Op7/assets/Script/Controller/NodesController.ts from cce:/internal/x/prerequisite-imports as file:///D:/PA_2024/3D/MergeCraft/MergeCraft_Op7/assets/Script/Controller/NodesController.ts.
debug: Resolve file:///D:/PA_2024/3D/MergeCraft/MergeCraft_Op7/assets/Script/Controller/RangerControl.ts from cce:/internal/x/prerequisite-imports as file:///D:/PA_2024/3D/MergeCraft/MergeCraft_Op7/assets/Script/Controller/RangerControl.ts.
debug: Resolve file:///D:/PA_2024/3D/MergeCraft/MergeCraft_Op7/assets/Script/Controller/TouchAreaController.ts from cce:/internal/x/prerequisite-imports as file:///D:/PA_2024/3D/MergeCraft/MergeCraft_Op7/assets/Script/Controller/TouchAreaController.ts.
debug: Resolve file:///D:/PA_2024/3D/MergeCraft/MergeCraft_Op7/assets/Script/Data/Constant.ts from cce:/internal/x/prerequisite-imports as file:///D:/PA_2024/3D/MergeCraft/MergeCraft_Op7/assets/Script/Data/Constant.ts.
debug: Resolve file:///D:/PA_2024/3D/MergeCraft/MergeCraft_Op7/assets/Script/Plugin/AudioManager.ts from cce:/internal/x/prerequisite-imports as file:///D:/PA_2024/3D/MergeCraft/MergeCraft_Op7/assets/Script/Plugin/AudioManager.ts.
debug: Resolve file:///D:/PA_2024/3D/MergeCraft/MergeCraft_Op7/assets/Script/Plugin/IronSource.ts from cce:/internal/x/prerequisite-imports as file:///D:/PA_2024/3D/MergeCraft/MergeCraft_Op7/assets/Script/Plugin/IronSource.ts.
debug: Resolve file:///D:/PA_2024/3D/MergeCraft/MergeCraft_Op7/assets/Script/Plugin/Responsive.ts from cce:/internal/x/prerequisite-imports as file:///D:/PA_2024/3D/MergeCraft/MergeCraft_Op7/assets/Script/Plugin/Responsive.ts.
debug: Resolve file:///D:/PA_2024/3D/MergeCraft/MergeCraft_Op7/assets/Script/Plugin/Utils.ts from cce:/internal/x/prerequisite-imports as file:///D:/PA_2024/3D/MergeCraft/MergeCraft_Op7/assets/Script/Plugin/Utils.ts.
debug: Detected change: file:///D:/PA_2024/3D/MergeCraft/MergeCraft_Op7/assets/Script/Controller/TouchAreaController.ts. Last mtime: Mon May 13 2024 15:28:54 GMT+0700 (Indochina Time)@6c960960-d0d4-46ba-9a72-c0e274c1640b, Current mtime: Mon May 13 2024 15:38:55 GMT+0700 (Indochina Time)@6c960960-d0d4-46ba-9a72-c0e274c1640b
debug: Inspect file:///D:/PA_2024/3D/MergeCraft/MergeCraft_Op7/assets/Script/Controller/TouchAreaController.ts
debug: Resolve cce:/internal/code-quality/cr.mjs from file:///D:/PA_2024/3D/MergeCraft/MergeCraft_Op7/assets/Script/Controller/TouchAreaController.ts as cce:/internal/code-quality/cr.mjs.
debug: Resolve cc from file:///D:/PA_2024/3D/MergeCraft/MergeCraft_Op7/assets/Script/Controller/TouchAreaController.ts as cce:/internal/x/cc.
debug: Resolve cc from file:///D:/PA_2024/3D/MergeCraft/MergeCraft_Op7/assets/Script/Controller/TouchAreaController.ts as cce:/internal/x/cc.
debug: Resolve ../Data/Constant from file:///D:/PA_2024/3D/MergeCraft/MergeCraft_Op7/assets/Script/Controller/TouchAreaController.ts as file:///D:/PA_2024/3D/MergeCraft/MergeCraft_Op7/assets/Script/Data/Constant.ts.
debug: Resolve ./NodesController from file:///D:/PA_2024/3D/MergeCraft/MergeCraft_Op7/assets/Script/Controller/TouchAreaController.ts as file:///D:/PA_2024/3D/MergeCraft/MergeCraft_Op7/assets/Script/Controller/NodesController.ts.
debug: Resolve ./GameController from file:///D:/PA_2024/3D/MergeCraft/MergeCraft_Op7/assets/Script/Controller/TouchAreaController.ts as file:///D:/PA_2024/3D/MergeCraft/MergeCraft_Op7/assets/Script/Controller/GameController.ts.
debug: Resolve ../Plugin/AudioManager from file:///D:/PA_2024/3D/MergeCraft/MergeCraft_Op7/assets/Script/Controller/TouchAreaController.ts as file:///D:/PA_2024/3D/MergeCraft/MergeCraft_Op7/assets/Script/Plugin/AudioManager.ts.
debug: Resolve ../Plugin/IronSource from file:///D:/PA_2024/3D/MergeCraft/MergeCraft_Op7/assets/Script/Controller/TouchAreaController.ts as file:///D:/PA_2024/3D/MergeCraft/MergeCraft_Op7/assets/Script/Plugin/IronSource.ts.
debug: Resolve ./GamePlay from file:///D:/PA_2024/3D/MergeCraft/MergeCraft_Op7/assets/Script/Controller/TouchAreaController.ts as file:///D:/PA_2024/3D/MergeCraft/MergeCraft_Op7/assets/Script/Controller/GamePlay.ts.
debug: Target(preview) ends with cost 101.0501000881195ms.
debug: Dispatch build request for time accumulated 2 asset changes.
debug: Build iteration starts.
Number of accumulated asset changes: 2
Feature changed: false
debug: Target(editor) build started.
debug: Detected change: cce:/internal/x/prerequisite-imports. Last mtime: Thu Jan 01 1970 09:34:54 GMT+0800 (Indochina Time), Current mtime: Thu Jan 01 1970 09:38:07 GMT+0800 (Indochina Time)
debug: Inspect cce:/internal/x/prerequisite-imports
debug: Resolve file:///D:/PA_2024/3D/MergeCraft/MergeCraft_Op7/assets/Script/Controller/BossController.ts from cce:/internal/x/prerequisite-imports as file:///D:/PA_2024/3D/MergeCraft/MergeCraft_Op7/assets/Script/Controller/BossController.ts.
debug: Resolve file:///D:/PA_2024/3D/MergeCraft/MergeCraft_Op7/assets/Script/Controller/CharacterControl.ts from cce:/internal/x/prerequisite-imports as file:///D:/PA_2024/3D/MergeCraft/MergeCraft_Op7/assets/Script/Controller/CharacterControl.ts.
debug: Resolve file:///D:/PA_2024/3D/MergeCraft/MergeCraft_Op7/assets/Script/Controller/GameController.ts from cce:/internal/x/prerequisite-imports as file:///D:/PA_2024/3D/MergeCraft/MergeCraft_Op7/assets/Script/Controller/GameController.ts.
debug: Resolve file:///D:/PA_2024/3D/MergeCraft/MergeCraft_Op7/assets/Script/Controller/GamePlay.ts from cce:/internal/x/prerequisite-imports as file:///D:/PA_2024/3D/MergeCraft/MergeCraft_Op7/assets/Script/Controller/GamePlay.ts.
debug: Resolve file:///D:/PA_2024/3D/MergeCraft/MergeCraft_Op7/assets/Script/Controller/NodesController.ts from cce:/internal/x/prerequisite-imports as file:///D:/PA_2024/3D/MergeCraft/MergeCraft_Op7/assets/Script/Controller/NodesController.ts.
debug: Resolve file:///D:/PA_2024/3D/MergeCraft/MergeCraft_Op7/assets/Script/Controller/RangerControl.ts from cce:/internal/x/prerequisite-imports as file:///D:/PA_2024/3D/MergeCraft/MergeCraft_Op7/assets/Script/Controller/RangerControl.ts.
debug: Resolve file:///D:/PA_2024/3D/MergeCraft/MergeCraft_Op7/assets/Script/Controller/TouchAreaController.ts from cce:/internal/x/prerequisite-imports as file:///D:/PA_2024/3D/MergeCraft/MergeCraft_Op7/assets/Script/Controller/TouchAreaController.ts.
debug: Resolve file:///D:/PA_2024/3D/MergeCraft/MergeCraft_Op7/assets/Script/Plugin/AudioManager.ts from cce:/internal/x/prerequisite-imports as file:///D:/PA_2024/3D/MergeCraft/MergeCraft_Op7/assets/Script/Plugin/AudioManager.ts.
debug: Resolve file:///D:/PA_2024/3D/MergeCraft/MergeCraft_Op7/assets/Script/Data/Constant.ts from cce:/internal/x/prerequisite-imports as file:///D:/PA_2024/3D/MergeCraft/MergeCraft_Op7/assets/Script/Data/Constant.ts.
debug: Resolve file:///D:/PA_2024/3D/MergeCraft/MergeCraft_Op7/assets/Script/Plugin/IronSource.ts from cce:/internal/x/prerequisite-imports as file:///D:/PA_2024/3D/MergeCraft/MergeCraft_Op7/assets/Script/Plugin/IronSource.ts.
debug: Resolve file:///D:/PA_2024/3D/MergeCraft/MergeCraft_Op7/assets/Script/Plugin/Utils.ts from cce:/internal/x/prerequisite-imports as file:///D:/PA_2024/3D/MergeCraft/MergeCraft_Op7/assets/Script/Plugin/Utils.ts.
debug: Resolve file:///D:/PA_2024/3D/MergeCraft/MergeCraft_Op7/assets/Script/Plugin/Responsive.ts from cce:/internal/x/prerequisite-imports as file:///D:/PA_2024/3D/MergeCraft/MergeCraft_Op7/assets/Script/Plugin/Responsive.ts.
debug: Detected change: file:///D:/PA_2024/3D/MergeCraft/MergeCraft_Op7/assets/Script/Controller/GamePlay.ts. Last mtime: Mon May 13 2024 15:29:53 GMT+0700 (Indochina Time)@d6ba2e81-5fd5-455a-bbcd-d756b03ebf0b, Current mtime: Mon May 13 2024 15:41:03 GMT+0700 (Indochina Time)@d6ba2e81-5fd5-455a-bbcd-d756b03ebf0b
debug: Inspect file:///D:/PA_2024/3D/MergeCraft/MergeCraft_Op7/assets/Script/Controller/GamePlay.ts
debug: Detected change: file:///D:/PA_2024/3D/MergeCraft/MergeCraft_Op7/assets/Script/Controller/TouchAreaController.ts. Last mtime: Mon May 13 2024 15:38:55 GMT+0700 (Indochina Time)@6c960960-d0d4-46ba-9a72-c0e274c1640b, Current mtime: Mon May 13 2024 15:40:51 GMT+0700 (Indochina Time)@6c960960-d0d4-46ba-9a72-c0e274c1640b
debug: Inspect file:///D:/PA_2024/3D/MergeCraft/MergeCraft_Op7/assets/Script/Controller/TouchAreaController.ts
debug: Resolve cce:/internal/code-quality/cr.mjs from file:///D:/PA_2024/3D/MergeCraft/MergeCraft_Op7/assets/Script/Controller/GamePlay.ts as cce:/internal/code-quality/cr.mjs.
debug: Resolve cc from file:///D:/PA_2024/3D/MergeCraft/MergeCraft_Op7/assets/Script/Controller/GamePlay.ts as cce:/internal/x/cc.
debug: Resolve cc from file:///D:/PA_2024/3D/MergeCraft/MergeCraft_Op7/assets/Script/Controller/GamePlay.ts as cce:/internal/x/cc.
debug: Resolve cce:/internal/code-quality/cr.mjs from file:///D:/PA_2024/3D/MergeCraft/MergeCraft_Op7/assets/Script/Controller/TouchAreaController.ts as cce:/internal/code-quality/cr.mjs.
debug: Resolve cc from file:///D:/PA_2024/3D/MergeCraft/MergeCraft_Op7/assets/Script/Controller/TouchAreaController.ts as cce:/internal/x/cc.
debug: Resolve cc from file:///D:/PA_2024/3D/MergeCraft/MergeCraft_Op7/assets/Script/Controller/TouchAreaController.ts as cce:/internal/x/cc.
debug: Resolve ./GameController from file:///D:/PA_2024/3D/MergeCraft/MergeCraft_Op7/assets/Script/Controller/GamePlay.ts as file:///D:/PA_2024/3D/MergeCraft/MergeCraft_Op7/assets/Script/Controller/GameController.ts.
debug: Resolve ../Plugin/AudioManager from file:///D:/PA_2024/3D/MergeCraft/MergeCraft_Op7/assets/Script/Controller/GamePlay.ts as file:///D:/PA_2024/3D/MergeCraft/MergeCraft_Op7/assets/Script/Plugin/AudioManager.ts.
debug: Resolve ../Data/Constant from file:///D:/PA_2024/3D/MergeCraft/MergeCraft_Op7/assets/Script/Controller/GamePlay.ts as file:///D:/PA_2024/3D/MergeCraft/MergeCraft_Op7/assets/Script/Data/Constant.ts.
debug: Resolve ./NodesController from file:///D:/PA_2024/3D/MergeCraft/MergeCraft_Op7/assets/Script/Controller/GamePlay.ts as file:///D:/PA_2024/3D/MergeCraft/MergeCraft_Op7/assets/Script/Controller/NodesController.ts.
debug: Resolve ../Data/Constant from file:///D:/PA_2024/3D/MergeCraft/MergeCraft_Op7/assets/Script/Controller/TouchAreaController.ts as file:///D:/PA_2024/3D/MergeCraft/MergeCraft_Op7/assets/Script/Data/Constant.ts.
debug: Resolve ./NodesController from file:///D:/PA_2024/3D/MergeCraft/MergeCraft_Op7/assets/Script/Controller/TouchAreaController.ts as file:///D:/PA_2024/3D/MergeCraft/MergeCraft_Op7/assets/Script/Controller/NodesController.ts.
debug: Resolve ./GameController from file:///D:/PA_2024/3D/MergeCraft/MergeCraft_Op7/assets/Script/Controller/TouchAreaController.ts as file:///D:/PA_2024/3D/MergeCraft/MergeCraft_Op7/assets/Script/Controller/GameController.ts.
debug: Resolve ./GamePlay from file:///D:/PA_2024/3D/MergeCraft/MergeCraft_Op7/assets/Script/Controller/TouchAreaController.ts as file:///D:/PA_2024/3D/MergeCraft/MergeCraft_Op7/assets/Script/Controller/GamePlay.ts.
debug: Resolve ../Plugin/AudioManager from file:///D:/PA_2024/3D/MergeCraft/MergeCraft_Op7/assets/Script/Controller/TouchAreaController.ts as file:///D:/PA_2024/3D/MergeCraft/MergeCraft_Op7/assets/Script/Plugin/AudioManager.ts.
debug: Resolve ../Plugin/IronSource from file:///D:/PA_2024/3D/MergeCraft/MergeCraft_Op7/assets/Script/Controller/TouchAreaController.ts as file:///D:/PA_2024/3D/MergeCraft/MergeCraft_Op7/assets/Script/Plugin/IronSource.ts.
debug: Target(editor) ends with cost 230.96290004253387ms.
debug: Target(preview) build started.
debug: Detected change: cce:/internal/x/prerequisite-imports. Last mtime: Thu Jan 01 1970 09:34:54 GMT+0800 (Indochina Time), Current mtime: Thu Jan 01 1970 09:38:07 GMT+0800 (Indochina Time)
debug: Inspect cce:/internal/x/prerequisite-imports
debug: Resolve file:///D:/PA_2024/3D/MergeCraft/MergeCraft_Op7/assets/Script/Controller/BossController.ts from cce:/internal/x/prerequisite-imports as file:///D:/PA_2024/3D/MergeCraft/MergeCraft_Op7/assets/Script/Controller/BossController.ts.
debug: Resolve file:///D:/PA_2024/3D/MergeCraft/MergeCraft_Op7/assets/Script/Controller/GameController.ts from cce:/internal/x/prerequisite-imports as file:///D:/PA_2024/3D/MergeCraft/MergeCraft_Op7/assets/Script/Controller/GameController.ts.
debug: Resolve file:///D:/PA_2024/3D/MergeCraft/MergeCraft_Op7/assets/Script/Controller/CharacterControl.ts from cce:/internal/x/prerequisite-imports as file:///D:/PA_2024/3D/MergeCraft/MergeCraft_Op7/assets/Script/Controller/CharacterControl.ts.
debug: Resolve file:///D:/PA_2024/3D/MergeCraft/MergeCraft_Op7/assets/Script/Controller/GamePlay.ts from cce:/internal/x/prerequisite-imports as file:///D:/PA_2024/3D/MergeCraft/MergeCraft_Op7/assets/Script/Controller/GamePlay.ts.
debug: Resolve file:///D:/PA_2024/3D/MergeCraft/MergeCraft_Op7/assets/Script/Controller/NodesController.ts from cce:/internal/x/prerequisite-imports as file:///D:/PA_2024/3D/MergeCraft/MergeCraft_Op7/assets/Script/Controller/NodesController.ts.
debug: Resolve file:///D:/PA_2024/3D/MergeCraft/MergeCraft_Op7/assets/Script/Controller/RangerControl.ts from cce:/internal/x/prerequisite-imports as file:///D:/PA_2024/3D/MergeCraft/MergeCraft_Op7/assets/Script/Controller/RangerControl.ts.
debug: Resolve file:///D:/PA_2024/3D/MergeCraft/MergeCraft_Op7/assets/Script/Controller/TouchAreaController.ts from cce:/internal/x/prerequisite-imports as file:///D:/PA_2024/3D/MergeCraft/MergeCraft_Op7/assets/Script/Controller/TouchAreaController.ts.
debug: Resolve file:///D:/PA_2024/3D/MergeCraft/MergeCraft_Op7/assets/Script/Data/Constant.ts from cce:/internal/x/prerequisite-imports as file:///D:/PA_2024/3D/MergeCraft/MergeCraft_Op7/assets/Script/Data/Constant.ts.
debug: Resolve file:///D:/PA_2024/3D/MergeCraft/MergeCraft_Op7/assets/Script/Plugin/AudioManager.ts from cce:/internal/x/prerequisite-imports as file:///D:/PA_2024/3D/MergeCraft/MergeCraft_Op7/assets/Script/Plugin/AudioManager.ts.
debug: Resolve file:///D:/PA_2024/3D/MergeCraft/MergeCraft_Op7/assets/Script/Plugin/IronSource.ts from cce:/internal/x/prerequisite-imports as file:///D:/PA_2024/3D/MergeCraft/MergeCraft_Op7/assets/Script/Plugin/IronSource.ts.
debug: Resolve file:///D:/PA_2024/3D/MergeCraft/MergeCraft_Op7/assets/Script/Plugin/Responsive.ts from cce:/internal/x/prerequisite-imports as file:///D:/PA_2024/3D/MergeCraft/MergeCraft_Op7/assets/Script/Plugin/Responsive.ts.
debug: Resolve file:///D:/PA_2024/3D/MergeCraft/MergeCraft_Op7/assets/Script/Plugin/Utils.ts from cce:/internal/x/prerequisite-imports as file:///D:/PA_2024/3D/MergeCraft/MergeCraft_Op7/assets/Script/Plugin/Utils.ts.
debug: Detected change: file:///D:/PA_2024/3D/MergeCraft/MergeCraft_Op7/assets/Script/Controller/GamePlay.ts. Last mtime: Mon May 13 2024 15:29:53 GMT+0700 (Indochina Time)@d6ba2e81-5fd5-455a-bbcd-d756b03ebf0b, Current mtime: Mon May 13 2024 15:41:03 GMT+0700 (Indochina Time)@d6ba2e81-5fd5-455a-bbcd-d756b03ebf0b
debug: Inspect file:///D:/PA_2024/3D/MergeCraft/MergeCraft_Op7/assets/Script/Controller/GamePlay.ts
debug: Detected change: file:///D:/PA_2024/3D/MergeCraft/MergeCraft_Op7/assets/Script/Controller/TouchAreaController.ts. Last mtime: Mon May 13 2024 15:38:55 GMT+0700 (Indochina Time)@6c960960-d0d4-46ba-9a72-c0e274c1640b, Current mtime: Mon May 13 2024 15:40:51 GMT+0700 (Indochina Time)@6c960960-d0d4-46ba-9a72-c0e274c1640b
debug: Inspect file:///D:/PA_2024/3D/MergeCraft/MergeCraft_Op7/assets/Script/Controller/TouchAreaController.ts
debug: Resolve cce:/internal/code-quality/cr.mjs from file:///D:/PA_2024/3D/MergeCraft/MergeCraft_Op7/assets/Script/Controller/GamePlay.ts as cce:/internal/code-quality/cr.mjs.
debug: Resolve cc from file:///D:/PA_2024/3D/MergeCraft/MergeCraft_Op7/assets/Script/Controller/GamePlay.ts as cce:/internal/x/cc.
debug: Resolve cc from file:///D:/PA_2024/3D/MergeCraft/MergeCraft_Op7/assets/Script/Controller/GamePlay.ts as cce:/internal/x/cc.
debug: Resolve cce:/internal/code-quality/cr.mjs from file:///D:/PA_2024/3D/MergeCraft/MergeCraft_Op7/assets/Script/Controller/TouchAreaController.ts as cce:/internal/code-quality/cr.mjs.
debug: Resolve cc from file:///D:/PA_2024/3D/MergeCraft/MergeCraft_Op7/assets/Script/Controller/TouchAreaController.ts as cce:/internal/x/cc.
debug: Resolve cc from file:///D:/PA_2024/3D/MergeCraft/MergeCraft_Op7/assets/Script/Controller/TouchAreaController.ts as cce:/internal/x/cc.
debug: Resolve ./GameController from file:///D:/PA_2024/3D/MergeCraft/MergeCraft_Op7/assets/Script/Controller/GamePlay.ts as file:///D:/PA_2024/3D/MergeCraft/MergeCraft_Op7/assets/Script/Controller/GameController.ts.
debug: Resolve ../Plugin/AudioManager from file:///D:/PA_2024/3D/MergeCraft/MergeCraft_Op7/assets/Script/Controller/GamePlay.ts as file:///D:/PA_2024/3D/MergeCraft/MergeCraft_Op7/assets/Script/Plugin/AudioManager.ts.
debug: Resolve ../Data/Constant from file:///D:/PA_2024/3D/MergeCraft/MergeCraft_Op7/assets/Script/Controller/GamePlay.ts as file:///D:/PA_2024/3D/MergeCraft/MergeCraft_Op7/assets/Script/Data/Constant.ts.
debug: Resolve ./NodesController from file:///D:/PA_2024/3D/MergeCraft/MergeCraft_Op7/assets/Script/Controller/GamePlay.ts as file:///D:/PA_2024/3D/MergeCraft/MergeCraft_Op7/assets/Script/Controller/NodesController.ts.
debug: Resolve ../Data/Constant from file:///D:/PA_2024/3D/MergeCraft/MergeCraft_Op7/assets/Script/Controller/TouchAreaController.ts as file:///D:/PA_2024/3D/MergeCraft/MergeCraft_Op7/assets/Script/Data/Constant.ts.
debug: Resolve ./NodesController from file:///D:/PA_2024/3D/MergeCraft/MergeCraft_Op7/assets/Script/Controller/TouchAreaController.ts as file:///D:/PA_2024/3D/MergeCraft/MergeCraft_Op7/assets/Script/Controller/NodesController.ts.
debug: Resolve ./GameController from file:///D:/PA_2024/3D/MergeCraft/MergeCraft_Op7/assets/Script/Controller/TouchAreaController.ts as file:///D:/PA_2024/3D/MergeCraft/MergeCraft_Op7/assets/Script/Controller/GameController.ts.
debug: Resolve ../Plugin/AudioManager from file:///D:/PA_2024/3D/MergeCraft/MergeCraft_Op7/assets/Script/Controller/TouchAreaController.ts as file:///D:/PA_2024/3D/MergeCraft/MergeCraft_Op7/assets/Script/Plugin/AudioManager.ts.
debug: Resolve ../Plugin/IronSource from file:///D:/PA_2024/3D/MergeCraft/MergeCraft_Op7/assets/Script/Controller/TouchAreaController.ts as file:///D:/PA_2024/3D/MergeCraft/MergeCraft_Op7/assets/Script/Plugin/IronSource.ts.
debug: Resolve ./GamePlay from file:///D:/PA_2024/3D/MergeCraft/MergeCraft_Op7/assets/Script/Controller/TouchAreaController.ts as file:///D:/PA_2024/3D/MergeCraft/MergeCraft_Op7/assets/Script/Controller/GamePlay.ts.
debug: Target(preview) ends with cost 253.68190002441406ms.
