debug: Tue, 16 Apr 2024 08:57:20 GMT
debug: Project: D:\PA_2024\3D\TangleUNS\TangleUNS_Op2
debug: Targets: editor,preview
debug: Incremental file seems great.
debug: Engine path: C:\ProgramData\cocos\editors\Creator\3.4.2\resources\resources\3d\engine
debug: Initializing target [Editor]
debug: Loading cache
debug: Loading cache costs 40.695700004696846ms.
debug: Engine features shipped in editor: base,gfx-webgl,gfx-webgl2,3d,2d,ui,particle,particle-2d,physics-framework,physics-2d-framework,intersection-2d,primitive,profiler,audio,video,terrain,webview,tween,tiled-map,spine,dragon-bones,marionette
debug: Initializing target [Preview]
debug: Loading cache
debug: Loading cache costs 55.11050000786781ms.
debug: Sync engine features: 2d,3d,audio,base,dragon-bones,gfx-webgl,gfx-webgl2,intersection-2d,marionette,particle-2d,primitive,profiler,terrain,tiled-map,tween,ui,video,webview
debug: Pulling asset-db.
debug: Fetch asset-db cost: 14.75959999859333ms.
debug: Build iteration starts.
Number of accumulated asset changes: 6
Feature changed: false
debug: Target(editor) build started.
debug: Detected change: cce:/internal/x/cc. Last mtime: Thu Jan 01 1970 08:00:06 GMT+0800 (Indochina Time), Current mtime: Thu Jan 01 1970 08:00:06 GMT+0800 (Indochina Time)
debug: Inspect cce:/internal/x/cc
debug: Resolve cce:/internal/x/cc-fu/base from cce:/internal/x/cc as external dependency cce:/internal/x/cc-fu/base.
debug: Resolve cce:/internal/x/cc-fu/gfx-webgl from cce:/internal/x/cc as external dependency cce:/internal/x/cc-fu/gfx-webgl.
debug: Resolve cce:/internal/x/cc-fu/gfx-webgl2 from cce:/internal/x/cc as external dependency cce:/internal/x/cc-fu/gfx-webgl2.
debug: Resolve cce:/internal/x/cc-fu/3d from cce:/internal/x/cc as external dependency cce:/internal/x/cc-fu/3d.
debug: Resolve cce:/internal/x/cc-fu/2d from cce:/internal/x/cc as external dependency cce:/internal/x/cc-fu/2d.
debug: Resolve cce:/internal/x/cc-fu/ui from cce:/internal/x/cc as external dependency cce:/internal/x/cc-fu/ui.
debug: Resolve cce:/internal/x/cc-fu/particle from cce:/internal/x/cc as external dependency cce:/internal/x/cc-fu/particle.
debug: Resolve cce:/internal/x/cc-fu/particle-2d from cce:/internal/x/cc as external dependency cce:/internal/x/cc-fu/particle-2d.
debug: Resolve cce:/internal/x/cc-fu/physics-framework from cce:/internal/x/cc as external dependency cce:/internal/x/cc-fu/physics-framework.
debug: Resolve cce:/internal/x/cc-fu/physics-2d-framework from cce:/internal/x/cc as external dependency cce:/internal/x/cc-fu/physics-2d-framework.
debug: Resolve cce:/internal/x/cc-fu/intersection-2d from cce:/internal/x/cc as external dependency cce:/internal/x/cc-fu/intersection-2d.
debug: Resolve cce:/internal/x/cc-fu/primitive from cce:/internal/x/cc as external dependency cce:/internal/x/cc-fu/primitive.
debug: Resolve cce:/internal/x/cc-fu/profiler from cce:/internal/x/cc as external dependency cce:/internal/x/cc-fu/profiler.
debug: Resolve cce:/internal/x/cc-fu/audio from cce:/internal/x/cc as external dependency cce:/internal/x/cc-fu/audio.
debug: Resolve cce:/internal/x/cc-fu/video from cce:/internal/x/cc as external dependency cce:/internal/x/cc-fu/video.
debug: Resolve cce:/internal/x/cc-fu/terrain from cce:/internal/x/cc as external dependency cce:/internal/x/cc-fu/terrain.
debug: Resolve cce:/internal/x/cc-fu/webview from cce:/internal/x/cc as external dependency cce:/internal/x/cc-fu/webview.
debug: Resolve cce:/internal/x/cc-fu/tween from cce:/internal/x/cc as external dependency cce:/internal/x/cc-fu/tween.
debug: Resolve cce:/internal/x/cc-fu/tiled-map from cce:/internal/x/cc as external dependency cce:/internal/x/cc-fu/tiled-map.
debug: Resolve cce:/internal/x/cc-fu/spine from cce:/internal/x/cc as external dependency cce:/internal/x/cc-fu/spine.
debug: Resolve cce:/internal/x/cc-fu/dragon-bones from cce:/internal/x/cc as external dependency cce:/internal/x/cc-fu/dragon-bones.
debug: Detected change: cce:/internal/x/prerequisite-imports. Last mtime: Thu Jan 01 1970 08:14:10 GMT+0800 (Indochina Time), Current mtime: Thu Jan 01 1970 08:00:27 GMT+0800 (Indochina Time)
debug: Inspect cce:/internal/x/prerequisite-imports
debug: Resolve file:///D:/PA_2024/3D/TangleUNS/TangleUNS_Op2/assets/Script/Data/constants.ts from cce:/internal/x/prerequisite-imports as file:///D:/PA_2024/3D/TangleUNS/TangleUNS_Op2/assets/Script/Data/constants.ts.
debug: Resolve file:///D:/PA_2024/3D/TangleUNS/TangleUNS_Op2/assets/Script/Game/AudioManager.ts from cce:/internal/x/prerequisite-imports as file:///D:/PA_2024/3D/TangleUNS/TangleUNS_Op2/assets/Script/Game/AudioManager.ts.
debug: Resolve file:///D:/PA_2024/3D/TangleUNS/TangleUNS_Op2/assets/Script/Game/GameController.ts from cce:/internal/x/prerequisite-imports as file:///D:/PA_2024/3D/TangleUNS/TangleUNS_Op2/assets/Script/Game/GameController.ts.
debug: Resolve file:///D:/PA_2024/3D/TangleUNS/TangleUNS_Op2/assets/Script/Game/GamePlay.ts from cce:/internal/x/prerequisite-imports as file:///D:/PA_2024/3D/TangleUNS/TangleUNS_Op2/assets/Script/Game/GamePlay.ts.
debug: Resolve file:///D:/PA_2024/3D/TangleUNS/TangleUNS_Op2/assets/Script/Game/Responsive.ts from cce:/internal/x/prerequisite-imports as file:///D:/PA_2024/3D/TangleUNS/TangleUNS_Op2/assets/Script/Game/Responsive.ts.
debug: Resolve file:///D:/PA_2024/3D/TangleUNS/TangleUNS_Op2/assets/Script/Game/UIController.ts from cce:/internal/x/prerequisite-imports as file:///D:/PA_2024/3D/TangleUNS/TangleUNS_Op2/assets/Script/Game/UIController.ts.
debug: Detected change: cce:/internal/code-quality/cr.mjs. Last mtime: Tue Apr 16 2024 09:15:10 GMT+0700 (Indochina Time), Current mtime: Tue Apr 16 2024 15:57:13 GMT+0700 (Indochina Time)
debug: Inspect cce:/internal/code-quality/cr.mjs
debug: Target(editor) ends with cost 160.14079999923706ms.
debug: Target(preview) build started.
debug: Detected change: cce:/internal/x/cc. Last mtime: Thu Jan 01 1970 08:00:06 GMT+0800 (Indochina Time), Current mtime: Thu Jan 01 1970 08:00:06 GMT+0800 (Indochina Time)
debug: Inspect cce:/internal/x/cc
debug: Resolve cce:/internal/x/cc-fu/2d from cce:/internal/x/cc as external dependency cce:/internal/x/cc-fu/2d.
debug: Resolve cce:/internal/x/cc-fu/3d from cce:/internal/x/cc as external dependency cce:/internal/x/cc-fu/3d.
debug: Resolve cce:/internal/x/cc-fu/audio from cce:/internal/x/cc as external dependency cce:/internal/x/cc-fu/audio.
debug: Resolve cce:/internal/x/cc-fu/base from cce:/internal/x/cc as external dependency cce:/internal/x/cc-fu/base.
debug: Resolve cce:/internal/x/cc-fu/dragon-bones from cce:/internal/x/cc as external dependency cce:/internal/x/cc-fu/dragon-bones.
debug: Resolve cce:/internal/x/cc-fu/gfx-webgl from cce:/internal/x/cc as external dependency cce:/internal/x/cc-fu/gfx-webgl.
debug: Resolve cce:/internal/x/cc-fu/gfx-webgl2 from cce:/internal/x/cc as external dependency cce:/internal/x/cc-fu/gfx-webgl2.
debug: Resolve cce:/internal/x/cc-fu/intersection-2d from cce:/internal/x/cc as external dependency cce:/internal/x/cc-fu/intersection-2d.
debug: Resolve cce:/internal/x/cc-fu/particle-2d from cce:/internal/x/cc as external dependency cce:/internal/x/cc-fu/particle-2d.
debug: Resolve cce:/internal/x/cc-fu/primitive from cce:/internal/x/cc as external dependency cce:/internal/x/cc-fu/primitive.
debug: Resolve cce:/internal/x/cc-fu/profiler from cce:/internal/x/cc as external dependency cce:/internal/x/cc-fu/profiler.
debug: Resolve cce:/internal/x/cc-fu/terrain from cce:/internal/x/cc as external dependency cce:/internal/x/cc-fu/terrain.
debug: Resolve cce:/internal/x/cc-fu/tiled-map from cce:/internal/x/cc as external dependency cce:/internal/x/cc-fu/tiled-map.
debug: Resolve cce:/internal/x/cc-fu/tween from cce:/internal/x/cc as external dependency cce:/internal/x/cc-fu/tween.
debug: Resolve cce:/internal/x/cc-fu/ui from cce:/internal/x/cc as external dependency cce:/internal/x/cc-fu/ui.
debug: Resolve cce:/internal/x/cc-fu/video from cce:/internal/x/cc as external dependency cce:/internal/x/cc-fu/video.
debug: Resolve cce:/internal/x/cc-fu/webview from cce:/internal/x/cc as external dependency cce:/internal/x/cc-fu/webview.
debug: Detected change: cce:/internal/x/prerequisite-imports. Last mtime: Thu Jan 01 1970 08:14:10 GMT+0800 (Indochina Time), Current mtime: Thu Jan 01 1970 08:00:27 GMT+0800 (Indochina Time)
debug: Inspect cce:/internal/x/prerequisite-imports
debug: Resolve file:///D:/PA_2024/3D/TangleUNS/TangleUNS_Op2/assets/Script/Data/constants.ts from cce:/internal/x/prerequisite-imports as file:///D:/PA_2024/3D/TangleUNS/TangleUNS_Op2/assets/Script/Data/constants.ts.
debug: Resolve file:///D:/PA_2024/3D/TangleUNS/TangleUNS_Op2/assets/Script/Game/AudioManager.ts from cce:/internal/x/prerequisite-imports as file:///D:/PA_2024/3D/TangleUNS/TangleUNS_Op2/assets/Script/Game/AudioManager.ts.
debug: Resolve file:///D:/PA_2024/3D/TangleUNS/TangleUNS_Op2/assets/Script/Game/GamePlay.ts from cce:/internal/x/prerequisite-imports as file:///D:/PA_2024/3D/TangleUNS/TangleUNS_Op2/assets/Script/Game/GamePlay.ts.
debug: Resolve file:///D:/PA_2024/3D/TangleUNS/TangleUNS_Op2/assets/Script/Game/GameController.ts from cce:/internal/x/prerequisite-imports as file:///D:/PA_2024/3D/TangleUNS/TangleUNS_Op2/assets/Script/Game/GameController.ts.
debug: Resolve file:///D:/PA_2024/3D/TangleUNS/TangleUNS_Op2/assets/Script/Game/Responsive.ts from cce:/internal/x/prerequisite-imports as file:///D:/PA_2024/3D/TangleUNS/TangleUNS_Op2/assets/Script/Game/Responsive.ts.
debug: Resolve file:///D:/PA_2024/3D/TangleUNS/TangleUNS_Op2/assets/Script/Game/UIController.ts from cce:/internal/x/prerequisite-imports as file:///D:/PA_2024/3D/TangleUNS/TangleUNS_Op2/assets/Script/Game/UIController.ts.
debug: Detected change: cce:/internal/code-quality/cr.mjs. Last mtime: Tue Apr 16 2024 09:15:10 GMT+0700 (Indochina Time), Current mtime: Tue Apr 16 2024 15:57:13 GMT+0700 (Indochina Time)
debug: Inspect cce:/internal/code-quality/cr.mjs
debug: Target(preview) ends with cost 96.99809999763966ms.
