debug: Mon, 25 Mar 2024 11:10:39 GMT
debug: Project: D:\PA_2024\3D\CamoSniper\CamoSniper_Op2
debug: Targets: editor,preview
debug: Incremental file seems great.
debug: Engine path: C:\ProgramData\cocos\editors\Creator\3.4.2\resources\resources\3d\engine
debug: Initializing target [Editor]
debug: Loading cache
debug: Loading cache costs 2.828499972820282ms.
debug: Engine features shipped in editor: base,gfx-webgl,gfx-webgl2,3d,2d,ui,particle,particle-2d,physics-framework,physics-2d-framework,intersection-2d,primitive,profiler,audio,video,terrain,webview,tween,tiled-map,spine,dragon-bones,marionette
debug: Initializing target [Preview]
debug: Loading cache
debug: Loading cache costs 3.310599982738495ms.
debug: Sync engine features: 2d,3d,audio,base,dragon-bones,gfx-webgl,gfx-webgl2,intersection-2d,marionette,particle-2d,primitive,profiler,spine,terrain,tiled-map,tween,ui,video,webview
debug: Pulling asset-db.
debug: Fetch asset-db cost: 96.88239997625351ms.
debug: Build iteration starts.
Number of accumulated asset changes: 7
Feature changed: false
debug: Target(editor) build started.
debug: Detected change: cce:/internal/x/cc. Last mtime: Thu Jan 01 1970 08:00:05 GMT+0800 (Indochina Time), Current mtime: Thu Jan 01 1970 08:00:05 GMT+0800 (Indochina Time)
debug: Inspect cce:/internal/x/cc
debug: Resolve cce:/internal/x/cc-fu/base from cce:/internal/x/cc as external dependency cce:/internal/x/cc-fu/base.
debug: Resolve cce:/internal/x/cc-fu/gfx-webgl from cce:/internal/x/cc as external dependency cce:/internal/x/cc-fu/gfx-webgl.
debug: Resolve cce:/internal/x/cc-fu/gfx-webgl2 from cce:/internal/x/cc as external dependency cce:/internal/x/cc-fu/gfx-webgl2.
debug: Resolve cce:/internal/x/cc-fu/3d from cce:/internal/x/cc as external dependency cce:/internal/x/cc-fu/3d.
debug: Resolve cce:/internal/x/cc-fu/2d from cce:/internal/x/cc as external dependency cce:/internal/x/cc-fu/2d.
debug: Resolve cce:/internal/x/cc-fu/ui from cce:/internal/x/cc as external dependency cce:/internal/x/cc-fu/ui.
debug: Resolve cce:/internal/x/cc-fu/particle from cce:/internal/x/cc as external dependency cce:/internal/x/cc-fu/particle.
debug: Resolve cce:/internal/x/cc-fu/particle-2d from cce:/internal/x/cc as external dependency cce:/internal/x/cc-fu/particle-2d.
debug: Resolve cce:/internal/x/cc-fu/physics-framework from cce:/internal/x/cc as external dependency cce:/internal/x/cc-fu/physics-framework.
debug: Resolve cce:/internal/x/cc-fu/physics-2d-framework from cce:/internal/x/cc as external dependency cce:/internal/x/cc-fu/physics-2d-framework.
debug: Resolve cce:/internal/x/cc-fu/intersection-2d from cce:/internal/x/cc as external dependency cce:/internal/x/cc-fu/intersection-2d.
debug: Resolve cce:/internal/x/cc-fu/primitive from cce:/internal/x/cc as external dependency cce:/internal/x/cc-fu/primitive.
debug: Resolve cce:/internal/x/cc-fu/profiler from cce:/internal/x/cc as external dependency cce:/internal/x/cc-fu/profiler.
debug: Resolve cce:/internal/x/cc-fu/audio from cce:/internal/x/cc as external dependency cce:/internal/x/cc-fu/audio.
debug: Resolve cce:/internal/x/cc-fu/video from cce:/internal/x/cc as external dependency cce:/internal/x/cc-fu/video.
debug: Resolve cce:/internal/x/cc-fu/terrain from cce:/internal/x/cc as external dependency cce:/internal/x/cc-fu/terrain.
debug: Resolve cce:/internal/x/cc-fu/webview from cce:/internal/x/cc as external dependency cce:/internal/x/cc-fu/webview.
debug: Resolve cce:/internal/x/cc-fu/tween from cce:/internal/x/cc as external dependency cce:/internal/x/cc-fu/tween.
debug: Resolve cce:/internal/x/cc-fu/tiled-map from cce:/internal/x/cc as external dependency cce:/internal/x/cc-fu/tiled-map.
debug: Resolve cce:/internal/x/cc-fu/spine from cce:/internal/x/cc as external dependency cce:/internal/x/cc-fu/spine.
debug: Resolve cce:/internal/x/cc-fu/dragon-bones from cce:/internal/x/cc as external dependency cce:/internal/x/cc-fu/dragon-bones.
debug: Detected change: cce:/internal/x/prerequisite-imports. Last mtime: Thu Jan 01 1970 10:43:35 GMT+0800 (Indochina Time), Current mtime: Thu Jan 01 1970 08:00:10 GMT+0800 (Indochina Time)
debug: Inspect cce:/internal/x/prerequisite-imports
debug: Resolve file:///D:/PA_2024/3D/CamoSniper/CamoSniper_Op2/assets/Script/Data/constants.ts from cce:/internal/x/prerequisite-imports as file:///D:/PA_2024/3D/CamoSniper/CamoSniper_Op2/assets/Script/Data/constants.ts.
debug: Resolve file:///D:/PA_2024/3D/CamoSniper/CamoSniper_Op2/assets/Script/Game/AudioManager.ts from cce:/internal/x/prerequisite-imports as file:///D:/PA_2024/3D/CamoSniper/CamoSniper_Op2/assets/Script/Game/AudioManager.ts.
debug: Resolve file:///D:/PA_2024/3D/CamoSniper/CamoSniper_Op2/assets/Script/Game/GameController.ts from cce:/internal/x/prerequisite-imports as file:///D:/PA_2024/3D/CamoSniper/CamoSniper_Op2/assets/Script/Game/GameController.ts.
debug: Resolve file:///D:/PA_2024/3D/CamoSniper/CamoSniper_Op2/assets/Script/Game/GamePlay.ts from cce:/internal/x/prerequisite-imports as file:///D:/PA_2024/3D/CamoSniper/CamoSniper_Op2/assets/Script/Game/GamePlay.ts.
debug: Resolve file:///D:/PA_2024/3D/CamoSniper/CamoSniper_Op2/assets/Script/Game/Responsive.ts from cce:/internal/x/prerequisite-imports as file:///D:/PA_2024/3D/CamoSniper/CamoSniper_Op2/assets/Script/Game/Responsive.ts.
debug: Resolve file:///D:/PA_2024/3D/CamoSniper/CamoSniper_Op2/assets/Script/Game/TouchArea.ts from cce:/internal/x/prerequisite-imports as file:///D:/PA_2024/3D/CamoSniper/CamoSniper_Op2/assets/Script/Game/TouchArea.ts.
debug: Resolve file:///D:/PA_2024/3D/CamoSniper/CamoSniper_Op2/assets/Script/Game/UIController.ts from cce:/internal/x/prerequisite-imports as file:///D:/PA_2024/3D/CamoSniper/CamoSniper_Op2/assets/Script/Game/UIController.ts.
debug: Detected change: cce:/internal/code-quality/cr.mjs. Last mtime: Mon Mar 25 2024 14:21:35 GMT+0700 (Indochina Time), Current mtime: Mon Mar 25 2024 18:10:34 GMT+0700 (Indochina Time)
debug: Inspect cce:/internal/code-quality/cr.mjs
debug: Target(editor) ends with cost 535.7224000096321ms.
debug: Target(preview) build started.
debug: Detected change: cce:/internal/x/cc. Last mtime: Thu Jan 01 1970 08:56:21 GMT+0800 (Indochina Time), Current mtime: Thu Jan 01 1970 08:00:05 GMT+0800 (Indochina Time)
debug: Inspect cce:/internal/x/cc
debug: Resolve cce:/internal/x/cc-fu/2d from cce:/internal/x/cc as external dependency cce:/internal/x/cc-fu/2d.
debug: Resolve cce:/internal/x/cc-fu/3d from cce:/internal/x/cc as external dependency cce:/internal/x/cc-fu/3d.
debug: Resolve cce:/internal/x/cc-fu/audio from cce:/internal/x/cc as external dependency cce:/internal/x/cc-fu/audio.
debug: Resolve cce:/internal/x/cc-fu/base from cce:/internal/x/cc as external dependency cce:/internal/x/cc-fu/base.
debug: Resolve cce:/internal/x/cc-fu/dragon-bones from cce:/internal/x/cc as external dependency cce:/internal/x/cc-fu/dragon-bones.
debug: Resolve cce:/internal/x/cc-fu/gfx-webgl from cce:/internal/x/cc as external dependency cce:/internal/x/cc-fu/gfx-webgl.
debug: Resolve cce:/internal/x/cc-fu/gfx-webgl2 from cce:/internal/x/cc as external dependency cce:/internal/x/cc-fu/gfx-webgl2.
debug: Resolve cce:/internal/x/cc-fu/intersection-2d from cce:/internal/x/cc as external dependency cce:/internal/x/cc-fu/intersection-2d.
debug: Resolve cce:/internal/x/cc-fu/particle-2d from cce:/internal/x/cc as external dependency cce:/internal/x/cc-fu/particle-2d.
debug: Resolve cce:/internal/x/cc-fu/primitive from cce:/internal/x/cc as external dependency cce:/internal/x/cc-fu/primitive.
debug: Resolve cce:/internal/x/cc-fu/profiler from cce:/internal/x/cc as external dependency cce:/internal/x/cc-fu/profiler.
debug: Resolve cce:/internal/x/cc-fu/spine from cce:/internal/x/cc as external dependency cce:/internal/x/cc-fu/spine.
debug: Resolve cce:/internal/x/cc-fu/terrain from cce:/internal/x/cc as external dependency cce:/internal/x/cc-fu/terrain.
debug: Resolve cce:/internal/x/cc-fu/tiled-map from cce:/internal/x/cc as external dependency cce:/internal/x/cc-fu/tiled-map.
debug: Resolve cce:/internal/x/cc-fu/tween from cce:/internal/x/cc as external dependency cce:/internal/x/cc-fu/tween.
debug: Resolve cce:/internal/x/cc-fu/ui from cce:/internal/x/cc as external dependency cce:/internal/x/cc-fu/ui.
debug: Resolve cce:/internal/x/cc-fu/video from cce:/internal/x/cc as external dependency cce:/internal/x/cc-fu/video.
debug: Resolve cce:/internal/x/cc-fu/webview from cce:/internal/x/cc as external dependency cce:/internal/x/cc-fu/webview.
debug: Detected change: cce:/internal/x/prerequisite-imports. Last mtime: Thu Jan 01 1970 10:43:35 GMT+0800 (Indochina Time), Current mtime: Thu Jan 01 1970 08:00:11 GMT+0800 (Indochina Time)
debug: Inspect cce:/internal/x/prerequisite-imports
debug: Resolve file:///D:/PA_2024/3D/CamoSniper/CamoSniper_Op2/assets/Script/Data/constants.ts from cce:/internal/x/prerequisite-imports as file:///D:/PA_2024/3D/CamoSniper/CamoSniper_Op2/assets/Script/Data/constants.ts.
debug: Resolve file:///D:/PA_2024/3D/CamoSniper/CamoSniper_Op2/assets/Script/Game/AudioManager.ts from cce:/internal/x/prerequisite-imports as file:///D:/PA_2024/3D/CamoSniper/CamoSniper_Op2/assets/Script/Game/AudioManager.ts.
debug: Resolve file:///D:/PA_2024/3D/CamoSniper/CamoSniper_Op2/assets/Script/Game/GameController.ts from cce:/internal/x/prerequisite-imports as file:///D:/PA_2024/3D/CamoSniper/CamoSniper_Op2/assets/Script/Game/GameController.ts.
debug: Resolve file:///D:/PA_2024/3D/CamoSniper/CamoSniper_Op2/assets/Script/Game/GamePlay.ts from cce:/internal/x/prerequisite-imports as file:///D:/PA_2024/3D/CamoSniper/CamoSniper_Op2/assets/Script/Game/GamePlay.ts.
debug: Resolve file:///D:/PA_2024/3D/CamoSniper/CamoSniper_Op2/assets/Script/Game/Responsive.ts from cce:/internal/x/prerequisite-imports as file:///D:/PA_2024/3D/CamoSniper/CamoSniper_Op2/assets/Script/Game/Responsive.ts.
debug: Resolve file:///D:/PA_2024/3D/CamoSniper/CamoSniper_Op2/assets/Script/Game/TouchArea.ts from cce:/internal/x/prerequisite-imports as file:///D:/PA_2024/3D/CamoSniper/CamoSniper_Op2/assets/Script/Game/TouchArea.ts.
debug: Resolve file:///D:/PA_2024/3D/CamoSniper/CamoSniper_Op2/assets/Script/Game/UIController.ts from cce:/internal/x/prerequisite-imports as file:///D:/PA_2024/3D/CamoSniper/CamoSniper_Op2/assets/Script/Game/UIController.ts.
debug: Detected change: cce:/internal/code-quality/cr.mjs. Last mtime: Mon Mar 25 2024 14:21:35 GMT+0700 (Indochina Time), Current mtime: Mon Mar 25 2024 18:10:34 GMT+0700 (Indochina Time)
debug: Inspect cce:/internal/code-quality/cr.mjs
debug: Target(preview) ends with cost 497.709399998188ms.
debug: Dispatch build request for time accumulated 1 asset changes.
debug: Build iteration starts.
Number of accumulated asset changes: 1
Feature changed: false
debug: Target(editor) build started.
debug: Detected change: cce:/internal/x/prerequisite-imports. Last mtime: Thu Jan 01 1970 08:00:10 GMT+0800 (Indochina Time), Current mtime: Thu Jan 01 1970 08:01:17 GMT+0800 (Indochina Time)
debug: Inspect cce:/internal/x/prerequisite-imports
debug: Resolve file:///D:/PA_2024/3D/CamoSniper/CamoSniper_Op2/assets/Script/Data/constants.ts from cce:/internal/x/prerequisite-imports as file:///D:/PA_2024/3D/CamoSniper/CamoSniper_Op2/assets/Script/Data/constants.ts.
debug: Resolve file:///D:/PA_2024/3D/CamoSniper/CamoSniper_Op2/assets/Script/Game/AudioManager.ts from cce:/internal/x/prerequisite-imports as file:///D:/PA_2024/3D/CamoSniper/CamoSniper_Op2/assets/Script/Game/AudioManager.ts.
debug: Resolve file:///D:/PA_2024/3D/CamoSniper/CamoSniper_Op2/assets/Script/Game/GameController.ts from cce:/internal/x/prerequisite-imports as file:///D:/PA_2024/3D/CamoSniper/CamoSniper_Op2/assets/Script/Game/GameController.ts.
debug: Resolve file:///D:/PA_2024/3D/CamoSniper/CamoSniper_Op2/assets/Script/Game/GamePlay.ts from cce:/internal/x/prerequisite-imports as file:///D:/PA_2024/3D/CamoSniper/CamoSniper_Op2/assets/Script/Game/GamePlay.ts.
debug: Resolve file:///D:/PA_2024/3D/CamoSniper/CamoSniper_Op2/assets/Script/Game/Responsive.ts from cce:/internal/x/prerequisite-imports as file:///D:/PA_2024/3D/CamoSniper/CamoSniper_Op2/assets/Script/Game/Responsive.ts.
debug: Resolve file:///D:/PA_2024/3D/CamoSniper/CamoSniper_Op2/assets/Script/Game/TouchArea.ts from cce:/internal/x/prerequisite-imports as file:///D:/PA_2024/3D/CamoSniper/CamoSniper_Op2/assets/Script/Game/TouchArea.ts.
debug: Resolve file:///D:/PA_2024/3D/CamoSniper/CamoSniper_Op2/assets/Script/Game/UIController.ts from cce:/internal/x/prerequisite-imports as file:///D:/PA_2024/3D/CamoSniper/CamoSniper_Op2/assets/Script/Game/UIController.ts.
debug: Detected change: file:///D:/PA_2024/3D/CamoSniper/CamoSniper_Op2/assets/Script/Game/GamePlay.ts. Last mtime: Mon Mar 25 2024 17:05:08 GMT+0700 (Indochina Time)@d6ba2e81-5fd5-455a-bbcd-d756b03ebf0b, Current mtime: Mon Mar 25 2024 18:11:44 GMT+0700 (Indochina Time)@d6ba2e81-5fd5-455a-bbcd-d756b03ebf0b
debug: Inspect file:///D:/PA_2024/3D/CamoSniper/CamoSniper_Op2/assets/Script/Game/GamePlay.ts
debug: Resolve cce:/internal/code-quality/cr.mjs from file:///D:/PA_2024/3D/CamoSniper/CamoSniper_Op2/assets/Script/Game/GamePlay.ts as cce:/internal/code-quality/cr.mjs.
debug: Resolve cc from file:///D:/PA_2024/3D/CamoSniper/CamoSniper_Op2/assets/Script/Game/GamePlay.ts as cce:/internal/x/cc.
debug: Resolve cc from file:///D:/PA_2024/3D/CamoSniper/CamoSniper_Op2/assets/Script/Game/GamePlay.ts as cce:/internal/x/cc.
debug: Resolve ./GameController from file:///D:/PA_2024/3D/CamoSniper/CamoSniper_Op2/assets/Script/Game/GamePlay.ts as file:///D:/PA_2024/3D/CamoSniper/CamoSniper_Op2/assets/Script/Game/GameController.ts.
debug: Resolve ./AudioManager from file:///D:/PA_2024/3D/CamoSniper/CamoSniper_Op2/assets/Script/Game/GamePlay.ts as file:///D:/PA_2024/3D/CamoSniper/CamoSniper_Op2/assets/Script/Game/AudioManager.ts.
debug: Resolve ../Data/constants from file:///D:/PA_2024/3D/CamoSniper/CamoSniper_Op2/assets/Script/Game/GamePlay.ts as file:///D:/PA_2024/3D/CamoSniper/CamoSniper_Op2/assets/Script/Data/constants.ts.
debug: Resolve ./UIController from file:///D:/PA_2024/3D/CamoSniper/CamoSniper_Op2/assets/Script/Game/GamePlay.ts as file:///D:/PA_2024/3D/CamoSniper/CamoSniper_Op2/assets/Script/Game/UIController.ts.
debug: Target(editor) ends with cost 265.31999999284744ms.
debug: Target(preview) build started.
debug: Detected change: cce:/internal/x/prerequisite-imports. Last mtime: Thu Jan 01 1970 08:00:11 GMT+0800 (Indochina Time), Current mtime: Thu Jan 01 1970 08:01:17 GMT+0800 (Indochina Time)
debug: Inspect cce:/internal/x/prerequisite-imports
debug: Resolve file:///D:/PA_2024/3D/CamoSniper/CamoSniper_Op2/assets/Script/Data/constants.ts from cce:/internal/x/prerequisite-imports as file:///D:/PA_2024/3D/CamoSniper/CamoSniper_Op2/assets/Script/Data/constants.ts.
debug: Resolve file:///D:/PA_2024/3D/CamoSniper/CamoSniper_Op2/assets/Script/Game/AudioManager.ts from cce:/internal/x/prerequisite-imports as file:///D:/PA_2024/3D/CamoSniper/CamoSniper_Op2/assets/Script/Game/AudioManager.ts.
debug: Resolve file:///D:/PA_2024/3D/CamoSniper/CamoSniper_Op2/assets/Script/Game/GameController.ts from cce:/internal/x/prerequisite-imports as file:///D:/PA_2024/3D/CamoSniper/CamoSniper_Op2/assets/Script/Game/GameController.ts.
debug: Resolve file:///D:/PA_2024/3D/CamoSniper/CamoSniper_Op2/assets/Script/Game/GamePlay.ts from cce:/internal/x/prerequisite-imports as file:///D:/PA_2024/3D/CamoSniper/CamoSniper_Op2/assets/Script/Game/GamePlay.ts.
debug: Resolve file:///D:/PA_2024/3D/CamoSniper/CamoSniper_Op2/assets/Script/Game/Responsive.ts from cce:/internal/x/prerequisite-imports as file:///D:/PA_2024/3D/CamoSniper/CamoSniper_Op2/assets/Script/Game/Responsive.ts.
debug: Resolve file:///D:/PA_2024/3D/CamoSniper/CamoSniper_Op2/assets/Script/Game/TouchArea.ts from cce:/internal/x/prerequisite-imports as file:///D:/PA_2024/3D/CamoSniper/CamoSniper_Op2/assets/Script/Game/TouchArea.ts.
debug: Resolve file:///D:/PA_2024/3D/CamoSniper/CamoSniper_Op2/assets/Script/Game/UIController.ts from cce:/internal/x/prerequisite-imports as file:///D:/PA_2024/3D/CamoSniper/CamoSniper_Op2/assets/Script/Game/UIController.ts.
debug: Detected change: file:///D:/PA_2024/3D/CamoSniper/CamoSniper_Op2/assets/Script/Game/GamePlay.ts. Last mtime: Mon Mar 25 2024 17:05:08 GMT+0700 (Indochina Time)@d6ba2e81-5fd5-455a-bbcd-d756b03ebf0b, Current mtime: Mon Mar 25 2024 18:11:44 GMT+0700 (Indochina Time)@d6ba2e81-5fd5-455a-bbcd-d756b03ebf0b
debug: Inspect file:///D:/PA_2024/3D/CamoSniper/CamoSniper_Op2/assets/Script/Game/GamePlay.ts
debug: Resolve cce:/internal/code-quality/cr.mjs from file:///D:/PA_2024/3D/CamoSniper/CamoSniper_Op2/assets/Script/Game/GamePlay.ts as cce:/internal/code-quality/cr.mjs.
debug: Resolve cc from file:///D:/PA_2024/3D/CamoSniper/CamoSniper_Op2/assets/Script/Game/GamePlay.ts as cce:/internal/x/cc.
debug: Resolve cc from file:///D:/PA_2024/3D/CamoSniper/CamoSniper_Op2/assets/Script/Game/GamePlay.ts as cce:/internal/x/cc.
debug: Resolve ./GameController from file:///D:/PA_2024/3D/CamoSniper/CamoSniper_Op2/assets/Script/Game/GamePlay.ts as file:///D:/PA_2024/3D/CamoSniper/CamoSniper_Op2/assets/Script/Game/GameController.ts.
debug: Resolve ./AudioManager from file:///D:/PA_2024/3D/CamoSniper/CamoSniper_Op2/assets/Script/Game/GamePlay.ts as file:///D:/PA_2024/3D/CamoSniper/CamoSniper_Op2/assets/Script/Game/AudioManager.ts.
debug: Resolve ./UIController from file:///D:/PA_2024/3D/CamoSniper/CamoSniper_Op2/assets/Script/Game/GamePlay.ts as file:///D:/PA_2024/3D/CamoSniper/CamoSniper_Op2/assets/Script/Game/UIController.ts.
debug: Resolve ../Data/constants from file:///D:/PA_2024/3D/CamoSniper/CamoSniper_Op2/assets/Script/Game/GamePlay.ts as file:///D:/PA_2024/3D/CamoSniper/CamoSniper_Op2/assets/Script/Data/constants.ts.
debug: Target(preview) ends with cost 144.50490003824234ms.
debug: Dispatch build request for time accumulated 2 asset changes.
debug: Build iteration starts.
Number of accumulated asset changes: 2
Feature changed: false
debug: Target(editor) build started.
debug: Detected change: cce:/internal/x/prerequisite-imports. Last mtime: Thu Jan 01 1970 08:01:17 GMT+0800 (Indochina Time), Current mtime: Thu Jan 01 1970 08:01:53 GMT+0800 (Indochina Time)
debug: Inspect cce:/internal/x/prerequisite-imports
debug: Resolve file:///D:/PA_2024/3D/CamoSniper/CamoSniper_Op2/assets/Script/Data/constants.ts from cce:/internal/x/prerequisite-imports as file:///D:/PA_2024/3D/CamoSniper/CamoSniper_Op2/assets/Script/Data/constants.ts.
debug: Resolve file:///D:/PA_2024/3D/CamoSniper/CamoSniper_Op2/assets/Script/Game/AudioManager.ts from cce:/internal/x/prerequisite-imports as file:///D:/PA_2024/3D/CamoSniper/CamoSniper_Op2/assets/Script/Game/AudioManager.ts.
debug: Resolve file:///D:/PA_2024/3D/CamoSniper/CamoSniper_Op2/assets/Script/Game/GameController.ts from cce:/internal/x/prerequisite-imports as file:///D:/PA_2024/3D/CamoSniper/CamoSniper_Op2/assets/Script/Game/GameController.ts.
debug: Resolve file:///D:/PA_2024/3D/CamoSniper/CamoSniper_Op2/assets/Script/Game/Responsive.ts from cce:/internal/x/prerequisite-imports as file:///D:/PA_2024/3D/CamoSniper/CamoSniper_Op2/assets/Script/Game/Responsive.ts.
debug: Resolve file:///D:/PA_2024/3D/CamoSniper/CamoSniper_Op2/assets/Script/Game/GamePlay.ts from cce:/internal/x/prerequisite-imports as file:///D:/PA_2024/3D/CamoSniper/CamoSniper_Op2/assets/Script/Game/GamePlay.ts.
debug: Resolve file:///D:/PA_2024/3D/CamoSniper/CamoSniper_Op2/assets/Script/Game/TouchArea.ts from cce:/internal/x/prerequisite-imports as file:///D:/PA_2024/3D/CamoSniper/CamoSniper_Op2/assets/Script/Game/TouchArea.ts.
debug: Resolve file:///D:/PA_2024/3D/CamoSniper/CamoSniper_Op2/assets/Script/Game/UIController.ts from cce:/internal/x/prerequisite-imports as file:///D:/PA_2024/3D/CamoSniper/CamoSniper_Op2/assets/Script/Game/UIController.ts.
debug: Detected change: file:///D:/PA_2024/3D/CamoSniper/CamoSniper_Op2/assets/Script/Game/Responsive.ts. Last mtime: Mon Mar 25 2024 16:35:58 GMT+0700 (Indochina Time)@2c659772-c9c6-4e48-b5cb-118a64f1a17c, Current mtime: Mon Mar 25 2024 18:12:15 GMT+0700 (Indochina Time)@2c659772-c9c6-4e48-b5cb-118a64f1a17c
debug: Inspect file:///D:/PA_2024/3D/CamoSniper/CamoSniper_Op2/assets/Script/Game/Responsive.ts
debug: Detected change: file:///D:/PA_2024/3D/CamoSniper/CamoSniper_Op2/assets/Script/Game/UIController.ts. Last mtime: Mon Mar 25 2024 16:42:38 GMT+0700 (Indochina Time)@bbbeec11-a88c-4350-9c85-80551d0ab014, Current mtime: Mon Mar 25 2024 18:12:23 GMT+0700 (Indochina Time)@bbbeec11-a88c-4350-9c85-80551d0ab014
debug: Inspect file:///D:/PA_2024/3D/CamoSniper/CamoSniper_Op2/assets/Script/Game/UIController.ts
debug: Resolve cce:/internal/code-quality/cr.mjs from file:///D:/PA_2024/3D/CamoSniper/CamoSniper_Op2/assets/Script/Game/Responsive.ts as cce:/internal/code-quality/cr.mjs.
debug: Resolve cc from file:///D:/PA_2024/3D/CamoSniper/CamoSniper_Op2/assets/Script/Game/Responsive.ts as cce:/internal/x/cc.
debug: Resolve cc from file:///D:/PA_2024/3D/CamoSniper/CamoSniper_Op2/assets/Script/Game/Responsive.ts as cce:/internal/x/cc.
debug: Resolve cc from file:///D:/PA_2024/3D/CamoSniper/CamoSniper_Op2/assets/Script/Game/UIController.ts as cce:/internal/x/cc.
debug: Resolve cc from file:///D:/PA_2024/3D/CamoSniper/CamoSniper_Op2/assets/Script/Game/UIController.ts as cce:/internal/x/cc.
debug: Resolve ../Data/constants from file:///D:/PA_2024/3D/CamoSniper/CamoSniper_Op2/assets/Script/Game/Responsive.ts as file:///D:/PA_2024/3D/CamoSniper/CamoSniper_Op2/assets/Script/Data/constants.ts.
debug: Resolve ./UIController from file:///D:/PA_2024/3D/CamoSniper/CamoSniper_Op2/assets/Script/Game/Responsive.ts as file:///D:/PA_2024/3D/CamoSniper/CamoSniper_Op2/assets/Script/Game/UIController.ts.
debug: Target(editor) ends with cost 1933.699999988079ms.
debug: Target(preview) build started.
debug: Detected change: cce:/internal/x/prerequisite-imports. Last mtime: Thu Jan 01 1970 08:01:17 GMT+0800 (Indochina Time), Current mtime: Thu Jan 01 1970 08:01:55 GMT+0800 (Indochina Time)
debug: Inspect cce:/internal/x/prerequisite-imports
debug: Resolve file:///D:/PA_2024/3D/CamoSniper/CamoSniper_Op2/assets/Script/Data/constants.ts from cce:/internal/x/prerequisite-imports as file:///D:/PA_2024/3D/CamoSniper/CamoSniper_Op2/assets/Script/Data/constants.ts.
debug: Resolve file:///D:/PA_2024/3D/CamoSniper/CamoSniper_Op2/assets/Script/Game/AudioManager.ts from cce:/internal/x/prerequisite-imports as file:///D:/PA_2024/3D/CamoSniper/CamoSniper_Op2/assets/Script/Game/AudioManager.ts.
debug: Resolve file:///D:/PA_2024/3D/CamoSniper/CamoSniper_Op2/assets/Script/Game/GameController.ts from cce:/internal/x/prerequisite-imports as file:///D:/PA_2024/3D/CamoSniper/CamoSniper_Op2/assets/Script/Game/GameController.ts.
debug: Resolve file:///D:/PA_2024/3D/CamoSniper/CamoSniper_Op2/assets/Script/Game/GamePlay.ts from cce:/internal/x/prerequisite-imports as file:///D:/PA_2024/3D/CamoSniper/CamoSniper_Op2/assets/Script/Game/GamePlay.ts.
debug: Resolve file:///D:/PA_2024/3D/CamoSniper/CamoSniper_Op2/assets/Script/Game/Responsive.ts from cce:/internal/x/prerequisite-imports as file:///D:/PA_2024/3D/CamoSniper/CamoSniper_Op2/assets/Script/Game/Responsive.ts.
debug: Resolve file:///D:/PA_2024/3D/CamoSniper/CamoSniper_Op2/assets/Script/Game/TouchArea.ts from cce:/internal/x/prerequisite-imports as file:///D:/PA_2024/3D/CamoSniper/CamoSniper_Op2/assets/Script/Game/TouchArea.ts.
debug: Resolve file:///D:/PA_2024/3D/CamoSniper/CamoSniper_Op2/assets/Script/Game/UIController.ts from cce:/internal/x/prerequisite-imports as file:///D:/PA_2024/3D/CamoSniper/CamoSniper_Op2/assets/Script/Game/UIController.ts.
debug: Detected change: file:///D:/PA_2024/3D/CamoSniper/CamoSniper_Op2/assets/Script/Game/Responsive.ts. Last mtime: Mon Mar 25 2024 16:35:58 GMT+0700 (Indochina Time)@2c659772-c9c6-4e48-b5cb-118a64f1a17c, Current mtime: Mon Mar 25 2024 18:12:15 GMT+0700 (Indochina Time)@2c659772-c9c6-4e48-b5cb-118a64f1a17c
debug: Inspect file:///D:/PA_2024/3D/CamoSniper/CamoSniper_Op2/assets/Script/Game/Responsive.ts
debug: Detected change: file:///D:/PA_2024/3D/CamoSniper/CamoSniper_Op2/assets/Script/Game/UIController.ts. Last mtime: Mon Mar 25 2024 16:42:38 GMT+0700 (Indochina Time)@bbbeec11-a88c-4350-9c85-80551d0ab014, Current mtime: Mon Mar 25 2024 18:12:23 GMT+0700 (Indochina Time)@bbbeec11-a88c-4350-9c85-80551d0ab014
debug: Inspect file:///D:/PA_2024/3D/CamoSniper/CamoSniper_Op2/assets/Script/Game/UIController.ts
debug: Resolve cc from file:///D:/PA_2024/3D/CamoSniper/CamoSniper_Op2/assets/Script/Game/UIController.ts as cce:/internal/x/cc.
debug: Resolve cc from file:///D:/PA_2024/3D/CamoSniper/CamoSniper_Op2/assets/Script/Game/UIController.ts as cce:/internal/x/cc.
debug: Resolve cce:/internal/code-quality/cr.mjs from file:///D:/PA_2024/3D/CamoSniper/CamoSniper_Op2/assets/Script/Game/Responsive.ts as cce:/internal/code-quality/cr.mjs.
debug: Resolve cc from file:///D:/PA_2024/3D/CamoSniper/CamoSniper_Op2/assets/Script/Game/Responsive.ts as cce:/internal/x/cc.
debug: Resolve cc from file:///D:/PA_2024/3D/CamoSniper/CamoSniper_Op2/assets/Script/Game/Responsive.ts as cce:/internal/x/cc.
debug: Resolve ../Data/constants from file:///D:/PA_2024/3D/CamoSniper/CamoSniper_Op2/assets/Script/Game/Responsive.ts as file:///D:/PA_2024/3D/CamoSniper/CamoSniper_Op2/assets/Script/Data/constants.ts.
debug: Resolve ./UIController from file:///D:/PA_2024/3D/CamoSniper/CamoSniper_Op2/assets/Script/Game/Responsive.ts as file:///D:/PA_2024/3D/CamoSniper/CamoSniper_Op2/assets/Script/Game/UIController.ts.
debug: Target(preview) ends with cost 125.2558000087738ms.
debug: Dispatch build request for time accumulated 1 asset changes.
debug: Build iteration starts.
Number of accumulated asset changes: 1
Feature changed: false
debug: Target(editor) build started.
debug: Detected change: cce:/internal/x/prerequisite-imports. Last mtime: Thu Jan 01 1970 08:01:53 GMT+0800 (Indochina Time), Current mtime: Thu Jan 01 1970 08:03:26 GMT+0800 (Indochina Time)
debug: Inspect cce:/internal/x/prerequisite-imports
debug: Resolve file:///D:/PA_2024/3D/CamoSniper/CamoSniper_Op2/assets/Script/Data/constants.ts from cce:/internal/x/prerequisite-imports as file:///D:/PA_2024/3D/CamoSniper/CamoSniper_Op2/assets/Script/Data/constants.ts.
debug: Resolve file:///D:/PA_2024/3D/CamoSniper/CamoSniper_Op2/assets/Script/Game/GameController.ts from cce:/internal/x/prerequisite-imports as file:///D:/PA_2024/3D/CamoSniper/CamoSniper_Op2/assets/Script/Game/GameController.ts.
debug: Resolve file:///D:/PA_2024/3D/CamoSniper/CamoSniper_Op2/assets/Script/Game/AudioManager.ts from cce:/internal/x/prerequisite-imports as file:///D:/PA_2024/3D/CamoSniper/CamoSniper_Op2/assets/Script/Game/AudioManager.ts.
debug: Resolve file:///D:/PA_2024/3D/CamoSniper/CamoSniper_Op2/assets/Script/Game/GamePlay.ts from cce:/internal/x/prerequisite-imports as file:///D:/PA_2024/3D/CamoSniper/CamoSniper_Op2/assets/Script/Game/GamePlay.ts.
debug: Resolve file:///D:/PA_2024/3D/CamoSniper/CamoSniper_Op2/assets/Script/Game/Responsive.ts from cce:/internal/x/prerequisite-imports as file:///D:/PA_2024/3D/CamoSniper/CamoSniper_Op2/assets/Script/Game/Responsive.ts.
debug: Resolve file:///D:/PA_2024/3D/CamoSniper/CamoSniper_Op2/assets/Script/Game/TouchArea.ts from cce:/internal/x/prerequisite-imports as file:///D:/PA_2024/3D/CamoSniper/CamoSniper_Op2/assets/Script/Game/TouchArea.ts.
debug: Resolve file:///D:/PA_2024/3D/CamoSniper/CamoSniper_Op2/assets/Script/Game/UIController.ts from cce:/internal/x/prerequisite-imports as file:///D:/PA_2024/3D/CamoSniper/CamoSniper_Op2/assets/Script/Game/UIController.ts.
debug: Detected change: file:///D:/PA_2024/3D/CamoSniper/CamoSniper_Op2/assets/Script/Game/Responsive.ts. Last mtime: Mon Mar 25 2024 18:12:15 GMT+0700 (Indochina Time)@2c659772-c9c6-4e48-b5cb-118a64f1a17c, Current mtime: Mon Mar 25 2024 18:13:58 GMT+0700 (Indochina Time)@2c659772-c9c6-4e48-b5cb-118a64f1a17c
debug: Inspect file:///D:/PA_2024/3D/CamoSniper/CamoSniper_Op2/assets/Script/Game/Responsive.ts
debug: Resolve cce:/internal/code-quality/cr.mjs from file:///D:/PA_2024/3D/CamoSniper/CamoSniper_Op2/assets/Script/Game/Responsive.ts as cce:/internal/code-quality/cr.mjs.
debug: Resolve cc from file:///D:/PA_2024/3D/CamoSniper/CamoSniper_Op2/assets/Script/Game/Responsive.ts as cce:/internal/x/cc.
debug: Resolve cc from file:///D:/PA_2024/3D/CamoSniper/CamoSniper_Op2/assets/Script/Game/Responsive.ts as cce:/internal/x/cc.
debug: Resolve ./UIController from file:///D:/PA_2024/3D/CamoSniper/CamoSniper_Op2/assets/Script/Game/Responsive.ts as file:///D:/PA_2024/3D/CamoSniper/CamoSniper_Op2/assets/Script/Game/UIController.ts.
debug: Resolve ../Data/constants from file:///D:/PA_2024/3D/CamoSniper/CamoSniper_Op2/assets/Script/Game/Responsive.ts as file:///D:/PA_2024/3D/CamoSniper/CamoSniper_Op2/assets/Script/Data/constants.ts.
debug: Target(editor) ends with cost 92.20039999485016ms.
debug: Target(preview) build started.
debug: Detected change: cce:/internal/x/prerequisite-imports. Last mtime: Thu Jan 01 1970 08:01:55 GMT+0800 (Indochina Time), Current mtime: Thu Jan 01 1970 08:03:26 GMT+0800 (Indochina Time)
debug: Inspect cce:/internal/x/prerequisite-imports
debug: Resolve file:///D:/PA_2024/3D/CamoSniper/CamoSniper_Op2/assets/Script/Game/AudioManager.ts from cce:/internal/x/prerequisite-imports as file:///D:/PA_2024/3D/CamoSniper/CamoSniper_Op2/assets/Script/Game/AudioManager.ts.
debug: Resolve file:///D:/PA_2024/3D/CamoSniper/CamoSniper_Op2/assets/Script/Data/constants.ts from cce:/internal/x/prerequisite-imports as file:///D:/PA_2024/3D/CamoSniper/CamoSniper_Op2/assets/Script/Data/constants.ts.
debug: Resolve file:///D:/PA_2024/3D/CamoSniper/CamoSniper_Op2/assets/Script/Game/GameController.ts from cce:/internal/x/prerequisite-imports as file:///D:/PA_2024/3D/CamoSniper/CamoSniper_Op2/assets/Script/Game/GameController.ts.
debug: Resolve file:///D:/PA_2024/3D/CamoSniper/CamoSniper_Op2/assets/Script/Game/Responsive.ts from cce:/internal/x/prerequisite-imports as file:///D:/PA_2024/3D/CamoSniper/CamoSniper_Op2/assets/Script/Game/Responsive.ts.
debug: Resolve file:///D:/PA_2024/3D/CamoSniper/CamoSniper_Op2/assets/Script/Game/GamePlay.ts from cce:/internal/x/prerequisite-imports as file:///D:/PA_2024/3D/CamoSniper/CamoSniper_Op2/assets/Script/Game/GamePlay.ts.
debug: Resolve file:///D:/PA_2024/3D/CamoSniper/CamoSniper_Op2/assets/Script/Game/TouchArea.ts from cce:/internal/x/prerequisite-imports as file:///D:/PA_2024/3D/CamoSniper/CamoSniper_Op2/assets/Script/Game/TouchArea.ts.
debug: Resolve file:///D:/PA_2024/3D/CamoSniper/CamoSniper_Op2/assets/Script/Game/UIController.ts from cce:/internal/x/prerequisite-imports as file:///D:/PA_2024/3D/CamoSniper/CamoSniper_Op2/assets/Script/Game/UIController.ts.
debug: Detected change: file:///D:/PA_2024/3D/CamoSniper/CamoSniper_Op2/assets/Script/Game/Responsive.ts. Last mtime: Mon Mar 25 2024 18:12:15 GMT+0700 (Indochina Time)@2c659772-c9c6-4e48-b5cb-118a64f1a17c, Current mtime: Mon Mar 25 2024 18:13:58 GMT+0700 (Indochina Time)@2c659772-c9c6-4e48-b5cb-118a64f1a17c
debug: Inspect file:///D:/PA_2024/3D/CamoSniper/CamoSniper_Op2/assets/Script/Game/Responsive.ts
debug: Resolve cce:/internal/code-quality/cr.mjs from file:///D:/PA_2024/3D/CamoSniper/CamoSniper_Op2/assets/Script/Game/Responsive.ts as cce:/internal/code-quality/cr.mjs.
debug: Resolve cc from file:///D:/PA_2024/3D/CamoSniper/CamoSniper_Op2/assets/Script/Game/Responsive.ts as cce:/internal/x/cc.
debug: Resolve cc from file:///D:/PA_2024/3D/CamoSniper/CamoSniper_Op2/assets/Script/Game/Responsive.ts as cce:/internal/x/cc.
debug: Resolve ../Data/constants from file:///D:/PA_2024/3D/CamoSniper/CamoSniper_Op2/assets/Script/Game/Responsive.ts as file:///D:/PA_2024/3D/CamoSniper/CamoSniper_Op2/assets/Script/Data/constants.ts.
debug: Resolve ./UIController from file:///D:/PA_2024/3D/CamoSniper/CamoSniper_Op2/assets/Script/Game/Responsive.ts as file:///D:/PA_2024/3D/CamoSniper/CamoSniper_Op2/assets/Script/Game/UIController.ts.
debug: Target(preview) ends with cost 174.97429996728897ms.
debug: Dispatch build request for time accumulated 1 asset changes.
debug: Build iteration starts.
Number of accumulated asset changes: 1
Feature changed: false
debug: Target(editor) build started.
debug: Detected change: cce:/internal/x/prerequisite-imports. Last mtime: Thu Jan 01 1970 08:03:26 GMT+0800 (Indochina Time), Current mtime: Thu Jan 01 1970 08:03:40 GMT+0800 (Indochina Time)
debug: Inspect cce:/internal/x/prerequisite-imports
debug: Resolve file:///D:/PA_2024/3D/CamoSniper/CamoSniper_Op2/assets/Script/Data/constants.ts from cce:/internal/x/prerequisite-imports as file:///D:/PA_2024/3D/CamoSniper/CamoSniper_Op2/assets/Script/Data/constants.ts.
debug: Resolve file:///D:/PA_2024/3D/CamoSniper/CamoSniper_Op2/assets/Script/Game/AudioManager.ts from cce:/internal/x/prerequisite-imports as file:///D:/PA_2024/3D/CamoSniper/CamoSniper_Op2/assets/Script/Game/AudioManager.ts.
debug: Resolve file:///D:/PA_2024/3D/CamoSniper/CamoSniper_Op2/assets/Script/Game/GameController.ts from cce:/internal/x/prerequisite-imports as file:///D:/PA_2024/3D/CamoSniper/CamoSniper_Op2/assets/Script/Game/GameController.ts.
debug: Resolve file:///D:/PA_2024/3D/CamoSniper/CamoSniper_Op2/assets/Script/Game/GamePlay.ts from cce:/internal/x/prerequisite-imports as file:///D:/PA_2024/3D/CamoSniper/CamoSniper_Op2/assets/Script/Game/GamePlay.ts.
debug: Resolve file:///D:/PA_2024/3D/CamoSniper/CamoSniper_Op2/assets/Script/Game/Responsive.ts from cce:/internal/x/prerequisite-imports as file:///D:/PA_2024/3D/CamoSniper/CamoSniper_Op2/assets/Script/Game/Responsive.ts.
debug: Resolve file:///D:/PA_2024/3D/CamoSniper/CamoSniper_Op2/assets/Script/Game/TouchArea.ts from cce:/internal/x/prerequisite-imports as file:///D:/PA_2024/3D/CamoSniper/CamoSniper_Op2/assets/Script/Game/TouchArea.ts.
debug: Resolve file:///D:/PA_2024/3D/CamoSniper/CamoSniper_Op2/assets/Script/Game/UIController.ts from cce:/internal/x/prerequisite-imports as file:///D:/PA_2024/3D/CamoSniper/CamoSniper_Op2/assets/Script/Game/UIController.ts.
debug: Detected change: file:///D:/PA_2024/3D/CamoSniper/CamoSniper_Op2/assets/Script/Game/Responsive.ts. Last mtime: Mon Mar 25 2024 18:13:58 GMT+0700 (Indochina Time)@2c659772-c9c6-4e48-b5cb-118a64f1a17c, Current mtime: Mon Mar 25 2024 18:14:13 GMT+0700 (Indochina Time)@2c659772-c9c6-4e48-b5cb-118a64f1a17c
debug: Inspect file:///D:/PA_2024/3D/CamoSniper/CamoSniper_Op2/assets/Script/Game/Responsive.ts
debug: Resolve cce:/internal/code-quality/cr.mjs from file:///D:/PA_2024/3D/CamoSniper/CamoSniper_Op2/assets/Script/Game/Responsive.ts as cce:/internal/code-quality/cr.mjs.
debug: Resolve cc from file:///D:/PA_2024/3D/CamoSniper/CamoSniper_Op2/assets/Script/Game/Responsive.ts as cce:/internal/x/cc.
debug: Resolve cc from file:///D:/PA_2024/3D/CamoSniper/CamoSniper_Op2/assets/Script/Game/Responsive.ts as cce:/internal/x/cc.
debug: Resolve ../Data/constants from file:///D:/PA_2024/3D/CamoSniper/CamoSniper_Op2/assets/Script/Game/Responsive.ts as file:///D:/PA_2024/3D/CamoSniper/CamoSniper_Op2/assets/Script/Data/constants.ts.
debug: Resolve ./UIController from file:///D:/PA_2024/3D/CamoSniper/CamoSniper_Op2/assets/Script/Game/Responsive.ts as file:///D:/PA_2024/3D/CamoSniper/CamoSniper_Op2/assets/Script/Game/UIController.ts.
debug: Target(editor) ends with cost 191.11379998922348ms.
debug: Target(preview) build started.
debug: Detected change: cce:/internal/x/prerequisite-imports. Last mtime: Thu Jan 01 1970 08:03:26 GMT+0800 (Indochina Time), Current mtime: Thu Jan 01 1970 08:03:40 GMT+0800 (Indochina Time)
debug: Inspect cce:/internal/x/prerequisite-imports
debug: Resolve file:///D:/PA_2024/3D/CamoSniper/CamoSniper_Op2/assets/Script/Data/constants.ts from cce:/internal/x/prerequisite-imports as file:///D:/PA_2024/3D/CamoSniper/CamoSniper_Op2/assets/Script/Data/constants.ts.
debug: Resolve file:///D:/PA_2024/3D/CamoSniper/CamoSniper_Op2/assets/Script/Game/AudioManager.ts from cce:/internal/x/prerequisite-imports as file:///D:/PA_2024/3D/CamoSniper/CamoSniper_Op2/assets/Script/Game/AudioManager.ts.
debug: Resolve file:///D:/PA_2024/3D/CamoSniper/CamoSniper_Op2/assets/Script/Game/GameController.ts from cce:/internal/x/prerequisite-imports as file:///D:/PA_2024/3D/CamoSniper/CamoSniper_Op2/assets/Script/Game/GameController.ts.
debug: Resolve file:///D:/PA_2024/3D/CamoSniper/CamoSniper_Op2/assets/Script/Game/GamePlay.ts from cce:/internal/x/prerequisite-imports as file:///D:/PA_2024/3D/CamoSniper/CamoSniper_Op2/assets/Script/Game/GamePlay.ts.
debug: Resolve file:///D:/PA_2024/3D/CamoSniper/CamoSniper_Op2/assets/Script/Game/Responsive.ts from cce:/internal/x/prerequisite-imports as file:///D:/PA_2024/3D/CamoSniper/CamoSniper_Op2/assets/Script/Game/Responsive.ts.
debug: Resolve file:///D:/PA_2024/3D/CamoSniper/CamoSniper_Op2/assets/Script/Game/TouchArea.ts from cce:/internal/x/prerequisite-imports as file:///D:/PA_2024/3D/CamoSniper/CamoSniper_Op2/assets/Script/Game/TouchArea.ts.
debug: Resolve file:///D:/PA_2024/3D/CamoSniper/CamoSniper_Op2/assets/Script/Game/UIController.ts from cce:/internal/x/prerequisite-imports as file:///D:/PA_2024/3D/CamoSniper/CamoSniper_Op2/assets/Script/Game/UIController.ts.
debug: Detected change: file:///D:/PA_2024/3D/CamoSniper/CamoSniper_Op2/assets/Script/Game/Responsive.ts. Last mtime: Mon Mar 25 2024 18:13:58 GMT+0700 (Indochina Time)@2c659772-c9c6-4e48-b5cb-118a64f1a17c, Current mtime: Mon Mar 25 2024 18:14:13 GMT+0700 (Indochina Time)@2c659772-c9c6-4e48-b5cb-118a64f1a17c
debug: Inspect file:///D:/PA_2024/3D/CamoSniper/CamoSniper_Op2/assets/Script/Game/Responsive.ts
debug: Resolve cce:/internal/code-quality/cr.mjs from file:///D:/PA_2024/3D/CamoSniper/CamoSniper_Op2/assets/Script/Game/Responsive.ts as cce:/internal/code-quality/cr.mjs.
debug: Resolve cc from file:///D:/PA_2024/3D/CamoSniper/CamoSniper_Op2/assets/Script/Game/Responsive.ts as cce:/internal/x/cc.
debug: Resolve cc from file:///D:/PA_2024/3D/CamoSniper/CamoSniper_Op2/assets/Script/Game/Responsive.ts as cce:/internal/x/cc.
debug: Resolve ../Data/constants from file:///D:/PA_2024/3D/CamoSniper/CamoSniper_Op2/assets/Script/Game/Responsive.ts as file:///D:/PA_2024/3D/CamoSniper/CamoSniper_Op2/assets/Script/Data/constants.ts.
debug: Resolve ./UIController from file:///D:/PA_2024/3D/CamoSniper/CamoSniper_Op2/assets/Script/Game/Responsive.ts as file:///D:/PA_2024/3D/CamoSniper/CamoSniper_Op2/assets/Script/Game/UIController.ts.
debug: Target(preview) ends with cost 156.61990004777908ms.
debug: Dispatch build request for time accumulated 1 asset changes.
debug: Build iteration starts.
Number of accumulated asset changes: 1
Feature changed: false
debug: Target(editor) build started.
debug: Detected change: cce:/internal/x/prerequisite-imports. Last mtime: Thu Jan 01 1970 08:03:40 GMT+0800 (Indochina Time), Current mtime: Thu Jan 01 1970 08:04:30 GMT+0800 (Indochina Time)
debug: Inspect cce:/internal/x/prerequisite-imports
debug: Resolve file:///D:/PA_2024/3D/CamoSniper/CamoSniper_Op2/assets/Script/Data/constants.ts from cce:/internal/x/prerequisite-imports as file:///D:/PA_2024/3D/CamoSniper/CamoSniper_Op2/assets/Script/Data/constants.ts.
debug: Resolve file:///D:/PA_2024/3D/CamoSniper/CamoSniper_Op2/assets/Script/Game/AudioManager.ts from cce:/internal/x/prerequisite-imports as file:///D:/PA_2024/3D/CamoSniper/CamoSniper_Op2/assets/Script/Game/AudioManager.ts.
debug: Resolve file:///D:/PA_2024/3D/CamoSniper/CamoSniper_Op2/assets/Script/Game/GameController.ts from cce:/internal/x/prerequisite-imports as file:///D:/PA_2024/3D/CamoSniper/CamoSniper_Op2/assets/Script/Game/GameController.ts.
debug: Resolve file:///D:/PA_2024/3D/CamoSniper/CamoSniper_Op2/assets/Script/Game/GamePlay.ts from cce:/internal/x/prerequisite-imports as file:///D:/PA_2024/3D/CamoSniper/CamoSniper_Op2/assets/Script/Game/GamePlay.ts.
debug: Resolve file:///D:/PA_2024/3D/CamoSniper/CamoSniper_Op2/assets/Script/Game/Responsive.ts from cce:/internal/x/prerequisite-imports as file:///D:/PA_2024/3D/CamoSniper/CamoSniper_Op2/assets/Script/Game/Responsive.ts.
debug: Resolve file:///D:/PA_2024/3D/CamoSniper/CamoSniper_Op2/assets/Script/Game/TouchArea.ts from cce:/internal/x/prerequisite-imports as file:///D:/PA_2024/3D/CamoSniper/CamoSniper_Op2/assets/Script/Game/TouchArea.ts.
debug: Resolve file:///D:/PA_2024/3D/CamoSniper/CamoSniper_Op2/assets/Script/Game/UIController.ts from cce:/internal/x/prerequisite-imports as file:///D:/PA_2024/3D/CamoSniper/CamoSniper_Op2/assets/Script/Game/UIController.ts.
debug: Detected change: file:///D:/PA_2024/3D/CamoSniper/CamoSniper_Op2/assets/Script/Game/Responsive.ts. Last mtime: Mon Mar 25 2024 18:14:13 GMT+0700 (Indochina Time)@2c659772-c9c6-4e48-b5cb-118a64f1a17c, Current mtime: Mon Mar 25 2024 18:15:02 GMT+0700 (Indochina Time)@2c659772-c9c6-4e48-b5cb-118a64f1a17c
debug: Inspect file:///D:/PA_2024/3D/CamoSniper/CamoSniper_Op2/assets/Script/Game/Responsive.ts
debug: Resolve cce:/internal/code-quality/cr.mjs from file:///D:/PA_2024/3D/CamoSniper/CamoSniper_Op2/assets/Script/Game/Responsive.ts as cce:/internal/code-quality/cr.mjs.
debug: Resolve cc from file:///D:/PA_2024/3D/CamoSniper/CamoSniper_Op2/assets/Script/Game/Responsive.ts as cce:/internal/x/cc.
debug: Resolve cc from file:///D:/PA_2024/3D/CamoSniper/CamoSniper_Op2/assets/Script/Game/Responsive.ts as cce:/internal/x/cc.
debug: Resolve ../Data/constants from file:///D:/PA_2024/3D/CamoSniper/CamoSniper_Op2/assets/Script/Game/Responsive.ts as file:///D:/PA_2024/3D/CamoSniper/CamoSniper_Op2/assets/Script/Data/constants.ts.
debug: Resolve ./UIController from file:///D:/PA_2024/3D/CamoSniper/CamoSniper_Op2/assets/Script/Game/Responsive.ts as file:///D:/PA_2024/3D/CamoSniper/CamoSniper_Op2/assets/Script/Game/UIController.ts.
debug: Target(editor) ends with cost 100.79900002479553ms.
debug: Target(preview) build started.
debug: Detected change: cce:/internal/x/prerequisite-imports. Last mtime: Thu Jan 01 1970 08:03:40 GMT+0800 (Indochina Time), Current mtime: Thu Jan 01 1970 08:04:30 GMT+0800 (Indochina Time)
debug: Inspect cce:/internal/x/prerequisite-imports
debug: Resolve file:///D:/PA_2024/3D/CamoSniper/CamoSniper_Op2/assets/Script/Data/constants.ts from cce:/internal/x/prerequisite-imports as file:///D:/PA_2024/3D/CamoSniper/CamoSniper_Op2/assets/Script/Data/constants.ts.
debug: Resolve file:///D:/PA_2024/3D/CamoSniper/CamoSniper_Op2/assets/Script/Game/AudioManager.ts from cce:/internal/x/prerequisite-imports as file:///D:/PA_2024/3D/CamoSniper/CamoSniper_Op2/assets/Script/Game/AudioManager.ts.
debug: Resolve file:///D:/PA_2024/3D/CamoSniper/CamoSniper_Op2/assets/Script/Game/GameController.ts from cce:/internal/x/prerequisite-imports as file:///D:/PA_2024/3D/CamoSniper/CamoSniper_Op2/assets/Script/Game/GameController.ts.
debug: Resolve file:///D:/PA_2024/3D/CamoSniper/CamoSniper_Op2/assets/Script/Game/GamePlay.ts from cce:/internal/x/prerequisite-imports as file:///D:/PA_2024/3D/CamoSniper/CamoSniper_Op2/assets/Script/Game/GamePlay.ts.
debug: Resolve file:///D:/PA_2024/3D/CamoSniper/CamoSniper_Op2/assets/Script/Game/Responsive.ts from cce:/internal/x/prerequisite-imports as file:///D:/PA_2024/3D/CamoSniper/CamoSniper_Op2/assets/Script/Game/Responsive.ts.
debug: Resolve file:///D:/PA_2024/3D/CamoSniper/CamoSniper_Op2/assets/Script/Game/TouchArea.ts from cce:/internal/x/prerequisite-imports as file:///D:/PA_2024/3D/CamoSniper/CamoSniper_Op2/assets/Script/Game/TouchArea.ts.
debug: Resolve file:///D:/PA_2024/3D/CamoSniper/CamoSniper_Op2/assets/Script/Game/UIController.ts from cce:/internal/x/prerequisite-imports as file:///D:/PA_2024/3D/CamoSniper/CamoSniper_Op2/assets/Script/Game/UIController.ts.
debug: Detected change: file:///D:/PA_2024/3D/CamoSniper/CamoSniper_Op2/assets/Script/Game/Responsive.ts. Last mtime: Mon Mar 25 2024 18:14:13 GMT+0700 (Indochina Time)@2c659772-c9c6-4e48-b5cb-118a64f1a17c, Current mtime: Mon Mar 25 2024 18:15:02 GMT+0700 (Indochina Time)@2c659772-c9c6-4e48-b5cb-118a64f1a17c
debug: Inspect file:///D:/PA_2024/3D/CamoSniper/CamoSniper_Op2/assets/Script/Game/Responsive.ts
debug: Resolve cce:/internal/code-quality/cr.mjs from file:///D:/PA_2024/3D/CamoSniper/CamoSniper_Op2/assets/Script/Game/Responsive.ts as cce:/internal/code-quality/cr.mjs.
debug: Resolve cc from file:///D:/PA_2024/3D/CamoSniper/CamoSniper_Op2/assets/Script/Game/Responsive.ts as cce:/internal/x/cc.
debug: Resolve cc from file:///D:/PA_2024/3D/CamoSniper/CamoSniper_Op2/assets/Script/Game/Responsive.ts as cce:/internal/x/cc.
debug: Resolve ../Data/constants from file:///D:/PA_2024/3D/CamoSniper/CamoSniper_Op2/assets/Script/Game/Responsive.ts as file:///D:/PA_2024/3D/CamoSniper/CamoSniper_Op2/assets/Script/Data/constants.ts.
debug: Resolve ./UIController from file:///D:/PA_2024/3D/CamoSniper/CamoSniper_Op2/assets/Script/Game/Responsive.ts as file:///D:/PA_2024/3D/CamoSniper/CamoSniper_Op2/assets/Script/Game/UIController.ts.
debug: Target(preview) ends with cost 88.83700001239777ms.
debug: Dispatch build request for time accumulated 1 asset changes.
debug: Build iteration starts.
Number of accumulated asset changes: 1
Feature changed: false
debug: Target(editor) build started.
debug: Detected change: cce:/internal/x/prerequisite-imports. Last mtime: Thu Jan 01 1970 08:04:30 GMT+0800 (Indochina Time), Current mtime: Thu Jan 01 1970 08:07:08 GMT+0800 (Indochina Time)
debug: Inspect cce:/internal/x/prerequisite-imports
debug: Resolve file:///D:/PA_2024/3D/CamoSniper/CamoSniper_Op2/assets/Script/Data/constants.ts from cce:/internal/x/prerequisite-imports as file:///D:/PA_2024/3D/CamoSniper/CamoSniper_Op2/assets/Script/Data/constants.ts.
debug: Resolve file:///D:/PA_2024/3D/CamoSniper/CamoSniper_Op2/assets/Script/Game/AudioManager.ts from cce:/internal/x/prerequisite-imports as file:///D:/PA_2024/3D/CamoSniper/CamoSniper_Op2/assets/Script/Game/AudioManager.ts.
debug: Resolve file:///D:/PA_2024/3D/CamoSniper/CamoSniper_Op2/assets/Script/Game/GameController.ts from cce:/internal/x/prerequisite-imports as file:///D:/PA_2024/3D/CamoSniper/CamoSniper_Op2/assets/Script/Game/GameController.ts.
debug: Resolve file:///D:/PA_2024/3D/CamoSniper/CamoSniper_Op2/assets/Script/Game/GamePlay.ts from cce:/internal/x/prerequisite-imports as file:///D:/PA_2024/3D/CamoSniper/CamoSniper_Op2/assets/Script/Game/GamePlay.ts.
debug: Resolve file:///D:/PA_2024/3D/CamoSniper/CamoSniper_Op2/assets/Script/Game/Responsive.ts from cce:/internal/x/prerequisite-imports as file:///D:/PA_2024/3D/CamoSniper/CamoSniper_Op2/assets/Script/Game/Responsive.ts.
debug: Resolve file:///D:/PA_2024/3D/CamoSniper/CamoSniper_Op2/assets/Script/Game/TouchArea.ts from cce:/internal/x/prerequisite-imports as file:///D:/PA_2024/3D/CamoSniper/CamoSniper_Op2/assets/Script/Game/TouchArea.ts.
debug: Resolve file:///D:/PA_2024/3D/CamoSniper/CamoSniper_Op2/assets/Script/Game/UIController.ts from cce:/internal/x/prerequisite-imports as file:///D:/PA_2024/3D/CamoSniper/CamoSniper_Op2/assets/Script/Game/UIController.ts.
debug: Detected change: file:///D:/PA_2024/3D/CamoSniper/CamoSniper_Op2/assets/Script/Game/UIController.ts. Last mtime: Mon Mar 25 2024 18:12:23 GMT+0700 (Indochina Time)@bbbeec11-a88c-4350-9c85-80551d0ab014, Current mtime: Mon Mar 25 2024 18:17:40 GMT+0700 (Indochina Time)@bbbeec11-a88c-4350-9c85-80551d0ab014
debug: Inspect file:///D:/PA_2024/3D/CamoSniper/CamoSniper_Op2/assets/Script/Game/UIController.ts
debug: Resolve cc from file:///D:/PA_2024/3D/CamoSniper/CamoSniper_Op2/assets/Script/Game/UIController.ts as cce:/internal/x/cc.
debug: Resolve cc from file:///D:/PA_2024/3D/CamoSniper/CamoSniper_Op2/assets/Script/Game/UIController.ts as cce:/internal/x/cc.
debug: Target(editor) ends with cost 84.7597000002861ms.
debug: Target(preview) build started.
debug: Detected change: cce:/internal/x/prerequisite-imports. Last mtime: Thu Jan 01 1970 08:04:30 GMT+0800 (Indochina Time), Current mtime: Thu Jan 01 1970 08:07:08 GMT+0800 (Indochina Time)
debug: Inspect cce:/internal/x/prerequisite-imports
debug: Resolve file:///D:/PA_2024/3D/CamoSniper/CamoSniper_Op2/assets/Script/Data/constants.ts from cce:/internal/x/prerequisite-imports as file:///D:/PA_2024/3D/CamoSniper/CamoSniper_Op2/assets/Script/Data/constants.ts.
debug: Resolve file:///D:/PA_2024/3D/CamoSniper/CamoSniper_Op2/assets/Script/Game/AudioManager.ts from cce:/internal/x/prerequisite-imports as file:///D:/PA_2024/3D/CamoSniper/CamoSniper_Op2/assets/Script/Game/AudioManager.ts.
debug: Resolve file:///D:/PA_2024/3D/CamoSniper/CamoSniper_Op2/assets/Script/Game/GameController.ts from cce:/internal/x/prerequisite-imports as file:///D:/PA_2024/3D/CamoSniper/CamoSniper_Op2/assets/Script/Game/GameController.ts.
debug: Resolve file:///D:/PA_2024/3D/CamoSniper/CamoSniper_Op2/assets/Script/Game/GamePlay.ts from cce:/internal/x/prerequisite-imports as file:///D:/PA_2024/3D/CamoSniper/CamoSniper_Op2/assets/Script/Game/GamePlay.ts.
debug: Resolve file:///D:/PA_2024/3D/CamoSniper/CamoSniper_Op2/assets/Script/Game/Responsive.ts from cce:/internal/x/prerequisite-imports as file:///D:/PA_2024/3D/CamoSniper/CamoSniper_Op2/assets/Script/Game/Responsive.ts.
debug: Resolve file:///D:/PA_2024/3D/CamoSniper/CamoSniper_Op2/assets/Script/Game/TouchArea.ts from cce:/internal/x/prerequisite-imports as file:///D:/PA_2024/3D/CamoSniper/CamoSniper_Op2/assets/Script/Game/TouchArea.ts.
debug: Resolve file:///D:/PA_2024/3D/CamoSniper/CamoSniper_Op2/assets/Script/Game/UIController.ts from cce:/internal/x/prerequisite-imports as file:///D:/PA_2024/3D/CamoSniper/CamoSniper_Op2/assets/Script/Game/UIController.ts.
debug: Detected change: file:///D:/PA_2024/3D/CamoSniper/CamoSniper_Op2/assets/Script/Game/UIController.ts. Last mtime: Mon Mar 25 2024 18:12:23 GMT+0700 (Indochina Time)@bbbeec11-a88c-4350-9c85-80551d0ab014, Current mtime: Mon Mar 25 2024 18:17:40 GMT+0700 (Indochina Time)@bbbeec11-a88c-4350-9c85-80551d0ab014
debug: Inspect file:///D:/PA_2024/3D/CamoSniper/CamoSniper_Op2/assets/Script/Game/UIController.ts
debug: Resolve cc from file:///D:/PA_2024/3D/CamoSniper/CamoSniper_Op2/assets/Script/Game/UIController.ts as cce:/internal/x/cc.
debug: Resolve cc from file:///D:/PA_2024/3D/CamoSniper/CamoSniper_Op2/assets/Script/Game/UIController.ts as cce:/internal/x/cc.
debug: Target(preview) ends with cost 81.67829996347427ms.
debug: Dispatch build request for time accumulated 1 asset changes.
debug: Build iteration starts.
Number of accumulated asset changes: 1
Feature changed: false
debug: Target(editor) build started.
debug: Detected change: cce:/internal/x/prerequisite-imports. Last mtime: Thu Jan 01 1970 08:07:08 GMT+0800 (Indochina Time), Current mtime: Thu Jan 01 1970 08:08:01 GMT+0800 (Indochina Time)
debug: Inspect cce:/internal/x/prerequisite-imports
debug: Resolve file:///D:/PA_2024/3D/CamoSniper/CamoSniper_Op2/assets/Script/Data/constants.ts from cce:/internal/x/prerequisite-imports as file:///D:/PA_2024/3D/CamoSniper/CamoSniper_Op2/assets/Script/Data/constants.ts.
debug: Resolve file:///D:/PA_2024/3D/CamoSniper/CamoSniper_Op2/assets/Script/Game/AudioManager.ts from cce:/internal/x/prerequisite-imports as file:///D:/PA_2024/3D/CamoSniper/CamoSniper_Op2/assets/Script/Game/AudioManager.ts.
debug: Resolve file:///D:/PA_2024/3D/CamoSniper/CamoSniper_Op2/assets/Script/Game/GameController.ts from cce:/internal/x/prerequisite-imports as file:///D:/PA_2024/3D/CamoSniper/CamoSniper_Op2/assets/Script/Game/GameController.ts.
debug: Resolve file:///D:/PA_2024/3D/CamoSniper/CamoSniper_Op2/assets/Script/Game/GamePlay.ts from cce:/internal/x/prerequisite-imports as file:///D:/PA_2024/3D/CamoSniper/CamoSniper_Op2/assets/Script/Game/GamePlay.ts.
debug: Resolve file:///D:/PA_2024/3D/CamoSniper/CamoSniper_Op2/assets/Script/Game/Responsive.ts from cce:/internal/x/prerequisite-imports as file:///D:/PA_2024/3D/CamoSniper/CamoSniper_Op2/assets/Script/Game/Responsive.ts.
debug: Resolve file:///D:/PA_2024/3D/CamoSniper/CamoSniper_Op2/assets/Script/Game/TouchArea.ts from cce:/internal/x/prerequisite-imports as file:///D:/PA_2024/3D/CamoSniper/CamoSniper_Op2/assets/Script/Game/TouchArea.ts.
debug: Resolve file:///D:/PA_2024/3D/CamoSniper/CamoSniper_Op2/assets/Script/Game/UIController.ts from cce:/internal/x/prerequisite-imports as file:///D:/PA_2024/3D/CamoSniper/CamoSniper_Op2/assets/Script/Game/UIController.ts.
debug: Detected change: file:///D:/PA_2024/3D/CamoSniper/CamoSniper_Op2/assets/Script/Game/Responsive.ts. Last mtime: Mon Mar 25 2024 18:15:02 GMT+0700 (Indochina Time)@2c659772-c9c6-4e48-b5cb-118a64f1a17c, Current mtime: Mon Mar 25 2024 18:18:34 GMT+0700 (Indochina Time)@2c659772-c9c6-4e48-b5cb-118a64f1a17c
debug: Inspect file:///D:/PA_2024/3D/CamoSniper/CamoSniper_Op2/assets/Script/Game/Responsive.ts
debug: Resolve cce:/internal/code-quality/cr.mjs from file:///D:/PA_2024/3D/CamoSniper/CamoSniper_Op2/assets/Script/Game/Responsive.ts as cce:/internal/code-quality/cr.mjs.
debug: Resolve cc from file:///D:/PA_2024/3D/CamoSniper/CamoSniper_Op2/assets/Script/Game/Responsive.ts as cce:/internal/x/cc.
debug: Resolve cc from file:///D:/PA_2024/3D/CamoSniper/CamoSniper_Op2/assets/Script/Game/Responsive.ts as cce:/internal/x/cc.
debug: Resolve ../Data/constants from file:///D:/PA_2024/3D/CamoSniper/CamoSniper_Op2/assets/Script/Game/Responsive.ts as file:///D:/PA_2024/3D/CamoSniper/CamoSniper_Op2/assets/Script/Data/constants.ts.
debug: Resolve ./UIController from file:///D:/PA_2024/3D/CamoSniper/CamoSniper_Op2/assets/Script/Game/Responsive.ts as file:///D:/PA_2024/3D/CamoSniper/CamoSniper_Op2/assets/Script/Game/UIController.ts.
debug: Target(editor) ends with cost 75.66970002651215ms.
debug: Target(preview) build started.
debug: Detected change: cce:/internal/x/prerequisite-imports. Last mtime: Thu Jan 01 1970 08:07:08 GMT+0800 (Indochina Time), Current mtime: Thu Jan 01 1970 08:08:01 GMT+0800 (Indochina Time)
debug: Inspect cce:/internal/x/prerequisite-imports
debug: Resolve file:///D:/PA_2024/3D/CamoSniper/CamoSniper_Op2/assets/Script/Data/constants.ts from cce:/internal/x/prerequisite-imports as file:///D:/PA_2024/3D/CamoSniper/CamoSniper_Op2/assets/Script/Data/constants.ts.
debug: Resolve file:///D:/PA_2024/3D/CamoSniper/CamoSniper_Op2/assets/Script/Game/AudioManager.ts from cce:/internal/x/prerequisite-imports as file:///D:/PA_2024/3D/CamoSniper/CamoSniper_Op2/assets/Script/Game/AudioManager.ts.
debug: Resolve file:///D:/PA_2024/3D/CamoSniper/CamoSniper_Op2/assets/Script/Game/GameController.ts from cce:/internal/x/prerequisite-imports as file:///D:/PA_2024/3D/CamoSniper/CamoSniper_Op2/assets/Script/Game/GameController.ts.
debug: Resolve file:///D:/PA_2024/3D/CamoSniper/CamoSniper_Op2/assets/Script/Game/GamePlay.ts from cce:/internal/x/prerequisite-imports as file:///D:/PA_2024/3D/CamoSniper/CamoSniper_Op2/assets/Script/Game/GamePlay.ts.
debug: Resolve file:///D:/PA_2024/3D/CamoSniper/CamoSniper_Op2/assets/Script/Game/Responsive.ts from cce:/internal/x/prerequisite-imports as file:///D:/PA_2024/3D/CamoSniper/CamoSniper_Op2/assets/Script/Game/Responsive.ts.
debug: Resolve file:///D:/PA_2024/3D/CamoSniper/CamoSniper_Op2/assets/Script/Game/TouchArea.ts from cce:/internal/x/prerequisite-imports as file:///D:/PA_2024/3D/CamoSniper/CamoSniper_Op2/assets/Script/Game/TouchArea.ts.
debug: Resolve file:///D:/PA_2024/3D/CamoSniper/CamoSniper_Op2/assets/Script/Game/UIController.ts from cce:/internal/x/prerequisite-imports as file:///D:/PA_2024/3D/CamoSniper/CamoSniper_Op2/assets/Script/Game/UIController.ts.
debug: Detected change: file:///D:/PA_2024/3D/CamoSniper/CamoSniper_Op2/assets/Script/Game/Responsive.ts. Last mtime: Mon Mar 25 2024 18:15:02 GMT+0700 (Indochina Time)@2c659772-c9c6-4e48-b5cb-118a64f1a17c, Current mtime: Mon Mar 25 2024 18:18:34 GMT+0700 (Indochina Time)@2c659772-c9c6-4e48-b5cb-118a64f1a17c
debug: Inspect file:///D:/PA_2024/3D/CamoSniper/CamoSniper_Op2/assets/Script/Game/Responsive.ts
debug: Resolve cce:/internal/code-quality/cr.mjs from file:///D:/PA_2024/3D/CamoSniper/CamoSniper_Op2/assets/Script/Game/Responsive.ts as cce:/internal/code-quality/cr.mjs.
debug: Resolve cc from file:///D:/PA_2024/3D/CamoSniper/CamoSniper_Op2/assets/Script/Game/Responsive.ts as cce:/internal/x/cc.
debug: Resolve cc from file:///D:/PA_2024/3D/CamoSniper/CamoSniper_Op2/assets/Script/Game/Responsive.ts as cce:/internal/x/cc.
debug: Resolve ../Data/constants from file:///D:/PA_2024/3D/CamoSniper/CamoSniper_Op2/assets/Script/Game/Responsive.ts as file:///D:/PA_2024/3D/CamoSniper/CamoSniper_Op2/assets/Script/Data/constants.ts.
debug: Resolve ./UIController from file:///D:/PA_2024/3D/CamoSniper/CamoSniper_Op2/assets/Script/Game/Responsive.ts as file:///D:/PA_2024/3D/CamoSniper/CamoSniper_Op2/assets/Script/Game/UIController.ts.
debug: Target(preview) ends with cost 81.90160000324249ms.
debug: Dispatch build request for time accumulated 1 asset changes.
debug: Build iteration starts.
Number of accumulated asset changes: 1
Feature changed: false
debug: Target(editor) build started.
debug: Detected change: cce:/internal/x/prerequisite-imports. Last mtime: Thu Jan 01 1970 08:08:01 GMT+0800 (Indochina Time), Current mtime: Thu Jan 01 1970 08:09:12 GMT+0800 (Indochina Time)
debug: Inspect cce:/internal/x/prerequisite-imports
debug: Resolve file:///D:/PA_2024/3D/CamoSniper/CamoSniper_Op2/assets/Script/Data/constants.ts from cce:/internal/x/prerequisite-imports as file:///D:/PA_2024/3D/CamoSniper/CamoSniper_Op2/assets/Script/Data/constants.ts.
debug: Resolve file:///D:/PA_2024/3D/CamoSniper/CamoSniper_Op2/assets/Script/Game/GameController.ts from cce:/internal/x/prerequisite-imports as file:///D:/PA_2024/3D/CamoSniper/CamoSniper_Op2/assets/Script/Game/GameController.ts.
debug: Resolve file:///D:/PA_2024/3D/CamoSniper/CamoSniper_Op2/assets/Script/Game/AudioManager.ts from cce:/internal/x/prerequisite-imports as file:///D:/PA_2024/3D/CamoSniper/CamoSniper_Op2/assets/Script/Game/AudioManager.ts.
debug: Resolve file:///D:/PA_2024/3D/CamoSniper/CamoSniper_Op2/assets/Script/Game/GamePlay.ts from cce:/internal/x/prerequisite-imports as file:///D:/PA_2024/3D/CamoSniper/CamoSniper_Op2/assets/Script/Game/GamePlay.ts.
debug: Resolve file:///D:/PA_2024/3D/CamoSniper/CamoSniper_Op2/assets/Script/Game/TouchArea.ts from cce:/internal/x/prerequisite-imports as file:///D:/PA_2024/3D/CamoSniper/CamoSniper_Op2/assets/Script/Game/TouchArea.ts.
debug: Resolve file:///D:/PA_2024/3D/CamoSniper/CamoSniper_Op2/assets/Script/Game/Responsive.ts from cce:/internal/x/prerequisite-imports as file:///D:/PA_2024/3D/CamoSniper/CamoSniper_Op2/assets/Script/Game/Responsive.ts.
debug: Resolve file:///D:/PA_2024/3D/CamoSniper/CamoSniper_Op2/assets/Script/Game/UIController.ts from cce:/internal/x/prerequisite-imports as file:///D:/PA_2024/3D/CamoSniper/CamoSniper_Op2/assets/Script/Game/UIController.ts.
debug: Detected change: file:///D:/PA_2024/3D/CamoSniper/CamoSniper_Op2/assets/Script/Game/GamePlay.ts. Last mtime: Mon Mar 25 2024 18:11:44 GMT+0700 (Indochina Time)@d6ba2e81-5fd5-455a-bbcd-d756b03ebf0b, Current mtime: Mon Mar 25 2024 18:19:27 GMT+0700 (Indochina Time)@d6ba2e81-5fd5-455a-bbcd-d756b03ebf0b
debug: Inspect file:///D:/PA_2024/3D/CamoSniper/CamoSniper_Op2/assets/Script/Game/GamePlay.ts
debug: Resolve cce:/internal/code-quality/cr.mjs from file:///D:/PA_2024/3D/CamoSniper/CamoSniper_Op2/assets/Script/Game/GamePlay.ts as cce:/internal/code-quality/cr.mjs.
debug: Resolve cc from file:///D:/PA_2024/3D/CamoSniper/CamoSniper_Op2/assets/Script/Game/GamePlay.ts as cce:/internal/x/cc.
debug: Resolve cc from file:///D:/PA_2024/3D/CamoSniper/CamoSniper_Op2/assets/Script/Game/GamePlay.ts as cce:/internal/x/cc.
debug: Resolve ./AudioManager from file:///D:/PA_2024/3D/CamoSniper/CamoSniper_Op2/assets/Script/Game/GamePlay.ts as file:///D:/PA_2024/3D/CamoSniper/CamoSniper_Op2/assets/Script/Game/AudioManager.ts.
debug: Resolve ./GameController from file:///D:/PA_2024/3D/CamoSniper/CamoSniper_Op2/assets/Script/Game/GamePlay.ts as file:///D:/PA_2024/3D/CamoSniper/CamoSniper_Op2/assets/Script/Game/GameController.ts.
debug: Resolve ../Data/constants from file:///D:/PA_2024/3D/CamoSniper/CamoSniper_Op2/assets/Script/Game/GamePlay.ts as file:///D:/PA_2024/3D/CamoSniper/CamoSniper_Op2/assets/Script/Data/constants.ts.
debug: Resolve ./UIController from file:///D:/PA_2024/3D/CamoSniper/CamoSniper_Op2/assets/Script/Game/GamePlay.ts as file:///D:/PA_2024/3D/CamoSniper/CamoSniper_Op2/assets/Script/Game/UIController.ts.
debug: Target(editor) ends with cost 178.82670003175735ms.
debug: Target(preview) build started.
debug: Detected change: cce:/internal/x/prerequisite-imports. Last mtime: Thu Jan 01 1970 08:08:01 GMT+0800 (Indochina Time), Current mtime: Thu Jan 01 1970 08:09:13 GMT+0800 (Indochina Time)
debug: Inspect cce:/internal/x/prerequisite-imports
debug: Resolve file:///D:/PA_2024/3D/CamoSniper/CamoSniper_Op2/assets/Script/Data/constants.ts from cce:/internal/x/prerequisite-imports as file:///D:/PA_2024/3D/CamoSniper/CamoSniper_Op2/assets/Script/Data/constants.ts.
debug: Resolve file:///D:/PA_2024/3D/CamoSniper/CamoSniper_Op2/assets/Script/Game/AudioManager.ts from cce:/internal/x/prerequisite-imports as file:///D:/PA_2024/3D/CamoSniper/CamoSniper_Op2/assets/Script/Game/AudioManager.ts.
debug: Resolve file:///D:/PA_2024/3D/CamoSniper/CamoSniper_Op2/assets/Script/Game/GameController.ts from cce:/internal/x/prerequisite-imports as file:///D:/PA_2024/3D/CamoSniper/CamoSniper_Op2/assets/Script/Game/GameController.ts.
debug: Resolve file:///D:/PA_2024/3D/CamoSniper/CamoSniper_Op2/assets/Script/Game/GamePlay.ts from cce:/internal/x/prerequisite-imports as file:///D:/PA_2024/3D/CamoSniper/CamoSniper_Op2/assets/Script/Game/GamePlay.ts.
debug: Resolve file:///D:/PA_2024/3D/CamoSniper/CamoSniper_Op2/assets/Script/Game/Responsive.ts from cce:/internal/x/prerequisite-imports as file:///D:/PA_2024/3D/CamoSniper/CamoSniper_Op2/assets/Script/Game/Responsive.ts.
debug: Resolve file:///D:/PA_2024/3D/CamoSniper/CamoSniper_Op2/assets/Script/Game/TouchArea.ts from cce:/internal/x/prerequisite-imports as file:///D:/PA_2024/3D/CamoSniper/CamoSniper_Op2/assets/Script/Game/TouchArea.ts.
debug: Resolve file:///D:/PA_2024/3D/CamoSniper/CamoSniper_Op2/assets/Script/Game/UIController.ts from cce:/internal/x/prerequisite-imports as file:///D:/PA_2024/3D/CamoSniper/CamoSniper_Op2/assets/Script/Game/UIController.ts.
debug: Detected change: file:///D:/PA_2024/3D/CamoSniper/CamoSniper_Op2/assets/Script/Game/GamePlay.ts. Last mtime: Mon Mar 25 2024 18:11:44 GMT+0700 (Indochina Time)@d6ba2e81-5fd5-455a-bbcd-d756b03ebf0b, Current mtime: Mon Mar 25 2024 18:19:27 GMT+0700 (Indochina Time)@d6ba2e81-5fd5-455a-bbcd-d756b03ebf0b
debug: Inspect file:///D:/PA_2024/3D/CamoSniper/CamoSniper_Op2/assets/Script/Game/GamePlay.ts
debug: Resolve cce:/internal/code-quality/cr.mjs from file:///D:/PA_2024/3D/CamoSniper/CamoSniper_Op2/assets/Script/Game/GamePlay.ts as cce:/internal/code-quality/cr.mjs.
debug: Resolve cc from file:///D:/PA_2024/3D/CamoSniper/CamoSniper_Op2/assets/Script/Game/GamePlay.ts as cce:/internal/x/cc.
debug: Resolve cc from file:///D:/PA_2024/3D/CamoSniper/CamoSniper_Op2/assets/Script/Game/GamePlay.ts as cce:/internal/x/cc.
debug: Resolve ./AudioManager from file:///D:/PA_2024/3D/CamoSniper/CamoSniper_Op2/assets/Script/Game/GamePlay.ts as file:///D:/PA_2024/3D/CamoSniper/CamoSniper_Op2/assets/Script/Game/AudioManager.ts.
debug: Resolve ./GameController from file:///D:/PA_2024/3D/CamoSniper/CamoSniper_Op2/assets/Script/Game/GamePlay.ts as file:///D:/PA_2024/3D/CamoSniper/CamoSniper_Op2/assets/Script/Game/GameController.ts.
debug: Resolve ../Data/constants from file:///D:/PA_2024/3D/CamoSniper/CamoSniper_Op2/assets/Script/Game/GamePlay.ts as file:///D:/PA_2024/3D/CamoSniper/CamoSniper_Op2/assets/Script/Data/constants.ts.
debug: Resolve ./UIController from file:///D:/PA_2024/3D/CamoSniper/CamoSniper_Op2/assets/Script/Game/GamePlay.ts as file:///D:/PA_2024/3D/CamoSniper/CamoSniper_Op2/assets/Script/Game/UIController.ts.
debug: Target(preview) ends with cost 122.51299995183945ms.
debug: Dispatch build request for time accumulated 1 asset changes.
debug: Build iteration starts.
Number of accumulated asset changes: 1
Feature changed: false
debug: Target(editor) build started.
debug: Detected change: cce:/internal/x/prerequisite-imports. Last mtime: Thu Jan 01 1970 08:09:12 GMT+0800 (Indochina Time), Current mtime: Thu Jan 01 1970 08:11:03 GMT+0800 (Indochina Time)
debug: Inspect cce:/internal/x/prerequisite-imports
debug: Resolve file:///D:/PA_2024/3D/CamoSniper/CamoSniper_Op2/assets/Script/Data/constants.ts from cce:/internal/x/prerequisite-imports as file:///D:/PA_2024/3D/CamoSniper/CamoSniper_Op2/assets/Script/Data/constants.ts.
debug: Resolve file:///D:/PA_2024/3D/CamoSniper/CamoSniper_Op2/assets/Script/Game/AudioManager.ts from cce:/internal/x/prerequisite-imports as file:///D:/PA_2024/3D/CamoSniper/CamoSniper_Op2/assets/Script/Game/AudioManager.ts.
debug: Resolve file:///D:/PA_2024/3D/CamoSniper/CamoSniper_Op2/assets/Script/Game/GameController.ts from cce:/internal/x/prerequisite-imports as file:///D:/PA_2024/3D/CamoSniper/CamoSniper_Op2/assets/Script/Game/GameController.ts.
debug: Resolve file:///D:/PA_2024/3D/CamoSniper/CamoSniper_Op2/assets/Script/Game/GamePlay.ts from cce:/internal/x/prerequisite-imports as file:///D:/PA_2024/3D/CamoSniper/CamoSniper_Op2/assets/Script/Game/GamePlay.ts.
debug: Resolve file:///D:/PA_2024/3D/CamoSniper/CamoSniper_Op2/assets/Script/Game/Responsive.ts from cce:/internal/x/prerequisite-imports as file:///D:/PA_2024/3D/CamoSniper/CamoSniper_Op2/assets/Script/Game/Responsive.ts.
debug: Resolve file:///D:/PA_2024/3D/CamoSniper/CamoSniper_Op2/assets/Script/Game/TouchArea.ts from cce:/internal/x/prerequisite-imports as file:///D:/PA_2024/3D/CamoSniper/CamoSniper_Op2/assets/Script/Game/TouchArea.ts.
debug: Resolve file:///D:/PA_2024/3D/CamoSniper/CamoSniper_Op2/assets/Script/Game/UIController.ts from cce:/internal/x/prerequisite-imports as file:///D:/PA_2024/3D/CamoSniper/CamoSniper_Op2/assets/Script/Game/UIController.ts.
debug: Detected change: file:///D:/PA_2024/3D/CamoSniper/CamoSniper_Op2/assets/Script/Game/GamePlay.ts. Last mtime: Mon Mar 25 2024 18:19:27 GMT+0700 (Indochina Time)@d6ba2e81-5fd5-455a-bbcd-d756b03ebf0b, Current mtime: Mon Mar 25 2024 18:21:29 GMT+0700 (Indochina Time)@d6ba2e81-5fd5-455a-bbcd-d756b03ebf0b
debug: Inspect file:///D:/PA_2024/3D/CamoSniper/CamoSniper_Op2/assets/Script/Game/GamePlay.ts
debug: Resolve cce:/internal/code-quality/cr.mjs from file:///D:/PA_2024/3D/CamoSniper/CamoSniper_Op2/assets/Script/Game/GamePlay.ts as cce:/internal/code-quality/cr.mjs.
debug: Resolve cc from file:///D:/PA_2024/3D/CamoSniper/CamoSniper_Op2/assets/Script/Game/GamePlay.ts as cce:/internal/x/cc.
debug: Resolve cc from file:///D:/PA_2024/3D/CamoSniper/CamoSniper_Op2/assets/Script/Game/GamePlay.ts as cce:/internal/x/cc.
debug: Resolve ./GameController from file:///D:/PA_2024/3D/CamoSniper/CamoSniper_Op2/assets/Script/Game/GamePlay.ts as file:///D:/PA_2024/3D/CamoSniper/CamoSniper_Op2/assets/Script/Game/GameController.ts.
debug: Resolve ./AudioManager from file:///D:/PA_2024/3D/CamoSniper/CamoSniper_Op2/assets/Script/Game/GamePlay.ts as file:///D:/PA_2024/3D/CamoSniper/CamoSniper_Op2/assets/Script/Game/AudioManager.ts.
debug: Resolve ../Data/constants from file:///D:/PA_2024/3D/CamoSniper/CamoSniper_Op2/assets/Script/Game/GamePlay.ts as file:///D:/PA_2024/3D/CamoSniper/CamoSniper_Op2/assets/Script/Data/constants.ts.
debug: Resolve ./UIController from file:///D:/PA_2024/3D/CamoSniper/CamoSniper_Op2/assets/Script/Game/GamePlay.ts as file:///D:/PA_2024/3D/CamoSniper/CamoSniper_Op2/assets/Script/Game/UIController.ts.
debug: Target(editor) ends with cost 118.34800004959106ms.
debug: Target(preview) build started.
debug: Detected change: cce:/internal/x/prerequisite-imports. Last mtime: Thu Jan 01 1970 08:09:13 GMT+0800 (Indochina Time), Current mtime: Thu Jan 01 1970 08:11:04 GMT+0800 (Indochina Time)
debug: Inspect cce:/internal/x/prerequisite-imports
debug: Resolve file:///D:/PA_2024/3D/CamoSniper/CamoSniper_Op2/assets/Script/Data/constants.ts from cce:/internal/x/prerequisite-imports as file:///D:/PA_2024/3D/CamoSniper/CamoSniper_Op2/assets/Script/Data/constants.ts.
debug: Resolve file:///D:/PA_2024/3D/CamoSniper/CamoSniper_Op2/assets/Script/Game/AudioManager.ts from cce:/internal/x/prerequisite-imports as file:///D:/PA_2024/3D/CamoSniper/CamoSniper_Op2/assets/Script/Game/AudioManager.ts.
debug: Resolve file:///D:/PA_2024/3D/CamoSniper/CamoSniper_Op2/assets/Script/Game/GameController.ts from cce:/internal/x/prerequisite-imports as file:///D:/PA_2024/3D/CamoSniper/CamoSniper_Op2/assets/Script/Game/GameController.ts.
debug: Resolve file:///D:/PA_2024/3D/CamoSniper/CamoSniper_Op2/assets/Script/Game/GamePlay.ts from cce:/internal/x/prerequisite-imports as file:///D:/PA_2024/3D/CamoSniper/CamoSniper_Op2/assets/Script/Game/GamePlay.ts.
debug: Resolve file:///D:/PA_2024/3D/CamoSniper/CamoSniper_Op2/assets/Script/Game/Responsive.ts from cce:/internal/x/prerequisite-imports as file:///D:/PA_2024/3D/CamoSniper/CamoSniper_Op2/assets/Script/Game/Responsive.ts.
debug: Resolve file:///D:/PA_2024/3D/CamoSniper/CamoSniper_Op2/assets/Script/Game/TouchArea.ts from cce:/internal/x/prerequisite-imports as file:///D:/PA_2024/3D/CamoSniper/CamoSniper_Op2/assets/Script/Game/TouchArea.ts.
debug: Resolve file:///D:/PA_2024/3D/CamoSniper/CamoSniper_Op2/assets/Script/Game/UIController.ts from cce:/internal/x/prerequisite-imports as file:///D:/PA_2024/3D/CamoSniper/CamoSniper_Op2/assets/Script/Game/UIController.ts.
debug: Detected change: file:///D:/PA_2024/3D/CamoSniper/CamoSniper_Op2/assets/Script/Game/GamePlay.ts. Last mtime: Mon Mar 25 2024 18:19:27 GMT+0700 (Indochina Time)@d6ba2e81-5fd5-455a-bbcd-d756b03ebf0b, Current mtime: Mon Mar 25 2024 18:21:29 GMT+0700 (Indochina Time)@d6ba2e81-5fd5-455a-bbcd-d756b03ebf0b
debug: Inspect file:///D:/PA_2024/3D/CamoSniper/CamoSniper_Op2/assets/Script/Game/GamePlay.ts
debug: Resolve cce:/internal/code-quality/cr.mjs from file:///D:/PA_2024/3D/CamoSniper/CamoSniper_Op2/assets/Script/Game/GamePlay.ts as cce:/internal/code-quality/cr.mjs.
debug: Resolve cc from file:///D:/PA_2024/3D/CamoSniper/CamoSniper_Op2/assets/Script/Game/GamePlay.ts as cce:/internal/x/cc.
debug: Resolve cc from file:///D:/PA_2024/3D/CamoSniper/CamoSniper_Op2/assets/Script/Game/GamePlay.ts as cce:/internal/x/cc.
debug: Resolve ./GameController from file:///D:/PA_2024/3D/CamoSniper/CamoSniper_Op2/assets/Script/Game/GamePlay.ts as file:///D:/PA_2024/3D/CamoSniper/CamoSniper_Op2/assets/Script/Game/GameController.ts.
debug: Resolve ./AudioManager from file:///D:/PA_2024/3D/CamoSniper/CamoSniper_Op2/assets/Script/Game/GamePlay.ts as file:///D:/PA_2024/3D/CamoSniper/CamoSniper_Op2/assets/Script/Game/AudioManager.ts.
debug: Resolve ../Data/constants from file:///D:/PA_2024/3D/CamoSniper/CamoSniper_Op2/assets/Script/Game/GamePlay.ts as file:///D:/PA_2024/3D/CamoSniper/CamoSniper_Op2/assets/Script/Data/constants.ts.
debug: Resolve ./UIController from file:///D:/PA_2024/3D/CamoSniper/CamoSniper_Op2/assets/Script/Game/GamePlay.ts as file:///D:/PA_2024/3D/CamoSniper/CamoSniper_Op2/assets/Script/Game/UIController.ts.
debug: Target(preview) ends with cost 112.45189994573593ms.
debug: Dispatch build request for time accumulated 1 asset changes.
debug: Build iteration starts.
Number of accumulated asset changes: 1
Feature changed: false
debug: Target(editor) build started.
debug: Detected change: cce:/internal/x/prerequisite-imports. Last mtime: Thu Jan 01 1970 08:11:03 GMT+0800 (Indochina Time), Current mtime: Thu Jan 01 1970 08:12:50 GMT+0800 (Indochina Time)
debug: Inspect cce:/internal/x/prerequisite-imports
debug: Resolve file:///D:/PA_2024/3D/CamoSniper/CamoSniper_Op2/assets/Script/Data/constants.ts from cce:/internal/x/prerequisite-imports as file:///D:/PA_2024/3D/CamoSniper/CamoSniper_Op2/assets/Script/Data/constants.ts.
debug: Resolve file:///D:/PA_2024/3D/CamoSniper/CamoSniper_Op2/assets/Script/Game/AudioManager.ts from cce:/internal/x/prerequisite-imports as file:///D:/PA_2024/3D/CamoSniper/CamoSniper_Op2/assets/Script/Game/AudioManager.ts.
debug: Resolve file:///D:/PA_2024/3D/CamoSniper/CamoSniper_Op2/assets/Script/Game/GameController.ts from cce:/internal/x/prerequisite-imports as file:///D:/PA_2024/3D/CamoSniper/CamoSniper_Op2/assets/Script/Game/GameController.ts.
debug: Resolve file:///D:/PA_2024/3D/CamoSniper/CamoSniper_Op2/assets/Script/Game/Responsive.ts from cce:/internal/x/prerequisite-imports as file:///D:/PA_2024/3D/CamoSniper/CamoSniper_Op2/assets/Script/Game/Responsive.ts.
debug: Resolve file:///D:/PA_2024/3D/CamoSniper/CamoSniper_Op2/assets/Script/Game/GamePlay.ts from cce:/internal/x/prerequisite-imports as file:///D:/PA_2024/3D/CamoSniper/CamoSniper_Op2/assets/Script/Game/GamePlay.ts.
debug: Resolve file:///D:/PA_2024/3D/CamoSniper/CamoSniper_Op2/assets/Script/Game/TouchArea.ts from cce:/internal/x/prerequisite-imports as file:///D:/PA_2024/3D/CamoSniper/CamoSniper_Op2/assets/Script/Game/TouchArea.ts.
debug: Resolve file:///D:/PA_2024/3D/CamoSniper/CamoSniper_Op2/assets/Script/Game/UIController.ts from cce:/internal/x/prerequisite-imports as file:///D:/PA_2024/3D/CamoSniper/CamoSniper_Op2/assets/Script/Game/UIController.ts.
debug: Detected change: file:///D:/PA_2024/3D/CamoSniper/CamoSniper_Op2/assets/Script/Data/constants.ts. Last mtime: Mon Mar 25 2024 17:02:46 GMT+0700 (Indochina Time)@2561fd39-e8f6-4d9d-a953-e0bd0f0f1666, Current mtime: Mon Mar 25 2024 18:23:20 GMT+0700 (Indochina Time)@2561fd39-e8f6-4d9d-a953-e0bd0f0f1666
debug: Inspect file:///D:/PA_2024/3D/CamoSniper/CamoSniper_Op2/assets/Script/Data/constants.ts
debug: Resolve cc from file:///D:/PA_2024/3D/CamoSniper/CamoSniper_Op2/assets/Script/Data/constants.ts as cce:/internal/x/cc.
debug: Target(editor) ends with cost 2483.9803000092506ms.
debug: Target(preview) build started.
debug: Detected change: cce:/internal/x/prerequisite-imports. Last mtime: Thu Jan 01 1970 08:11:04 GMT+0800 (Indochina Time), Current mtime: Thu Jan 01 1970 08:12:52 GMT+0800 (Indochina Time)
debug: Inspect cce:/internal/x/prerequisite-imports
debug: Resolve file:///D:/PA_2024/3D/CamoSniper/CamoSniper_Op2/assets/Script/Data/constants.ts from cce:/internal/x/prerequisite-imports as file:///D:/PA_2024/3D/CamoSniper/CamoSniper_Op2/assets/Script/Data/constants.ts.
debug: Resolve file:///D:/PA_2024/3D/CamoSniper/CamoSniper_Op2/assets/Script/Game/AudioManager.ts from cce:/internal/x/prerequisite-imports as file:///D:/PA_2024/3D/CamoSniper/CamoSniper_Op2/assets/Script/Game/AudioManager.ts.
debug: Resolve file:///D:/PA_2024/3D/CamoSniper/CamoSniper_Op2/assets/Script/Game/GameController.ts from cce:/internal/x/prerequisite-imports as file:///D:/PA_2024/3D/CamoSniper/CamoSniper_Op2/assets/Script/Game/GameController.ts.
debug: Resolve file:///D:/PA_2024/3D/CamoSniper/CamoSniper_Op2/assets/Script/Game/GamePlay.ts from cce:/internal/x/prerequisite-imports as file:///D:/PA_2024/3D/CamoSniper/CamoSniper_Op2/assets/Script/Game/GamePlay.ts.
debug: Resolve file:///D:/PA_2024/3D/CamoSniper/CamoSniper_Op2/assets/Script/Game/Responsive.ts from cce:/internal/x/prerequisite-imports as file:///D:/PA_2024/3D/CamoSniper/CamoSniper_Op2/assets/Script/Game/Responsive.ts.
debug: Resolve file:///D:/PA_2024/3D/CamoSniper/CamoSniper_Op2/assets/Script/Game/TouchArea.ts from cce:/internal/x/prerequisite-imports as file:///D:/PA_2024/3D/CamoSniper/CamoSniper_Op2/assets/Script/Game/TouchArea.ts.
debug: Resolve file:///D:/PA_2024/3D/CamoSniper/CamoSniper_Op2/assets/Script/Game/UIController.ts from cce:/internal/x/prerequisite-imports as file:///D:/PA_2024/3D/CamoSniper/CamoSniper_Op2/assets/Script/Game/UIController.ts.
debug: Detected change: file:///D:/PA_2024/3D/CamoSniper/CamoSniper_Op2/assets/Script/Data/constants.ts. Last mtime: Mon Mar 25 2024 17:02:46 GMT+0700 (Indochina Time)@2561fd39-e8f6-4d9d-a953-e0bd0f0f1666, Current mtime: Mon Mar 25 2024 18:23:20 GMT+0700 (Indochina Time)@2561fd39-e8f6-4d9d-a953-e0bd0f0f1666
debug: Inspect file:///D:/PA_2024/3D/CamoSniper/CamoSniper_Op2/assets/Script/Data/constants.ts
debug: Resolve cc from file:///D:/PA_2024/3D/CamoSniper/CamoSniper_Op2/assets/Script/Data/constants.ts as cce:/internal/x/cc.
debug: Target(preview) ends with cost 55.36640000343323ms.
debug: Dispatch build request for time accumulated 2 asset changes.
debug: Build iteration starts.
Number of accumulated asset changes: 2
Feature changed: false
debug: Target(editor) build started.
debug: Detected change: cce:/internal/x/prerequisite-imports. Last mtime: Thu Jan 01 1970 08:12:50 GMT+0800 (Indochina Time), Current mtime: Thu Jan 01 1970 08:13:59 GMT+0800 (Indochina Time)
debug: Inspect cce:/internal/x/prerequisite-imports
debug: Resolve file:///D:/PA_2024/3D/CamoSniper/CamoSniper_Op2/assets/Script/Data/constants.ts from cce:/internal/x/prerequisite-imports as file:///D:/PA_2024/3D/CamoSniper/CamoSniper_Op2/assets/Script/Data/constants.ts.
debug: Resolve file:///D:/PA_2024/3D/CamoSniper/CamoSniper_Op2/assets/Script/Game/AudioManager.ts from cce:/internal/x/prerequisite-imports as file:///D:/PA_2024/3D/CamoSniper/CamoSniper_Op2/assets/Script/Game/AudioManager.ts.
debug: Resolve file:///D:/PA_2024/3D/CamoSniper/CamoSniper_Op2/assets/Script/Game/GameController.ts from cce:/internal/x/prerequisite-imports as file:///D:/PA_2024/3D/CamoSniper/CamoSniper_Op2/assets/Script/Game/GameController.ts.
debug: Resolve file:///D:/PA_2024/3D/CamoSniper/CamoSniper_Op2/assets/Script/Game/GamePlay.ts from cce:/internal/x/prerequisite-imports as file:///D:/PA_2024/3D/CamoSniper/CamoSniper_Op2/assets/Script/Game/GamePlay.ts.
debug: Resolve file:///D:/PA_2024/3D/CamoSniper/CamoSniper_Op2/assets/Script/Game/Responsive.ts from cce:/internal/x/prerequisite-imports as file:///D:/PA_2024/3D/CamoSniper/CamoSniper_Op2/assets/Script/Game/Responsive.ts.
debug: Resolve file:///D:/PA_2024/3D/CamoSniper/CamoSniper_Op2/assets/Script/Game/TouchArea.ts from cce:/internal/x/prerequisite-imports as file:///D:/PA_2024/3D/CamoSniper/CamoSniper_Op2/assets/Script/Game/TouchArea.ts.
debug: Resolve file:///D:/PA_2024/3D/CamoSniper/CamoSniper_Op2/assets/Script/Game/UIController.ts from cce:/internal/x/prerequisite-imports as file:///D:/PA_2024/3D/CamoSniper/CamoSniper_Op2/assets/Script/Game/UIController.ts.
debug: Detected change: file:///D:/PA_2024/3D/CamoSniper/CamoSniper_Op2/assets/Script/Game/GamePlay.ts. Last mtime: Mon Mar 25 2024 18:21:29 GMT+0700 (Indochina Time)@d6ba2e81-5fd5-455a-bbcd-d756b03ebf0b, Current mtime: Mon Mar 25 2024 18:24:26 GMT+0700 (Indochina Time)@d6ba2e81-5fd5-455a-bbcd-d756b03ebf0b
debug: Inspect file:///D:/PA_2024/3D/CamoSniper/CamoSniper_Op2/assets/Script/Game/GamePlay.ts
debug: Detected change: file:///D:/PA_2024/3D/CamoSniper/CamoSniper_Op2/assets/Script/Game/TouchArea.ts. Last mtime: Mon Mar 25 2024 17:04:01 GMT+0700 (Indochina Time)@76240da4-e5ad-49bf-b535-6813c7364223, Current mtime: Mon Mar 25 2024 18:24:31 GMT+0700 (Indochina Time)@76240da4-e5ad-49bf-b535-6813c7364223
debug: Inspect file:///D:/PA_2024/3D/CamoSniper/CamoSniper_Op2/assets/Script/Game/TouchArea.ts
debug: Resolve cce:/internal/code-quality/cr.mjs from file:///D:/PA_2024/3D/CamoSniper/CamoSniper_Op2/assets/Script/Game/TouchArea.ts as cce:/internal/code-quality/cr.mjs.
debug: Resolve cc from file:///D:/PA_2024/3D/CamoSniper/CamoSniper_Op2/assets/Script/Game/TouchArea.ts as cce:/internal/x/cc.
debug: Resolve cc from file:///D:/PA_2024/3D/CamoSniper/CamoSniper_Op2/assets/Script/Game/TouchArea.ts as cce:/internal/x/cc.
debug: Resolve ./UIController from file:///D:/PA_2024/3D/CamoSniper/CamoSniper_Op2/assets/Script/Game/TouchArea.ts as file:///D:/PA_2024/3D/CamoSniper/CamoSniper_Op2/assets/Script/Game/UIController.ts.
debug: Resolve ./GameController from file:///D:/PA_2024/3D/CamoSniper/CamoSniper_Op2/assets/Script/Game/TouchArea.ts as file:///D:/PA_2024/3D/CamoSniper/CamoSniper_Op2/assets/Script/Game/GameController.ts.
debug: Resolve ./AudioManager from file:///D:/PA_2024/3D/CamoSniper/CamoSniper_Op2/assets/Script/Game/TouchArea.ts as file:///D:/PA_2024/3D/CamoSniper/CamoSniper_Op2/assets/Script/Game/AudioManager.ts.
debug: Resolve ./GamePlay from file:///D:/PA_2024/3D/CamoSniper/CamoSniper_Op2/assets/Script/Game/TouchArea.ts as file:///D:/PA_2024/3D/CamoSniper/CamoSniper_Op2/assets/Script/Game/GamePlay.ts.
debug: Resolve ../Data/constants from file:///D:/PA_2024/3D/CamoSniper/CamoSniper_Op2/assets/Script/Game/TouchArea.ts as file:///D:/PA_2024/3D/CamoSniper/CamoSniper_Op2/assets/Script/Data/constants.ts.
debug: Resolve cce:/internal/code-quality/cr.mjs from file:///D:/PA_2024/3D/CamoSniper/CamoSniper_Op2/assets/Script/Game/GamePlay.ts as cce:/internal/code-quality/cr.mjs.
debug: Resolve cc from file:///D:/PA_2024/3D/CamoSniper/CamoSniper_Op2/assets/Script/Game/GamePlay.ts as cce:/internal/x/cc.
debug: Resolve cc from file:///D:/PA_2024/3D/CamoSniper/CamoSniper_Op2/assets/Script/Game/GamePlay.ts as cce:/internal/x/cc.
debug: Resolve ./GameController from file:///D:/PA_2024/3D/CamoSniper/CamoSniper_Op2/assets/Script/Game/GamePlay.ts as file:///D:/PA_2024/3D/CamoSniper/CamoSniper_Op2/assets/Script/Game/GameController.ts.
debug: Resolve ./AudioManager from file:///D:/PA_2024/3D/CamoSniper/CamoSniper_Op2/assets/Script/Game/GamePlay.ts as file:///D:/PA_2024/3D/CamoSniper/CamoSniper_Op2/assets/Script/Game/AudioManager.ts.
debug: Resolve ../Data/constants from file:///D:/PA_2024/3D/CamoSniper/CamoSniper_Op2/assets/Script/Game/GamePlay.ts as file:///D:/PA_2024/3D/CamoSniper/CamoSniper_Op2/assets/Script/Data/constants.ts.
debug: Resolve ./UIController from file:///D:/PA_2024/3D/CamoSniper/CamoSniper_Op2/assets/Script/Game/GamePlay.ts as file:///D:/PA_2024/3D/CamoSniper/CamoSniper_Op2/assets/Script/Game/UIController.ts.
debug: Target(editor) ends with cost 6118.332300007343ms.
debug: Target(preview) build started.
debug: Detected change: cce:/internal/x/prerequisite-imports. Last mtime: Thu Jan 01 1970 08:12:52 GMT+0800 (Indochina Time), Current mtime: Thu Jan 01 1970 08:14:06 GMT+0800 (Indochina Time)
debug: Inspect cce:/internal/x/prerequisite-imports
debug: Resolve file:///D:/PA_2024/3D/CamoSniper/CamoSniper_Op2/assets/Script/Data/constants.ts from cce:/internal/x/prerequisite-imports as file:///D:/PA_2024/3D/CamoSniper/CamoSniper_Op2/assets/Script/Data/constants.ts.
debug: Resolve file:///D:/PA_2024/3D/CamoSniper/CamoSniper_Op2/assets/Script/Game/AudioManager.ts from cce:/internal/x/prerequisite-imports as file:///D:/PA_2024/3D/CamoSniper/CamoSniper_Op2/assets/Script/Game/AudioManager.ts.
debug: Resolve file:///D:/PA_2024/3D/CamoSniper/CamoSniper_Op2/assets/Script/Game/GameController.ts from cce:/internal/x/prerequisite-imports as file:///D:/PA_2024/3D/CamoSniper/CamoSniper_Op2/assets/Script/Game/GameController.ts.
debug: Resolve file:///D:/PA_2024/3D/CamoSniper/CamoSniper_Op2/assets/Script/Game/GamePlay.ts from cce:/internal/x/prerequisite-imports as file:///D:/PA_2024/3D/CamoSniper/CamoSniper_Op2/assets/Script/Game/GamePlay.ts.
debug: Resolve file:///D:/PA_2024/3D/CamoSniper/CamoSniper_Op2/assets/Script/Game/Responsive.ts from cce:/internal/x/prerequisite-imports as file:///D:/PA_2024/3D/CamoSniper/CamoSniper_Op2/assets/Script/Game/Responsive.ts.
debug: Resolve file:///D:/PA_2024/3D/CamoSniper/CamoSniper_Op2/assets/Script/Game/TouchArea.ts from cce:/internal/x/prerequisite-imports as file:///D:/PA_2024/3D/CamoSniper/CamoSniper_Op2/assets/Script/Game/TouchArea.ts.
debug: Resolve file:///D:/PA_2024/3D/CamoSniper/CamoSniper_Op2/assets/Script/Game/UIController.ts from cce:/internal/x/prerequisite-imports as file:///D:/PA_2024/3D/CamoSniper/CamoSniper_Op2/assets/Script/Game/UIController.ts.
debug: Detected change: file:///D:/PA_2024/3D/CamoSniper/CamoSniper_Op2/assets/Script/Game/GamePlay.ts. Last mtime: Mon Mar 25 2024 18:21:29 GMT+0700 (Indochina Time)@d6ba2e81-5fd5-455a-bbcd-d756b03ebf0b, Current mtime: Mon Mar 25 2024 18:24:26 GMT+0700 (Indochina Time)@d6ba2e81-5fd5-455a-bbcd-d756b03ebf0b
debug: Inspect file:///D:/PA_2024/3D/CamoSniper/CamoSniper_Op2/assets/Script/Game/GamePlay.ts
debug: Detected change: file:///D:/PA_2024/3D/CamoSniper/CamoSniper_Op2/assets/Script/Game/TouchArea.ts. Last mtime: Mon Mar 25 2024 17:04:01 GMT+0700 (Indochina Time)@76240da4-e5ad-49bf-b535-6813c7364223, Current mtime: Mon Mar 25 2024 18:24:31 GMT+0700 (Indochina Time)@76240da4-e5ad-49bf-b535-6813c7364223
debug: Inspect file:///D:/PA_2024/3D/CamoSniper/CamoSniper_Op2/assets/Script/Game/TouchArea.ts
debug: Resolve cce:/internal/code-quality/cr.mjs from file:///D:/PA_2024/3D/CamoSniper/CamoSniper_Op2/assets/Script/Game/GamePlay.ts as cce:/internal/code-quality/cr.mjs.
debug: Resolve cc from file:///D:/PA_2024/3D/CamoSniper/CamoSniper_Op2/assets/Script/Game/GamePlay.ts as cce:/internal/x/cc.
debug: Resolve cc from file:///D:/PA_2024/3D/CamoSniper/CamoSniper_Op2/assets/Script/Game/GamePlay.ts as cce:/internal/x/cc.
debug: Resolve cce:/internal/code-quality/cr.mjs from file:///D:/PA_2024/3D/CamoSniper/CamoSniper_Op2/assets/Script/Game/TouchArea.ts as cce:/internal/code-quality/cr.mjs.
debug: Resolve cc from file:///D:/PA_2024/3D/CamoSniper/CamoSniper_Op2/assets/Script/Game/TouchArea.ts as cce:/internal/x/cc.
debug: Resolve cc from file:///D:/PA_2024/3D/CamoSniper/CamoSniper_Op2/assets/Script/Game/TouchArea.ts as cce:/internal/x/cc.
debug: Resolve ./GameController from file:///D:/PA_2024/3D/CamoSniper/CamoSniper_Op2/assets/Script/Game/GamePlay.ts as file:///D:/PA_2024/3D/CamoSniper/CamoSniper_Op2/assets/Script/Game/GameController.ts.
debug: Resolve ./AudioManager from file:///D:/PA_2024/3D/CamoSniper/CamoSniper_Op2/assets/Script/Game/GamePlay.ts as file:///D:/PA_2024/3D/CamoSniper/CamoSniper_Op2/assets/Script/Game/AudioManager.ts.
debug: Resolve ../Data/constants from file:///D:/PA_2024/3D/CamoSniper/CamoSniper_Op2/assets/Script/Game/GamePlay.ts as file:///D:/PA_2024/3D/CamoSniper/CamoSniper_Op2/assets/Script/Data/constants.ts.
debug: Resolve ./UIController from file:///D:/PA_2024/3D/CamoSniper/CamoSniper_Op2/assets/Script/Game/GamePlay.ts as file:///D:/PA_2024/3D/CamoSniper/CamoSniper_Op2/assets/Script/Game/UIController.ts.
debug: Resolve ./UIController from file:///D:/PA_2024/3D/CamoSniper/CamoSniper_Op2/assets/Script/Game/TouchArea.ts as file:///D:/PA_2024/3D/CamoSniper/CamoSniper_Op2/assets/Script/Game/UIController.ts.
debug: Resolve ./GameController from file:///D:/PA_2024/3D/CamoSniper/CamoSniper_Op2/assets/Script/Game/TouchArea.ts as file:///D:/PA_2024/3D/CamoSniper/CamoSniper_Op2/assets/Script/Game/GameController.ts.
debug: Resolve ./AudioManager from file:///D:/PA_2024/3D/CamoSniper/CamoSniper_Op2/assets/Script/Game/TouchArea.ts as file:///D:/PA_2024/3D/CamoSniper/CamoSniper_Op2/assets/Script/Game/AudioManager.ts.
debug: Resolve ./GamePlay from file:///D:/PA_2024/3D/CamoSniper/CamoSniper_Op2/assets/Script/Game/TouchArea.ts as file:///D:/PA_2024/3D/CamoSniper/CamoSniper_Op2/assets/Script/Game/GamePlay.ts.
debug: Resolve ../Data/constants from file:///D:/PA_2024/3D/CamoSniper/CamoSniper_Op2/assets/Script/Game/TouchArea.ts as file:///D:/PA_2024/3D/CamoSniper/CamoSniper_Op2/assets/Script/Data/constants.ts.
debug: Target(preview) ends with cost 153.93640005588531ms.
