debug: Mon, 25 Mar 2024 04:07:59 GMT
debug: Project: D:\PA_2024\3D\FishIO\FishIO_Op11
debug: Targets: editor,preview
debug: Incremental file seems great.
debug: Engine path: C:\ProgramData\cocos\editors\Creator\3.4.2\resources\resources\3d\engine
debug: Initializing target [Editor]
debug: Loading cache
debug: Loading cache costs 2.850499987602234ms.
debug: Engine features shipped in editor: base,gfx-webgl,gfx-webgl2,3d,2d,ui,particle,particle-2d,physics-framework,physics-2d-framework,intersection-2d,primitive,profiler,audio,video,terrain,webview,tween,tiled-map,spine,dragon-bones,marionette
debug: Initializing target [Preview]
debug: Loading cache
debug: Loading cache costs 2.5192999839782715ms.
debug: Sync engine features: 2d,3d,audio,base,dragon-bones,gfx-webgl,gfx-webgl2,intersection-2d,marionette,particle-2d,primitive,profiler,terrain,tiled-map,tween,ui,video,webview
debug: Pulling asset-db.
debug: Fetch asset-db cost: 10.705199956893921ms.
debug: Build iteration starts.
Number of accumulated asset changes: 6
Feature changed: false
debug: Target(editor) build started.
debug: Detected change: cce:/internal/x/cc. Last mtime: Thu Jan 01 1970 08:00:05 GMT+0800 (Indochina Time), Current mtime: Thu Jan 01 1970 08:00:05 GMT+0800 (Indochina Time)
debug: Inspect cce:/internal/x/cc
debug: Resolve cce:/internal/x/cc-fu/base from cce:/internal/x/cc as external dependency cce:/internal/x/cc-fu/base.
debug: Resolve cce:/internal/x/cc-fu/gfx-webgl from cce:/internal/x/cc as external dependency cce:/internal/x/cc-fu/gfx-webgl.
debug: Resolve cce:/internal/x/cc-fu/gfx-webgl2 from cce:/internal/x/cc as external dependency cce:/internal/x/cc-fu/gfx-webgl2.
debug: Resolve cce:/internal/x/cc-fu/3d from cce:/internal/x/cc as external dependency cce:/internal/x/cc-fu/3d.
debug: Resolve cce:/internal/x/cc-fu/2d from cce:/internal/x/cc as external dependency cce:/internal/x/cc-fu/2d.
debug: Resolve cce:/internal/x/cc-fu/ui from cce:/internal/x/cc as external dependency cce:/internal/x/cc-fu/ui.
debug: Resolve cce:/internal/x/cc-fu/particle from cce:/internal/x/cc as external dependency cce:/internal/x/cc-fu/particle.
debug: Resolve cce:/internal/x/cc-fu/particle-2d from cce:/internal/x/cc as external dependency cce:/internal/x/cc-fu/particle-2d.
debug: Resolve cce:/internal/x/cc-fu/physics-framework from cce:/internal/x/cc as external dependency cce:/internal/x/cc-fu/physics-framework.
debug: Resolve cce:/internal/x/cc-fu/physics-2d-framework from cce:/internal/x/cc as external dependency cce:/internal/x/cc-fu/physics-2d-framework.
debug: Resolve cce:/internal/x/cc-fu/intersection-2d from cce:/internal/x/cc as external dependency cce:/internal/x/cc-fu/intersection-2d.
debug: Resolve cce:/internal/x/cc-fu/primitive from cce:/internal/x/cc as external dependency cce:/internal/x/cc-fu/primitive.
debug: Resolve cce:/internal/x/cc-fu/profiler from cce:/internal/x/cc as external dependency cce:/internal/x/cc-fu/profiler.
debug: Resolve cce:/internal/x/cc-fu/audio from cce:/internal/x/cc as external dependency cce:/internal/x/cc-fu/audio.
debug: Resolve cce:/internal/x/cc-fu/video from cce:/internal/x/cc as external dependency cce:/internal/x/cc-fu/video.
debug: Resolve cce:/internal/x/cc-fu/terrain from cce:/internal/x/cc as external dependency cce:/internal/x/cc-fu/terrain.
debug: Resolve cce:/internal/x/cc-fu/webview from cce:/internal/x/cc as external dependency cce:/internal/x/cc-fu/webview.
debug: Resolve cce:/internal/x/cc-fu/tween from cce:/internal/x/cc as external dependency cce:/internal/x/cc-fu/tween.
debug: Resolve cce:/internal/x/cc-fu/tiled-map from cce:/internal/x/cc as external dependency cce:/internal/x/cc-fu/tiled-map.
debug: Resolve cce:/internal/x/cc-fu/spine from cce:/internal/x/cc as external dependency cce:/internal/x/cc-fu/spine.
debug: Resolve cce:/internal/x/cc-fu/dragon-bones from cce:/internal/x/cc as external dependency cce:/internal/x/cc-fu/dragon-bones.
debug: Detected change: cce:/internal/x/prerequisite-imports. Last mtime: Thu Jan 01 1970 08:32:07 GMT+0800 (Indochina Time), Current mtime: Thu Jan 01 1970 08:00:11 GMT+0800 (Indochina Time)
debug: Inspect cce:/internal/x/prerequisite-imports
debug: Resolve file:///D:/PA_2024/3D/FishIO/FishIO_Op11/assets/Script/Data/constants.ts from cce:/internal/x/prerequisite-imports as file:///D:/PA_2024/3D/FishIO/FishIO_Op11/assets/Script/Data/constants.ts.
debug: Resolve file:///D:/PA_2024/3D/FishIO/FishIO_Op11/assets/Script/Game/AudioManager.ts from cce:/internal/x/prerequisite-imports as file:///D:/PA_2024/3D/FishIO/FishIO_Op11/assets/Script/Game/AudioManager.ts.
debug: Resolve file:///D:/PA_2024/3D/FishIO/FishIO_Op11/assets/Script/Game/GameController.ts from cce:/internal/x/prerequisite-imports as file:///D:/PA_2024/3D/FishIO/FishIO_Op11/assets/Script/Game/GameController.ts.
debug: Resolve file:///D:/PA_2024/3D/FishIO/FishIO_Op11/assets/Script/Game/GamePlay.ts from cce:/internal/x/prerequisite-imports as file:///D:/PA_2024/3D/FishIO/FishIO_Op11/assets/Script/Game/GamePlay.ts.
debug: Resolve file:///D:/PA_2024/3D/FishIO/FishIO_Op11/assets/Script/Game/Responsive.ts from cce:/internal/x/prerequisite-imports as file:///D:/PA_2024/3D/FishIO/FishIO_Op11/assets/Script/Game/Responsive.ts.
debug: Resolve file:///D:/PA_2024/3D/FishIO/FishIO_Op11/assets/Script/Game/UIController.ts from cce:/internal/x/prerequisite-imports as file:///D:/PA_2024/3D/FishIO/FishIO_Op11/assets/Script/Game/UIController.ts.
debug: Detected change: cce:/internal/code-quality/cr.mjs. Last mtime: Mon Mar 25 2024 10:31:25 GMT+0700 (Indochina Time), Current mtime: Mon Mar 25 2024 11:07:54 GMT+0700 (Indochina Time)
debug: Inspect cce:/internal/code-quality/cr.mjs
debug: Detected change: file:///D:/PA_2024/3D/FishIO/FishIO_Op11/assets/Script/Game/Responsive.ts. Last mtime: Mon Mar 25 2024 10:50:48 GMT+0700 (Indochina Time)@2c659772-c9c6-4e48-b5cb-118a64f1a17c, Current mtime: Mon Mar 25 2024 11:07:45 GMT+0700 (Indochina Time)@2c659772-c9c6-4e48-b5cb-118a64f1a17c
debug: Inspect file:///D:/PA_2024/3D/FishIO/FishIO_Op11/assets/Script/Game/Responsive.ts
debug: Resolve cce:/internal/code-quality/cr.mjs from file:///D:/PA_2024/3D/FishIO/FishIO_Op11/assets/Script/Game/Responsive.ts as cce:/internal/code-quality/cr.mjs.
debug: Resolve cc from file:///D:/PA_2024/3D/FishIO/FishIO_Op11/assets/Script/Game/Responsive.ts as cce:/internal/x/cc.
debug: Resolve cc from file:///D:/PA_2024/3D/FishIO/FishIO_Op11/assets/Script/Game/Responsive.ts as cce:/internal/x/cc.
debug: Resolve ./GamePlay from file:///D:/PA_2024/3D/FishIO/FishIO_Op11/assets/Script/Game/Responsive.ts as file:///D:/PA_2024/3D/FishIO/FishIO_Op11/assets/Script/Game/GamePlay.ts.
debug: Resolve ../Data/constants from file:///D:/PA_2024/3D/FishIO/FishIO_Op11/assets/Script/Game/Responsive.ts as file:///D:/PA_2024/3D/FishIO/FishIO_Op11/assets/Script/Data/constants.ts.
debug: Resolve ./UIController from file:///D:/PA_2024/3D/FishIO/FishIO_Op11/assets/Script/Game/Responsive.ts as file:///D:/PA_2024/3D/FishIO/FishIO_Op11/assets/Script/Game/UIController.ts.
debug: Target(editor) ends with cost 4128.323400020599ms.
debug: Target(preview) build started.
debug: Detected change: cce:/internal/x/cc. Last mtime: Thu Jan 01 1970 08:00:05 GMT+0800 (Indochina Time), Current mtime: Thu Jan 01 1970 08:00:05 GMT+0800 (Indochina Time)
debug: Inspect cce:/internal/x/cc
debug: Resolve cce:/internal/x/cc-fu/2d from cce:/internal/x/cc as external dependency cce:/internal/x/cc-fu/2d.
debug: Resolve cce:/internal/x/cc-fu/3d from cce:/internal/x/cc as external dependency cce:/internal/x/cc-fu/3d.
debug: Resolve cce:/internal/x/cc-fu/audio from cce:/internal/x/cc as external dependency cce:/internal/x/cc-fu/audio.
debug: Resolve cce:/internal/x/cc-fu/base from cce:/internal/x/cc as external dependency cce:/internal/x/cc-fu/base.
debug: Resolve cce:/internal/x/cc-fu/dragon-bones from cce:/internal/x/cc as external dependency cce:/internal/x/cc-fu/dragon-bones.
debug: Resolve cce:/internal/x/cc-fu/gfx-webgl from cce:/internal/x/cc as external dependency cce:/internal/x/cc-fu/gfx-webgl.
debug: Resolve cce:/internal/x/cc-fu/gfx-webgl2 from cce:/internal/x/cc as external dependency cce:/internal/x/cc-fu/gfx-webgl2.
debug: Resolve cce:/internal/x/cc-fu/intersection-2d from cce:/internal/x/cc as external dependency cce:/internal/x/cc-fu/intersection-2d.
debug: Resolve cce:/internal/x/cc-fu/particle-2d from cce:/internal/x/cc as external dependency cce:/internal/x/cc-fu/particle-2d.
debug: Resolve cce:/internal/x/cc-fu/primitive from cce:/internal/x/cc as external dependency cce:/internal/x/cc-fu/primitive.
debug: Resolve cce:/internal/x/cc-fu/profiler from cce:/internal/x/cc as external dependency cce:/internal/x/cc-fu/profiler.
debug: Resolve cce:/internal/x/cc-fu/terrain from cce:/internal/x/cc as external dependency cce:/internal/x/cc-fu/terrain.
debug: Resolve cce:/internal/x/cc-fu/tiled-map from cce:/internal/x/cc as external dependency cce:/internal/x/cc-fu/tiled-map.
debug: Resolve cce:/internal/x/cc-fu/tween from cce:/internal/x/cc as external dependency cce:/internal/x/cc-fu/tween.
debug: Resolve cce:/internal/x/cc-fu/ui from cce:/internal/x/cc as external dependency cce:/internal/x/cc-fu/ui.
debug: Resolve cce:/internal/x/cc-fu/video from cce:/internal/x/cc as external dependency cce:/internal/x/cc-fu/video.
debug: Resolve cce:/internal/x/cc-fu/webview from cce:/internal/x/cc as external dependency cce:/internal/x/cc-fu/webview.
debug: Detected change: cce:/internal/x/prerequisite-imports. Last mtime: Thu Jan 01 1970 08:32:07 GMT+0800 (Indochina Time), Current mtime: Thu Jan 01 1970 08:00:15 GMT+0800 (Indochina Time)
debug: Inspect cce:/internal/x/prerequisite-imports
debug: Resolve file:///D:/PA_2024/3D/FishIO/FishIO_Op11/assets/Script/Data/constants.ts from cce:/internal/x/prerequisite-imports as file:///D:/PA_2024/3D/FishIO/FishIO_Op11/assets/Script/Data/constants.ts.
debug: Resolve file:///D:/PA_2024/3D/FishIO/FishIO_Op11/assets/Script/Game/AudioManager.ts from cce:/internal/x/prerequisite-imports as file:///D:/PA_2024/3D/FishIO/FishIO_Op11/assets/Script/Game/AudioManager.ts.
debug: Resolve file:///D:/PA_2024/3D/FishIO/FishIO_Op11/assets/Script/Game/GameController.ts from cce:/internal/x/prerequisite-imports as file:///D:/PA_2024/3D/FishIO/FishIO_Op11/assets/Script/Game/GameController.ts.
debug: Resolve file:///D:/PA_2024/3D/FishIO/FishIO_Op11/assets/Script/Game/GamePlay.ts from cce:/internal/x/prerequisite-imports as file:///D:/PA_2024/3D/FishIO/FishIO_Op11/assets/Script/Game/GamePlay.ts.
debug: Resolve file:///D:/PA_2024/3D/FishIO/FishIO_Op11/assets/Script/Game/Responsive.ts from cce:/internal/x/prerequisite-imports as file:///D:/PA_2024/3D/FishIO/FishIO_Op11/assets/Script/Game/Responsive.ts.
debug: Resolve file:///D:/PA_2024/3D/FishIO/FishIO_Op11/assets/Script/Game/UIController.ts from cce:/internal/x/prerequisite-imports as file:///D:/PA_2024/3D/FishIO/FishIO_Op11/assets/Script/Game/UIController.ts.
debug: Detected change: cce:/internal/code-quality/cr.mjs. Last mtime: Mon Mar 25 2024 10:31:25 GMT+0700 (Indochina Time), Current mtime: Mon Mar 25 2024 11:07:54 GMT+0700 (Indochina Time)
debug: Inspect cce:/internal/code-quality/cr.mjs
debug: Detected change: file:///D:/PA_2024/3D/FishIO/FishIO_Op11/assets/Script/Game/Responsive.ts. Last mtime: Mon Mar 25 2024 10:50:48 GMT+0700 (Indochina Time)@2c659772-c9c6-4e48-b5cb-118a64f1a17c, Current mtime: Mon Mar 25 2024 11:07:45 GMT+0700 (Indochina Time)@2c659772-c9c6-4e48-b5cb-118a64f1a17c
debug: Inspect file:///D:/PA_2024/3D/FishIO/FishIO_Op11/assets/Script/Game/Responsive.ts
debug: Resolve cce:/internal/code-quality/cr.mjs from file:///D:/PA_2024/3D/FishIO/FishIO_Op11/assets/Script/Game/Responsive.ts as cce:/internal/code-quality/cr.mjs.
debug: Resolve cc from file:///D:/PA_2024/3D/FishIO/FishIO_Op11/assets/Script/Game/Responsive.ts as cce:/internal/x/cc.
debug: Resolve cc from file:///D:/PA_2024/3D/FishIO/FishIO_Op11/assets/Script/Game/Responsive.ts as cce:/internal/x/cc.
debug: Resolve ./GamePlay from file:///D:/PA_2024/3D/FishIO/FishIO_Op11/assets/Script/Game/Responsive.ts as file:///D:/PA_2024/3D/FishIO/FishIO_Op11/assets/Script/Game/GamePlay.ts.
debug: Resolve ../Data/constants from file:///D:/PA_2024/3D/FishIO/FishIO_Op11/assets/Script/Game/Responsive.ts as file:///D:/PA_2024/3D/FishIO/FishIO_Op11/assets/Script/Data/constants.ts.
debug: Resolve ./UIController from file:///D:/PA_2024/3D/FishIO/FishIO_Op11/assets/Script/Game/Responsive.ts as file:///D:/PA_2024/3D/FishIO/FishIO_Op11/assets/Script/Game/UIController.ts.
debug: Target(preview) ends with cost 2159.9362999796867ms.
debug: Dispatch build request for time accumulated 1 asset changes.
debug: Build iteration starts.
Number of accumulated asset changes: 1
Feature changed: false
debug: Target(editor) build started.
debug: Detected change: cce:/internal/x/prerequisite-imports. Last mtime: Thu Jan 01 1970 08:00:11 GMT+0800 (Indochina Time), Current mtime: Thu Jan 01 1970 08:01:34 GMT+0800 (Indochina Time)
debug: Inspect cce:/internal/x/prerequisite-imports
debug: Resolve file:///D:/PA_2024/3D/FishIO/FishIO_Op11/assets/Script/Data/constants.ts from cce:/internal/x/prerequisite-imports as file:///D:/PA_2024/3D/FishIO/FishIO_Op11/assets/Script/Data/constants.ts.
debug: Resolve file:///D:/PA_2024/3D/FishIO/FishIO_Op11/assets/Script/Game/AudioManager.ts from cce:/internal/x/prerequisite-imports as file:///D:/PA_2024/3D/FishIO/FishIO_Op11/assets/Script/Game/AudioManager.ts.
debug: Resolve file:///D:/PA_2024/3D/FishIO/FishIO_Op11/assets/Script/Game/GameController.ts from cce:/internal/x/prerequisite-imports as file:///D:/PA_2024/3D/FishIO/FishIO_Op11/assets/Script/Game/GameController.ts.
debug: Resolve file:///D:/PA_2024/3D/FishIO/FishIO_Op11/assets/Script/Game/GamePlay.ts from cce:/internal/x/prerequisite-imports as file:///D:/PA_2024/3D/FishIO/FishIO_Op11/assets/Script/Game/GamePlay.ts.
debug: Resolve file:///D:/PA_2024/3D/FishIO/FishIO_Op11/assets/Script/Game/Responsive.ts from cce:/internal/x/prerequisite-imports as file:///D:/PA_2024/3D/FishIO/FishIO_Op11/assets/Script/Game/Responsive.ts.
debug: Resolve file:///D:/PA_2024/3D/FishIO/FishIO_Op11/assets/Script/Game/UIController.ts from cce:/internal/x/prerequisite-imports as file:///D:/PA_2024/3D/FishIO/FishIO_Op11/assets/Script/Game/UIController.ts.
debug: Detected change: file:///D:/PA_2024/3D/FishIO/FishIO_Op11/assets/Script/Game/GamePlay.ts. Last mtime: Mon Mar 25 2024 11:03:30 GMT+0700 (Indochina Time)@d6ba2e81-5fd5-455a-bbcd-d756b03ebf0b, Current mtime: Mon Mar 25 2024 11:09:27 GMT+0700 (Indochina Time)@d6ba2e81-5fd5-455a-bbcd-d756b03ebf0b
debug: Inspect file:///D:/PA_2024/3D/FishIO/FishIO_Op11/assets/Script/Game/GamePlay.ts
debug: Resolve cce:/internal/code-quality/cr.mjs from file:///D:/PA_2024/3D/FishIO/FishIO_Op11/assets/Script/Game/GamePlay.ts as cce:/internal/code-quality/cr.mjs.
debug: Resolve cc from file:///D:/PA_2024/3D/FishIO/FishIO_Op11/assets/Script/Game/GamePlay.ts as cce:/internal/x/cc.
debug: Resolve cc from file:///D:/PA_2024/3D/FishIO/FishIO_Op11/assets/Script/Game/GamePlay.ts as cce:/internal/x/cc.
debug: Resolve ./GameController from file:///D:/PA_2024/3D/FishIO/FishIO_Op11/assets/Script/Game/GamePlay.ts as file:///D:/PA_2024/3D/FishIO/FishIO_Op11/assets/Script/Game/GameController.ts.
debug: Resolve ./AudioManager from file:///D:/PA_2024/3D/FishIO/FishIO_Op11/assets/Script/Game/GamePlay.ts as file:///D:/PA_2024/3D/FishIO/FishIO_Op11/assets/Script/Game/AudioManager.ts.
debug: Resolve ../Data/constants from file:///D:/PA_2024/3D/FishIO/FishIO_Op11/assets/Script/Game/GamePlay.ts as file:///D:/PA_2024/3D/FishIO/FishIO_Op11/assets/Script/Data/constants.ts.
debug: Resolve ./UIController from file:///D:/PA_2024/3D/FishIO/FishIO_Op11/assets/Script/Game/GamePlay.ts as file:///D:/PA_2024/3D/FishIO/FishIO_Op11/assets/Script/Game/UIController.ts.
debug: Target(editor) ends with cost 189.27590000629425ms.
debug: Target(preview) build started.
debug: Detected change: cce:/internal/x/prerequisite-imports. Last mtime: Thu Jan 01 1970 08:00:15 GMT+0800 (Indochina Time), Current mtime: Thu Jan 01 1970 08:01:34 GMT+0800 (Indochina Time)
debug: Inspect cce:/internal/x/prerequisite-imports
debug: Resolve file:///D:/PA_2024/3D/FishIO/FishIO_Op11/assets/Script/Data/constants.ts from cce:/internal/x/prerequisite-imports as file:///D:/PA_2024/3D/FishIO/FishIO_Op11/assets/Script/Data/constants.ts.
debug: Resolve file:///D:/PA_2024/3D/FishIO/FishIO_Op11/assets/Script/Game/AudioManager.ts from cce:/internal/x/prerequisite-imports as file:///D:/PA_2024/3D/FishIO/FishIO_Op11/assets/Script/Game/AudioManager.ts.
debug: Resolve file:///D:/PA_2024/3D/FishIO/FishIO_Op11/assets/Script/Game/GameController.ts from cce:/internal/x/prerequisite-imports as file:///D:/PA_2024/3D/FishIO/FishIO_Op11/assets/Script/Game/GameController.ts.
debug: Resolve file:///D:/PA_2024/3D/FishIO/FishIO_Op11/assets/Script/Game/GamePlay.ts from cce:/internal/x/prerequisite-imports as file:///D:/PA_2024/3D/FishIO/FishIO_Op11/assets/Script/Game/GamePlay.ts.
debug: Resolve file:///D:/PA_2024/3D/FishIO/FishIO_Op11/assets/Script/Game/Responsive.ts from cce:/internal/x/prerequisite-imports as file:///D:/PA_2024/3D/FishIO/FishIO_Op11/assets/Script/Game/Responsive.ts.
debug: Resolve file:///D:/PA_2024/3D/FishIO/FishIO_Op11/assets/Script/Game/UIController.ts from cce:/internal/x/prerequisite-imports as file:///D:/PA_2024/3D/FishIO/FishIO_Op11/assets/Script/Game/UIController.ts.
debug: Detected change: file:///D:/PA_2024/3D/FishIO/FishIO_Op11/assets/Script/Game/GamePlay.ts. Last mtime: Mon Mar 25 2024 11:03:30 GMT+0700 (Indochina Time)@d6ba2e81-5fd5-455a-bbcd-d756b03ebf0b, Current mtime: Mon Mar 25 2024 11:09:27 GMT+0700 (Indochina Time)@d6ba2e81-5fd5-455a-bbcd-d756b03ebf0b
debug: Inspect file:///D:/PA_2024/3D/FishIO/FishIO_Op11/assets/Script/Game/GamePlay.ts
debug: Resolve cce:/internal/code-quality/cr.mjs from file:///D:/PA_2024/3D/FishIO/FishIO_Op11/assets/Script/Game/GamePlay.ts as cce:/internal/code-quality/cr.mjs.
debug: Resolve cc from file:///D:/PA_2024/3D/FishIO/FishIO_Op11/assets/Script/Game/GamePlay.ts as cce:/internal/x/cc.
debug: Resolve cc from file:///D:/PA_2024/3D/FishIO/FishIO_Op11/assets/Script/Game/GamePlay.ts as cce:/internal/x/cc.
debug: Resolve ./GameController from file:///D:/PA_2024/3D/FishIO/FishIO_Op11/assets/Script/Game/GamePlay.ts as file:///D:/PA_2024/3D/FishIO/FishIO_Op11/assets/Script/Game/GameController.ts.
debug: Resolve ./AudioManager from file:///D:/PA_2024/3D/FishIO/FishIO_Op11/assets/Script/Game/GamePlay.ts as file:///D:/PA_2024/3D/FishIO/FishIO_Op11/assets/Script/Game/AudioManager.ts.
debug: Resolve ../Data/constants from file:///D:/PA_2024/3D/FishIO/FishIO_Op11/assets/Script/Game/GamePlay.ts as file:///D:/PA_2024/3D/FishIO/FishIO_Op11/assets/Script/Data/constants.ts.
debug: Resolve ./UIController from file:///D:/PA_2024/3D/FishIO/FishIO_Op11/assets/Script/Game/GamePlay.ts as file:///D:/PA_2024/3D/FishIO/FishIO_Op11/assets/Script/Game/UIController.ts.
debug: Target(preview) ends with cost 137.89800000190735ms.
debug: Dispatch build request for time accumulated 1 asset changes.
debug: Build iteration starts.
Number of accumulated asset changes: 1
Feature changed: false
debug: Target(editor) build started.
debug: Detected change: cce:/internal/x/prerequisite-imports. Last mtime: Thu Jan 01 1970 08:01:34 GMT+0800 (Indochina Time), Current mtime: Thu Jan 01 1970 08:03:22 GMT+0800 (Indochina Time)
debug: Inspect cce:/internal/x/prerequisite-imports
debug: Resolve file:///D:/PA_2024/3D/FishIO/FishIO_Op11/assets/Script/Data/constants.ts from cce:/internal/x/prerequisite-imports as file:///D:/PA_2024/3D/FishIO/FishIO_Op11/assets/Script/Data/constants.ts.
debug: Resolve file:///D:/PA_2024/3D/FishIO/FishIO_Op11/assets/Script/Game/AudioManager.ts from cce:/internal/x/prerequisite-imports as file:///D:/PA_2024/3D/FishIO/FishIO_Op11/assets/Script/Game/AudioManager.ts.
debug: Resolve file:///D:/PA_2024/3D/FishIO/FishIO_Op11/assets/Script/Game/GameController.ts from cce:/internal/x/prerequisite-imports as file:///D:/PA_2024/3D/FishIO/FishIO_Op11/assets/Script/Game/GameController.ts.
debug: Resolve file:///D:/PA_2024/3D/FishIO/FishIO_Op11/assets/Script/Game/GamePlay.ts from cce:/internal/x/prerequisite-imports as file:///D:/PA_2024/3D/FishIO/FishIO_Op11/assets/Script/Game/GamePlay.ts.
debug: Resolve file:///D:/PA_2024/3D/FishIO/FishIO_Op11/assets/Script/Game/Responsive.ts from cce:/internal/x/prerequisite-imports as file:///D:/PA_2024/3D/FishIO/FishIO_Op11/assets/Script/Game/Responsive.ts.
debug: Resolve file:///D:/PA_2024/3D/FishIO/FishIO_Op11/assets/Script/Game/UIController.ts from cce:/internal/x/prerequisite-imports as file:///D:/PA_2024/3D/FishIO/FishIO_Op11/assets/Script/Game/UIController.ts.
debug: Detected change: file:///D:/PA_2024/3D/FishIO/FishIO_Op11/assets/Script/Game/GamePlay.ts. Last mtime: Mon Mar 25 2024 11:09:27 GMT+0700 (Indochina Time)@d6ba2e81-5fd5-455a-bbcd-d756b03ebf0b, Current mtime: Mon Mar 25 2024 11:11:12 GMT+0700 (Indochina Time)@d6ba2e81-5fd5-455a-bbcd-d756b03ebf0b
debug: Inspect file:///D:/PA_2024/3D/FishIO/FishIO_Op11/assets/Script/Game/GamePlay.ts
debug: Resolve cce:/internal/code-quality/cr.mjs from file:///D:/PA_2024/3D/FishIO/FishIO_Op11/assets/Script/Game/GamePlay.ts as cce:/internal/code-quality/cr.mjs.
debug: Resolve cc from file:///D:/PA_2024/3D/FishIO/FishIO_Op11/assets/Script/Game/GamePlay.ts as cce:/internal/x/cc.
debug: Resolve cc from file:///D:/PA_2024/3D/FishIO/FishIO_Op11/assets/Script/Game/GamePlay.ts as cce:/internal/x/cc.
debug: Resolve ./GameController from file:///D:/PA_2024/3D/FishIO/FishIO_Op11/assets/Script/Game/GamePlay.ts as file:///D:/PA_2024/3D/FishIO/FishIO_Op11/assets/Script/Game/GameController.ts.
debug: Resolve ./AudioManager from file:///D:/PA_2024/3D/FishIO/FishIO_Op11/assets/Script/Game/GamePlay.ts as file:///D:/PA_2024/3D/FishIO/FishIO_Op11/assets/Script/Game/AudioManager.ts.
debug: Resolve ../Data/constants from file:///D:/PA_2024/3D/FishIO/FishIO_Op11/assets/Script/Game/GamePlay.ts as file:///D:/PA_2024/3D/FishIO/FishIO_Op11/assets/Script/Data/constants.ts.
debug: Resolve ./UIController from file:///D:/PA_2024/3D/FishIO/FishIO_Op11/assets/Script/Game/GamePlay.ts as file:///D:/PA_2024/3D/FishIO/FishIO_Op11/assets/Script/Game/UIController.ts.
debug: Target(editor) ends with cost 120.37319999933243ms.
debug: Target(preview) build started.
debug: Detected change: cce:/internal/x/prerequisite-imports. Last mtime: Thu Jan 01 1970 08:01:34 GMT+0800 (Indochina Time), Current mtime: Thu Jan 01 1970 08:03:22 GMT+0800 (Indochina Time)
debug: Inspect cce:/internal/x/prerequisite-imports
debug: Resolve file:///D:/PA_2024/3D/FishIO/FishIO_Op11/assets/Script/Data/constants.ts from cce:/internal/x/prerequisite-imports as file:///D:/PA_2024/3D/FishIO/FishIO_Op11/assets/Script/Data/constants.ts.
debug: Resolve file:///D:/PA_2024/3D/FishIO/FishIO_Op11/assets/Script/Game/AudioManager.ts from cce:/internal/x/prerequisite-imports as file:///D:/PA_2024/3D/FishIO/FishIO_Op11/assets/Script/Game/AudioManager.ts.
debug: Resolve file:///D:/PA_2024/3D/FishIO/FishIO_Op11/assets/Script/Game/GameController.ts from cce:/internal/x/prerequisite-imports as file:///D:/PA_2024/3D/FishIO/FishIO_Op11/assets/Script/Game/GameController.ts.
debug: Resolve file:///D:/PA_2024/3D/FishIO/FishIO_Op11/assets/Script/Game/GamePlay.ts from cce:/internal/x/prerequisite-imports as file:///D:/PA_2024/3D/FishIO/FishIO_Op11/assets/Script/Game/GamePlay.ts.
debug: Resolve file:///D:/PA_2024/3D/FishIO/FishIO_Op11/assets/Script/Game/Responsive.ts from cce:/internal/x/prerequisite-imports as file:///D:/PA_2024/3D/FishIO/FishIO_Op11/assets/Script/Game/Responsive.ts.
debug: Resolve file:///D:/PA_2024/3D/FishIO/FishIO_Op11/assets/Script/Game/UIController.ts from cce:/internal/x/prerequisite-imports as file:///D:/PA_2024/3D/FishIO/FishIO_Op11/assets/Script/Game/UIController.ts.
debug: Detected change: file:///D:/PA_2024/3D/FishIO/FishIO_Op11/assets/Script/Game/GamePlay.ts. Last mtime: Mon Mar 25 2024 11:09:27 GMT+0700 (Indochina Time)@d6ba2e81-5fd5-455a-bbcd-d756b03ebf0b, Current mtime: Mon Mar 25 2024 11:11:12 GMT+0700 (Indochina Time)@d6ba2e81-5fd5-455a-bbcd-d756b03ebf0b
debug: Inspect file:///D:/PA_2024/3D/FishIO/FishIO_Op11/assets/Script/Game/GamePlay.ts
debug: Resolve cce:/internal/code-quality/cr.mjs from file:///D:/PA_2024/3D/FishIO/FishIO_Op11/assets/Script/Game/GamePlay.ts as cce:/internal/code-quality/cr.mjs.
debug: Resolve cc from file:///D:/PA_2024/3D/FishIO/FishIO_Op11/assets/Script/Game/GamePlay.ts as cce:/internal/x/cc.
debug: Resolve cc from file:///D:/PA_2024/3D/FishIO/FishIO_Op11/assets/Script/Game/GamePlay.ts as cce:/internal/x/cc.
debug: Resolve ./GameController from file:///D:/PA_2024/3D/FishIO/FishIO_Op11/assets/Script/Game/GamePlay.ts as file:///D:/PA_2024/3D/FishIO/FishIO_Op11/assets/Script/Game/GameController.ts.
debug: Resolve ./AudioManager from file:///D:/PA_2024/3D/FishIO/FishIO_Op11/assets/Script/Game/GamePlay.ts as file:///D:/PA_2024/3D/FishIO/FishIO_Op11/assets/Script/Game/AudioManager.ts.
debug: Resolve ../Data/constants from file:///D:/PA_2024/3D/FishIO/FishIO_Op11/assets/Script/Game/GamePlay.ts as file:///D:/PA_2024/3D/FishIO/FishIO_Op11/assets/Script/Data/constants.ts.
debug: Resolve ./UIController from file:///D:/PA_2024/3D/FishIO/FishIO_Op11/assets/Script/Game/GamePlay.ts as file:///D:/PA_2024/3D/FishIO/FishIO_Op11/assets/Script/Game/UIController.ts.
debug: Target(preview) ends with cost 110.84959995746613ms.
debug: Dispatch build request for time accumulated 1 asset changes.
debug: Build iteration starts.
Number of accumulated asset changes: 1
Feature changed: false
debug: Target(editor) build started.
debug: Detected change: cce:/internal/x/prerequisite-imports. Last mtime: Thu Jan 01 1970 08:03:22 GMT+0800 (Indochina Time), Current mtime: Thu Jan 01 1970 08:05:25 GMT+0800 (Indochina Time)
debug: Inspect cce:/internal/x/prerequisite-imports
debug: Resolve file:///D:/PA_2024/3D/FishIO/FishIO_Op11/assets/Script/Data/constants.ts from cce:/internal/x/prerequisite-imports as file:///D:/PA_2024/3D/FishIO/FishIO_Op11/assets/Script/Data/constants.ts.
debug: Resolve file:///D:/PA_2024/3D/FishIO/FishIO_Op11/assets/Script/Game/AudioManager.ts from cce:/internal/x/prerequisite-imports as file:///D:/PA_2024/3D/FishIO/FishIO_Op11/assets/Script/Game/AudioManager.ts.
debug: Resolve file:///D:/PA_2024/3D/FishIO/FishIO_Op11/assets/Script/Game/GameController.ts from cce:/internal/x/prerequisite-imports as file:///D:/PA_2024/3D/FishIO/FishIO_Op11/assets/Script/Game/GameController.ts.
debug: Resolve file:///D:/PA_2024/3D/FishIO/FishIO_Op11/assets/Script/Game/GamePlay.ts from cce:/internal/x/prerequisite-imports as file:///D:/PA_2024/3D/FishIO/FishIO_Op11/assets/Script/Game/GamePlay.ts.
debug: Resolve file:///D:/PA_2024/3D/FishIO/FishIO_Op11/assets/Script/Game/Responsive.ts from cce:/internal/x/prerequisite-imports as file:///D:/PA_2024/3D/FishIO/FishIO_Op11/assets/Script/Game/Responsive.ts.
debug: Resolve file:///D:/PA_2024/3D/FishIO/FishIO_Op11/assets/Script/Game/UIController.ts from cce:/internal/x/prerequisite-imports as file:///D:/PA_2024/3D/FishIO/FishIO_Op11/assets/Script/Game/UIController.ts.
debug: Detected change: file:///D:/PA_2024/3D/FishIO/FishIO_Op11/assets/Script/Game/GamePlay.ts. Last mtime: Mon Mar 25 2024 11:11:12 GMT+0700 (Indochina Time)@d6ba2e81-5fd5-455a-bbcd-d756b03ebf0b, Current mtime: Mon Mar 25 2024 11:13:18 GMT+0700 (Indochina Time)@d6ba2e81-5fd5-455a-bbcd-d756b03ebf0b
debug: Inspect file:///D:/PA_2024/3D/FishIO/FishIO_Op11/assets/Script/Game/GamePlay.ts
debug: Resolve cce:/internal/code-quality/cr.mjs from file:///D:/PA_2024/3D/FishIO/FishIO_Op11/assets/Script/Game/GamePlay.ts as cce:/internal/code-quality/cr.mjs.
debug: Resolve cc from file:///D:/PA_2024/3D/FishIO/FishIO_Op11/assets/Script/Game/GamePlay.ts as cce:/internal/x/cc.
debug: Resolve cc from file:///D:/PA_2024/3D/FishIO/FishIO_Op11/assets/Script/Game/GamePlay.ts as cce:/internal/x/cc.
debug: Resolve ./GameController from file:///D:/PA_2024/3D/FishIO/FishIO_Op11/assets/Script/Game/GamePlay.ts as file:///D:/PA_2024/3D/FishIO/FishIO_Op11/assets/Script/Game/GameController.ts.
debug: Resolve ./AudioManager from file:///D:/PA_2024/3D/FishIO/FishIO_Op11/assets/Script/Game/GamePlay.ts as file:///D:/PA_2024/3D/FishIO/FishIO_Op11/assets/Script/Game/AudioManager.ts.
debug: Resolve ../Data/constants from file:///D:/PA_2024/3D/FishIO/FishIO_Op11/assets/Script/Game/GamePlay.ts as file:///D:/PA_2024/3D/FishIO/FishIO_Op11/assets/Script/Data/constants.ts.
debug: Resolve ./UIController from file:///D:/PA_2024/3D/FishIO/FishIO_Op11/assets/Script/Game/GamePlay.ts as file:///D:/PA_2024/3D/FishIO/FishIO_Op11/assets/Script/Game/UIController.ts.
debug: Target(editor) ends with cost 133.60040003061295ms.
debug: Target(preview) build started.
debug: Detected change: cce:/internal/x/prerequisite-imports. Last mtime: Thu Jan 01 1970 08:03:22 GMT+0800 (Indochina Time), Current mtime: Thu Jan 01 1970 08:05:25 GMT+0800 (Indochina Time)
debug: Inspect cce:/internal/x/prerequisite-imports
debug: Resolve file:///D:/PA_2024/3D/FishIO/FishIO_Op11/assets/Script/Data/constants.ts from cce:/internal/x/prerequisite-imports as file:///D:/PA_2024/3D/FishIO/FishIO_Op11/assets/Script/Data/constants.ts.
debug: Resolve file:///D:/PA_2024/3D/FishIO/FishIO_Op11/assets/Script/Game/AudioManager.ts from cce:/internal/x/prerequisite-imports as file:///D:/PA_2024/3D/FishIO/FishIO_Op11/assets/Script/Game/AudioManager.ts.
debug: Resolve file:///D:/PA_2024/3D/FishIO/FishIO_Op11/assets/Script/Game/GameController.ts from cce:/internal/x/prerequisite-imports as file:///D:/PA_2024/3D/FishIO/FishIO_Op11/assets/Script/Game/GameController.ts.
debug: Resolve file:///D:/PA_2024/3D/FishIO/FishIO_Op11/assets/Script/Game/GamePlay.ts from cce:/internal/x/prerequisite-imports as file:///D:/PA_2024/3D/FishIO/FishIO_Op11/assets/Script/Game/GamePlay.ts.
debug: Resolve file:///D:/PA_2024/3D/FishIO/FishIO_Op11/assets/Script/Game/Responsive.ts from cce:/internal/x/prerequisite-imports as file:///D:/PA_2024/3D/FishIO/FishIO_Op11/assets/Script/Game/Responsive.ts.
debug: Resolve file:///D:/PA_2024/3D/FishIO/FishIO_Op11/assets/Script/Game/UIController.ts from cce:/internal/x/prerequisite-imports as file:///D:/PA_2024/3D/FishIO/FishIO_Op11/assets/Script/Game/UIController.ts.
debug: Detected change: file:///D:/PA_2024/3D/FishIO/FishIO_Op11/assets/Script/Game/GamePlay.ts. Last mtime: Mon Mar 25 2024 11:11:12 GMT+0700 (Indochina Time)@d6ba2e81-5fd5-455a-bbcd-d756b03ebf0b, Current mtime: Mon Mar 25 2024 11:13:18 GMT+0700 (Indochina Time)@d6ba2e81-5fd5-455a-bbcd-d756b03ebf0b
debug: Inspect file:///D:/PA_2024/3D/FishIO/FishIO_Op11/assets/Script/Game/GamePlay.ts
debug: Resolve cce:/internal/code-quality/cr.mjs from file:///D:/PA_2024/3D/FishIO/FishIO_Op11/assets/Script/Game/GamePlay.ts as cce:/internal/code-quality/cr.mjs.
debug: Resolve cc from file:///D:/PA_2024/3D/FishIO/FishIO_Op11/assets/Script/Game/GamePlay.ts as cce:/internal/x/cc.
debug: Resolve cc from file:///D:/PA_2024/3D/FishIO/FishIO_Op11/assets/Script/Game/GamePlay.ts as cce:/internal/x/cc.
debug: Resolve ./GameController from file:///D:/PA_2024/3D/FishIO/FishIO_Op11/assets/Script/Game/GamePlay.ts as file:///D:/PA_2024/3D/FishIO/FishIO_Op11/assets/Script/Game/GameController.ts.
debug: Resolve ./AudioManager from file:///D:/PA_2024/3D/FishIO/FishIO_Op11/assets/Script/Game/GamePlay.ts as file:///D:/PA_2024/3D/FishIO/FishIO_Op11/assets/Script/Game/AudioManager.ts.
debug: Resolve ../Data/constants from file:///D:/PA_2024/3D/FishIO/FishIO_Op11/assets/Script/Game/GamePlay.ts as file:///D:/PA_2024/3D/FishIO/FishIO_Op11/assets/Script/Data/constants.ts.
debug: Resolve ./UIController from file:///D:/PA_2024/3D/FishIO/FishIO_Op11/assets/Script/Game/GamePlay.ts as file:///D:/PA_2024/3D/FishIO/FishIO_Op11/assets/Script/Game/UIController.ts.
debug: Target(preview) ends with cost 129.82240003347397ms.
debug: Dispatch build request for time accumulated 1 asset changes.
debug: Build iteration starts.
Number of accumulated asset changes: 1
Feature changed: false
debug: Target(editor) build started.
debug: Detected change: cce:/internal/x/prerequisite-imports. Last mtime: Thu Jan 01 1970 08:05:25 GMT+0800 (Indochina Time), Current mtime: Thu Jan 01 1970 08:05:39 GMT+0800 (Indochina Time)
debug: Inspect cce:/internal/x/prerequisite-imports
debug: Resolve file:///D:/PA_2024/3D/FishIO/FishIO_Op11/assets/Script/Data/constants.ts from cce:/internal/x/prerequisite-imports as file:///D:/PA_2024/3D/FishIO/FishIO_Op11/assets/Script/Data/constants.ts.
debug: Resolve file:///D:/PA_2024/3D/FishIO/FishIO_Op11/assets/Script/Game/AudioManager.ts from cce:/internal/x/prerequisite-imports as file:///D:/PA_2024/3D/FishIO/FishIO_Op11/assets/Script/Game/AudioManager.ts.
debug: Resolve file:///D:/PA_2024/3D/FishIO/FishIO_Op11/assets/Script/Game/GameController.ts from cce:/internal/x/prerequisite-imports as file:///D:/PA_2024/3D/FishIO/FishIO_Op11/assets/Script/Game/GameController.ts.
debug: Resolve file:///D:/PA_2024/3D/FishIO/FishIO_Op11/assets/Script/Game/GamePlay.ts from cce:/internal/x/prerequisite-imports as file:///D:/PA_2024/3D/FishIO/FishIO_Op11/assets/Script/Game/GamePlay.ts.
debug: Resolve file:///D:/PA_2024/3D/FishIO/FishIO_Op11/assets/Script/Game/Responsive.ts from cce:/internal/x/prerequisite-imports as file:///D:/PA_2024/3D/FishIO/FishIO_Op11/assets/Script/Game/Responsive.ts.
debug: Resolve file:///D:/PA_2024/3D/FishIO/FishIO_Op11/assets/Script/Game/UIController.ts from cce:/internal/x/prerequisite-imports as file:///D:/PA_2024/3D/FishIO/FishIO_Op11/assets/Script/Game/UIController.ts.
debug: Detected change: file:///D:/PA_2024/3D/FishIO/FishIO_Op11/assets/Script/Game/GamePlay.ts. Last mtime: Mon Mar 25 2024 11:13:18 GMT+0700 (Indochina Time)@d6ba2e81-5fd5-455a-bbcd-d756b03ebf0b, Current mtime: Mon Mar 25 2024 11:13:32 GMT+0700 (Indochina Time)@d6ba2e81-5fd5-455a-bbcd-d756b03ebf0b
debug: Inspect file:///D:/PA_2024/3D/FishIO/FishIO_Op11/assets/Script/Game/GamePlay.ts
debug: Resolve cce:/internal/code-quality/cr.mjs from file:///D:/PA_2024/3D/FishIO/FishIO_Op11/assets/Script/Game/GamePlay.ts as cce:/internal/code-quality/cr.mjs.
debug: Resolve cc from file:///D:/PA_2024/3D/FishIO/FishIO_Op11/assets/Script/Game/GamePlay.ts as cce:/internal/x/cc.
debug: Resolve cc from file:///D:/PA_2024/3D/FishIO/FishIO_Op11/assets/Script/Game/GamePlay.ts as cce:/internal/x/cc.
debug: Resolve ./GameController from file:///D:/PA_2024/3D/FishIO/FishIO_Op11/assets/Script/Game/GamePlay.ts as file:///D:/PA_2024/3D/FishIO/FishIO_Op11/assets/Script/Game/GameController.ts.
debug: Resolve ./AudioManager from file:///D:/PA_2024/3D/FishIO/FishIO_Op11/assets/Script/Game/GamePlay.ts as file:///D:/PA_2024/3D/FishIO/FishIO_Op11/assets/Script/Game/AudioManager.ts.
debug: Resolve ../Data/constants from file:///D:/PA_2024/3D/FishIO/FishIO_Op11/assets/Script/Game/GamePlay.ts as file:///D:/PA_2024/3D/FishIO/FishIO_Op11/assets/Script/Data/constants.ts.
debug: Resolve ./UIController from file:///D:/PA_2024/3D/FishIO/FishIO_Op11/assets/Script/Game/GamePlay.ts as file:///D:/PA_2024/3D/FishIO/FishIO_Op11/assets/Script/Game/UIController.ts.
debug: Target(editor) ends with cost 114.60069996118546ms.
debug: Target(preview) build started.
debug: Detected change: cce:/internal/x/prerequisite-imports. Last mtime: Thu Jan 01 1970 08:05:25 GMT+0800 (Indochina Time), Current mtime: Thu Jan 01 1970 08:05:40 GMT+0800 (Indochina Time)
debug: Inspect cce:/internal/x/prerequisite-imports
debug: Resolve file:///D:/PA_2024/3D/FishIO/FishIO_Op11/assets/Script/Data/constants.ts from cce:/internal/x/prerequisite-imports as file:///D:/PA_2024/3D/FishIO/FishIO_Op11/assets/Script/Data/constants.ts.
debug: Resolve file:///D:/PA_2024/3D/FishIO/FishIO_Op11/assets/Script/Game/AudioManager.ts from cce:/internal/x/prerequisite-imports as file:///D:/PA_2024/3D/FishIO/FishIO_Op11/assets/Script/Game/AudioManager.ts.
debug: Resolve file:///D:/PA_2024/3D/FishIO/FishIO_Op11/assets/Script/Game/GameController.ts from cce:/internal/x/prerequisite-imports as file:///D:/PA_2024/3D/FishIO/FishIO_Op11/assets/Script/Game/GameController.ts.
debug: Resolve file:///D:/PA_2024/3D/FishIO/FishIO_Op11/assets/Script/Game/GamePlay.ts from cce:/internal/x/prerequisite-imports as file:///D:/PA_2024/3D/FishIO/FishIO_Op11/assets/Script/Game/GamePlay.ts.
debug: Resolve file:///D:/PA_2024/3D/FishIO/FishIO_Op11/assets/Script/Game/Responsive.ts from cce:/internal/x/prerequisite-imports as file:///D:/PA_2024/3D/FishIO/FishIO_Op11/assets/Script/Game/Responsive.ts.
debug: Resolve file:///D:/PA_2024/3D/FishIO/FishIO_Op11/assets/Script/Game/UIController.ts from cce:/internal/x/prerequisite-imports as file:///D:/PA_2024/3D/FishIO/FishIO_Op11/assets/Script/Game/UIController.ts.
debug: Detected change: file:///D:/PA_2024/3D/FishIO/FishIO_Op11/assets/Script/Game/GamePlay.ts. Last mtime: Mon Mar 25 2024 11:13:18 GMT+0700 (Indochina Time)@d6ba2e81-5fd5-455a-bbcd-d756b03ebf0b, Current mtime: Mon Mar 25 2024 11:13:32 GMT+0700 (Indochina Time)@d6ba2e81-5fd5-455a-bbcd-d756b03ebf0b
debug: Inspect file:///D:/PA_2024/3D/FishIO/FishIO_Op11/assets/Script/Game/GamePlay.ts
debug: Resolve cce:/internal/code-quality/cr.mjs from file:///D:/PA_2024/3D/FishIO/FishIO_Op11/assets/Script/Game/GamePlay.ts as cce:/internal/code-quality/cr.mjs.
debug: Resolve cc from file:///D:/PA_2024/3D/FishIO/FishIO_Op11/assets/Script/Game/GamePlay.ts as cce:/internal/x/cc.
debug: Resolve cc from file:///D:/PA_2024/3D/FishIO/FishIO_Op11/assets/Script/Game/GamePlay.ts as cce:/internal/x/cc.
debug: Resolve ./GameController from file:///D:/PA_2024/3D/FishIO/FishIO_Op11/assets/Script/Game/GamePlay.ts as file:///D:/PA_2024/3D/FishIO/FishIO_Op11/assets/Script/Game/GameController.ts.
debug: Resolve ./AudioManager from file:///D:/PA_2024/3D/FishIO/FishIO_Op11/assets/Script/Game/GamePlay.ts as file:///D:/PA_2024/3D/FishIO/FishIO_Op11/assets/Script/Game/AudioManager.ts.
debug: Resolve ../Data/constants from file:///D:/PA_2024/3D/FishIO/FishIO_Op11/assets/Script/Game/GamePlay.ts as file:///D:/PA_2024/3D/FishIO/FishIO_Op11/assets/Script/Data/constants.ts.
debug: Resolve ./UIController from file:///D:/PA_2024/3D/FishIO/FishIO_Op11/assets/Script/Game/GamePlay.ts as file:///D:/PA_2024/3D/FishIO/FishIO_Op11/assets/Script/Game/UIController.ts.
debug: Target(preview) ends with cost 161.962700009346ms.
debug: Dispatch build request for time accumulated 1 asset changes.
debug: Build iteration starts.
Number of accumulated asset changes: 1
Feature changed: false
debug: Target(editor) build started.
debug: Detected change: cce:/internal/x/prerequisite-imports. Last mtime: Thu Jan 01 1970 08:05:39 GMT+0800 (Indochina Time), Current mtime: Thu Jan 01 1970 08:06:33 GMT+0800 (Indochina Time)
debug: Inspect cce:/internal/x/prerequisite-imports
debug: Resolve file:///D:/PA_2024/3D/FishIO/FishIO_Op11/assets/Script/Data/constants.ts from cce:/internal/x/prerequisite-imports as file:///D:/PA_2024/3D/FishIO/FishIO_Op11/assets/Script/Data/constants.ts.
debug: Resolve file:///D:/PA_2024/3D/FishIO/FishIO_Op11/assets/Script/Game/AudioManager.ts from cce:/internal/x/prerequisite-imports as file:///D:/PA_2024/3D/FishIO/FishIO_Op11/assets/Script/Game/AudioManager.ts.
debug: Resolve file:///D:/PA_2024/3D/FishIO/FishIO_Op11/assets/Script/Game/GameController.ts from cce:/internal/x/prerequisite-imports as file:///D:/PA_2024/3D/FishIO/FishIO_Op11/assets/Script/Game/GameController.ts.
debug: Resolve file:///D:/PA_2024/3D/FishIO/FishIO_Op11/assets/Script/Game/GamePlay.ts from cce:/internal/x/prerequisite-imports as file:///D:/PA_2024/3D/FishIO/FishIO_Op11/assets/Script/Game/GamePlay.ts.
debug: Resolve file:///D:/PA_2024/3D/FishIO/FishIO_Op11/assets/Script/Game/Responsive.ts from cce:/internal/x/prerequisite-imports as file:///D:/PA_2024/3D/FishIO/FishIO_Op11/assets/Script/Game/Responsive.ts.
debug: Resolve file:///D:/PA_2024/3D/FishIO/FishIO_Op11/assets/Script/Game/UIController.ts from cce:/internal/x/prerequisite-imports as file:///D:/PA_2024/3D/FishIO/FishIO_Op11/assets/Script/Game/UIController.ts.
debug: Detected change: file:///D:/PA_2024/3D/FishIO/FishIO_Op11/assets/Script/Game/GamePlay.ts. Last mtime: Mon Mar 25 2024 11:13:32 GMT+0700 (Indochina Time)@d6ba2e81-5fd5-455a-bbcd-d756b03ebf0b, Current mtime: Mon Mar 25 2024 11:14:26 GMT+0700 (Indochina Time)@d6ba2e81-5fd5-455a-bbcd-d756b03ebf0b
debug: Inspect file:///D:/PA_2024/3D/FishIO/FishIO_Op11/assets/Script/Game/GamePlay.ts
debug: Resolve cce:/internal/code-quality/cr.mjs from file:///D:/PA_2024/3D/FishIO/FishIO_Op11/assets/Script/Game/GamePlay.ts as cce:/internal/code-quality/cr.mjs.
debug: Resolve cc from file:///D:/PA_2024/3D/FishIO/FishIO_Op11/assets/Script/Game/GamePlay.ts as cce:/internal/x/cc.
debug: Resolve cc from file:///D:/PA_2024/3D/FishIO/FishIO_Op11/assets/Script/Game/GamePlay.ts as cce:/internal/x/cc.
debug: Resolve ./GameController from file:///D:/PA_2024/3D/FishIO/FishIO_Op11/assets/Script/Game/GamePlay.ts as file:///D:/PA_2024/3D/FishIO/FishIO_Op11/assets/Script/Game/GameController.ts.
debug: Resolve ./AudioManager from file:///D:/PA_2024/3D/FishIO/FishIO_Op11/assets/Script/Game/GamePlay.ts as file:///D:/PA_2024/3D/FishIO/FishIO_Op11/assets/Script/Game/AudioManager.ts.
debug: Resolve ../Data/constants from file:///D:/PA_2024/3D/FishIO/FishIO_Op11/assets/Script/Game/GamePlay.ts as file:///D:/PA_2024/3D/FishIO/FishIO_Op11/assets/Script/Data/constants.ts.
debug: Resolve ./UIController from file:///D:/PA_2024/3D/FishIO/FishIO_Op11/assets/Script/Game/GamePlay.ts as file:///D:/PA_2024/3D/FishIO/FishIO_Op11/assets/Script/Game/UIController.ts.
debug: Target(editor) ends with cost 114.45539999008179ms.
debug: Target(preview) build started.
debug: Detected change: cce:/internal/x/prerequisite-imports. Last mtime: Thu Jan 01 1970 08:05:40 GMT+0800 (Indochina Time), Current mtime: Thu Jan 01 1970 08:06:33 GMT+0800 (Indochina Time)
debug: Inspect cce:/internal/x/prerequisite-imports
debug: Resolve file:///D:/PA_2024/3D/FishIO/FishIO_Op11/assets/Script/Data/constants.ts from cce:/internal/x/prerequisite-imports as file:///D:/PA_2024/3D/FishIO/FishIO_Op11/assets/Script/Data/constants.ts.
debug: Resolve file:///D:/PA_2024/3D/FishIO/FishIO_Op11/assets/Script/Game/AudioManager.ts from cce:/internal/x/prerequisite-imports as file:///D:/PA_2024/3D/FishIO/FishIO_Op11/assets/Script/Game/AudioManager.ts.
debug: Resolve file:///D:/PA_2024/3D/FishIO/FishIO_Op11/assets/Script/Game/GameController.ts from cce:/internal/x/prerequisite-imports as file:///D:/PA_2024/3D/FishIO/FishIO_Op11/assets/Script/Game/GameController.ts.
debug: Resolve file:///D:/PA_2024/3D/FishIO/FishIO_Op11/assets/Script/Game/GamePlay.ts from cce:/internal/x/prerequisite-imports as file:///D:/PA_2024/3D/FishIO/FishIO_Op11/assets/Script/Game/GamePlay.ts.
debug: Resolve file:///D:/PA_2024/3D/FishIO/FishIO_Op11/assets/Script/Game/Responsive.ts from cce:/internal/x/prerequisite-imports as file:///D:/PA_2024/3D/FishIO/FishIO_Op11/assets/Script/Game/Responsive.ts.
debug: Resolve file:///D:/PA_2024/3D/FishIO/FishIO_Op11/assets/Script/Game/UIController.ts from cce:/internal/x/prerequisite-imports as file:///D:/PA_2024/3D/FishIO/FishIO_Op11/assets/Script/Game/UIController.ts.
debug: Detected change: file:///D:/PA_2024/3D/FishIO/FishIO_Op11/assets/Script/Game/GamePlay.ts. Last mtime: Mon Mar 25 2024 11:13:32 GMT+0700 (Indochina Time)@d6ba2e81-5fd5-455a-bbcd-d756b03ebf0b, Current mtime: Mon Mar 25 2024 11:14:26 GMT+0700 (Indochina Time)@d6ba2e81-5fd5-455a-bbcd-d756b03ebf0b
debug: Inspect file:///D:/PA_2024/3D/FishIO/FishIO_Op11/assets/Script/Game/GamePlay.ts
debug: Resolve cce:/internal/code-quality/cr.mjs from file:///D:/PA_2024/3D/FishIO/FishIO_Op11/assets/Script/Game/GamePlay.ts as cce:/internal/code-quality/cr.mjs.
debug: Resolve cc from file:///D:/PA_2024/3D/FishIO/FishIO_Op11/assets/Script/Game/GamePlay.ts as cce:/internal/x/cc.
debug: Resolve cc from file:///D:/PA_2024/3D/FishIO/FishIO_Op11/assets/Script/Game/GamePlay.ts as cce:/internal/x/cc.
debug: Resolve ./GameController from file:///D:/PA_2024/3D/FishIO/FishIO_Op11/assets/Script/Game/GamePlay.ts as file:///D:/PA_2024/3D/FishIO/FishIO_Op11/assets/Script/Game/GameController.ts.
debug: Resolve ./UIController from file:///D:/PA_2024/3D/FishIO/FishIO_Op11/assets/Script/Game/GamePlay.ts as file:///D:/PA_2024/3D/FishIO/FishIO_Op11/assets/Script/Game/UIController.ts.
debug: Resolve ./AudioManager from file:///D:/PA_2024/3D/FishIO/FishIO_Op11/assets/Script/Game/GamePlay.ts as file:///D:/PA_2024/3D/FishIO/FishIO_Op11/assets/Script/Game/AudioManager.ts.
debug: Resolve ../Data/constants from file:///D:/PA_2024/3D/FishIO/FishIO_Op11/assets/Script/Game/GamePlay.ts as file:///D:/PA_2024/3D/FishIO/FishIO_Op11/assets/Script/Data/constants.ts.
debug: Target(preview) ends with cost 137.19539999961853ms.
debug: Dispatch build request for time accumulated 1 asset changes.
debug: Build iteration starts.
Number of accumulated asset changes: 1
Feature changed: false
debug: Target(editor) build started.
debug: Detected change: cce:/internal/x/prerequisite-imports. Last mtime: Thu Jan 01 1970 08:06:33 GMT+0800 (Indochina Time), Current mtime: Thu Jan 01 1970 08:07:55 GMT+0800 (Indochina Time)
debug: Inspect cce:/internal/x/prerequisite-imports
debug: Resolve file:///D:/PA_2024/3D/FishIO/FishIO_Op11/assets/Script/Data/constants.ts from cce:/internal/x/prerequisite-imports as file:///D:/PA_2024/3D/FishIO/FishIO_Op11/assets/Script/Data/constants.ts.
debug: Resolve file:///D:/PA_2024/3D/FishIO/FishIO_Op11/assets/Script/Game/AudioManager.ts from cce:/internal/x/prerequisite-imports as file:///D:/PA_2024/3D/FishIO/FishIO_Op11/assets/Script/Game/AudioManager.ts.
debug: Resolve file:///D:/PA_2024/3D/FishIO/FishIO_Op11/assets/Script/Game/GameController.ts from cce:/internal/x/prerequisite-imports as file:///D:/PA_2024/3D/FishIO/FishIO_Op11/assets/Script/Game/GameController.ts.
debug: Resolve file:///D:/PA_2024/3D/FishIO/FishIO_Op11/assets/Script/Game/GamePlay.ts from cce:/internal/x/prerequisite-imports as file:///D:/PA_2024/3D/FishIO/FishIO_Op11/assets/Script/Game/GamePlay.ts.
debug: Resolve file:///D:/PA_2024/3D/FishIO/FishIO_Op11/assets/Script/Game/Responsive.ts from cce:/internal/x/prerequisite-imports as file:///D:/PA_2024/3D/FishIO/FishIO_Op11/assets/Script/Game/Responsive.ts.
debug: Resolve file:///D:/PA_2024/3D/FishIO/FishIO_Op11/assets/Script/Game/UIController.ts from cce:/internal/x/prerequisite-imports as file:///D:/PA_2024/3D/FishIO/FishIO_Op11/assets/Script/Game/UIController.ts.
debug: Detected change: file:///D:/PA_2024/3D/FishIO/FishIO_Op11/assets/Script/Game/GamePlay.ts. Last mtime: Mon Mar 25 2024 11:14:26 GMT+0700 (Indochina Time)@d6ba2e81-5fd5-455a-bbcd-d756b03ebf0b, Current mtime: Mon Mar 25 2024 11:15:47 GMT+0700 (Indochina Time)@d6ba2e81-5fd5-455a-bbcd-d756b03ebf0b
debug: Inspect file:///D:/PA_2024/3D/FishIO/FishIO_Op11/assets/Script/Game/GamePlay.ts
debug: Resolve cce:/internal/code-quality/cr.mjs from file:///D:/PA_2024/3D/FishIO/FishIO_Op11/assets/Script/Game/GamePlay.ts as cce:/internal/code-quality/cr.mjs.
debug: Resolve cc from file:///D:/PA_2024/3D/FishIO/FishIO_Op11/assets/Script/Game/GamePlay.ts as cce:/internal/x/cc.
debug: Resolve cc from file:///D:/PA_2024/3D/FishIO/FishIO_Op11/assets/Script/Game/GamePlay.ts as cce:/internal/x/cc.
debug: Resolve ./GameController from file:///D:/PA_2024/3D/FishIO/FishIO_Op11/assets/Script/Game/GamePlay.ts as file:///D:/PA_2024/3D/FishIO/FishIO_Op11/assets/Script/Game/GameController.ts.
debug: Resolve ./AudioManager from file:///D:/PA_2024/3D/FishIO/FishIO_Op11/assets/Script/Game/GamePlay.ts as file:///D:/PA_2024/3D/FishIO/FishIO_Op11/assets/Script/Game/AudioManager.ts.
debug: Resolve ../Data/constants from file:///D:/PA_2024/3D/FishIO/FishIO_Op11/assets/Script/Game/GamePlay.ts as file:///D:/PA_2024/3D/FishIO/FishIO_Op11/assets/Script/Data/constants.ts.
debug: Resolve ./UIController from file:///D:/PA_2024/3D/FishIO/FishIO_Op11/assets/Script/Game/GamePlay.ts as file:///D:/PA_2024/3D/FishIO/FishIO_Op11/assets/Script/Game/UIController.ts.
debug: Target(editor) ends with cost 147.33290004730225ms.
debug: Target(preview) build started.
debug: Detected change: cce:/internal/x/prerequisite-imports. Last mtime: Thu Jan 01 1970 08:06:33 GMT+0800 (Indochina Time), Current mtime: Thu Jan 01 1970 08:07:55 GMT+0800 (Indochina Time)
debug: Inspect cce:/internal/x/prerequisite-imports
debug: Resolve file:///D:/PA_2024/3D/FishIO/FishIO_Op11/assets/Script/Game/GameController.ts from cce:/internal/x/prerequisite-imports as file:///D:/PA_2024/3D/FishIO/FishIO_Op11/assets/Script/Game/GameController.ts.
debug: Resolve file:///D:/PA_2024/3D/FishIO/FishIO_Op11/assets/Script/Game/AudioManager.ts from cce:/internal/x/prerequisite-imports as file:///D:/PA_2024/3D/FishIO/FishIO_Op11/assets/Script/Game/AudioManager.ts.
debug: Resolve file:///D:/PA_2024/3D/FishIO/FishIO_Op11/assets/Script/Data/constants.ts from cce:/internal/x/prerequisite-imports as file:///D:/PA_2024/3D/FishIO/FishIO_Op11/assets/Script/Data/constants.ts.
debug: Resolve file:///D:/PA_2024/3D/FishIO/FishIO_Op11/assets/Script/Game/GamePlay.ts from cce:/internal/x/prerequisite-imports as file:///D:/PA_2024/3D/FishIO/FishIO_Op11/assets/Script/Game/GamePlay.ts.
debug: Resolve file:///D:/PA_2024/3D/FishIO/FishIO_Op11/assets/Script/Game/Responsive.ts from cce:/internal/x/prerequisite-imports as file:///D:/PA_2024/3D/FishIO/FishIO_Op11/assets/Script/Game/Responsive.ts.
debug: Resolve file:///D:/PA_2024/3D/FishIO/FishIO_Op11/assets/Script/Game/UIController.ts from cce:/internal/x/prerequisite-imports as file:///D:/PA_2024/3D/FishIO/FishIO_Op11/assets/Script/Game/UIController.ts.
debug: Detected change: file:///D:/PA_2024/3D/FishIO/FishIO_Op11/assets/Script/Game/GamePlay.ts. Last mtime: Mon Mar 25 2024 11:14:26 GMT+0700 (Indochina Time)@d6ba2e81-5fd5-455a-bbcd-d756b03ebf0b, Current mtime: Mon Mar 25 2024 11:15:47 GMT+0700 (Indochina Time)@d6ba2e81-5fd5-455a-bbcd-d756b03ebf0b
debug: Inspect file:///D:/PA_2024/3D/FishIO/FishIO_Op11/assets/Script/Game/GamePlay.ts
debug: Resolve cce:/internal/code-quality/cr.mjs from file:///D:/PA_2024/3D/FishIO/FishIO_Op11/assets/Script/Game/GamePlay.ts as cce:/internal/code-quality/cr.mjs.
debug: Resolve cc from file:///D:/PA_2024/3D/FishIO/FishIO_Op11/assets/Script/Game/GamePlay.ts as cce:/internal/x/cc.
debug: Resolve cc from file:///D:/PA_2024/3D/FishIO/FishIO_Op11/assets/Script/Game/GamePlay.ts as cce:/internal/x/cc.
debug: Resolve ./GameController from file:///D:/PA_2024/3D/FishIO/FishIO_Op11/assets/Script/Game/GamePlay.ts as file:///D:/PA_2024/3D/FishIO/FishIO_Op11/assets/Script/Game/GameController.ts.
debug: Resolve ./AudioManager from file:///D:/PA_2024/3D/FishIO/FishIO_Op11/assets/Script/Game/GamePlay.ts as file:///D:/PA_2024/3D/FishIO/FishIO_Op11/assets/Script/Game/AudioManager.ts.
debug: Resolve ./UIController from file:///D:/PA_2024/3D/FishIO/FishIO_Op11/assets/Script/Game/GamePlay.ts as file:///D:/PA_2024/3D/FishIO/FishIO_Op11/assets/Script/Game/UIController.ts.
debug: Resolve ../Data/constants from file:///D:/PA_2024/3D/FishIO/FishIO_Op11/assets/Script/Game/GamePlay.ts as file:///D:/PA_2024/3D/FishIO/FishIO_Op11/assets/Script/Data/constants.ts.
debug: Target(preview) ends with cost 118.5978000164032ms.
debug: Dispatch build request for time accumulated 1 asset changes.
debug: Build iteration starts.
Number of accumulated asset changes: 1
Feature changed: false
debug: Target(editor) build started.
debug: Detected change: cce:/internal/x/prerequisite-imports. Last mtime: Thu Jan 01 1970 08:07:55 GMT+0800 (Indochina Time), Current mtime: Thu Jan 01 1970 08:09:10 GMT+0800 (Indochina Time)
debug: Inspect cce:/internal/x/prerequisite-imports
debug: Resolve file:///D:/PA_2024/3D/FishIO/FishIO_Op11/assets/Script/Data/constants.ts from cce:/internal/x/prerequisite-imports as file:///D:/PA_2024/3D/FishIO/FishIO_Op11/assets/Script/Data/constants.ts.
debug: Resolve file:///D:/PA_2024/3D/FishIO/FishIO_Op11/assets/Script/Game/AudioManager.ts from cce:/internal/x/prerequisite-imports as file:///D:/PA_2024/3D/FishIO/FishIO_Op11/assets/Script/Game/AudioManager.ts.
debug: Resolve file:///D:/PA_2024/3D/FishIO/FishIO_Op11/assets/Script/Game/GameController.ts from cce:/internal/x/prerequisite-imports as file:///D:/PA_2024/3D/FishIO/FishIO_Op11/assets/Script/Game/GameController.ts.
debug: Resolve file:///D:/PA_2024/3D/FishIO/FishIO_Op11/assets/Script/Game/GamePlay.ts from cce:/internal/x/prerequisite-imports as file:///D:/PA_2024/3D/FishIO/FishIO_Op11/assets/Script/Game/GamePlay.ts.
debug: Resolve file:///D:/PA_2024/3D/FishIO/FishIO_Op11/assets/Script/Game/Responsive.ts from cce:/internal/x/prerequisite-imports as file:///D:/PA_2024/3D/FishIO/FishIO_Op11/assets/Script/Game/Responsive.ts.
debug: Resolve file:///D:/PA_2024/3D/FishIO/FishIO_Op11/assets/Script/Game/UIController.ts from cce:/internal/x/prerequisite-imports as file:///D:/PA_2024/3D/FishIO/FishIO_Op11/assets/Script/Game/UIController.ts.
debug: Detected change: file:///D:/PA_2024/3D/FishIO/FishIO_Op11/assets/Script/Game/GamePlay.ts. Last mtime: Mon Mar 25 2024 11:15:47 GMT+0700 (Indochina Time)@d6ba2e81-5fd5-455a-bbcd-d756b03ebf0b, Current mtime: Mon Mar 25 2024 11:17:02 GMT+0700 (Indochina Time)@d6ba2e81-5fd5-455a-bbcd-d756b03ebf0b
debug: Inspect file:///D:/PA_2024/3D/FishIO/FishIO_Op11/assets/Script/Game/GamePlay.ts
debug: Resolve cce:/internal/code-quality/cr.mjs from file:///D:/PA_2024/3D/FishIO/FishIO_Op11/assets/Script/Game/GamePlay.ts as cce:/internal/code-quality/cr.mjs.
debug: Resolve cc from file:///D:/PA_2024/3D/FishIO/FishIO_Op11/assets/Script/Game/GamePlay.ts as cce:/internal/x/cc.
debug: Resolve cc from file:///D:/PA_2024/3D/FishIO/FishIO_Op11/assets/Script/Game/GamePlay.ts as cce:/internal/x/cc.
debug: Resolve ./GameController from file:///D:/PA_2024/3D/FishIO/FishIO_Op11/assets/Script/Game/GamePlay.ts as file:///D:/PA_2024/3D/FishIO/FishIO_Op11/assets/Script/Game/GameController.ts.
debug: Resolve ./AudioManager from file:///D:/PA_2024/3D/FishIO/FishIO_Op11/assets/Script/Game/GamePlay.ts as file:///D:/PA_2024/3D/FishIO/FishIO_Op11/assets/Script/Game/AudioManager.ts.
debug: Resolve ../Data/constants from file:///D:/PA_2024/3D/FishIO/FishIO_Op11/assets/Script/Game/GamePlay.ts as file:///D:/PA_2024/3D/FishIO/FishIO_Op11/assets/Script/Data/constants.ts.
debug: Resolve ./UIController from file:///D:/PA_2024/3D/FishIO/FishIO_Op11/assets/Script/Game/GamePlay.ts as file:///D:/PA_2024/3D/FishIO/FishIO_Op11/assets/Script/Game/UIController.ts.
debug: Target(editor) ends with cost 98.15929996967316ms.
debug: Target(preview) build started.
debug: Detected change: cce:/internal/x/prerequisite-imports. Last mtime: Thu Jan 01 1970 08:07:55 GMT+0800 (Indochina Time), Current mtime: Thu Jan 01 1970 08:09:10 GMT+0800 (Indochina Time)
debug: Inspect cce:/internal/x/prerequisite-imports
debug: Resolve file:///D:/PA_2024/3D/FishIO/FishIO_Op11/assets/Script/Data/constants.ts from cce:/internal/x/prerequisite-imports as file:///D:/PA_2024/3D/FishIO/FishIO_Op11/assets/Script/Data/constants.ts.
debug: Resolve file:///D:/PA_2024/3D/FishIO/FishIO_Op11/assets/Script/Game/AudioManager.ts from cce:/internal/x/prerequisite-imports as file:///D:/PA_2024/3D/FishIO/FishIO_Op11/assets/Script/Game/AudioManager.ts.
debug: Resolve file:///D:/PA_2024/3D/FishIO/FishIO_Op11/assets/Script/Game/GameController.ts from cce:/internal/x/prerequisite-imports as file:///D:/PA_2024/3D/FishIO/FishIO_Op11/assets/Script/Game/GameController.ts.
debug: Resolve file:///D:/PA_2024/3D/FishIO/FishIO_Op11/assets/Script/Game/GamePlay.ts from cce:/internal/x/prerequisite-imports as file:///D:/PA_2024/3D/FishIO/FishIO_Op11/assets/Script/Game/GamePlay.ts.
debug: Resolve file:///D:/PA_2024/3D/FishIO/FishIO_Op11/assets/Script/Game/Responsive.ts from cce:/internal/x/prerequisite-imports as file:///D:/PA_2024/3D/FishIO/FishIO_Op11/assets/Script/Game/Responsive.ts.
debug: Resolve file:///D:/PA_2024/3D/FishIO/FishIO_Op11/assets/Script/Game/UIController.ts from cce:/internal/x/prerequisite-imports as file:///D:/PA_2024/3D/FishIO/FishIO_Op11/assets/Script/Game/UIController.ts.
debug: Detected change: file:///D:/PA_2024/3D/FishIO/FishIO_Op11/assets/Script/Game/GamePlay.ts. Last mtime: Mon Mar 25 2024 11:15:47 GMT+0700 (Indochina Time)@d6ba2e81-5fd5-455a-bbcd-d756b03ebf0b, Current mtime: Mon Mar 25 2024 11:17:02 GMT+0700 (Indochina Time)@d6ba2e81-5fd5-455a-bbcd-d756b03ebf0b
debug: Inspect file:///D:/PA_2024/3D/FishIO/FishIO_Op11/assets/Script/Game/GamePlay.ts
debug: Resolve cce:/internal/code-quality/cr.mjs from file:///D:/PA_2024/3D/FishIO/FishIO_Op11/assets/Script/Game/GamePlay.ts as cce:/internal/code-quality/cr.mjs.
debug: Resolve cc from file:///D:/PA_2024/3D/FishIO/FishIO_Op11/assets/Script/Game/GamePlay.ts as cce:/internal/x/cc.
debug: Resolve cc from file:///D:/PA_2024/3D/FishIO/FishIO_Op11/assets/Script/Game/GamePlay.ts as cce:/internal/x/cc.
debug: Resolve ./GameController from file:///D:/PA_2024/3D/FishIO/FishIO_Op11/assets/Script/Game/GamePlay.ts as file:///D:/PA_2024/3D/FishIO/FishIO_Op11/assets/Script/Game/GameController.ts.
debug: Resolve ./AudioManager from file:///D:/PA_2024/3D/FishIO/FishIO_Op11/assets/Script/Game/GamePlay.ts as file:///D:/PA_2024/3D/FishIO/FishIO_Op11/assets/Script/Game/AudioManager.ts.
debug: Resolve ../Data/constants from file:///D:/PA_2024/3D/FishIO/FishIO_Op11/assets/Script/Game/GamePlay.ts as file:///D:/PA_2024/3D/FishIO/FishIO_Op11/assets/Script/Data/constants.ts.
debug: Resolve ./UIController from file:///D:/PA_2024/3D/FishIO/FishIO_Op11/assets/Script/Game/GamePlay.ts as file:///D:/PA_2024/3D/FishIO/FishIO_Op11/assets/Script/Game/UIController.ts.
debug: Target(preview) ends with cost 150.01239997148514ms.
debug: Dispatch build request for time accumulated 1 asset changes.
debug: Build iteration starts.
Number of accumulated asset changes: 1
Feature changed: false
debug: Target(editor) build started.
debug: Detected change: cce:/internal/x/prerequisite-imports. Last mtime: Thu Jan 01 1970 08:09:10 GMT+0800 (Indochina Time), Current mtime: Thu Jan 01 1970 08:09:46 GMT+0800 (Indochina Time)
debug: Inspect cce:/internal/x/prerequisite-imports
debug: Resolve file:///D:/PA_2024/3D/FishIO/FishIO_Op11/assets/Script/Data/constants.ts from cce:/internal/x/prerequisite-imports as file:///D:/PA_2024/3D/FishIO/FishIO_Op11/assets/Script/Data/constants.ts.
debug: Resolve file:///D:/PA_2024/3D/FishIO/FishIO_Op11/assets/Script/Game/AudioManager.ts from cce:/internal/x/prerequisite-imports as file:///D:/PA_2024/3D/FishIO/FishIO_Op11/assets/Script/Game/AudioManager.ts.
debug: Resolve file:///D:/PA_2024/3D/FishIO/FishIO_Op11/assets/Script/Game/GameController.ts from cce:/internal/x/prerequisite-imports as file:///D:/PA_2024/3D/FishIO/FishIO_Op11/assets/Script/Game/GameController.ts.
debug: Resolve file:///D:/PA_2024/3D/FishIO/FishIO_Op11/assets/Script/Game/Responsive.ts from cce:/internal/x/prerequisite-imports as file:///D:/PA_2024/3D/FishIO/FishIO_Op11/assets/Script/Game/Responsive.ts.
debug: Resolve file:///D:/PA_2024/3D/FishIO/FishIO_Op11/assets/Script/Game/GamePlay.ts from cce:/internal/x/prerequisite-imports as file:///D:/PA_2024/3D/FishIO/FishIO_Op11/assets/Script/Game/GamePlay.ts.
debug: Resolve file:///D:/PA_2024/3D/FishIO/FishIO_Op11/assets/Script/Game/UIController.ts from cce:/internal/x/prerequisite-imports as file:///D:/PA_2024/3D/FishIO/FishIO_Op11/assets/Script/Game/UIController.ts.
debug: Detected change: file:///D:/PA_2024/3D/FishIO/FishIO_Op11/assets/Script/Game/GamePlay.ts. Last mtime: Mon Mar 25 2024 11:17:02 GMT+0700 (Indochina Time)@d6ba2e81-5fd5-455a-bbcd-d756b03ebf0b, Current mtime: Mon Mar 25 2024 11:17:38 GMT+0700 (Indochina Time)@d6ba2e81-5fd5-455a-bbcd-d756b03ebf0b
debug: Inspect file:///D:/PA_2024/3D/FishIO/FishIO_Op11/assets/Script/Game/GamePlay.ts
debug: Resolve cce:/internal/code-quality/cr.mjs from file:///D:/PA_2024/3D/FishIO/FishIO_Op11/assets/Script/Game/GamePlay.ts as cce:/internal/code-quality/cr.mjs.
debug: Resolve cc from file:///D:/PA_2024/3D/FishIO/FishIO_Op11/assets/Script/Game/GamePlay.ts as cce:/internal/x/cc.
debug: Resolve cc from file:///D:/PA_2024/3D/FishIO/FishIO_Op11/assets/Script/Game/GamePlay.ts as cce:/internal/x/cc.
debug: Resolve ./GameController from file:///D:/PA_2024/3D/FishIO/FishIO_Op11/assets/Script/Game/GamePlay.ts as file:///D:/PA_2024/3D/FishIO/FishIO_Op11/assets/Script/Game/GameController.ts.
debug: Resolve ./AudioManager from file:///D:/PA_2024/3D/FishIO/FishIO_Op11/assets/Script/Game/GamePlay.ts as file:///D:/PA_2024/3D/FishIO/FishIO_Op11/assets/Script/Game/AudioManager.ts.
debug: Resolve ./UIController from file:///D:/PA_2024/3D/FishIO/FishIO_Op11/assets/Script/Game/GamePlay.ts as file:///D:/PA_2024/3D/FishIO/FishIO_Op11/assets/Script/Game/UIController.ts.
debug: Resolve ../Data/constants from file:///D:/PA_2024/3D/FishIO/FishIO_Op11/assets/Script/Game/GamePlay.ts as file:///D:/PA_2024/3D/FishIO/FishIO_Op11/assets/Script/Data/constants.ts.
debug: Target(editor) ends with cost 187.6729000210762ms.
debug: Target(preview) build started.
debug: Detected change: cce:/internal/x/prerequisite-imports. Last mtime: Thu Jan 01 1970 08:09:10 GMT+0800 (Indochina Time), Current mtime: Thu Jan 01 1970 08:09:46 GMT+0800 (Indochina Time)
debug: Inspect cce:/internal/x/prerequisite-imports
debug: Resolve file:///D:/PA_2024/3D/FishIO/FishIO_Op11/assets/Script/Data/constants.ts from cce:/internal/x/prerequisite-imports as file:///D:/PA_2024/3D/FishIO/FishIO_Op11/assets/Script/Data/constants.ts.
debug: Resolve file:///D:/PA_2024/3D/FishIO/FishIO_Op11/assets/Script/Game/AudioManager.ts from cce:/internal/x/prerequisite-imports as file:///D:/PA_2024/3D/FishIO/FishIO_Op11/assets/Script/Game/AudioManager.ts.
debug: Resolve file:///D:/PA_2024/3D/FishIO/FishIO_Op11/assets/Script/Game/GameController.ts from cce:/internal/x/prerequisite-imports as file:///D:/PA_2024/3D/FishIO/FishIO_Op11/assets/Script/Game/GameController.ts.
debug: Resolve file:///D:/PA_2024/3D/FishIO/FishIO_Op11/assets/Script/Game/GamePlay.ts from cce:/internal/x/prerequisite-imports as file:///D:/PA_2024/3D/FishIO/FishIO_Op11/assets/Script/Game/GamePlay.ts.
debug: Resolve file:///D:/PA_2024/3D/FishIO/FishIO_Op11/assets/Script/Game/Responsive.ts from cce:/internal/x/prerequisite-imports as file:///D:/PA_2024/3D/FishIO/FishIO_Op11/assets/Script/Game/Responsive.ts.
debug: Resolve file:///D:/PA_2024/3D/FishIO/FishIO_Op11/assets/Script/Game/UIController.ts from cce:/internal/x/prerequisite-imports as file:///D:/PA_2024/3D/FishIO/FishIO_Op11/assets/Script/Game/UIController.ts.
debug: Detected change: file:///D:/PA_2024/3D/FishIO/FishIO_Op11/assets/Script/Game/GamePlay.ts. Last mtime: Mon Mar 25 2024 11:17:02 GMT+0700 (Indochina Time)@d6ba2e81-5fd5-455a-bbcd-d756b03ebf0b, Current mtime: Mon Mar 25 2024 11:17:38 GMT+0700 (Indochina Time)@d6ba2e81-5fd5-455a-bbcd-d756b03ebf0b
debug: Inspect file:///D:/PA_2024/3D/FishIO/FishIO_Op11/assets/Script/Game/GamePlay.ts
debug: Resolve cce:/internal/code-quality/cr.mjs from file:///D:/PA_2024/3D/FishIO/FishIO_Op11/assets/Script/Game/GamePlay.ts as cce:/internal/code-quality/cr.mjs.
debug: Resolve cc from file:///D:/PA_2024/3D/FishIO/FishIO_Op11/assets/Script/Game/GamePlay.ts as cce:/internal/x/cc.
debug: Resolve cc from file:///D:/PA_2024/3D/FishIO/FishIO_Op11/assets/Script/Game/GamePlay.ts as cce:/internal/x/cc.
debug: Resolve ./GameController from file:///D:/PA_2024/3D/FishIO/FishIO_Op11/assets/Script/Game/GamePlay.ts as file:///D:/PA_2024/3D/FishIO/FishIO_Op11/assets/Script/Game/GameController.ts.
debug: Resolve ./AudioManager from file:///D:/PA_2024/3D/FishIO/FishIO_Op11/assets/Script/Game/GamePlay.ts as file:///D:/PA_2024/3D/FishIO/FishIO_Op11/assets/Script/Game/AudioManager.ts.
debug: Resolve ../Data/constants from file:///D:/PA_2024/3D/FishIO/FishIO_Op11/assets/Script/Game/GamePlay.ts as file:///D:/PA_2024/3D/FishIO/FishIO_Op11/assets/Script/Data/constants.ts.
debug: Resolve ./UIController from file:///D:/PA_2024/3D/FishIO/FishIO_Op11/assets/Script/Game/GamePlay.ts as file:///D:/PA_2024/3D/FishIO/FishIO_Op11/assets/Script/Game/UIController.ts.
debug: Target(preview) ends with cost 130.7383999824524ms.
