2024-04-02 17:02:56-log: [Package] menu@1.0.0 enable
2024-04-02 17:02:56-log: [Package] profile@1.0.0 enable
2024-04-02 17:02:56-log: [Package] project@1.0.1 enable
2024-04-02 17:02:56-log: [Package] messages@1.0.0 enable
2024-04-02 17:02:56-log: [Package] program@1.0.0 enable
2024-04-02 17:02:56-log: [Package] device@1.0.1 enable
2024-04-02 17:02:56-log: [Package] ui-kit@1.0.1 enable
2024-04-02 17:02:56-log: [Package] tester@1.0.0 enable
2024-04-02 17:02:56-log: [Package] preferences@1.0.0 enable
2024-04-02 17:02:56-log: Setup mods mgr.: 264.204ms
2024-04-02 17:02:56-log: Profile changed: engine (modules.includeModules: 2d,3d,audio,base,gfx-webgl,gfx-webgl2,intersection-2d,marionette,particle,particle-2d,physics-2d-box2d,physics-cannon,primitive,profiler,spine,terrain,tween,ui,video,webview)
2024-04-02 17:02:56-log: [Package] engine@1.0.5 enable
2024-04-02 17:02:58-log: [Package] programming@1.0.0 enable
2024-04-02 17:02:59-log: [Package] engine-extends@1.0.0 enable
2024-04-02 17:02:59-log: [Package] asset-db@1.0.0 enable
2024-04-02 17:02:59-log: [Package] console@1.0.0 enable
2024-04-02 17:02:59-log: [Package] scene@1.0.0 enable
2024-04-02 17:02:59-log: [Package] server@1.0.0 enable
2024-04-02 17:02:59-log: [Package] utils@1.0.0 enable
2024-04-02 17:02:59-log: [Package] assets@1.0.0 enable
2024-04-02 17:02:59-log: [Package] inspector@1.0.0 enable
2024-04-02 17:02:59-log: [Package] hierarchy@1.0.0 enable
2024-04-02 17:03:00-log: [Package] preview@1.0.1 enable
2024-04-02 17:03:00-log: [Package] animator@1.0.0 enable
2024-04-02 17:03:01-log: [Package] builder@1.3.1 enable
2024-04-02 17:03:01-log: [Package] node-library@1.0.0 enable
2024-04-02 17:03:01-log: [Package] shortcuts@1.0.1 enable
2024-04-02 17:03:01-log: [Package] package-asset@1.0.0 enable
2024-04-02 17:03:01-log: [Package] reference-image@1.0.0 enable
2024-04-02 17:03:01-log: [Package] animation-graph@1.0.0 enable
2024-04-02 17:03:01-log: [Package] channel-upload-tools@1.0.0 enable
2024-04-02 17:03:01-log: [Package] runtime-dev-tools@1.0.0 enable
2024-04-02 17:03:01-log: [Package] lightmap@1.0.4 enable
2024-04-02 17:03:01-log: [Package] alipay-mini-game@1.0.0 enable
2024-04-02 17:03:01-log: [Package] android@1.0.0 enable
2024-04-02 17:03:01-log: [Package] baidu-mini-game@1.0.0 enable
2024-04-02 17:03:01-log: [Package] bytedance-mini-game@1.0.1 enable
2024-04-02 17:03:01-log: [Package] huawei-agc@1.0.0 enable
2024-04-02 17:03:01-log: [Package] ios@1.0.0 enable
2024-04-02 17:03:01-log: [Package] ios-app-clip@1.0.0 enable
2024-04-02 17:03:01-log: [Package] mac@1.0.0 enable
2024-04-02 17:03:02-log: [Package] native@1.0.0 enable
2024-04-02 17:03:02-log: [Package] ohos@1.0.0 enable
2024-04-02 17:03:02-log: [Package] web-desktop@1.0.0 enable
2024-04-02 17:03:02-log: [Package] web-mobile@1.0.0 enable
2024-04-02 17:03:02-log: [Package] wechatgame@1.0.1 enable
2024-04-02 17:03:02-log: [Package] windows@1.0.0 enable
2024-04-02 17:03:02-log: [Package] xiaomi-quick-game@1.0.0 enable
2024-04-02 17:03:02-log: [Package] cocos-play@1.0.0 enable
2024-04-02 17:03:02-log: [Package] huawei-quick-game@1.0.0 enable
2024-04-02 17:03:02-log: [Package] link-sure@1.0.0 enable
2024-04-02 17:03:02-log: [Package] oppo-mini-game@1.0.0 enable
2024-04-02 17:03:02-log: [Package] qtt@1.0.0 enable
2024-04-02 17:03:02-log: [Package] vivo-mini-game@1.0.0 enable
2024-04-02 17:03:02-log: [Package] cocos-service@3.0.2 enable
2024-04-02 17:03:02-log: [Package] importer@1.0.0 enable
2024-04-02 17:03:03-log: [Package] extension@3.0.15 enable
2024-04-02 17:03:04-log: [Im-plugin] Check im-plugin version.
2024-04-02 17:03:04-log: [Package] im-plugin@3.0.8 enable
2024-04-02 17:03:03-error: [Asset DB] D:\PA_2024\3D\FartTroll\FartTroll_Op1\assets\Assets3D\Character\Extra_Bunny\jax_golf_end.anim: Unexpected token % in JSON at position 0
2024-04-02 17:03:03-error: [Asset DB] D:\PA_2024\3D\FartTroll\FartTroll_Op1\assets\Assets3D\Character\Extra_Bunny\jax_golf_start.anim: Unexpected token % in JSON at position 0
2024-04-02 17:03:03-error: [Asset DB] Importer exec failed: {asset[D:\PA_2024\3D\FartTroll\FartTroll_Op1\assets\Assets3D\Level\Level_5\DuckDie.prefab](25a9420c-0f29-4464-96bd-ece2babb4605)}
2024-04-02 17:03:03-error: [Asset DB] D:\PA_2024\3D\FartTroll\FartTroll_Op1\assets\Assets3D\Level\Level_5\DuckDie.prefab: Unexpected token % in JSON at position 0
2024-04-02 17:03:04-error: [Asset DB] Importer exec failed: {asset[D:\PA_2024\3D\FartTroll\FartTroll_Op1\assets\Assets3D\Level\Level_8\Lv8\Prefab\lv8_Fx_Math.prefab](a8f04a2e-b20d-4fd3-b963-1ce17304f301)}
2024-04-02 17:03:04-error: [Asset DB] D:\PA_2024\3D\FartTroll\FartTroll_Op1\assets\Assets3D\Level\Level_8\Lv8\Prefab\lv8_Fx_Math.prefab: Unexpected token % in JSON at position 0
2024-04-02 17:03:04-log: [Package] super-html@1.1.3 enable
2024-04-02 17:03:04-warn: Browserslist: caniuse-lite is outdated. Please run:
npx browserslist@latest --update-db

Why you should do it regularly:
https://github.com/browserslist/browserslist#browsers-data-updating
2024-04-02 17:03:05-log: [Scene] Cocos Creator v3.4.2
2024-04-02 17:03:05-log: [Im-plugin] No online info of im-plugin.
2024-04-02 17:03:07-info: [Scene] Forward render pipeline initialized.
2024-04-02 17:20:20-error: [Asset DB] D:\PA_2024\3D\FartTroll\FartTroll_Op1\assets\Assets3D\Character\Extra_Bunny\jax_golf_end.anim: Unexpected token % in JSON at position 0
2024-04-02 17:20:20-error: [Asset DB] D:\PA_2024\3D\FartTroll\FartTroll_Op1\assets\Assets3D\Character\Extra_Bunny\jax_golf_start.anim: Unexpected token % in JSON at position 0
2024-04-02 17:20:28-error: [Asset DB] D:\PA_2024\3D\FartTroll\FartTroll_Op1\assets\Assets3D\Character\Extra_Bunny\jax_golf_end.anim: Unexpected token % in JSON at position 0
2024-04-02 17:20:28-error: [Asset DB] D:\PA_2024\3D\FartTroll\FartTroll_Op1\assets\Assets3D\Character\Extra_Bunny\jax_golf_start.anim: Unexpected token % in JSON at position 0
2024-04-02 17:21:05-error: [Asset DB] D:\PA_2024\3D\FartTroll\FartTroll_Op1\assets\Assets3D\Character\Extra_Bunny\jax_golf_end.anim: Unexpected token % in JSON at position 0
2024-04-02 17:21:05-error: [Asset DB] D:\PA_2024\3D\FartTroll\FartTroll_Op1\assets\Assets3D\Character\Extra_Bunny\jax_golf_start.anim: Unexpected token % in JSON at position 0
2024-04-02 17:33:04-error: [Asset DB] D:\PA_2024\3D\FartTroll\FartTroll_Op1\assets\Assets3D\Character\Extra_Bunny\jax_golf_end.anim: Unexpected token % in JSON at position 0
2024-04-02 17:33:04-error: [Asset DB] D:\PA_2024\3D\FartTroll\FartTroll_Op1\assets\Assets3D\Character\Extra_Bunny\jax_golf_start.anim: Unexpected token % in JSON at position 0
2024-04-02 17:33:41-error: [Asset DB] D:\PA_2024\3D\FartTroll\FartTroll_Op1\assets\Assets3D\Character\Extra_Bunny\jax_golf_end.anim: Unexpected token % in JSON at position 0
2024-04-02 17:33:41-error: [Asset DB] D:\PA_2024\3D\FartTroll\FartTroll_Op1\assets\Assets3D\Character\Extra_Bunny\jax_golf_start.anim: Unexpected token % in JSON at position 0
2024-04-02 17:34:02-error: [Asset DB] D:\PA_2024\3D\FartTroll\FartTroll_Op1\assets\Assets3D\Character\Extra_Bunny\jax_golf_start.anim: Unexpected token % in JSON at position 0
2024-04-02 17:34:02-error: [Asset DB] D:\PA_2024\3D\FartTroll\FartTroll_Op1\assets\Assets3D\Character\Extra_Bunny\jax_golf_end.anim: Unexpected token % in JSON at position 0
2024-04-02 17:34:17-error: [Asset DB] D:\PA_2024\3D\FartTroll\FartTroll_Op1\assets\Assets3D\Character\Extra_Bunny\jax_golf_end.anim: Unexpected token % in JSON at position 0
2024-04-02 17:34:17-error: [Asset DB] D:\PA_2024\3D\FartTroll\FartTroll_Op1\assets\Assets3D\Character\Extra_Bunny\jax_golf_start.anim: Unexpected token % in JSON at position 0
2024-04-02 17:34:24-error: [Asset DB] D:\PA_2024\3D\FartTroll\FartTroll_Op1\assets\Assets3D\Character\Extra_Bunny\jax_golf_end.anim: Unexpected token % in JSON at position 0
2024-04-02 17:34:24-error: [Asset DB] D:\PA_2024\3D\FartTroll\FartTroll_Op1\assets\Assets3D\Character\Extra_Bunny\jax_golf_start.anim: Unexpected token % in JSON at position 0
2024-04-02 17:34:29-error: [Asset DB] D:\PA_2024\3D\FartTroll\FartTroll_Op1\assets\Assets3D\Character\Extra_Bunny\jax_golf_end.anim: Unexpected token % in JSON at position 0
2024-04-02 17:34:29-error: [Asset DB] D:\PA_2024\3D\FartTroll\FartTroll_Op1\assets\Assets3D\Character\Extra_Bunny\jax_golf_start.anim: Unexpected token % in JSON at position 0
2024-04-02 17:35:22-error: [Asset DB] D:\PA_2024\3D\FartTroll\FartTroll_Op1\assets\Assets3D\Character\Extra_Bunny\jax_golf_end.anim: Unexpected token % in JSON at position 0
2024-04-02 17:35:22-error: [Asset DB] D:\PA_2024\3D\FartTroll\FartTroll_Op1\assets\Assets3D\Character\Extra_Bunny\jax_golf_start.anim: Unexpected token % in JSON at position 0
2024-04-02 17:35:53-error: [Asset DB] D:\PA_2024\3D\FartTroll\FartTroll_Op1\assets\Assets3D\Character\Extra_Bunny\jax_golf_end.anim: Unexpected token % in JSON at position 0
2024-04-02 17:35:53-error: [Asset DB] D:\PA_2024\3D\FartTroll\FartTroll_Op1\assets\Assets3D\Character\Extra_Bunny\jax_golf_start.anim: Unexpected token % in JSON at position 0
2024-04-02 17:47:09-error: [Asset DB] D:\PA_2024\3D\FartTroll\FartTroll_Op1\assets\Assets3D\Character\Extra_Bunny\jax_golf_end.anim: Unexpected token % in JSON at position 0
2024-04-02 17:47:09-error: [Asset DB] D:\PA_2024\3D\FartTroll\FartTroll_Op1\assets\Assets3D\Character\Extra_Bunny\jax_golf_start.anim: Unexpected token % in JSON at position 0
2024-04-02 17:47:12-error: [Asset DB] D:\PA_2024\3D\FartTroll\FartTroll_Op1\assets\Assets3D\Character\Extra_Bunny\jax_golf_end.anim: Unexpected token % in JSON at position 0
2024-04-02 17:47:12-error: [Asset DB] D:\PA_2024\3D\FartTroll\FartTroll_Op1\assets\Assets3D\Character\Extra_Bunny\jax_golf_start.anim: Unexpected token % in JSON at position 0
2024-04-02 17:47:15-error: [Asset DB] D:\PA_2024\3D\FartTroll\FartTroll_Op1\assets\Assets3D\Character\Extra_Bunny\jax_golf_end.anim: Unexpected token % in JSON at position 0
2024-04-02 17:47:15-error: [Asset DB] D:\PA_2024\3D\FartTroll\FartTroll_Op1\assets\Assets3D\Character\Extra_Bunny\jax_golf_start.anim: Unexpected token % in JSON at position 0
