2024-08-26 17:10:11-log: [Package] menu@1.0.0 enable
2024-08-26 17:10:11-log: [Package] profile@1.0.0 enable
2024-08-26 17:10:11-log: [Package] project@1.0.1 enable
2024-08-26 17:10:11-log: [Package] messages@1.0.0 enable
2024-08-26 17:10:11-log: [Package] program@1.0.0 enable
2024-08-26 17:10:11-log: [Package] device@1.0.1 enable
2024-08-26 17:10:11-log: [Package] ui-kit@1.0.1 enable
2024-08-26 17:10:11-log: [Package] tester@1.0.0 enable
2024-08-26 17:10:11-log: [Package] preferences@1.0.0 enable
2024-08-26 17:10:12-log: Setup mods mgr.: 618.522ms
2024-08-26 17:10:12-log: Profile changed: engine (modules.includeModules: 2d,3d,audio,base,dragon-bones,gfx-webgl,gfx-webgl2,marionette,particle,physics-cannon,primitive,profiler,spine,terrain,tiled-map,tween,ui,webview)
2024-08-26 17:10:12-log: [Package] engine@1.0.5 enable
2024-08-26 17:10:14-log: [Package] programming@1.0.0 enable
2024-08-26 17:10:15-log: [Package] engine-extends@1.0.0 enable
2024-08-26 17:10:15-log: [Package] asset-db@1.0.0 enable
2024-08-26 17:10:15-log: [Package] console@1.0.0 enable
2024-08-26 17:10:15-log: [Package] scene@1.0.0 enable
2024-08-26 17:10:15-log: [Package] about@1.0.0 enable
2024-08-26 17:10:15-log: [Package] server@1.0.0 enable
2024-08-26 17:10:15-warn: Server: Port 7456 is occupied
2024-08-26 17:10:15-log: [Package] utils@1.0.0 enable
2024-08-26 17:10:15-log: [Package] assets@1.0.0 enable
2024-08-26 17:10:15-log: [Package] inspector@1.0.0 enable
2024-08-26 17:10:15-log: [Package] hierarchy@1.0.0 enable
2024-08-26 17:10:16-log: [Package] preview@1.0.1 enable
2024-08-26 17:10:16-log: [Package] animator@1.0.0 enable
2024-08-26 17:10:18-log: [Package] builder@1.3.1 enable
2024-08-26 17:10:18-log: [Package] node-library@1.0.0 enable
2024-08-26 17:10:18-log: [Package] shortcuts@1.0.1 enable
2024-08-26 17:10:18-log: [Package] package-asset@1.0.0 enable
2024-08-26 17:10:18-log: [Package] reference-image@1.0.0 enable
2024-08-26 17:10:18-log: [Package] animation-graph@1.0.0 enable
2024-08-26 17:10:18-log: [Package] channel-upload-tools@1.0.0 enable
2024-08-26 17:10:18-log: [Package] runtime-dev-tools@1.0.0 enable
2024-08-26 17:10:18-log: [Package] lightmap@1.0.4 enable
2024-08-26 17:10:18-log: [Package] alipay-mini-game@1.0.0 enable
2024-08-26 17:10:18-log: [Package] android@1.0.0 enable
2024-08-26 17:10:18-log: [Package] baidu-mini-game@1.0.0 enable
2024-08-26 17:10:18-log: [Package] bytedance-mini-game@1.0.1 enable
2024-08-26 17:10:18-log: [Package] huawei-agc@1.0.0 enable
2024-08-26 17:10:18-log: [Package] ios@1.0.0 enable
2024-08-26 17:10:18-log: [Package] ios-app-clip@1.0.0 enable
2024-08-26 17:10:18-log: [Package] mac@1.0.0 enable
2024-08-26 17:10:18-log: [Package] native@1.0.0 enable
2024-08-26 17:10:18-log: [Package] ohos@1.0.0 enable
2024-08-26 17:10:18-log: [Package] web-desktop@1.0.0 enable
2024-08-26 17:10:18-log: [Package] web-mobile@1.0.0 enable
2024-08-26 17:10:18-log: [Package] wechatgame@1.0.1 enable
2024-08-26 17:10:18-log: [Package] windows@1.0.0 enable
2024-08-26 17:10:18-log: [Package] xiaomi-quick-game@1.0.0 enable
2024-08-26 17:10:18-log: [Package] cocos-play@1.0.0 enable
2024-08-26 17:10:18-log: [Package] huawei-quick-game@1.0.0 enable
2024-08-26 17:10:19-log: [Package] link-sure@1.0.0 enable
2024-08-26 17:10:19-log: [Package] oppo-mini-game@1.0.0 enable
2024-08-26 17:10:19-log: [Package] qtt@1.0.0 enable
2024-08-26 17:10:19-log: [Package] vivo-mini-game@1.0.0 enable
2024-08-26 17:10:19-log: [Package] cocos-service@3.0.2 enable
2024-08-26 17:10:19-log: [Package] importer@1.0.0 enable
2024-08-26 17:10:19-log: [Package] extension@3.0.15 enable
2024-08-26 17:10:19-log: [Im-plugin] Check im-plugin version.
2024-08-26 17:10:19-log: [Package] im-plugin@3.0.8 enable
2024-08-26 17:10:20-log: [Package] super-html@1.1.3 enable
2024-08-26 17:10:21-log: [Im-plugin] No online info of im-plugin.
2024-08-26 17:10:41-warn: Browserslist: caniuse-lite is outdated. Please run:
npx browserslist@latest --update-db

Why you should do it regularly:
https://github.com/browserslist/browserslist#browsers-data-updating
2024-08-26 17:10:41-error: Failed to resolve ../Controller/NodesController from file:///D:/PA_2024/3D/MergeRobo/MergeRobo/assets/Script/Plugin/Responsive.ts, treat it as external dependency.
Which is caused by: Error: Module "../Controller/NodesController" not found for file:///D:/PA_2024/3D/MergeRobo/MergeRobo/assets/Script/Plugin/Responsive.ts
2024-08-26 17:10:41-warn: Did you forget the extension? Please note that you can not omit extension in module specifier.
2024-08-26 17:10:41-error: AssertionError [ERR_ASSERTION]: Something went wrong: module A depends on B, but B is not correctly generated.
2024-08-26 17:10:42-error: Failed to resolve ../Controller/NodesController from file:///D:/PA_2024/3D/MergeRobo/MergeRobo/assets/Script/Plugin/Responsive.ts, treat it as external dependency.
Which is caused by: Error: Module "../Controller/NodesController" not found for file:///D:/PA_2024/3D/MergeRobo/MergeRobo/assets/Script/Plugin/Responsive.ts
2024-08-26 17:10:42-warn: Did you forget the extension? Please note that you can not omit extension in module specifier.
2024-08-26 17:10:42-error: AssertionError [ERR_ASSERTION]: Something went wrong: module A depends on B, but B is not correctly generated.
2024-08-26 17:10:42-log: [Scene] Cocos Creator v3.4.2
2024-08-26 17:10:42-error: [Scene] undefined undefined undefined
2024-08-26 17:10:42-error: [Scene] undefined undefined undefined
2024-08-26 17:10:42-info: [Scene] Forward render pipeline initialized.
2024-08-26 17:10:45-error: [Scene] undefined undefined undefined
2024-08-26 17:11:32-warn: [Scene] Missing class: d10beQtB81Cg6A6SV/C935H
2024-08-26 17:11:32-error: [Scene] Error when checking MissingScript 7, SyntaxError: Unexpected token u in JSON at position 0
2024-08-26 17:11:32-warn: [Scene] Missing class: d6ba26BX9VFWrvN11awPr8L
2024-08-26 17:11:32-error: [Scene] Error when checking MissingScript 7, SyntaxError: Unexpected token u in JSON at position 0
2024-08-26 17:11:32-warn: [Scene] Missing class: c38f329EN1D9YpLdfC+d21z
2024-08-26 17:11:32-error: [Scene] Error when checking MissingScript 7, SyntaxError: Unexpected token u in JSON at position 0
2024-08-26 17:11:32-warn: [Scene] Missing class: 1a87c5dfeZJjbk21OBfx/iP
2024-08-26 17:11:32-error: [Scene] Error when checking MissingScript 7, SyntaxError: Unexpected token u in JSON at position 0
2024-08-26 17:11:32-warn: [Scene] Missing class: 96cd1/50FZEdpbn/o5xig83
2024-08-26 17:11:32-error: [Scene] Error when checking MissingScript 7, SyntaxError: Unexpected token u in JSON at position 0
2024-08-26 17:11:32-warn: [Scene] Missing class: 6c960lg0NRGuppywOJ0wWQL
2024-08-26 17:11:32-error: [Scene] Error when checking MissingScript 7, SyntaxError: Unexpected token u in JSON at position 0
2024-08-26 17:11:32-warn: [Scene] Missing class: 9e7afRzdixF9ayAvRwivwpz
2024-08-26 17:11:32-error: [Scene] Error when checking MissingScript 7, SyntaxError: Unexpected token u in JSON at position 0
2024-08-26 17:11:32-error: [Scene] Script "d10beQtB81Cg6A6SV/C935H" attached to "NodesController" in scene "Robo_Op8" is missing or invalid. Detailed information:
Asset url: "db://assets/Scene/Robo_Op8"
Script UUID: "d10be42d-07cd-4283-a03a-495fc2f77e47"
Class ID: "d10beQtB81Cg6A6SV/C935H"

2024-08-26 17:11:32-error: [Scene] Script "d6ba26BX9VFWrvN11awPr8L" attached to "GamePlay" in scene "Robo_Op8" is missing or invalid. Detailed information:
Asset url: "db://assets/Scene/Robo_Op8"
Script UUID: "d6ba2e81-5fd5-455a-bbcd-d756b03ebf0b"
Class ID: "d6ba26BX9VFWrvN11awPr8L"

2024-08-26 17:11:32-error: [Scene] Class "c38f329EN1D9YpLdfC+d21z" used by component "d6ba26BX9VFWrvN11awPr8L" in scene "Robo_Op8" is missing or invalid. Detailed information:
Asset url: "db://assets/Scene/Robo_Op8"
Script UUID: "d6ba2e81-5fd5-455a-bbcd-d756b03ebf0b"
Class ID: "d6ba26BX9VFWrvN11awPr8L"

2024-08-26 17:11:32-error: [Scene] Script "1a87c5dfeZJjbk21OBfx/iP" attached to "Robo_2" in scene "Robo_Op8" is missing or invalid. Detailed information:
Asset url: "db://assets/Scene/Robo_Op8"
Script UUID: "1a87ce5d-7de6-498d-b936-d4e05fc7f88f"
Class ID: "1a87c5dfeZJjbk21OBfx/iP"

2024-08-26 17:11:32-error: [Scene] Script "96cd1/50FZEdpbn/o5xig83" attached to "Responisve" in scene "Robo_Op8" is missing or invalid. Detailed information:
Asset url: "db://assets/Scene/Robo_Op8"
Script UUID: "96cd1ff9-d056-4476-96e7-fe8e718a0f37"
Class ID: "96cd1/50FZEdpbn/o5xig83"

2024-08-26 17:11:32-error: [Scene] Script "6c960lg0NRGuppywOJ0wWQL" attached to "TouchAreaController" in scene "Robo_Op8" is missing or invalid. Detailed information:
Asset url: "db://assets/Scene/Robo_Op8"
Script UUID: "6c960960-d0d4-46ba-9a72-c0e274c1640b"
Class ID: "6c960lg0NRGuppywOJ0wWQL"

2024-08-26 17:11:32-error: [Scene] Class "9e7afRzdixF9ayAvRwivwpz" used by component "6c960lg0NRGuppywOJ0wWQL" in scene "Robo_Op8" is missing or invalid. Detailed information:
Asset url: "db://assets/Scene/Robo_Op8"
Script UUID: "6c960960-d0d4-46ba-9a72-c0e274c1640b"
Class ID: "6c960lg0NRGuppywOJ0wWQL"

2024-08-26 17:11:32-error: [Scene] Script "d10beQtB81Cg6A6SV/C935H" attached to "NodesController" in scene "Robo_Op8" is missing or invalid. Detailed information:
Asset url: "db://assets/Scene/Robo_Op8"
Script UUID: "d10be42d-07cd-4283-a03a-495fc2f77e47"
Class ID: "d10beQtB81Cg6A6SV/C935H"

2024-08-26 17:11:32-error: [Scene] Script "d6ba26BX9VFWrvN11awPr8L" attached to "GamePlay" in scene "Robo_Op8" is missing or invalid. Detailed information:
Asset url: "db://assets/Scene/Robo_Op8"
Script UUID: "d6ba2e81-5fd5-455a-bbcd-d756b03ebf0b"
Class ID: "d6ba26BX9VFWrvN11awPr8L"

2024-08-26 17:11:32-error: [Scene] Class "c38f329EN1D9YpLdfC+d21z" used by component "d6ba26BX9VFWrvN11awPr8L" in scene "Robo_Op8" is missing or invalid. Detailed information:
Asset url: "db://assets/Scene/Robo_Op8"
Script UUID: "d6ba2e81-5fd5-455a-bbcd-d756b03ebf0b"
Class ID: "d6ba26BX9VFWrvN11awPr8L"

2024-08-26 17:11:32-error: [Scene] Script "1a87c5dfeZJjbk21OBfx/iP" attached to "Robo_2" in scene "Robo_Op8" is missing or invalid. Detailed information:
Asset url: "db://assets/Scene/Robo_Op8"
Script UUID: "1a87ce5d-7de6-498d-b936-d4e05fc7f88f"
Class ID: "1a87c5dfeZJjbk21OBfx/iP"

2024-08-26 17:11:32-error: [Scene] Script "96cd1/50FZEdpbn/o5xig83" attached to "Responisve" in scene "Robo_Op8" is missing or invalid. Detailed information:
Asset url: "db://assets/Scene/Robo_Op8"
Script UUID: "96cd1ff9-d056-4476-96e7-fe8e718a0f37"
Class ID: "96cd1/50FZEdpbn/o5xig83"

2024-08-26 17:11:32-error: [Scene] Script "6c960lg0NRGuppywOJ0wWQL" attached to "TouchAreaController" in scene "Robo_Op8" is missing or invalid. Detailed information:
Asset url: "db://assets/Scene/Robo_Op8"
Script UUID: "6c960960-d0d4-46ba-9a72-c0e274c1640b"
Class ID: "6c960lg0NRGuppywOJ0wWQL"

2024-08-26 17:11:32-error: [Scene] Class "9e7afRzdixF9ayAvRwivwpz" used by component "6c960lg0NRGuppywOJ0wWQL" in scene "Robo_Op8" is missing or invalid. Detailed information:
Asset url: "db://assets/Scene/Robo_Op8"
Script UUID: "6c960960-d0d4-46ba-9a72-c0e274c1640b"
Class ID: "6c960lg0NRGuppywOJ0wWQL"

