debug: Fri, 08 Mar 2024 09:51:51 GMT
debug: Project: D:\PA_2024\3D\CatEscape\CatEscape_OP16_1
debug: Targets: editor,preview
debug: Incremental file seems great.
debug: Engine path: C:\ProgramData\cocos\editors\Creator\3.4.2\resources\resources\3d\engine
debug: Initializing target [Editor]
debug: Loading cache
debug: Loading cache costs 2.8276000022888184ms.
debug: Engine features shipped in editor: base,gfx-webgl,gfx-webgl2,3d,2d,ui,particle,particle-2d,physics-framework,physics-2d-framework,intersection-2d,primitive,profiler,audio,video,terrain,webview,tween,tiled-map,spine,dragon-bones,marionette
debug: Initializing target [Preview]
debug: Loading cache
debug: Loading cache costs 2.4571999311447144ms.
debug: Sync engine features: 2d,3d,audio,base,gfx-webgl,gfx-webgl2,intersection-2d,marionette,particle,particle-2d,physics-2d-box2d,physics-cannon,primitive,profiler,spine,terrain,tween,ui,video,webview
debug: Pulling asset-db.
debug: Fetch asset-db cost: 74.62960004806519ms.
debug: Build iteration starts.
Number of accumulated asset changes: 10
Feature changed: false
debug: Target(editor) build started.
debug: Detected change: cce:/internal/x/cc. Last mtime: Thu Jan 01 1970 08:00:05 GMT+0800 (Indochina Time), Current mtime: Thu Jan 01 1970 08:00:05 GMT+0800 (Indochina Time)
debug: Inspect cce:/internal/x/cc
debug: Resolve cce:/internal/x/cc-fu/base from cce:/internal/x/cc as external dependency cce:/internal/x/cc-fu/base.
debug: Resolve cce:/internal/x/cc-fu/gfx-webgl from cce:/internal/x/cc as external dependency cce:/internal/x/cc-fu/gfx-webgl.
debug: Resolve cce:/internal/x/cc-fu/gfx-webgl2 from cce:/internal/x/cc as external dependency cce:/internal/x/cc-fu/gfx-webgl2.
debug: Resolve cce:/internal/x/cc-fu/3d from cce:/internal/x/cc as external dependency cce:/internal/x/cc-fu/3d.
debug: Resolve cce:/internal/x/cc-fu/2d from cce:/internal/x/cc as external dependency cce:/internal/x/cc-fu/2d.
debug: Resolve cce:/internal/x/cc-fu/ui from cce:/internal/x/cc as external dependency cce:/internal/x/cc-fu/ui.
debug: Resolve cce:/internal/x/cc-fu/particle from cce:/internal/x/cc as external dependency cce:/internal/x/cc-fu/particle.
debug: Resolve cce:/internal/x/cc-fu/particle-2d from cce:/internal/x/cc as external dependency cce:/internal/x/cc-fu/particle-2d.
debug: Resolve cce:/internal/x/cc-fu/physics-framework from cce:/internal/x/cc as external dependency cce:/internal/x/cc-fu/physics-framework.
debug: Resolve cce:/internal/x/cc-fu/physics-2d-framework from cce:/internal/x/cc as external dependency cce:/internal/x/cc-fu/physics-2d-framework.
debug: Resolve cce:/internal/x/cc-fu/intersection-2d from cce:/internal/x/cc as external dependency cce:/internal/x/cc-fu/intersection-2d.
debug: Resolve cce:/internal/x/cc-fu/primitive from cce:/internal/x/cc as external dependency cce:/internal/x/cc-fu/primitive.
debug: Resolve cce:/internal/x/cc-fu/profiler from cce:/internal/x/cc as external dependency cce:/internal/x/cc-fu/profiler.
debug: Resolve cce:/internal/x/cc-fu/audio from cce:/internal/x/cc as external dependency cce:/internal/x/cc-fu/audio.
debug: Resolve cce:/internal/x/cc-fu/video from cce:/internal/x/cc as external dependency cce:/internal/x/cc-fu/video.
debug: Resolve cce:/internal/x/cc-fu/terrain from cce:/internal/x/cc as external dependency cce:/internal/x/cc-fu/terrain.
debug: Resolve cce:/internal/x/cc-fu/webview from cce:/internal/x/cc as external dependency cce:/internal/x/cc-fu/webview.
debug: Resolve cce:/internal/x/cc-fu/tween from cce:/internal/x/cc as external dependency cce:/internal/x/cc-fu/tween.
debug: Resolve cce:/internal/x/cc-fu/tiled-map from cce:/internal/x/cc as external dependency cce:/internal/x/cc-fu/tiled-map.
debug: Resolve cce:/internal/x/cc-fu/spine from cce:/internal/x/cc as external dependency cce:/internal/x/cc-fu/spine.
debug: Resolve cce:/internal/x/cc-fu/dragon-bones from cce:/internal/x/cc as external dependency cce:/internal/x/cc-fu/dragon-bones.
debug: Detected change: cce:/internal/x/prerequisite-imports. Last mtime: Thu Jan 01 1970 11:31:56 GMT+0800 (Indochina Time), Current mtime: Thu Jan 01 1970 08:00:23 GMT+0800 (Indochina Time)
debug: Inspect cce:/internal/x/prerequisite-imports
debug: Resolve file:///D:/PA_2024/3D/CatEscape/CatEscape_OP16_1/assets/Script/Data/Constant.ts from cce:/internal/x/prerequisite-imports as file:///D:/PA_2024/3D/CatEscape/CatEscape_OP16_1/assets/Script/Data/Constant.ts.
debug: Resolve file:///D:/PA_2024/3D/CatEscape/CatEscape_OP16_1/assets/Script/Game/BossAction.ts from cce:/internal/x/prerequisite-imports as file:///D:/PA_2024/3D/CatEscape/CatEscape_OP16_1/assets/Script/Game/BossAction.ts.
debug: Resolve file:///D:/PA_2024/3D/CatEscape/CatEscape_OP16_1/assets/Script/Game/CatController.ts from cce:/internal/x/prerequisite-imports as file:///D:/PA_2024/3D/CatEscape/CatEscape_OP16_1/assets/Script/Game/CatController.ts.
debug: Resolve file:///D:/PA_2024/3D/CatEscape/CatEscape_OP16_1/assets/Script/Game/CubeController.ts from cce:/internal/x/prerequisite-imports as file:///D:/PA_2024/3D/CatEscape/CatEscape_OP16_1/assets/Script/Game/CubeController.ts.
debug: Resolve file:///D:/PA_2024/3D/CatEscape/CatEscape_OP16_1/assets/Script/Game/Game.ts from cce:/internal/x/prerequisite-imports as file:///D:/PA_2024/3D/CatEscape/CatEscape_OP16_1/assets/Script/Game/Game.ts.
debug: Resolve file:///D:/PA_2024/3D/CatEscape/CatEscape_OP16_1/assets/Script/Game/GameController.ts from cce:/internal/x/prerequisite-imports as file:///D:/PA_2024/3D/CatEscape/CatEscape_OP16_1/assets/Script/Game/GameController.ts.
debug: Resolve file:///D:/PA_2024/3D/CatEscape/CatEscape_OP16_1/assets/Script/Game/JoyStick.ts from cce:/internal/x/prerequisite-imports as file:///D:/PA_2024/3D/CatEscape/CatEscape_OP16_1/assets/Script/Game/JoyStick.ts.
debug: Resolve file:///D:/PA_2024/3D/CatEscape/CatEscape_OP16_1/assets/Script/Game/LaserController.ts from cce:/internal/x/prerequisite-imports as file:///D:/PA_2024/3D/CatEscape/CatEscape_OP16_1/assets/Script/Game/LaserController.ts.
debug: Resolve file:///D:/PA_2024/3D/CatEscape/CatEscape_OP16_1/assets/Script/Plugin/AudioManager.ts from cce:/internal/x/prerequisite-imports as file:///D:/PA_2024/3D/CatEscape/CatEscape_OP16_1/assets/Script/Plugin/AudioManager.ts.
debug: Resolve file:///D:/PA_2024/3D/CatEscape/CatEscape_OP16_1/assets/Script/Plugin/Responsive.ts from cce:/internal/x/prerequisite-imports as file:///D:/PA_2024/3D/CatEscape/CatEscape_OP16_1/assets/Script/Plugin/Responsive.ts.
debug: Detected change: cce:/internal/code-quality/cr.mjs. Last mtime: Fri Mar 08 2024 11:14:23 GMT+0700 (Indochina Time), Current mtime: Fri Mar 08 2024 16:51:45 GMT+0700 (Indochina Time)
debug: Inspect cce:/internal/code-quality/cr.mjs
debug: Target(editor) ends with cost 118.35049998760223ms.
debug: Target(preview) build started.
debug: Detected change: cce:/internal/x/cc. Last mtime: Thu Jan 01 1970 08:00:05 GMT+0800 (Indochina Time), Current mtime: Thu Jan 01 1970 08:00:05 GMT+0800 (Indochina Time)
debug: Inspect cce:/internal/x/cc
debug: Resolve cce:/internal/x/cc-fu/2d from cce:/internal/x/cc as external dependency cce:/internal/x/cc-fu/2d.
debug: Resolve cce:/internal/x/cc-fu/3d from cce:/internal/x/cc as external dependency cce:/internal/x/cc-fu/3d.
debug: Resolve cce:/internal/x/cc-fu/audio from cce:/internal/x/cc as external dependency cce:/internal/x/cc-fu/audio.
debug: Resolve cce:/internal/x/cc-fu/base from cce:/internal/x/cc as external dependency cce:/internal/x/cc-fu/base.
debug: Resolve cce:/internal/x/cc-fu/gfx-webgl from cce:/internal/x/cc as external dependency cce:/internal/x/cc-fu/gfx-webgl.
debug: Resolve cce:/internal/x/cc-fu/gfx-webgl2 from cce:/internal/x/cc as external dependency cce:/internal/x/cc-fu/gfx-webgl2.
debug: Resolve cce:/internal/x/cc-fu/intersection-2d from cce:/internal/x/cc as external dependency cce:/internal/x/cc-fu/intersection-2d.
debug: Resolve cce:/internal/x/cc-fu/particle from cce:/internal/x/cc as external dependency cce:/internal/x/cc-fu/particle.
debug: Resolve cce:/internal/x/cc-fu/particle-2d from cce:/internal/x/cc as external dependency cce:/internal/x/cc-fu/particle-2d.
debug: Resolve cce:/internal/x/cc-fu/physics-2d-box2d from cce:/internal/x/cc as external dependency cce:/internal/x/cc-fu/physics-2d-box2d.
debug: Resolve cce:/internal/x/cc-fu/physics-2d-framework from cce:/internal/x/cc as external dependency cce:/internal/x/cc-fu/physics-2d-framework.
debug: Resolve cce:/internal/x/cc-fu/physics-cannon from cce:/internal/x/cc as external dependency cce:/internal/x/cc-fu/physics-cannon.
debug: Resolve cce:/internal/x/cc-fu/physics-framework from cce:/internal/x/cc as external dependency cce:/internal/x/cc-fu/physics-framework.
debug: Resolve cce:/internal/x/cc-fu/primitive from cce:/internal/x/cc as external dependency cce:/internal/x/cc-fu/primitive.
debug: Resolve cce:/internal/x/cc-fu/profiler from cce:/internal/x/cc as external dependency cce:/internal/x/cc-fu/profiler.
debug: Resolve cce:/internal/x/cc-fu/spine from cce:/internal/x/cc as external dependency cce:/internal/x/cc-fu/spine.
debug: Resolve cce:/internal/x/cc-fu/terrain from cce:/internal/x/cc as external dependency cce:/internal/x/cc-fu/terrain.
debug: Resolve cce:/internal/x/cc-fu/tween from cce:/internal/x/cc as external dependency cce:/internal/x/cc-fu/tween.
debug: Resolve cce:/internal/x/cc-fu/ui from cce:/internal/x/cc as external dependency cce:/internal/x/cc-fu/ui.
debug: Resolve cce:/internal/x/cc-fu/video from cce:/internal/x/cc as external dependency cce:/internal/x/cc-fu/video.
debug: Resolve cce:/internal/x/cc-fu/webview from cce:/internal/x/cc as external dependency cce:/internal/x/cc-fu/webview.
debug: Detected change: cce:/internal/x/prerequisite-imports. Last mtime: Thu Jan 01 1970 11:31:57 GMT+0800 (Indochina Time), Current mtime: Thu Jan 01 1970 08:00:24 GMT+0800 (Indochina Time)
debug: Inspect cce:/internal/x/prerequisite-imports
debug: Resolve file:///D:/PA_2024/3D/CatEscape/CatEscape_OP16_1/assets/Script/Data/Constant.ts from cce:/internal/x/prerequisite-imports as file:///D:/PA_2024/3D/CatEscape/CatEscape_OP16_1/assets/Script/Data/Constant.ts.
debug: Resolve file:///D:/PA_2024/3D/CatEscape/CatEscape_OP16_1/assets/Script/Game/BossAction.ts from cce:/internal/x/prerequisite-imports as file:///D:/PA_2024/3D/CatEscape/CatEscape_OP16_1/assets/Script/Game/BossAction.ts.
debug: Resolve file:///D:/PA_2024/3D/CatEscape/CatEscape_OP16_1/assets/Script/Game/CatController.ts from cce:/internal/x/prerequisite-imports as file:///D:/PA_2024/3D/CatEscape/CatEscape_OP16_1/assets/Script/Game/CatController.ts.
debug: Resolve file:///D:/PA_2024/3D/CatEscape/CatEscape_OP16_1/assets/Script/Game/CubeController.ts from cce:/internal/x/prerequisite-imports as file:///D:/PA_2024/3D/CatEscape/CatEscape_OP16_1/assets/Script/Game/CubeController.ts.
debug: Resolve file:///D:/PA_2024/3D/CatEscape/CatEscape_OP16_1/assets/Script/Game/Game.ts from cce:/internal/x/prerequisite-imports as file:///D:/PA_2024/3D/CatEscape/CatEscape_OP16_1/assets/Script/Game/Game.ts.
debug: Resolve file:///D:/PA_2024/3D/CatEscape/CatEscape_OP16_1/assets/Script/Game/GameController.ts from cce:/internal/x/prerequisite-imports as file:///D:/PA_2024/3D/CatEscape/CatEscape_OP16_1/assets/Script/Game/GameController.ts.
debug: Resolve file:///D:/PA_2024/3D/CatEscape/CatEscape_OP16_1/assets/Script/Game/JoyStick.ts from cce:/internal/x/prerequisite-imports as file:///D:/PA_2024/3D/CatEscape/CatEscape_OP16_1/assets/Script/Game/JoyStick.ts.
debug: Resolve file:///D:/PA_2024/3D/CatEscape/CatEscape_OP16_1/assets/Script/Game/LaserController.ts from cce:/internal/x/prerequisite-imports as file:///D:/PA_2024/3D/CatEscape/CatEscape_OP16_1/assets/Script/Game/LaserController.ts.
debug: Resolve file:///D:/PA_2024/3D/CatEscape/CatEscape_OP16_1/assets/Script/Plugin/AudioManager.ts from cce:/internal/x/prerequisite-imports as file:///D:/PA_2024/3D/CatEscape/CatEscape_OP16_1/assets/Script/Plugin/AudioManager.ts.
debug: Resolve file:///D:/PA_2024/3D/CatEscape/CatEscape_OP16_1/assets/Script/Plugin/Responsive.ts from cce:/internal/x/prerequisite-imports as file:///D:/PA_2024/3D/CatEscape/CatEscape_OP16_1/assets/Script/Plugin/Responsive.ts.
debug: Detected change: cce:/internal/code-quality/cr.mjs. Last mtime: Fri Mar 08 2024 11:14:23 GMT+0700 (Indochina Time), Current mtime: Fri Mar 08 2024 16:51:45 GMT+0700 (Indochina Time)
debug: Inspect cce:/internal/code-quality/cr.mjs
debug: Target(preview) ends with cost 105.67639994621277ms.
debug: Dispatch build request for time accumulated 1 asset changes.
debug: Build iteration starts.
Number of accumulated asset changes: 1
Feature changed: false
debug: Target(editor) build started.
debug: Detected change: cce:/internal/x/prerequisite-imports. Last mtime: Thu Jan 01 1970 08:00:23 GMT+0800 (Indochina Time), Current mtime: Thu Jan 01 1970 08:11:31 GMT+0800 (Indochina Time)
debug: Inspect cce:/internal/x/prerequisite-imports
debug: Resolve file:///D:/PA_2024/3D/CatEscape/CatEscape_OP16_1/assets/Script/Data/Constant.ts from cce:/internal/x/prerequisite-imports as file:///D:/PA_2024/3D/CatEscape/CatEscape_OP16_1/assets/Script/Data/Constant.ts.
debug: Resolve file:///D:/PA_2024/3D/CatEscape/CatEscape_OP16_1/assets/Script/Game/BossAction.ts from cce:/internal/x/prerequisite-imports as file:///D:/PA_2024/3D/CatEscape/CatEscape_OP16_1/assets/Script/Game/BossAction.ts.
debug: Resolve file:///D:/PA_2024/3D/CatEscape/CatEscape_OP16_1/assets/Script/Game/CatController.ts from cce:/internal/x/prerequisite-imports as file:///D:/PA_2024/3D/CatEscape/CatEscape_OP16_1/assets/Script/Game/CatController.ts.
debug: Resolve file:///D:/PA_2024/3D/CatEscape/CatEscape_OP16_1/assets/Script/Game/CubeController.ts from cce:/internal/x/prerequisite-imports as file:///D:/PA_2024/3D/CatEscape/CatEscape_OP16_1/assets/Script/Game/CubeController.ts.
debug: Resolve file:///D:/PA_2024/3D/CatEscape/CatEscape_OP16_1/assets/Script/Game/Game.ts from cce:/internal/x/prerequisite-imports as file:///D:/PA_2024/3D/CatEscape/CatEscape_OP16_1/assets/Script/Game/Game.ts.
debug: Resolve file:///D:/PA_2024/3D/CatEscape/CatEscape_OP16_1/assets/Script/Game/GameController.ts from cce:/internal/x/prerequisite-imports as file:///D:/PA_2024/3D/CatEscape/CatEscape_OP16_1/assets/Script/Game/GameController.ts.
debug: Resolve file:///D:/PA_2024/3D/CatEscape/CatEscape_OP16_1/assets/Script/Game/JoyStick.ts from cce:/internal/x/prerequisite-imports as file:///D:/PA_2024/3D/CatEscape/CatEscape_OP16_1/assets/Script/Game/JoyStick.ts.
debug: Resolve file:///D:/PA_2024/3D/CatEscape/CatEscape_OP16_1/assets/Script/Game/LaserController.ts from cce:/internal/x/prerequisite-imports as file:///D:/PA_2024/3D/CatEscape/CatEscape_OP16_1/assets/Script/Game/LaserController.ts.
debug: Resolve file:///D:/PA_2024/3D/CatEscape/CatEscape_OP16_1/assets/Script/Plugin/AudioManager.ts from cce:/internal/x/prerequisite-imports as file:///D:/PA_2024/3D/CatEscape/CatEscape_OP16_1/assets/Script/Plugin/AudioManager.ts.
debug: Resolve file:///D:/PA_2024/3D/CatEscape/CatEscape_OP16_1/assets/Script/Plugin/Responsive.ts from cce:/internal/x/prerequisite-imports as file:///D:/PA_2024/3D/CatEscape/CatEscape_OP16_1/assets/Script/Plugin/Responsive.ts.
debug: Detected change: file:///D:/PA_2024/3D/CatEscape/CatEscape_OP16_1/assets/Script/Game/Game.ts. Last mtime: Fri Mar 08 2024 14:41:29 GMT+0700 (Indochina Time)@ab7fd72a-74c2-4195-b544-23f23c628884, Current mtime: Fri Mar 08 2024 17:03:14 GMT+0700 (Indochina Time)@ab7fd72a-74c2-4195-b544-23f23c628884
debug: Inspect file:///D:/PA_2024/3D/CatEscape/CatEscape_OP16_1/assets/Script/Game/Game.ts
debug: Resolve cce:/internal/code-quality/cr.mjs from file:///D:/PA_2024/3D/CatEscape/CatEscape_OP16_1/assets/Script/Game/Game.ts as cce:/internal/code-quality/cr.mjs.
debug: Resolve cc from file:///D:/PA_2024/3D/CatEscape/CatEscape_OP16_1/assets/Script/Game/Game.ts as cce:/internal/x/cc.
debug: Resolve cc from file:///D:/PA_2024/3D/CatEscape/CatEscape_OP16_1/assets/Script/Game/Game.ts as cce:/internal/x/cc.
debug: Resolve ./GameController from file:///D:/PA_2024/3D/CatEscape/CatEscape_OP16_1/assets/Script/Game/Game.ts as file:///D:/PA_2024/3D/CatEscape/CatEscape_OP16_1/assets/Script/Game/GameController.ts.
debug: Resolve ./JoyStick from file:///D:/PA_2024/3D/CatEscape/CatEscape_OP16_1/assets/Script/Game/Game.ts as file:///D:/PA_2024/3D/CatEscape/CatEscape_OP16_1/assets/Script/Game/JoyStick.ts.
debug: Resolve ../Data/Constant from file:///D:/PA_2024/3D/CatEscape/CatEscape_OP16_1/assets/Script/Game/Game.ts as file:///D:/PA_2024/3D/CatEscape/CatEscape_OP16_1/assets/Script/Data/Constant.ts.
debug: Resolve ../Plugin/AudioManager from file:///D:/PA_2024/3D/CatEscape/CatEscape_OP16_1/assets/Script/Game/Game.ts as file:///D:/PA_2024/3D/CatEscape/CatEscape_OP16_1/assets/Script/Plugin/AudioManager.ts.
debug: Target(editor) ends with cost 327.30680000782013ms.
debug: Target(preview) build started.
debug: Detected change: cce:/internal/x/prerequisite-imports. Last mtime: Thu Jan 01 1970 08:00:24 GMT+0800 (Indochina Time), Current mtime: Thu Jan 01 1970 08:11:32 GMT+0800 (Indochina Time)
debug: Inspect cce:/internal/x/prerequisite-imports
debug: Resolve file:///D:/PA_2024/3D/CatEscape/CatEscape_OP16_1/assets/Script/Data/Constant.ts from cce:/internal/x/prerequisite-imports as file:///D:/PA_2024/3D/CatEscape/CatEscape_OP16_1/assets/Script/Data/Constant.ts.
debug: Resolve file:///D:/PA_2024/3D/CatEscape/CatEscape_OP16_1/assets/Script/Game/BossAction.ts from cce:/internal/x/prerequisite-imports as file:///D:/PA_2024/3D/CatEscape/CatEscape_OP16_1/assets/Script/Game/BossAction.ts.
debug: Resolve file:///D:/PA_2024/3D/CatEscape/CatEscape_OP16_1/assets/Script/Game/CubeController.ts from cce:/internal/x/prerequisite-imports as file:///D:/PA_2024/3D/CatEscape/CatEscape_OP16_1/assets/Script/Game/CubeController.ts.
debug: Resolve file:///D:/PA_2024/3D/CatEscape/CatEscape_OP16_1/assets/Script/Game/CatController.ts from cce:/internal/x/prerequisite-imports as file:///D:/PA_2024/3D/CatEscape/CatEscape_OP16_1/assets/Script/Game/CatController.ts.
debug: Resolve file:///D:/PA_2024/3D/CatEscape/CatEscape_OP16_1/assets/Script/Game/Game.ts from cce:/internal/x/prerequisite-imports as file:///D:/PA_2024/3D/CatEscape/CatEscape_OP16_1/assets/Script/Game/Game.ts.
debug: Resolve file:///D:/PA_2024/3D/CatEscape/CatEscape_OP16_1/assets/Script/Game/GameController.ts from cce:/internal/x/prerequisite-imports as file:///D:/PA_2024/3D/CatEscape/CatEscape_OP16_1/assets/Script/Game/GameController.ts.
debug: Resolve file:///D:/PA_2024/3D/CatEscape/CatEscape_OP16_1/assets/Script/Game/JoyStick.ts from cce:/internal/x/prerequisite-imports as file:///D:/PA_2024/3D/CatEscape/CatEscape_OP16_1/assets/Script/Game/JoyStick.ts.
debug: Resolve file:///D:/PA_2024/3D/CatEscape/CatEscape_OP16_1/assets/Script/Game/LaserController.ts from cce:/internal/x/prerequisite-imports as file:///D:/PA_2024/3D/CatEscape/CatEscape_OP16_1/assets/Script/Game/LaserController.ts.
debug: Resolve file:///D:/PA_2024/3D/CatEscape/CatEscape_OP16_1/assets/Script/Plugin/AudioManager.ts from cce:/internal/x/prerequisite-imports as file:///D:/PA_2024/3D/CatEscape/CatEscape_OP16_1/assets/Script/Plugin/AudioManager.ts.
debug: Resolve file:///D:/PA_2024/3D/CatEscape/CatEscape_OP16_1/assets/Script/Plugin/Responsive.ts from cce:/internal/x/prerequisite-imports as file:///D:/PA_2024/3D/CatEscape/CatEscape_OP16_1/assets/Script/Plugin/Responsive.ts.
debug: Detected change: file:///D:/PA_2024/3D/CatEscape/CatEscape_OP16_1/assets/Script/Game/Game.ts. Last mtime: Fri Mar 08 2024 14:41:29 GMT+0700 (Indochina Time)@ab7fd72a-74c2-4195-b544-23f23c628884, Current mtime: Fri Mar 08 2024 17:03:14 GMT+0700 (Indochina Time)@ab7fd72a-74c2-4195-b544-23f23c628884
debug: Inspect file:///D:/PA_2024/3D/CatEscape/CatEscape_OP16_1/assets/Script/Game/Game.ts
debug: Resolve cce:/internal/code-quality/cr.mjs from file:///D:/PA_2024/3D/CatEscape/CatEscape_OP16_1/assets/Script/Game/Game.ts as cce:/internal/code-quality/cr.mjs.
debug: Resolve cc from file:///D:/PA_2024/3D/CatEscape/CatEscape_OP16_1/assets/Script/Game/Game.ts as cce:/internal/x/cc.
debug: Resolve cc from file:///D:/PA_2024/3D/CatEscape/CatEscape_OP16_1/assets/Script/Game/Game.ts as cce:/internal/x/cc.
debug: Resolve ./GameController from file:///D:/PA_2024/3D/CatEscape/CatEscape_OP16_1/assets/Script/Game/Game.ts as file:///D:/PA_2024/3D/CatEscape/CatEscape_OP16_1/assets/Script/Game/GameController.ts.
debug: Resolve ./JoyStick from file:///D:/PA_2024/3D/CatEscape/CatEscape_OP16_1/assets/Script/Game/Game.ts as file:///D:/PA_2024/3D/CatEscape/CatEscape_OP16_1/assets/Script/Game/JoyStick.ts.
debug: Resolve ../Data/Constant from file:///D:/PA_2024/3D/CatEscape/CatEscape_OP16_1/assets/Script/Game/Game.ts as file:///D:/PA_2024/3D/CatEscape/CatEscape_OP16_1/assets/Script/Data/Constant.ts.
debug: Resolve ../Plugin/AudioManager from file:///D:/PA_2024/3D/CatEscape/CatEscape_OP16_1/assets/Script/Game/Game.ts as file:///D:/PA_2024/3D/CatEscape/CatEscape_OP16_1/assets/Script/Plugin/AudioManager.ts.
debug: Target(preview) ends with cost 245.2847000360489ms.
debug: Dispatch build request for time accumulated 2 asset changes.
debug: Build iteration starts.
Number of accumulated asset changes: 2
Feature changed: false
debug: Target(editor) build started.
debug: Detected change: cce:/internal/x/prerequisite-imports. Last mtime: Thu Jan 01 1970 08:11:31 GMT+0800 (Indochina Time), Current mtime: Thu Jan 01 1970 08:12:55 GMT+0800 (Indochina Time)
debug: Inspect cce:/internal/x/prerequisite-imports
debug: Resolve file:///D:/PA_2024/3D/CatEscape/CatEscape_OP16_1/assets/Script/Data/Constant.ts from cce:/internal/x/prerequisite-imports as file:///D:/PA_2024/3D/CatEscape/CatEscape_OP16_1/assets/Script/Data/Constant.ts.
debug: Resolve file:///D:/PA_2024/3D/CatEscape/CatEscape_OP16_1/assets/Script/Game/BossAction.ts from cce:/internal/x/prerequisite-imports as file:///D:/PA_2024/3D/CatEscape/CatEscape_OP16_1/assets/Script/Game/BossAction.ts.
debug: Resolve file:///D:/PA_2024/3D/CatEscape/CatEscape_OP16_1/assets/Script/Game/CatController.ts from cce:/internal/x/prerequisite-imports as file:///D:/PA_2024/3D/CatEscape/CatEscape_OP16_1/assets/Script/Game/CatController.ts.
debug: Resolve file:///D:/PA_2024/3D/CatEscape/CatEscape_OP16_1/assets/Script/Game/CubeController.ts from cce:/internal/x/prerequisite-imports as file:///D:/PA_2024/3D/CatEscape/CatEscape_OP16_1/assets/Script/Game/CubeController.ts.
debug: Resolve file:///D:/PA_2024/3D/CatEscape/CatEscape_OP16_1/assets/Script/Game/Game.ts from cce:/internal/x/prerequisite-imports as file:///D:/PA_2024/3D/CatEscape/CatEscape_OP16_1/assets/Script/Game/Game.ts.
debug: Resolve file:///D:/PA_2024/3D/CatEscape/CatEscape_OP16_1/assets/Script/Game/GameController.ts from cce:/internal/x/prerequisite-imports as file:///D:/PA_2024/3D/CatEscape/CatEscape_OP16_1/assets/Script/Game/GameController.ts.
debug: Resolve file:///D:/PA_2024/3D/CatEscape/CatEscape_OP16_1/assets/Script/Game/JoyStick.ts from cce:/internal/x/prerequisite-imports as file:///D:/PA_2024/3D/CatEscape/CatEscape_OP16_1/assets/Script/Game/JoyStick.ts.
debug: Resolve file:///D:/PA_2024/3D/CatEscape/CatEscape_OP16_1/assets/Script/Game/LaserController.ts from cce:/internal/x/prerequisite-imports as file:///D:/PA_2024/3D/CatEscape/CatEscape_OP16_1/assets/Script/Game/LaserController.ts.
debug: Resolve file:///D:/PA_2024/3D/CatEscape/CatEscape_OP16_1/assets/Script/Plugin/AudioManager.ts from cce:/internal/x/prerequisite-imports as file:///D:/PA_2024/3D/CatEscape/CatEscape_OP16_1/assets/Script/Plugin/AudioManager.ts.
debug: Resolve file:///D:/PA_2024/3D/CatEscape/CatEscape_OP16_1/assets/Script/Plugin/Responsive.ts from cce:/internal/x/prerequisite-imports as file:///D:/PA_2024/3D/CatEscape/CatEscape_OP16_1/assets/Script/Plugin/Responsive.ts.
debug: Detected change: file:///D:/PA_2024/3D/CatEscape/CatEscape_OP16_1/assets/Script/Game/Game.ts. Last mtime: Fri Mar 08 2024 17:03:14 GMT+0700 (Indochina Time)@ab7fd72a-74c2-4195-b544-23f23c628884, Current mtime: Fri Mar 08 2024 17:04:32 GMT+0700 (Indochina Time)@ab7fd72a-74c2-4195-b544-23f23c628884
debug: Inspect file:///D:/PA_2024/3D/CatEscape/CatEscape_OP16_1/assets/Script/Game/Game.ts
debug: Detected change: file:///D:/PA_2024/3D/CatEscape/CatEscape_OP16_1/assets/Script/Game/JoyStick.ts. Last mtime: Fri Mar 08 2024 10:37:59 GMT+0700 (Indochina Time)@c3658a8e-41a7-4461-9b7c-d04a8fa6ae67, Current mtime: Fri Mar 08 2024 17:04:38 GMT+0700 (Indochina Time)@c3658a8e-41a7-4461-9b7c-d04a8fa6ae67
debug: Inspect file:///D:/PA_2024/3D/CatEscape/CatEscape_OP16_1/assets/Script/Game/JoyStick.ts
debug: Resolve cce:/internal/code-quality/cr.mjs from file:///D:/PA_2024/3D/CatEscape/CatEscape_OP16_1/assets/Script/Game/Game.ts as cce:/internal/code-quality/cr.mjs.
debug: Resolve cc from file:///D:/PA_2024/3D/CatEscape/CatEscape_OP16_1/assets/Script/Game/Game.ts as cce:/internal/x/cc.
debug: Resolve cc from file:///D:/PA_2024/3D/CatEscape/CatEscape_OP16_1/assets/Script/Game/Game.ts as cce:/internal/x/cc.
debug: Resolve cce:/internal/code-quality/cr.mjs from file:///D:/PA_2024/3D/CatEscape/CatEscape_OP16_1/assets/Script/Game/JoyStick.ts as cce:/internal/code-quality/cr.mjs.
debug: Resolve cc from file:///D:/PA_2024/3D/CatEscape/CatEscape_OP16_1/assets/Script/Game/JoyStick.ts as cce:/internal/x/cc.
debug: Resolve cc from file:///D:/PA_2024/3D/CatEscape/CatEscape_OP16_1/assets/Script/Game/JoyStick.ts as cce:/internal/x/cc.
debug: Resolve ./GameController from file:///D:/PA_2024/3D/CatEscape/CatEscape_OP16_1/assets/Script/Game/Game.ts as file:///D:/PA_2024/3D/CatEscape/CatEscape_OP16_1/assets/Script/Game/GameController.ts.
debug: Resolve ./JoyStick from file:///D:/PA_2024/3D/CatEscape/CatEscape_OP16_1/assets/Script/Game/Game.ts as file:///D:/PA_2024/3D/CatEscape/CatEscape_OP16_1/assets/Script/Game/JoyStick.ts.
debug: Resolve ../Data/Constant from file:///D:/PA_2024/3D/CatEscape/CatEscape_OP16_1/assets/Script/Game/Game.ts as file:///D:/PA_2024/3D/CatEscape/CatEscape_OP16_1/assets/Script/Data/Constant.ts.
debug: Resolve ../Plugin/AudioManager from file:///D:/PA_2024/3D/CatEscape/CatEscape_OP16_1/assets/Script/Game/Game.ts as file:///D:/PA_2024/3D/CatEscape/CatEscape_OP16_1/assets/Script/Plugin/AudioManager.ts.
debug: Resolve ../Data/Constant from file:///D:/PA_2024/3D/CatEscape/CatEscape_OP16_1/assets/Script/Game/JoyStick.ts as file:///D:/PA_2024/3D/CatEscape/CatEscape_OP16_1/assets/Script/Data/Constant.ts.
debug: Resolve ../Plugin/AudioManager from file:///D:/PA_2024/3D/CatEscape/CatEscape_OP16_1/assets/Script/Game/JoyStick.ts as file:///D:/PA_2024/3D/CatEscape/CatEscape_OP16_1/assets/Script/Plugin/AudioManager.ts.
debug: Target(editor) ends with cost 2917.655699968338ms.
debug: Target(preview) build started.
debug: Detected change: cce:/internal/x/prerequisite-imports. Last mtime: Thu Jan 01 1970 08:11:32 GMT+0800 (Indochina Time), Current mtime: Thu Jan 01 1970 08:12:58 GMT+0800 (Indochina Time)
debug: Inspect cce:/internal/x/prerequisite-imports
debug: Resolve file:///D:/PA_2024/3D/CatEscape/CatEscape_OP16_1/assets/Script/Data/Constant.ts from cce:/internal/x/prerequisite-imports as file:///D:/PA_2024/3D/CatEscape/CatEscape_OP16_1/assets/Script/Data/Constant.ts.
debug: Resolve file:///D:/PA_2024/3D/CatEscape/CatEscape_OP16_1/assets/Script/Game/BossAction.ts from cce:/internal/x/prerequisite-imports as file:///D:/PA_2024/3D/CatEscape/CatEscape_OP16_1/assets/Script/Game/BossAction.ts.
debug: Resolve file:///D:/PA_2024/3D/CatEscape/CatEscape_OP16_1/assets/Script/Game/CatController.ts from cce:/internal/x/prerequisite-imports as file:///D:/PA_2024/3D/CatEscape/CatEscape_OP16_1/assets/Script/Game/CatController.ts.
debug: Resolve file:///D:/PA_2024/3D/CatEscape/CatEscape_OP16_1/assets/Script/Game/CubeController.ts from cce:/internal/x/prerequisite-imports as file:///D:/PA_2024/3D/CatEscape/CatEscape_OP16_1/assets/Script/Game/CubeController.ts.
debug: Resolve file:///D:/PA_2024/3D/CatEscape/CatEscape_OP16_1/assets/Script/Game/Game.ts from cce:/internal/x/prerequisite-imports as file:///D:/PA_2024/3D/CatEscape/CatEscape_OP16_1/assets/Script/Game/Game.ts.
debug: Resolve file:///D:/PA_2024/3D/CatEscape/CatEscape_OP16_1/assets/Script/Game/GameController.ts from cce:/internal/x/prerequisite-imports as file:///D:/PA_2024/3D/CatEscape/CatEscape_OP16_1/assets/Script/Game/GameController.ts.
debug: Resolve file:///D:/PA_2024/3D/CatEscape/CatEscape_OP16_1/assets/Script/Game/JoyStick.ts from cce:/internal/x/prerequisite-imports as file:///D:/PA_2024/3D/CatEscape/CatEscape_OP16_1/assets/Script/Game/JoyStick.ts.
debug: Resolve file:///D:/PA_2024/3D/CatEscape/CatEscape_OP16_1/assets/Script/Game/LaserController.ts from cce:/internal/x/prerequisite-imports as file:///D:/PA_2024/3D/CatEscape/CatEscape_OP16_1/assets/Script/Game/LaserController.ts.
debug: Resolve file:///D:/PA_2024/3D/CatEscape/CatEscape_OP16_1/assets/Script/Plugin/AudioManager.ts from cce:/internal/x/prerequisite-imports as file:///D:/PA_2024/3D/CatEscape/CatEscape_OP16_1/assets/Script/Plugin/AudioManager.ts.
debug: Resolve file:///D:/PA_2024/3D/CatEscape/CatEscape_OP16_1/assets/Script/Plugin/Responsive.ts from cce:/internal/x/prerequisite-imports as file:///D:/PA_2024/3D/CatEscape/CatEscape_OP16_1/assets/Script/Plugin/Responsive.ts.
debug: Detected change: file:///D:/PA_2024/3D/CatEscape/CatEscape_OP16_1/assets/Script/Game/Game.ts. Last mtime: Fri Mar 08 2024 17:03:14 GMT+0700 (Indochina Time)@ab7fd72a-74c2-4195-b544-23f23c628884, Current mtime: Fri Mar 08 2024 17:04:32 GMT+0700 (Indochina Time)@ab7fd72a-74c2-4195-b544-23f23c628884
debug: Inspect file:///D:/PA_2024/3D/CatEscape/CatEscape_OP16_1/assets/Script/Game/Game.ts
debug: Detected change: file:///D:/PA_2024/3D/CatEscape/CatEscape_OP16_1/assets/Script/Game/JoyStick.ts. Last mtime: Fri Mar 08 2024 10:37:59 GMT+0700 (Indochina Time)@c3658a8e-41a7-4461-9b7c-d04a8fa6ae67, Current mtime: Fri Mar 08 2024 17:04:38 GMT+0700 (Indochina Time)@c3658a8e-41a7-4461-9b7c-d04a8fa6ae67
debug: Inspect file:///D:/PA_2024/3D/CatEscape/CatEscape_OP16_1/assets/Script/Game/JoyStick.ts
debug: Resolve cce:/internal/code-quality/cr.mjs from file:///D:/PA_2024/3D/CatEscape/CatEscape_OP16_1/assets/Script/Game/Game.ts as cce:/internal/code-quality/cr.mjs.
debug: Resolve cc from file:///D:/PA_2024/3D/CatEscape/CatEscape_OP16_1/assets/Script/Game/Game.ts as cce:/internal/x/cc.
debug: Resolve cc from file:///D:/PA_2024/3D/CatEscape/CatEscape_OP16_1/assets/Script/Game/Game.ts as cce:/internal/x/cc.
debug: Resolve cce:/internal/code-quality/cr.mjs from file:///D:/PA_2024/3D/CatEscape/CatEscape_OP16_1/assets/Script/Game/JoyStick.ts as cce:/internal/code-quality/cr.mjs.
debug: Resolve cc from file:///D:/PA_2024/3D/CatEscape/CatEscape_OP16_1/assets/Script/Game/JoyStick.ts as cce:/internal/x/cc.
debug: Resolve cc from file:///D:/PA_2024/3D/CatEscape/CatEscape_OP16_1/assets/Script/Game/JoyStick.ts as cce:/internal/x/cc.
debug: Resolve ./GameController from file:///D:/PA_2024/3D/CatEscape/CatEscape_OP16_1/assets/Script/Game/Game.ts as file:///D:/PA_2024/3D/CatEscape/CatEscape_OP16_1/assets/Script/Game/GameController.ts.
debug: Resolve ./JoyStick from file:///D:/PA_2024/3D/CatEscape/CatEscape_OP16_1/assets/Script/Game/Game.ts as file:///D:/PA_2024/3D/CatEscape/CatEscape_OP16_1/assets/Script/Game/JoyStick.ts.
debug: Resolve ../Data/Constant from file:///D:/PA_2024/3D/CatEscape/CatEscape_OP16_1/assets/Script/Game/Game.ts as file:///D:/PA_2024/3D/CatEscape/CatEscape_OP16_1/assets/Script/Data/Constant.ts.
debug: Resolve ../Plugin/AudioManager from file:///D:/PA_2024/3D/CatEscape/CatEscape_OP16_1/assets/Script/Game/Game.ts as file:///D:/PA_2024/3D/CatEscape/CatEscape_OP16_1/assets/Script/Plugin/AudioManager.ts.
debug: Resolve ../Data/Constant from file:///D:/PA_2024/3D/CatEscape/CatEscape_OP16_1/assets/Script/Game/JoyStick.ts as file:///D:/PA_2024/3D/CatEscape/CatEscape_OP16_1/assets/Script/Data/Constant.ts.
debug: Resolve ../Plugin/AudioManager from file:///D:/PA_2024/3D/CatEscape/CatEscape_OP16_1/assets/Script/Game/JoyStick.ts as file:///D:/PA_2024/3D/CatEscape/CatEscape_OP16_1/assets/Script/Plugin/AudioManager.ts.
debug: Target(preview) ends with cost 177.67820000648499ms.
