debug: Thu, 14 Mar 2024 08:26:07 GMT
debug: Project: D:\PA_2024\3D\MergeDino\MergeDino_Op12
debug: Targets: editor,preview
debug: Incremental file seems great.
debug: Engine path: C:\ProgramData\cocos\editors\Creator\3.4.2\resources\resources\3d\engine
debug: Initializing target [Editor]
debug: Loading cache
debug: Loading cache costs 3.0004000663757324ms.
debug: Engine features shipped in editor: base,gfx-webgl,gfx-webgl2,3d,2d,ui,particle,particle-2d,physics-framework,physics-2d-framework,intersection-2d,primitive,profiler,audio,video,terrain,webview,tween,tiled-map,spine,dragon-bones,marionette
debug: Initializing target [Preview]
debug: Loading cache
debug: Loading cache costs 2.0332999229431152ms.
debug: Sync engine features: 2d,3d,audio,base,dragon-bones,gfx-webgl,gfx-webgl2,marionette,particle,physics-cannon,primitive,profiler,spine,terrain,tiled-map,tween,ui,webview
debug: Pulling asset-db.
debug: Fetch asset-db cost: 13.94409990310669ms.
debug: Build iteration starts.
Number of accumulated asset changes: 12
Feature changed: false
debug: Target(editor) build started.
debug: Detected change: cce:/internal/x/cc. Last mtime: Thu Jan 01 1970 08:00:05 GMT+0800 (Indochina Time), Current mtime: Thu Jan 01 1970 08:00:06 GMT+0800 (Indochina Time)
debug: Inspect cce:/internal/x/cc
debug: Resolve cce:/internal/x/cc-fu/base from cce:/internal/x/cc as external dependency cce:/internal/x/cc-fu/base.
debug: Resolve cce:/internal/x/cc-fu/gfx-webgl from cce:/internal/x/cc as external dependency cce:/internal/x/cc-fu/gfx-webgl.
debug: Resolve cce:/internal/x/cc-fu/gfx-webgl2 from cce:/internal/x/cc as external dependency cce:/internal/x/cc-fu/gfx-webgl2.
debug: Resolve cce:/internal/x/cc-fu/3d from cce:/internal/x/cc as external dependency cce:/internal/x/cc-fu/3d.
debug: Resolve cce:/internal/x/cc-fu/2d from cce:/internal/x/cc as external dependency cce:/internal/x/cc-fu/2d.
debug: Resolve cce:/internal/x/cc-fu/ui from cce:/internal/x/cc as external dependency cce:/internal/x/cc-fu/ui.
debug: Resolve cce:/internal/x/cc-fu/particle from cce:/internal/x/cc as external dependency cce:/internal/x/cc-fu/particle.
debug: Resolve cce:/internal/x/cc-fu/particle-2d from cce:/internal/x/cc as external dependency cce:/internal/x/cc-fu/particle-2d.
debug: Resolve cce:/internal/x/cc-fu/physics-framework from cce:/internal/x/cc as external dependency cce:/internal/x/cc-fu/physics-framework.
debug: Resolve cce:/internal/x/cc-fu/physics-2d-framework from cce:/internal/x/cc as external dependency cce:/internal/x/cc-fu/physics-2d-framework.
debug: Resolve cce:/internal/x/cc-fu/intersection-2d from cce:/internal/x/cc as external dependency cce:/internal/x/cc-fu/intersection-2d.
debug: Resolve cce:/internal/x/cc-fu/primitive from cce:/internal/x/cc as external dependency cce:/internal/x/cc-fu/primitive.
debug: Resolve cce:/internal/x/cc-fu/profiler from cce:/internal/x/cc as external dependency cce:/internal/x/cc-fu/profiler.
debug: Resolve cce:/internal/x/cc-fu/audio from cce:/internal/x/cc as external dependency cce:/internal/x/cc-fu/audio.
debug: Resolve cce:/internal/x/cc-fu/video from cce:/internal/x/cc as external dependency cce:/internal/x/cc-fu/video.
debug: Resolve cce:/internal/x/cc-fu/terrain from cce:/internal/x/cc as external dependency cce:/internal/x/cc-fu/terrain.
debug: Resolve cce:/internal/x/cc-fu/webview from cce:/internal/x/cc as external dependency cce:/internal/x/cc-fu/webview.
debug: Resolve cce:/internal/x/cc-fu/tween from cce:/internal/x/cc as external dependency cce:/internal/x/cc-fu/tween.
debug: Resolve cce:/internal/x/cc-fu/tiled-map from cce:/internal/x/cc as external dependency cce:/internal/x/cc-fu/tiled-map.
debug: Resolve cce:/internal/x/cc-fu/spine from cce:/internal/x/cc as external dependency cce:/internal/x/cc-fu/spine.
debug: Resolve cce:/internal/x/cc-fu/dragon-bones from cce:/internal/x/cc as external dependency cce:/internal/x/cc-fu/dragon-bones.
debug: Detected change: cce:/internal/x/prerequisite-imports. Last mtime: Thu Jan 01 1970 08:00:21 GMT+0800 (Indochina Time), Current mtime: Thu Jan 01 1970 08:00:11 GMT+0800 (Indochina Time)
debug: Inspect cce:/internal/x/prerequisite-imports
debug: Resolve file:///D:/PA_2024/3D/MergeDino/MergeDino_Op12/assets/Script/Controller/BossController.ts from cce:/internal/x/prerequisite-imports as file:///D:/PA_2024/3D/MergeDino/MergeDino_Op12/assets/Script/Controller/BossController.ts.
debug: Resolve file:///D:/PA_2024/3D/MergeDino/MergeDino_Op12/assets/Script/Controller/CharacterControl.ts from cce:/internal/x/prerequisite-imports as file:///D:/PA_2024/3D/MergeDino/MergeDino_Op12/assets/Script/Controller/CharacterControl.ts.
debug: Resolve file:///D:/PA_2024/3D/MergeDino/MergeDino_Op12/assets/Script/Controller/GameController.ts from cce:/internal/x/prerequisite-imports as file:///D:/PA_2024/3D/MergeDino/MergeDino_Op12/assets/Script/Controller/GameController.ts.
debug: Resolve file:///D:/PA_2024/3D/MergeDino/MergeDino_Op12/assets/Script/Controller/GamePlay.ts from cce:/internal/x/prerequisite-imports as file:///D:/PA_2024/3D/MergeDino/MergeDino_Op12/assets/Script/Controller/GamePlay.ts.
debug: Resolve file:///D:/PA_2024/3D/MergeDino/MergeDino_Op12/assets/Script/Controller/NodesController.ts from cce:/internal/x/prerequisite-imports as file:///D:/PA_2024/3D/MergeDino/MergeDino_Op12/assets/Script/Controller/NodesController.ts.
debug: Resolve file:///D:/PA_2024/3D/MergeDino/MergeDino_Op12/assets/Script/Controller/RangerControl.ts from cce:/internal/x/prerequisite-imports as file:///D:/PA_2024/3D/MergeDino/MergeDino_Op12/assets/Script/Controller/RangerControl.ts.
debug: Resolve file:///D:/PA_2024/3D/MergeDino/MergeDino_Op12/assets/Script/Controller/TouchAreaController.ts from cce:/internal/x/prerequisite-imports as file:///D:/PA_2024/3D/MergeDino/MergeDino_Op12/assets/Script/Controller/TouchAreaController.ts.
debug: Resolve file:///D:/PA_2024/3D/MergeDino/MergeDino_Op12/assets/Script/Data/Constant.ts from cce:/internal/x/prerequisite-imports as file:///D:/PA_2024/3D/MergeDino/MergeDino_Op12/assets/Script/Data/Constant.ts.
debug: Resolve file:///D:/PA_2024/3D/MergeDino/MergeDino_Op12/assets/Script/Plugin/AudioManager.ts from cce:/internal/x/prerequisite-imports as file:///D:/PA_2024/3D/MergeDino/MergeDino_Op12/assets/Script/Plugin/AudioManager.ts.
debug: Resolve file:///D:/PA_2024/3D/MergeDino/MergeDino_Op12/assets/Script/Plugin/IronSource.ts from cce:/internal/x/prerequisite-imports as file:///D:/PA_2024/3D/MergeDino/MergeDino_Op12/assets/Script/Plugin/IronSource.ts.
debug: Resolve file:///D:/PA_2024/3D/MergeDino/MergeDino_Op12/assets/Script/Plugin/Responsive.ts from cce:/internal/x/prerequisite-imports as file:///D:/PA_2024/3D/MergeDino/MergeDino_Op12/assets/Script/Plugin/Responsive.ts.
debug: Resolve file:///D:/PA_2024/3D/MergeDino/MergeDino_Op12/assets/Script/Plugin/Utils.ts from cce:/internal/x/prerequisite-imports as file:///D:/PA_2024/3D/MergeDino/MergeDino_Op12/assets/Script/Plugin/Utils.ts.
debug: Detected change: cce:/internal/code-quality/cr.mjs. Last mtime: Thu Mar 14 2024 11:41:41 GMT+0700 (Indochina Time), Current mtime: Thu Mar 14 2024 15:26:01 GMT+0700 (Indochina Time)
debug: Inspect cce:/internal/code-quality/cr.mjs
debug: Target(editor) ends with cost 117.43840003013611ms.
debug: Target(preview) build started.
debug: Detected change: cce:/internal/x/cc. Last mtime: Thu Jan 01 1970 08:00:05 GMT+0800 (Indochina Time), Current mtime: Thu Jan 01 1970 08:00:06 GMT+0800 (Indochina Time)
debug: Inspect cce:/internal/x/cc
debug: Resolve cce:/internal/x/cc-fu/2d from cce:/internal/x/cc as external dependency cce:/internal/x/cc-fu/2d.
debug: Resolve cce:/internal/x/cc-fu/3d from cce:/internal/x/cc as external dependency cce:/internal/x/cc-fu/3d.
debug: Resolve cce:/internal/x/cc-fu/audio from cce:/internal/x/cc as external dependency cce:/internal/x/cc-fu/audio.
debug: Resolve cce:/internal/x/cc-fu/base from cce:/internal/x/cc as external dependency cce:/internal/x/cc-fu/base.
debug: Resolve cce:/internal/x/cc-fu/dragon-bones from cce:/internal/x/cc as external dependency cce:/internal/x/cc-fu/dragon-bones.
debug: Resolve cce:/internal/x/cc-fu/gfx-webgl from cce:/internal/x/cc as external dependency cce:/internal/x/cc-fu/gfx-webgl.
debug: Resolve cce:/internal/x/cc-fu/gfx-webgl2 from cce:/internal/x/cc as external dependency cce:/internal/x/cc-fu/gfx-webgl2.
debug: Resolve cce:/internal/x/cc-fu/particle from cce:/internal/x/cc as external dependency cce:/internal/x/cc-fu/particle.
debug: Resolve cce:/internal/x/cc-fu/physics-cannon from cce:/internal/x/cc as external dependency cce:/internal/x/cc-fu/physics-cannon.
debug: Resolve cce:/internal/x/cc-fu/physics-framework from cce:/internal/x/cc as external dependency cce:/internal/x/cc-fu/physics-framework.
debug: Resolve cce:/internal/x/cc-fu/primitive from cce:/internal/x/cc as external dependency cce:/internal/x/cc-fu/primitive.
debug: Resolve cce:/internal/x/cc-fu/profiler from cce:/internal/x/cc as external dependency cce:/internal/x/cc-fu/profiler.
debug: Resolve cce:/internal/x/cc-fu/spine from cce:/internal/x/cc as external dependency cce:/internal/x/cc-fu/spine.
debug: Resolve cce:/internal/x/cc-fu/terrain from cce:/internal/x/cc as external dependency cce:/internal/x/cc-fu/terrain.
debug: Resolve cce:/internal/x/cc-fu/tiled-map from cce:/internal/x/cc as external dependency cce:/internal/x/cc-fu/tiled-map.
debug: Resolve cce:/internal/x/cc-fu/tween from cce:/internal/x/cc as external dependency cce:/internal/x/cc-fu/tween.
debug: Resolve cce:/internal/x/cc-fu/ui from cce:/internal/x/cc as external dependency cce:/internal/x/cc-fu/ui.
debug: Resolve cce:/internal/x/cc-fu/webview from cce:/internal/x/cc as external dependency cce:/internal/x/cc-fu/webview.
debug: Detected change: cce:/internal/x/prerequisite-imports. Last mtime: Thu Jan 01 1970 08:00:21 GMT+0800 (Indochina Time), Current mtime: Thu Jan 01 1970 08:00:11 GMT+0800 (Indochina Time)
debug: Inspect cce:/internal/x/prerequisite-imports
debug: Resolve file:///D:/PA_2024/3D/MergeDino/MergeDino_Op12/assets/Script/Controller/BossController.ts from cce:/internal/x/prerequisite-imports as file:///D:/PA_2024/3D/MergeDino/MergeDino_Op12/assets/Script/Controller/BossController.ts.
debug: Resolve file:///D:/PA_2024/3D/MergeDino/MergeDino_Op12/assets/Script/Controller/CharacterControl.ts from cce:/internal/x/prerequisite-imports as file:///D:/PA_2024/3D/MergeDino/MergeDino_Op12/assets/Script/Controller/CharacterControl.ts.
debug: Resolve file:///D:/PA_2024/3D/MergeDino/MergeDino_Op12/assets/Script/Controller/GamePlay.ts from cce:/internal/x/prerequisite-imports as file:///D:/PA_2024/3D/MergeDino/MergeDino_Op12/assets/Script/Controller/GamePlay.ts.
debug: Resolve file:///D:/PA_2024/3D/MergeDino/MergeDino_Op12/assets/Script/Controller/GameController.ts from cce:/internal/x/prerequisite-imports as file:///D:/PA_2024/3D/MergeDino/MergeDino_Op12/assets/Script/Controller/GameController.ts.
debug: Resolve file:///D:/PA_2024/3D/MergeDino/MergeDino_Op12/assets/Script/Controller/NodesController.ts from cce:/internal/x/prerequisite-imports as file:///D:/PA_2024/3D/MergeDino/MergeDino_Op12/assets/Script/Controller/NodesController.ts.
debug: Resolve file:///D:/PA_2024/3D/MergeDino/MergeDino_Op12/assets/Script/Controller/RangerControl.ts from cce:/internal/x/prerequisite-imports as file:///D:/PA_2024/3D/MergeDino/MergeDino_Op12/assets/Script/Controller/RangerControl.ts.
debug: Resolve file:///D:/PA_2024/3D/MergeDino/MergeDino_Op12/assets/Script/Controller/TouchAreaController.ts from cce:/internal/x/prerequisite-imports as file:///D:/PA_2024/3D/MergeDino/MergeDino_Op12/assets/Script/Controller/TouchAreaController.ts.
debug: Resolve file:///D:/PA_2024/3D/MergeDino/MergeDino_Op12/assets/Script/Data/Constant.ts from cce:/internal/x/prerequisite-imports as file:///D:/PA_2024/3D/MergeDino/MergeDino_Op12/assets/Script/Data/Constant.ts.
debug: Resolve file:///D:/PA_2024/3D/MergeDino/MergeDino_Op12/assets/Script/Plugin/AudioManager.ts from cce:/internal/x/prerequisite-imports as file:///D:/PA_2024/3D/MergeDino/MergeDino_Op12/assets/Script/Plugin/AudioManager.ts.
debug: Resolve file:///D:/PA_2024/3D/MergeDino/MergeDino_Op12/assets/Script/Plugin/IronSource.ts from cce:/internal/x/prerequisite-imports as file:///D:/PA_2024/3D/MergeDino/MergeDino_Op12/assets/Script/Plugin/IronSource.ts.
debug: Resolve file:///D:/PA_2024/3D/MergeDino/MergeDino_Op12/assets/Script/Plugin/Responsive.ts from cce:/internal/x/prerequisite-imports as file:///D:/PA_2024/3D/MergeDino/MergeDino_Op12/assets/Script/Plugin/Responsive.ts.
debug: Resolve file:///D:/PA_2024/3D/MergeDino/MergeDino_Op12/assets/Script/Plugin/Utils.ts from cce:/internal/x/prerequisite-imports as file:///D:/PA_2024/3D/MergeDino/MergeDino_Op12/assets/Script/Plugin/Utils.ts.
debug: Detected change: cce:/internal/code-quality/cr.mjs. Last mtime: Thu Mar 14 2024 11:41:41 GMT+0700 (Indochina Time), Current mtime: Thu Mar 14 2024 15:26:01 GMT+0700 (Indochina Time)
debug: Inspect cce:/internal/code-quality/cr.mjs
debug: Target(preview) ends with cost 81.42230010032654ms.
debug: Dispatch build request for time accumulated 1 asset changes.
debug: Build iteration starts.
Number of accumulated asset changes: 1
Feature changed: false
debug: Target(editor) build started.
debug: Detected change: cce:/internal/x/prerequisite-imports. Last mtime: Thu Jan 01 1970 08:00:11 GMT+0800 (Indochina Time), Current mtime: Thu Jan 01 1970 08:08:25 GMT+0800 (Indochina Time)
debug: Inspect cce:/internal/x/prerequisite-imports
debug: Resolve file:///D:/PA_2024/3D/MergeDino/MergeDino_Op12/assets/Script/Controller/BossController.ts from cce:/internal/x/prerequisite-imports as file:///D:/PA_2024/3D/MergeDino/MergeDino_Op12/assets/Script/Controller/BossController.ts.
debug: Resolve file:///D:/PA_2024/3D/MergeDino/MergeDino_Op12/assets/Script/Controller/CharacterControl.ts from cce:/internal/x/prerequisite-imports as file:///D:/PA_2024/3D/MergeDino/MergeDino_Op12/assets/Script/Controller/CharacterControl.ts.
debug: Resolve file:///D:/PA_2024/3D/MergeDino/MergeDino_Op12/assets/Script/Controller/GameController.ts from cce:/internal/x/prerequisite-imports as file:///D:/PA_2024/3D/MergeDino/MergeDino_Op12/assets/Script/Controller/GameController.ts.
debug: Resolve file:///D:/PA_2024/3D/MergeDino/MergeDino_Op12/assets/Script/Controller/GamePlay.ts from cce:/internal/x/prerequisite-imports as file:///D:/PA_2024/3D/MergeDino/MergeDino_Op12/assets/Script/Controller/GamePlay.ts.
debug: Resolve file:///D:/PA_2024/3D/MergeDino/MergeDino_Op12/assets/Script/Controller/RangerControl.ts from cce:/internal/x/prerequisite-imports as file:///D:/PA_2024/3D/MergeDino/MergeDino_Op12/assets/Script/Controller/RangerControl.ts.
debug: Resolve file:///D:/PA_2024/3D/MergeDino/MergeDino_Op12/assets/Script/Controller/TouchAreaController.ts from cce:/internal/x/prerequisite-imports as file:///D:/PA_2024/3D/MergeDino/MergeDino_Op12/assets/Script/Controller/TouchAreaController.ts.
debug: Resolve file:///D:/PA_2024/3D/MergeDino/MergeDino_Op12/assets/Script/Controller/NodesController.ts from cce:/internal/x/prerequisite-imports as file:///D:/PA_2024/3D/MergeDino/MergeDino_Op12/assets/Script/Controller/NodesController.ts.
debug: Resolve file:///D:/PA_2024/3D/MergeDino/MergeDino_Op12/assets/Script/Data/Constant.ts from cce:/internal/x/prerequisite-imports as file:///D:/PA_2024/3D/MergeDino/MergeDino_Op12/assets/Script/Data/Constant.ts.
debug: Resolve file:///D:/PA_2024/3D/MergeDino/MergeDino_Op12/assets/Script/Plugin/AudioManager.ts from cce:/internal/x/prerequisite-imports as file:///D:/PA_2024/3D/MergeDino/MergeDino_Op12/assets/Script/Plugin/AudioManager.ts.
debug: Resolve file:///D:/PA_2024/3D/MergeDino/MergeDino_Op12/assets/Script/Plugin/Responsive.ts from cce:/internal/x/prerequisite-imports as file:///D:/PA_2024/3D/MergeDino/MergeDino_Op12/assets/Script/Plugin/Responsive.ts.
debug: Resolve file:///D:/PA_2024/3D/MergeDino/MergeDino_Op12/assets/Script/Plugin/IronSource.ts from cce:/internal/x/prerequisite-imports as file:///D:/PA_2024/3D/MergeDino/MergeDino_Op12/assets/Script/Plugin/IronSource.ts.
debug: Resolve file:///D:/PA_2024/3D/MergeDino/MergeDino_Op12/assets/Script/Plugin/Utils.ts from cce:/internal/x/prerequisite-imports as file:///D:/PA_2024/3D/MergeDino/MergeDino_Op12/assets/Script/Plugin/Utils.ts.
debug: Detected change: file:///D:/PA_2024/3D/MergeDino/MergeDino_Op12/assets/Script/Controller/GamePlay.ts. Last mtime: Thu Mar 14 2024 10:36:43 GMT+0700 (Indochina Time)@d6ba2e81-5fd5-455a-bbcd-d756b03ebf0b, Current mtime: Thu Mar 14 2024 15:34:24 GMT+0700 (Indochina Time)@d6ba2e81-5fd5-455a-bbcd-d756b03ebf0b
debug: Inspect file:///D:/PA_2024/3D/MergeDino/MergeDino_Op12/assets/Script/Controller/GamePlay.ts
debug: Resolve cce:/internal/code-quality/cr.mjs from file:///D:/PA_2024/3D/MergeDino/MergeDino_Op12/assets/Script/Controller/GamePlay.ts as cce:/internal/code-quality/cr.mjs.
debug: Resolve cc from file:///D:/PA_2024/3D/MergeDino/MergeDino_Op12/assets/Script/Controller/GamePlay.ts as cce:/internal/x/cc.
debug: Resolve cc from file:///D:/PA_2024/3D/MergeDino/MergeDino_Op12/assets/Script/Controller/GamePlay.ts as cce:/internal/x/cc.
debug: Resolve ./GameController from file:///D:/PA_2024/3D/MergeDino/MergeDino_Op12/assets/Script/Controller/GamePlay.ts as file:///D:/PA_2024/3D/MergeDino/MergeDino_Op12/assets/Script/Controller/GameController.ts.
debug: Resolve ../Plugin/AudioManager from file:///D:/PA_2024/3D/MergeDino/MergeDino_Op12/assets/Script/Controller/GamePlay.ts as file:///D:/PA_2024/3D/MergeDino/MergeDino_Op12/assets/Script/Plugin/AudioManager.ts.
debug: Resolve ../Data/Constant from file:///D:/PA_2024/3D/MergeDino/MergeDino_Op12/assets/Script/Controller/GamePlay.ts as file:///D:/PA_2024/3D/MergeDino/MergeDino_Op12/assets/Script/Data/Constant.ts.
debug: Resolve ./NodesController from file:///D:/PA_2024/3D/MergeDino/MergeDino_Op12/assets/Script/Controller/GamePlay.ts as file:///D:/PA_2024/3D/MergeDino/MergeDino_Op12/assets/Script/Controller/NodesController.ts.
debug: Target(editor) ends with cost 7028.590600013733ms.
debug: Target(preview) build started.
debug: Detected change: cce:/internal/x/prerequisite-imports. Last mtime: Thu Jan 01 1970 08:00:11 GMT+0800 (Indochina Time), Current mtime: Thu Jan 01 1970 08:08:32 GMT+0800 (Indochina Time)
debug: Inspect cce:/internal/x/prerequisite-imports
debug: Resolve file:///D:/PA_2024/3D/MergeDino/MergeDino_Op12/assets/Script/Controller/BossController.ts from cce:/internal/x/prerequisite-imports as file:///D:/PA_2024/3D/MergeDino/MergeDino_Op12/assets/Script/Controller/BossController.ts.
debug: Resolve file:///D:/PA_2024/3D/MergeDino/MergeDino_Op12/assets/Script/Controller/CharacterControl.ts from cce:/internal/x/prerequisite-imports as file:///D:/PA_2024/3D/MergeDino/MergeDino_Op12/assets/Script/Controller/CharacterControl.ts.
debug: Resolve file:///D:/PA_2024/3D/MergeDino/MergeDino_Op12/assets/Script/Controller/GamePlay.ts from cce:/internal/x/prerequisite-imports as file:///D:/PA_2024/3D/MergeDino/MergeDino_Op12/assets/Script/Controller/GamePlay.ts.
debug: Resolve file:///D:/PA_2024/3D/MergeDino/MergeDino_Op12/assets/Script/Controller/GameController.ts from cce:/internal/x/prerequisite-imports as file:///D:/PA_2024/3D/MergeDino/MergeDino_Op12/assets/Script/Controller/GameController.ts.
debug: Resolve file:///D:/PA_2024/3D/MergeDino/MergeDino_Op12/assets/Script/Controller/NodesController.ts from cce:/internal/x/prerequisite-imports as file:///D:/PA_2024/3D/MergeDino/MergeDino_Op12/assets/Script/Controller/NodesController.ts.
debug: Resolve file:///D:/PA_2024/3D/MergeDino/MergeDino_Op12/assets/Script/Controller/RangerControl.ts from cce:/internal/x/prerequisite-imports as file:///D:/PA_2024/3D/MergeDino/MergeDino_Op12/assets/Script/Controller/RangerControl.ts.
debug: Resolve file:///D:/PA_2024/3D/MergeDino/MergeDino_Op12/assets/Script/Controller/TouchAreaController.ts from cce:/internal/x/prerequisite-imports as file:///D:/PA_2024/3D/MergeDino/MergeDino_Op12/assets/Script/Controller/TouchAreaController.ts.
debug: Resolve file:///D:/PA_2024/3D/MergeDino/MergeDino_Op12/assets/Script/Data/Constant.ts from cce:/internal/x/prerequisite-imports as file:///D:/PA_2024/3D/MergeDino/MergeDino_Op12/assets/Script/Data/Constant.ts.
debug: Resolve file:///D:/PA_2024/3D/MergeDino/MergeDino_Op12/assets/Script/Plugin/AudioManager.ts from cce:/internal/x/prerequisite-imports as file:///D:/PA_2024/3D/MergeDino/MergeDino_Op12/assets/Script/Plugin/AudioManager.ts.
debug: Resolve file:///D:/PA_2024/3D/MergeDino/MergeDino_Op12/assets/Script/Plugin/IronSource.ts from cce:/internal/x/prerequisite-imports as file:///D:/PA_2024/3D/MergeDino/MergeDino_Op12/assets/Script/Plugin/IronSource.ts.
debug: Resolve file:///D:/PA_2024/3D/MergeDino/MergeDino_Op12/assets/Script/Plugin/Responsive.ts from cce:/internal/x/prerequisite-imports as file:///D:/PA_2024/3D/MergeDino/MergeDino_Op12/assets/Script/Plugin/Responsive.ts.
debug: Resolve file:///D:/PA_2024/3D/MergeDino/MergeDino_Op12/assets/Script/Plugin/Utils.ts from cce:/internal/x/prerequisite-imports as file:///D:/PA_2024/3D/MergeDino/MergeDino_Op12/assets/Script/Plugin/Utils.ts.
debug: Detected change: file:///D:/PA_2024/3D/MergeDino/MergeDino_Op12/assets/Script/Controller/GamePlay.ts. Last mtime: Thu Mar 14 2024 10:36:43 GMT+0700 (Indochina Time)@d6ba2e81-5fd5-455a-bbcd-d756b03ebf0b, Current mtime: Thu Mar 14 2024 15:34:24 GMT+0700 (Indochina Time)@d6ba2e81-5fd5-455a-bbcd-d756b03ebf0b
debug: Inspect file:///D:/PA_2024/3D/MergeDino/MergeDino_Op12/assets/Script/Controller/GamePlay.ts
debug: Resolve cce:/internal/code-quality/cr.mjs from file:///D:/PA_2024/3D/MergeDino/MergeDino_Op12/assets/Script/Controller/GamePlay.ts as cce:/internal/code-quality/cr.mjs.
debug: Resolve cc from file:///D:/PA_2024/3D/MergeDino/MergeDino_Op12/assets/Script/Controller/GamePlay.ts as cce:/internal/x/cc.
debug: Resolve cc from file:///D:/PA_2024/3D/MergeDino/MergeDino_Op12/assets/Script/Controller/GamePlay.ts as cce:/internal/x/cc.
debug: Resolve ./GameController from file:///D:/PA_2024/3D/MergeDino/MergeDino_Op12/assets/Script/Controller/GamePlay.ts as file:///D:/PA_2024/3D/MergeDino/MergeDino_Op12/assets/Script/Controller/GameController.ts.
debug: Resolve ../Plugin/AudioManager from file:///D:/PA_2024/3D/MergeDino/MergeDino_Op12/assets/Script/Controller/GamePlay.ts as file:///D:/PA_2024/3D/MergeDino/MergeDino_Op12/assets/Script/Plugin/AudioManager.ts.
debug: Resolve ../Data/Constant from file:///D:/PA_2024/3D/MergeDino/MergeDino_Op12/assets/Script/Controller/GamePlay.ts as file:///D:/PA_2024/3D/MergeDino/MergeDino_Op12/assets/Script/Data/Constant.ts.
debug: Resolve ./NodesController from file:///D:/PA_2024/3D/MergeDino/MergeDino_Op12/assets/Script/Controller/GamePlay.ts as file:///D:/PA_2024/3D/MergeDino/MergeDino_Op12/assets/Script/Controller/NodesController.ts.
debug: Target(preview) ends with cost 297.6856999397278ms.
debug: Dispatch build request for time accumulated 1 asset changes.
debug: Build iteration starts.
Number of accumulated asset changes: 1
Feature changed: false
debug: Target(editor) build started.
debug: Detected change: cce:/internal/x/prerequisite-imports. Last mtime: Thu Jan 01 1970 08:08:25 GMT+0800 (Indochina Time), Current mtime: Thu Jan 01 1970 08:14:35 GMT+0800 (Indochina Time)
debug: Inspect cce:/internal/x/prerequisite-imports
debug: Resolve file:///D:/PA_2024/3D/MergeDino/MergeDino_Op12/assets/Script/Controller/CharacterControl.ts from cce:/internal/x/prerequisite-imports as file:///D:/PA_2024/3D/MergeDino/MergeDino_Op12/assets/Script/Controller/CharacterControl.ts.
debug: Resolve file:///D:/PA_2024/3D/MergeDino/MergeDino_Op12/assets/Script/Controller/GameController.ts from cce:/internal/x/prerequisite-imports as file:///D:/PA_2024/3D/MergeDino/MergeDino_Op12/assets/Script/Controller/GameController.ts.
debug: Resolve file:///D:/PA_2024/3D/MergeDino/MergeDino_Op12/assets/Script/Controller/BossController.ts from cce:/internal/x/prerequisite-imports as file:///D:/PA_2024/3D/MergeDino/MergeDino_Op12/assets/Script/Controller/BossController.ts.
debug: Resolve file:///D:/PA_2024/3D/MergeDino/MergeDino_Op12/assets/Script/Controller/GamePlay.ts from cce:/internal/x/prerequisite-imports as file:///D:/PA_2024/3D/MergeDino/MergeDino_Op12/assets/Script/Controller/GamePlay.ts.
debug: Resolve file:///D:/PA_2024/3D/MergeDino/MergeDino_Op12/assets/Script/Controller/NodesController.ts from cce:/internal/x/prerequisite-imports as file:///D:/PA_2024/3D/MergeDino/MergeDino_Op12/assets/Script/Controller/NodesController.ts.
debug: Resolve file:///D:/PA_2024/3D/MergeDino/MergeDino_Op12/assets/Script/Controller/RangerControl.ts from cce:/internal/x/prerequisite-imports as file:///D:/PA_2024/3D/MergeDino/MergeDino_Op12/assets/Script/Controller/RangerControl.ts.
debug: Resolve file:///D:/PA_2024/3D/MergeDino/MergeDino_Op12/assets/Script/Data/Constant.ts from cce:/internal/x/prerequisite-imports as file:///D:/PA_2024/3D/MergeDino/MergeDino_Op12/assets/Script/Data/Constant.ts.
debug: Resolve file:///D:/PA_2024/3D/MergeDino/MergeDino_Op12/assets/Script/Controller/TouchAreaController.ts from cce:/internal/x/prerequisite-imports as file:///D:/PA_2024/3D/MergeDino/MergeDino_Op12/assets/Script/Controller/TouchAreaController.ts.
debug: Resolve file:///D:/PA_2024/3D/MergeDino/MergeDino_Op12/assets/Script/Plugin/IronSource.ts from cce:/internal/x/prerequisite-imports as file:///D:/PA_2024/3D/MergeDino/MergeDino_Op12/assets/Script/Plugin/IronSource.ts.
debug: Resolve file:///D:/PA_2024/3D/MergeDino/MergeDino_Op12/assets/Script/Plugin/AudioManager.ts from cce:/internal/x/prerequisite-imports as file:///D:/PA_2024/3D/MergeDino/MergeDino_Op12/assets/Script/Plugin/AudioManager.ts.
debug: Resolve file:///D:/PA_2024/3D/MergeDino/MergeDino_Op12/assets/Script/Plugin/Utils.ts from cce:/internal/x/prerequisite-imports as file:///D:/PA_2024/3D/MergeDino/MergeDino_Op12/assets/Script/Plugin/Utils.ts.
debug: Resolve file:///D:/PA_2024/3D/MergeDino/MergeDino_Op12/assets/Script/Plugin/Responsive.ts from cce:/internal/x/prerequisite-imports as file:///D:/PA_2024/3D/MergeDino/MergeDino_Op12/assets/Script/Plugin/Responsive.ts.
debug: Detected change: file:///D:/PA_2024/3D/MergeDino/MergeDino_Op12/assets/Script/Controller/TouchAreaController.ts. Last mtime: Thu Mar 14 2024 10:18:18 GMT+0700 (Indochina Time)@6c960960-d0d4-46ba-9a72-c0e274c1640b, Current mtime: Thu Mar 14 2024 15:40:31 GMT+0700 (Indochina Time)@6c960960-d0d4-46ba-9a72-c0e274c1640b
debug: Inspect file:///D:/PA_2024/3D/MergeDino/MergeDino_Op12/assets/Script/Controller/TouchAreaController.ts
debug: Resolve cce:/internal/code-quality/cr.mjs from file:///D:/PA_2024/3D/MergeDino/MergeDino_Op12/assets/Script/Controller/TouchAreaController.ts as cce:/internal/code-quality/cr.mjs.
debug: Resolve cc from file:///D:/PA_2024/3D/MergeDino/MergeDino_Op12/assets/Script/Controller/TouchAreaController.ts as cce:/internal/x/cc.
debug: Resolve cc from file:///D:/PA_2024/3D/MergeDino/MergeDino_Op12/assets/Script/Controller/TouchAreaController.ts as cce:/internal/x/cc.
debug: Resolve ./NodesController from file:///D:/PA_2024/3D/MergeDino/MergeDino_Op12/assets/Script/Controller/TouchAreaController.ts as file:///D:/PA_2024/3D/MergeDino/MergeDino_Op12/assets/Script/Controller/NodesController.ts.
debug: Resolve ./GameController from file:///D:/PA_2024/3D/MergeDino/MergeDino_Op12/assets/Script/Controller/TouchAreaController.ts as file:///D:/PA_2024/3D/MergeDino/MergeDino_Op12/assets/Script/Controller/GameController.ts.
debug: Resolve ../Plugin/AudioManager from file:///D:/PA_2024/3D/MergeDino/MergeDino_Op12/assets/Script/Controller/TouchAreaController.ts as file:///D:/PA_2024/3D/MergeDino/MergeDino_Op12/assets/Script/Plugin/AudioManager.ts.
debug: Resolve ../Plugin/IronSource from file:///D:/PA_2024/3D/MergeDino/MergeDino_Op12/assets/Script/Controller/TouchAreaController.ts as file:///D:/PA_2024/3D/MergeDino/MergeDino_Op12/assets/Script/Plugin/IronSource.ts.
debug: Resolve ../Data/Constant from file:///D:/PA_2024/3D/MergeDino/MergeDino_Op12/assets/Script/Controller/TouchAreaController.ts as file:///D:/PA_2024/3D/MergeDino/MergeDino_Op12/assets/Script/Data/Constant.ts.
debug: Resolve ./GamePlay from file:///D:/PA_2024/3D/MergeDino/MergeDino_Op12/assets/Script/Controller/TouchAreaController.ts as file:///D:/PA_2024/3D/MergeDino/MergeDino_Op12/assets/Script/Controller/GamePlay.ts.
debug: Target(editor) ends with cost 113.75660014152527ms.
debug: Target(preview) build started.
debug: Detected change: cce:/internal/x/prerequisite-imports. Last mtime: Thu Jan 01 1970 08:08:32 GMT+0800 (Indochina Time), Current mtime: Thu Jan 01 1970 08:14:36 GMT+0800 (Indochina Time)
debug: Inspect cce:/internal/x/prerequisite-imports
debug: Resolve file:///D:/PA_2024/3D/MergeDino/MergeDino_Op12/assets/Script/Controller/BossController.ts from cce:/internal/x/prerequisite-imports as file:///D:/PA_2024/3D/MergeDino/MergeDino_Op12/assets/Script/Controller/BossController.ts.
debug: Resolve file:///D:/PA_2024/3D/MergeDino/MergeDino_Op12/assets/Script/Controller/CharacterControl.ts from cce:/internal/x/prerequisite-imports as file:///D:/PA_2024/3D/MergeDino/MergeDino_Op12/assets/Script/Controller/CharacterControl.ts.
debug: Resolve file:///D:/PA_2024/3D/MergeDino/MergeDino_Op12/assets/Script/Controller/GameController.ts from cce:/internal/x/prerequisite-imports as file:///D:/PA_2024/3D/MergeDino/MergeDino_Op12/assets/Script/Controller/GameController.ts.
debug: Resolve file:///D:/PA_2024/3D/MergeDino/MergeDino_Op12/assets/Script/Controller/GamePlay.ts from cce:/internal/x/prerequisite-imports as file:///D:/PA_2024/3D/MergeDino/MergeDino_Op12/assets/Script/Controller/GamePlay.ts.
debug: Resolve file:///D:/PA_2024/3D/MergeDino/MergeDino_Op12/assets/Script/Controller/NodesController.ts from cce:/internal/x/prerequisite-imports as file:///D:/PA_2024/3D/MergeDino/MergeDino_Op12/assets/Script/Controller/NodesController.ts.
debug: Resolve file:///D:/PA_2024/3D/MergeDino/MergeDino_Op12/assets/Script/Controller/RangerControl.ts from cce:/internal/x/prerequisite-imports as file:///D:/PA_2024/3D/MergeDino/MergeDino_Op12/assets/Script/Controller/RangerControl.ts.
debug: Resolve file:///D:/PA_2024/3D/MergeDino/MergeDino_Op12/assets/Script/Data/Constant.ts from cce:/internal/x/prerequisite-imports as file:///D:/PA_2024/3D/MergeDino/MergeDino_Op12/assets/Script/Data/Constant.ts.
debug: Resolve file:///D:/PA_2024/3D/MergeDino/MergeDino_Op12/assets/Script/Controller/TouchAreaController.ts from cce:/internal/x/prerequisite-imports as file:///D:/PA_2024/3D/MergeDino/MergeDino_Op12/assets/Script/Controller/TouchAreaController.ts.
debug: Resolve file:///D:/PA_2024/3D/MergeDino/MergeDino_Op12/assets/Script/Plugin/AudioManager.ts from cce:/internal/x/prerequisite-imports as file:///D:/PA_2024/3D/MergeDino/MergeDino_Op12/assets/Script/Plugin/AudioManager.ts.
debug: Resolve file:///D:/PA_2024/3D/MergeDino/MergeDino_Op12/assets/Script/Plugin/IronSource.ts from cce:/internal/x/prerequisite-imports as file:///D:/PA_2024/3D/MergeDino/MergeDino_Op12/assets/Script/Plugin/IronSource.ts.
debug: Resolve file:///D:/PA_2024/3D/MergeDino/MergeDino_Op12/assets/Script/Plugin/Responsive.ts from cce:/internal/x/prerequisite-imports as file:///D:/PA_2024/3D/MergeDino/MergeDino_Op12/assets/Script/Plugin/Responsive.ts.
debug: Resolve file:///D:/PA_2024/3D/MergeDino/MergeDino_Op12/assets/Script/Plugin/Utils.ts from cce:/internal/x/prerequisite-imports as file:///D:/PA_2024/3D/MergeDino/MergeDino_Op12/assets/Script/Plugin/Utils.ts.
debug: Detected change: file:///D:/PA_2024/3D/MergeDino/MergeDino_Op12/assets/Script/Controller/TouchAreaController.ts. Last mtime: Thu Mar 14 2024 10:18:18 GMT+0700 (Indochina Time)@6c960960-d0d4-46ba-9a72-c0e274c1640b, Current mtime: Thu Mar 14 2024 15:40:31 GMT+0700 (Indochina Time)@6c960960-d0d4-46ba-9a72-c0e274c1640b
debug: Inspect file:///D:/PA_2024/3D/MergeDino/MergeDino_Op12/assets/Script/Controller/TouchAreaController.ts
debug: Resolve cce:/internal/code-quality/cr.mjs from file:///D:/PA_2024/3D/MergeDino/MergeDino_Op12/assets/Script/Controller/TouchAreaController.ts as cce:/internal/code-quality/cr.mjs.
debug: Resolve cc from file:///D:/PA_2024/3D/MergeDino/MergeDino_Op12/assets/Script/Controller/TouchAreaController.ts as cce:/internal/x/cc.
debug: Resolve cc from file:///D:/PA_2024/3D/MergeDino/MergeDino_Op12/assets/Script/Controller/TouchAreaController.ts as cce:/internal/x/cc.
debug: Resolve ../Data/Constant from file:///D:/PA_2024/3D/MergeDino/MergeDino_Op12/assets/Script/Controller/TouchAreaController.ts as file:///D:/PA_2024/3D/MergeDino/MergeDino_Op12/assets/Script/Data/Constant.ts.
debug: Resolve ./NodesController from file:///D:/PA_2024/3D/MergeDino/MergeDino_Op12/assets/Script/Controller/TouchAreaController.ts as file:///D:/PA_2024/3D/MergeDino/MergeDino_Op12/assets/Script/Controller/NodesController.ts.
debug: Resolve ./GameController from file:///D:/PA_2024/3D/MergeDino/MergeDino_Op12/assets/Script/Controller/TouchAreaController.ts as file:///D:/PA_2024/3D/MergeDino/MergeDino_Op12/assets/Script/Controller/GameController.ts.
debug: Resolve ../Plugin/AudioManager from file:///D:/PA_2024/3D/MergeDino/MergeDino_Op12/assets/Script/Controller/TouchAreaController.ts as file:///D:/PA_2024/3D/MergeDino/MergeDino_Op12/assets/Script/Plugin/AudioManager.ts.
debug: Resolve ../Plugin/IronSource from file:///D:/PA_2024/3D/MergeDino/MergeDino_Op12/assets/Script/Controller/TouchAreaController.ts as file:///D:/PA_2024/3D/MergeDino/MergeDino_Op12/assets/Script/Plugin/IronSource.ts.
debug: Resolve ./GamePlay from file:///D:/PA_2024/3D/MergeDino/MergeDino_Op12/assets/Script/Controller/TouchAreaController.ts as file:///D:/PA_2024/3D/MergeDino/MergeDino_Op12/assets/Script/Controller/GamePlay.ts.
debug: Target(preview) ends with cost 94.5614001750946ms.
debug: Dispatch build request for time accumulated 1 asset changes.
debug: Build iteration starts.
Number of accumulated asset changes: 1
Feature changed: false
debug: Target(editor) build started.
debug: Detected change: cce:/internal/x/prerequisite-imports. Last mtime: Thu Jan 01 1970 08:14:35 GMT+0800 (Indochina Time), Current mtime: Thu Jan 01 1970 08:15:54 GMT+0800 (Indochina Time)
debug: Inspect cce:/internal/x/prerequisite-imports
debug: Resolve file:///D:/PA_2024/3D/MergeDino/MergeDino_Op12/assets/Script/Controller/BossController.ts from cce:/internal/x/prerequisite-imports as file:///D:/PA_2024/3D/MergeDino/MergeDino_Op12/assets/Script/Controller/BossController.ts.
debug: Resolve file:///D:/PA_2024/3D/MergeDino/MergeDino_Op12/assets/Script/Controller/CharacterControl.ts from cce:/internal/x/prerequisite-imports as file:///D:/PA_2024/3D/MergeDino/MergeDino_Op12/assets/Script/Controller/CharacterControl.ts.
debug: Resolve file:///D:/PA_2024/3D/MergeDino/MergeDino_Op12/assets/Script/Controller/GameController.ts from cce:/internal/x/prerequisite-imports as file:///D:/PA_2024/3D/MergeDino/MergeDino_Op12/assets/Script/Controller/GameController.ts.
debug: Resolve file:///D:/PA_2024/3D/MergeDino/MergeDino_Op12/assets/Script/Controller/GamePlay.ts from cce:/internal/x/prerequisite-imports as file:///D:/PA_2024/3D/MergeDino/MergeDino_Op12/assets/Script/Controller/GamePlay.ts.
debug: Resolve file:///D:/PA_2024/3D/MergeDino/MergeDino_Op12/assets/Script/Controller/NodesController.ts from cce:/internal/x/prerequisite-imports as file:///D:/PA_2024/3D/MergeDino/MergeDino_Op12/assets/Script/Controller/NodesController.ts.
debug: Resolve file:///D:/PA_2024/3D/MergeDino/MergeDino_Op12/assets/Script/Controller/RangerControl.ts from cce:/internal/x/prerequisite-imports as file:///D:/PA_2024/3D/MergeDino/MergeDino_Op12/assets/Script/Controller/RangerControl.ts.
debug: Resolve file:///D:/PA_2024/3D/MergeDino/MergeDino_Op12/assets/Script/Controller/TouchAreaController.ts from cce:/internal/x/prerequisite-imports as file:///D:/PA_2024/3D/MergeDino/MergeDino_Op12/assets/Script/Controller/TouchAreaController.ts.
debug: Resolve file:///D:/PA_2024/3D/MergeDino/MergeDino_Op12/assets/Script/Data/Constant.ts from cce:/internal/x/prerequisite-imports as file:///D:/PA_2024/3D/MergeDino/MergeDino_Op12/assets/Script/Data/Constant.ts.
debug: Resolve file:///D:/PA_2024/3D/MergeDino/MergeDino_Op12/assets/Script/Plugin/AudioManager.ts from cce:/internal/x/prerequisite-imports as file:///D:/PA_2024/3D/MergeDino/MergeDino_Op12/assets/Script/Plugin/AudioManager.ts.
debug: Resolve file:///D:/PA_2024/3D/MergeDino/MergeDino_Op12/assets/Script/Plugin/IronSource.ts from cce:/internal/x/prerequisite-imports as file:///D:/PA_2024/3D/MergeDino/MergeDino_Op12/assets/Script/Plugin/IronSource.ts.
debug: Resolve file:///D:/PA_2024/3D/MergeDino/MergeDino_Op12/assets/Script/Plugin/Responsive.ts from cce:/internal/x/prerequisite-imports as file:///D:/PA_2024/3D/MergeDino/MergeDino_Op12/assets/Script/Plugin/Responsive.ts.
debug: Resolve file:///D:/PA_2024/3D/MergeDino/MergeDino_Op12/assets/Script/Plugin/Utils.ts from cce:/internal/x/prerequisite-imports as file:///D:/PA_2024/3D/MergeDino/MergeDino_Op12/assets/Script/Plugin/Utils.ts.
debug: Detected change: file:///D:/PA_2024/3D/MergeDino/MergeDino_Op12/assets/Script/Controller/GamePlay.ts. Last mtime: Thu Mar 14 2024 15:34:24 GMT+0700 (Indochina Time)@d6ba2e81-5fd5-455a-bbcd-d756b03ebf0b, Current mtime: Thu Mar 14 2024 15:41:55 GMT+0700 (Indochina Time)@d6ba2e81-5fd5-455a-bbcd-d756b03ebf0b
debug: Inspect file:///D:/PA_2024/3D/MergeDino/MergeDino_Op12/assets/Script/Controller/GamePlay.ts
debug: Resolve cce:/internal/code-quality/cr.mjs from file:///D:/PA_2024/3D/MergeDino/MergeDino_Op12/assets/Script/Controller/GamePlay.ts as cce:/internal/code-quality/cr.mjs.
debug: Resolve cc from file:///D:/PA_2024/3D/MergeDino/MergeDino_Op12/assets/Script/Controller/GamePlay.ts as cce:/internal/x/cc.
debug: Resolve cc from file:///D:/PA_2024/3D/MergeDino/MergeDino_Op12/assets/Script/Controller/GamePlay.ts as cce:/internal/x/cc.
debug: Resolve ./GameController from file:///D:/PA_2024/3D/MergeDino/MergeDino_Op12/assets/Script/Controller/GamePlay.ts as file:///D:/PA_2024/3D/MergeDino/MergeDino_Op12/assets/Script/Controller/GameController.ts.
debug: Resolve ../Data/Constant from file:///D:/PA_2024/3D/MergeDino/MergeDino_Op12/assets/Script/Controller/GamePlay.ts as file:///D:/PA_2024/3D/MergeDino/MergeDino_Op12/assets/Script/Data/Constant.ts.
debug: Resolve ../Plugin/AudioManager from file:///D:/PA_2024/3D/MergeDino/MergeDino_Op12/assets/Script/Controller/GamePlay.ts as file:///D:/PA_2024/3D/MergeDino/MergeDino_Op12/assets/Script/Plugin/AudioManager.ts.
debug: Resolve ./NodesController from file:///D:/PA_2024/3D/MergeDino/MergeDino_Op12/assets/Script/Controller/GamePlay.ts as file:///D:/PA_2024/3D/MergeDino/MergeDino_Op12/assets/Script/Controller/NodesController.ts.
debug: Target(editor) ends with cost 118.70739984512329ms.
debug: Target(preview) build started.
debug: Detected change: cce:/internal/x/prerequisite-imports. Last mtime: Thu Jan 01 1970 08:14:36 GMT+0800 (Indochina Time), Current mtime: Thu Jan 01 1970 08:15:54 GMT+0800 (Indochina Time)
debug: Inspect cce:/internal/x/prerequisite-imports
debug: Resolve file:///D:/PA_2024/3D/MergeDino/MergeDino_Op12/assets/Script/Controller/BossController.ts from cce:/internal/x/prerequisite-imports as file:///D:/PA_2024/3D/MergeDino/MergeDino_Op12/assets/Script/Controller/BossController.ts.
debug: Resolve file:///D:/PA_2024/3D/MergeDino/MergeDino_Op12/assets/Script/Controller/CharacterControl.ts from cce:/internal/x/prerequisite-imports as file:///D:/PA_2024/3D/MergeDino/MergeDino_Op12/assets/Script/Controller/CharacterControl.ts.
debug: Resolve file:///D:/PA_2024/3D/MergeDino/MergeDino_Op12/assets/Script/Controller/GameController.ts from cce:/internal/x/prerequisite-imports as file:///D:/PA_2024/3D/MergeDino/MergeDino_Op12/assets/Script/Controller/GameController.ts.
debug: Resolve file:///D:/PA_2024/3D/MergeDino/MergeDino_Op12/assets/Script/Controller/GamePlay.ts from cce:/internal/x/prerequisite-imports as file:///D:/PA_2024/3D/MergeDino/MergeDino_Op12/assets/Script/Controller/GamePlay.ts.
debug: Resolve file:///D:/PA_2024/3D/MergeDino/MergeDino_Op12/assets/Script/Controller/NodesController.ts from cce:/internal/x/prerequisite-imports as file:///D:/PA_2024/3D/MergeDino/MergeDino_Op12/assets/Script/Controller/NodesController.ts.
debug: Resolve file:///D:/PA_2024/3D/MergeDino/MergeDino_Op12/assets/Script/Controller/RangerControl.ts from cce:/internal/x/prerequisite-imports as file:///D:/PA_2024/3D/MergeDino/MergeDino_Op12/assets/Script/Controller/RangerControl.ts.
debug: Resolve file:///D:/PA_2024/3D/MergeDino/MergeDino_Op12/assets/Script/Controller/TouchAreaController.ts from cce:/internal/x/prerequisite-imports as file:///D:/PA_2024/3D/MergeDino/MergeDino_Op12/assets/Script/Controller/TouchAreaController.ts.
debug: Resolve file:///D:/PA_2024/3D/MergeDino/MergeDino_Op12/assets/Script/Data/Constant.ts from cce:/internal/x/prerequisite-imports as file:///D:/PA_2024/3D/MergeDino/MergeDino_Op12/assets/Script/Data/Constant.ts.
debug: Resolve file:///D:/PA_2024/3D/MergeDino/MergeDino_Op12/assets/Script/Plugin/AudioManager.ts from cce:/internal/x/prerequisite-imports as file:///D:/PA_2024/3D/MergeDino/MergeDino_Op12/assets/Script/Plugin/AudioManager.ts.
debug: Resolve file:///D:/PA_2024/3D/MergeDino/MergeDino_Op12/assets/Script/Plugin/IronSource.ts from cce:/internal/x/prerequisite-imports as file:///D:/PA_2024/3D/MergeDino/MergeDino_Op12/assets/Script/Plugin/IronSource.ts.
debug: Resolve file:///D:/PA_2024/3D/MergeDino/MergeDino_Op12/assets/Script/Plugin/Responsive.ts from cce:/internal/x/prerequisite-imports as file:///D:/PA_2024/3D/MergeDino/MergeDino_Op12/assets/Script/Plugin/Responsive.ts.
debug: Resolve file:///D:/PA_2024/3D/MergeDino/MergeDino_Op12/assets/Script/Plugin/Utils.ts from cce:/internal/x/prerequisite-imports as file:///D:/PA_2024/3D/MergeDino/MergeDino_Op12/assets/Script/Plugin/Utils.ts.
debug: Detected change: file:///D:/PA_2024/3D/MergeDino/MergeDino_Op12/assets/Script/Controller/GamePlay.ts. Last mtime: Thu Mar 14 2024 15:34:24 GMT+0700 (Indochina Time)@d6ba2e81-5fd5-455a-bbcd-d756b03ebf0b, Current mtime: Thu Mar 14 2024 15:41:55 GMT+0700 (Indochina Time)@d6ba2e81-5fd5-455a-bbcd-d756b03ebf0b
debug: Inspect file:///D:/PA_2024/3D/MergeDino/MergeDino_Op12/assets/Script/Controller/GamePlay.ts
debug: Resolve cce:/internal/code-quality/cr.mjs from file:///D:/PA_2024/3D/MergeDino/MergeDino_Op12/assets/Script/Controller/GamePlay.ts as cce:/internal/code-quality/cr.mjs.
debug: Resolve cc from file:///D:/PA_2024/3D/MergeDino/MergeDino_Op12/assets/Script/Controller/GamePlay.ts as cce:/internal/x/cc.
debug: Resolve cc from file:///D:/PA_2024/3D/MergeDino/MergeDino_Op12/assets/Script/Controller/GamePlay.ts as cce:/internal/x/cc.
debug: Resolve ./GameController from file:///D:/PA_2024/3D/MergeDino/MergeDino_Op12/assets/Script/Controller/GamePlay.ts as file:///D:/PA_2024/3D/MergeDino/MergeDino_Op12/assets/Script/Controller/GameController.ts.
debug: Resolve ../Plugin/AudioManager from file:///D:/PA_2024/3D/MergeDino/MergeDino_Op12/assets/Script/Controller/GamePlay.ts as file:///D:/PA_2024/3D/MergeDino/MergeDino_Op12/assets/Script/Plugin/AudioManager.ts.
debug: Resolve ../Data/Constant from file:///D:/PA_2024/3D/MergeDino/MergeDino_Op12/assets/Script/Controller/GamePlay.ts as file:///D:/PA_2024/3D/MergeDino/MergeDino_Op12/assets/Script/Data/Constant.ts.
debug: Resolve ./NodesController from file:///D:/PA_2024/3D/MergeDino/MergeDino_Op12/assets/Script/Controller/GamePlay.ts as file:///D:/PA_2024/3D/MergeDino/MergeDino_Op12/assets/Script/Controller/NodesController.ts.
debug: Target(preview) ends with cost 137.67089986801147ms.
debug: Dispatch build request for time accumulated 1 asset changes.
debug: Build iteration starts.
Number of accumulated asset changes: 1
Feature changed: false
debug: Target(editor) build started.
debug: Detected change: cce:/internal/x/prerequisite-imports. Last mtime: Thu Jan 01 1970 08:15:54 GMT+0800 (Indochina Time), Current mtime: Thu Jan 01 1970 08:22:29 GMT+0800 (Indochina Time)
debug: Inspect cce:/internal/x/prerequisite-imports
debug: Resolve file:///D:/PA_2024/3D/MergeDino/MergeDino_Op12/assets/Script/Controller/BossController.ts from cce:/internal/x/prerequisite-imports as file:///D:/PA_2024/3D/MergeDino/MergeDino_Op12/assets/Script/Controller/BossController.ts.
debug: Resolve file:///D:/PA_2024/3D/MergeDino/MergeDino_Op12/assets/Script/Controller/CharacterControl.ts from cce:/internal/x/prerequisite-imports as file:///D:/PA_2024/3D/MergeDino/MergeDino_Op12/assets/Script/Controller/CharacterControl.ts.
debug: Resolve file:///D:/PA_2024/3D/MergeDino/MergeDino_Op12/assets/Script/Controller/GameController.ts from cce:/internal/x/prerequisite-imports as file:///D:/PA_2024/3D/MergeDino/MergeDino_Op12/assets/Script/Controller/GameController.ts.
debug: Resolve file:///D:/PA_2024/3D/MergeDino/MergeDino_Op12/assets/Script/Controller/GamePlay.ts from cce:/internal/x/prerequisite-imports as file:///D:/PA_2024/3D/MergeDino/MergeDino_Op12/assets/Script/Controller/GamePlay.ts.
debug: Resolve file:///D:/PA_2024/3D/MergeDino/MergeDino_Op12/assets/Script/Controller/NodesController.ts from cce:/internal/x/prerequisite-imports as file:///D:/PA_2024/3D/MergeDino/MergeDino_Op12/assets/Script/Controller/NodesController.ts.
debug: Resolve file:///D:/PA_2024/3D/MergeDino/MergeDino_Op12/assets/Script/Controller/RangerControl.ts from cce:/internal/x/prerequisite-imports as file:///D:/PA_2024/3D/MergeDino/MergeDino_Op12/assets/Script/Controller/RangerControl.ts.
debug: Resolve file:///D:/PA_2024/3D/MergeDino/MergeDino_Op12/assets/Script/Controller/TouchAreaController.ts from cce:/internal/x/prerequisite-imports as file:///D:/PA_2024/3D/MergeDino/MergeDino_Op12/assets/Script/Controller/TouchAreaController.ts.
debug: Resolve file:///D:/PA_2024/3D/MergeDino/MergeDino_Op12/assets/Script/Data/Constant.ts from cce:/internal/x/prerequisite-imports as file:///D:/PA_2024/3D/MergeDino/MergeDino_Op12/assets/Script/Data/Constant.ts.
debug: Resolve file:///D:/PA_2024/3D/MergeDino/MergeDino_Op12/assets/Script/Plugin/AudioManager.ts from cce:/internal/x/prerequisite-imports as file:///D:/PA_2024/3D/MergeDino/MergeDino_Op12/assets/Script/Plugin/AudioManager.ts.
debug: Resolve file:///D:/PA_2024/3D/MergeDino/MergeDino_Op12/assets/Script/Plugin/IronSource.ts from cce:/internal/x/prerequisite-imports as file:///D:/PA_2024/3D/MergeDino/MergeDino_Op12/assets/Script/Plugin/IronSource.ts.
debug: Resolve file:///D:/PA_2024/3D/MergeDino/MergeDino_Op12/assets/Script/Plugin/Responsive.ts from cce:/internal/x/prerequisite-imports as file:///D:/PA_2024/3D/MergeDino/MergeDino_Op12/assets/Script/Plugin/Responsive.ts.
debug: Resolve file:///D:/PA_2024/3D/MergeDino/MergeDino_Op12/assets/Script/Plugin/Utils.ts from cce:/internal/x/prerequisite-imports as file:///D:/PA_2024/3D/MergeDino/MergeDino_Op12/assets/Script/Plugin/Utils.ts.
debug: Detected change: file:///D:/PA_2024/3D/MergeDino/MergeDino_Op12/assets/Script/Controller/GamePlay.ts. Last mtime: Thu Mar 14 2024 15:41:55 GMT+0700 (Indochina Time)@d6ba2e81-5fd5-455a-bbcd-d756b03ebf0b, Current mtime: Thu Mar 14 2024 15:45:26 GMT+0700 (Indochina Time)@d6ba2e81-5fd5-455a-bbcd-d756b03ebf0b
debug: Inspect file:///D:/PA_2024/3D/MergeDino/MergeDino_Op12/assets/Script/Controller/GamePlay.ts
debug: Resolve cce:/internal/code-quality/cr.mjs from file:///D:/PA_2024/3D/MergeDino/MergeDino_Op12/assets/Script/Controller/GamePlay.ts as cce:/internal/code-quality/cr.mjs.
debug: Resolve cc from file:///D:/PA_2024/3D/MergeDino/MergeDino_Op12/assets/Script/Controller/GamePlay.ts as cce:/internal/x/cc.
debug: Resolve cc from file:///D:/PA_2024/3D/MergeDino/MergeDino_Op12/assets/Script/Controller/GamePlay.ts as cce:/internal/x/cc.
debug: Resolve ./GameController from file:///D:/PA_2024/3D/MergeDino/MergeDino_Op12/assets/Script/Controller/GamePlay.ts as file:///D:/PA_2024/3D/MergeDino/MergeDino_Op12/assets/Script/Controller/GameController.ts.
debug: Resolve ../Data/Constant from file:///D:/PA_2024/3D/MergeDino/MergeDino_Op12/assets/Script/Controller/GamePlay.ts as file:///D:/PA_2024/3D/MergeDino/MergeDino_Op12/assets/Script/Data/Constant.ts.
debug: Resolve ./NodesController from file:///D:/PA_2024/3D/MergeDino/MergeDino_Op12/assets/Script/Controller/GamePlay.ts as file:///D:/PA_2024/3D/MergeDino/MergeDino_Op12/assets/Script/Controller/NodesController.ts.
debug: Resolve ../Plugin/AudioManager from file:///D:/PA_2024/3D/MergeDino/MergeDino_Op12/assets/Script/Controller/GamePlay.ts as file:///D:/PA_2024/3D/MergeDino/MergeDino_Op12/assets/Script/Plugin/AudioManager.ts.
debug: Target(editor) ends with cost 104.76139998435974ms.
debug: Target(preview) build started.
debug: Detected change: cce:/internal/x/prerequisite-imports. Last mtime: Thu Jan 01 1970 08:15:54 GMT+0800 (Indochina Time), Current mtime: Thu Jan 01 1970 08:22:29 GMT+0800 (Indochina Time)
debug: Inspect cce:/internal/x/prerequisite-imports
debug: Resolve file:///D:/PA_2024/3D/MergeDino/MergeDino_Op12/assets/Script/Controller/BossController.ts from cce:/internal/x/prerequisite-imports as file:///D:/PA_2024/3D/MergeDino/MergeDino_Op12/assets/Script/Controller/BossController.ts.
debug: Resolve file:///D:/PA_2024/3D/MergeDino/MergeDino_Op12/assets/Script/Controller/CharacterControl.ts from cce:/internal/x/prerequisite-imports as file:///D:/PA_2024/3D/MergeDino/MergeDino_Op12/assets/Script/Controller/CharacterControl.ts.
debug: Resolve file:///D:/PA_2024/3D/MergeDino/MergeDino_Op12/assets/Script/Controller/GameController.ts from cce:/internal/x/prerequisite-imports as file:///D:/PA_2024/3D/MergeDino/MergeDino_Op12/assets/Script/Controller/GameController.ts.
debug: Resolve file:///D:/PA_2024/3D/MergeDino/MergeDino_Op12/assets/Script/Controller/GamePlay.ts from cce:/internal/x/prerequisite-imports as file:///D:/PA_2024/3D/MergeDino/MergeDino_Op12/assets/Script/Controller/GamePlay.ts.
debug: Resolve file:///D:/PA_2024/3D/MergeDino/MergeDino_Op12/assets/Script/Controller/NodesController.ts from cce:/internal/x/prerequisite-imports as file:///D:/PA_2024/3D/MergeDino/MergeDino_Op12/assets/Script/Controller/NodesController.ts.
debug: Resolve file:///D:/PA_2024/3D/MergeDino/MergeDino_Op12/assets/Script/Controller/RangerControl.ts from cce:/internal/x/prerequisite-imports as file:///D:/PA_2024/3D/MergeDino/MergeDino_Op12/assets/Script/Controller/RangerControl.ts.
debug: Resolve file:///D:/PA_2024/3D/MergeDino/MergeDino_Op12/assets/Script/Controller/TouchAreaController.ts from cce:/internal/x/prerequisite-imports as file:///D:/PA_2024/3D/MergeDino/MergeDino_Op12/assets/Script/Controller/TouchAreaController.ts.
debug: Resolve file:///D:/PA_2024/3D/MergeDino/MergeDino_Op12/assets/Script/Data/Constant.ts from cce:/internal/x/prerequisite-imports as file:///D:/PA_2024/3D/MergeDino/MergeDino_Op12/assets/Script/Data/Constant.ts.
debug: Resolve file:///D:/PA_2024/3D/MergeDino/MergeDino_Op12/assets/Script/Plugin/AudioManager.ts from cce:/internal/x/prerequisite-imports as file:///D:/PA_2024/3D/MergeDino/MergeDino_Op12/assets/Script/Plugin/AudioManager.ts.
debug: Resolve file:///D:/PA_2024/3D/MergeDino/MergeDino_Op12/assets/Script/Plugin/IronSource.ts from cce:/internal/x/prerequisite-imports as file:///D:/PA_2024/3D/MergeDino/MergeDino_Op12/assets/Script/Plugin/IronSource.ts.
debug: Resolve file:///D:/PA_2024/3D/MergeDino/MergeDino_Op12/assets/Script/Plugin/Responsive.ts from cce:/internal/x/prerequisite-imports as file:///D:/PA_2024/3D/MergeDino/MergeDino_Op12/assets/Script/Plugin/Responsive.ts.
debug: Resolve file:///D:/PA_2024/3D/MergeDino/MergeDino_Op12/assets/Script/Plugin/Utils.ts from cce:/internal/x/prerequisite-imports as file:///D:/PA_2024/3D/MergeDino/MergeDino_Op12/assets/Script/Plugin/Utils.ts.
debug: Detected change: file:///D:/PA_2024/3D/MergeDino/MergeDino_Op12/assets/Script/Controller/GamePlay.ts. Last mtime: Thu Mar 14 2024 15:41:55 GMT+0700 (Indochina Time)@d6ba2e81-5fd5-455a-bbcd-d756b03ebf0b, Current mtime: Thu Mar 14 2024 15:45:26 GMT+0700 (Indochina Time)@d6ba2e81-5fd5-455a-bbcd-d756b03ebf0b
debug: Inspect file:///D:/PA_2024/3D/MergeDino/MergeDino_Op12/assets/Script/Controller/GamePlay.ts
debug: Resolve cce:/internal/code-quality/cr.mjs from file:///D:/PA_2024/3D/MergeDino/MergeDino_Op12/assets/Script/Controller/GamePlay.ts as cce:/internal/code-quality/cr.mjs.
debug: Resolve cc from file:///D:/PA_2024/3D/MergeDino/MergeDino_Op12/assets/Script/Controller/GamePlay.ts as cce:/internal/x/cc.
debug: Resolve cc from file:///D:/PA_2024/3D/MergeDino/MergeDino_Op12/assets/Script/Controller/GamePlay.ts as cce:/internal/x/cc.
debug: Resolve ./GameController from file:///D:/PA_2024/3D/MergeDino/MergeDino_Op12/assets/Script/Controller/GamePlay.ts as file:///D:/PA_2024/3D/MergeDino/MergeDino_Op12/assets/Script/Controller/GameController.ts.
debug: Resolve ../Plugin/AudioManager from file:///D:/PA_2024/3D/MergeDino/MergeDino_Op12/assets/Script/Controller/GamePlay.ts as file:///D:/PA_2024/3D/MergeDino/MergeDino_Op12/assets/Script/Plugin/AudioManager.ts.
debug: Resolve ../Data/Constant from file:///D:/PA_2024/3D/MergeDino/MergeDino_Op12/assets/Script/Controller/GamePlay.ts as file:///D:/PA_2024/3D/MergeDino/MergeDino_Op12/assets/Script/Data/Constant.ts.
debug: Resolve ./NodesController from file:///D:/PA_2024/3D/MergeDino/MergeDino_Op12/assets/Script/Controller/GamePlay.ts as file:///D:/PA_2024/3D/MergeDino/MergeDino_Op12/assets/Script/Controller/NodesController.ts.
debug: Target(preview) ends with cost 111.38179993629456ms.
debug: Dispatch build request for time accumulated 2 asset changes.
debug: Build iteration starts.
Number of accumulated asset changes: 2
Feature changed: false
debug: Target(editor) build started.
debug: Detected change: cce:/internal/x/prerequisite-imports. Last mtime: Thu Jan 01 1970 08:22:29 GMT+0800 (Indochina Time), Current mtime: Thu Jan 01 1970 08:43:43 GMT+0800 (Indochina Time)
debug: Inspect cce:/internal/x/prerequisite-imports
debug: Resolve file:///D:/PA_2024/3D/MergeDino/MergeDino_Op12/assets/Script/Controller/CharacterControl.ts from cce:/internal/x/prerequisite-imports as file:///D:/PA_2024/3D/MergeDino/MergeDino_Op12/assets/Script/Controller/CharacterControl.ts.
debug: Resolve file:///D:/PA_2024/3D/MergeDino/MergeDino_Op12/assets/Script/Controller/BossController.ts from cce:/internal/x/prerequisite-imports as file:///D:/PA_2024/3D/MergeDino/MergeDino_Op12/assets/Script/Controller/BossController.ts.
debug: Resolve file:///D:/PA_2024/3D/MergeDino/MergeDino_Op12/assets/Script/Controller/GameController.ts from cce:/internal/x/prerequisite-imports as file:///D:/PA_2024/3D/MergeDino/MergeDino_Op12/assets/Script/Controller/GameController.ts.
debug: Resolve file:///D:/PA_2024/3D/MergeDino/MergeDino_Op12/assets/Script/Controller/GamePlay.ts from cce:/internal/x/prerequisite-imports as file:///D:/PA_2024/3D/MergeDino/MergeDino_Op12/assets/Script/Controller/GamePlay.ts.
debug: Resolve file:///D:/PA_2024/3D/MergeDino/MergeDino_Op12/assets/Script/Controller/NodesController.ts from cce:/internal/x/prerequisite-imports as file:///D:/PA_2024/3D/MergeDino/MergeDino_Op12/assets/Script/Controller/NodesController.ts.
debug: Resolve file:///D:/PA_2024/3D/MergeDino/MergeDino_Op12/assets/Script/Controller/RangerControl.ts from cce:/internal/x/prerequisite-imports as file:///D:/PA_2024/3D/MergeDino/MergeDino_Op12/assets/Script/Controller/RangerControl.ts.
debug: Resolve file:///D:/PA_2024/3D/MergeDino/MergeDino_Op12/assets/Script/Controller/TouchAreaController.ts from cce:/internal/x/prerequisite-imports as file:///D:/PA_2024/3D/MergeDino/MergeDino_Op12/assets/Script/Controller/TouchAreaController.ts.
debug: Resolve file:///D:/PA_2024/3D/MergeDino/MergeDino_Op12/assets/Script/Data/Constant.ts from cce:/internal/x/prerequisite-imports as file:///D:/PA_2024/3D/MergeDino/MergeDino_Op12/assets/Script/Data/Constant.ts.
debug: Resolve file:///D:/PA_2024/3D/MergeDino/MergeDino_Op12/assets/Script/Plugin/AudioManager.ts from cce:/internal/x/prerequisite-imports as file:///D:/PA_2024/3D/MergeDino/MergeDino_Op12/assets/Script/Plugin/AudioManager.ts.
debug: Resolve file:///D:/PA_2024/3D/MergeDino/MergeDino_Op12/assets/Script/Plugin/IronSource.ts from cce:/internal/x/prerequisite-imports as file:///D:/PA_2024/3D/MergeDino/MergeDino_Op12/assets/Script/Plugin/IronSource.ts.
debug: Resolve file:///D:/PA_2024/3D/MergeDino/MergeDino_Op12/assets/Script/Plugin/Responsive.ts from cce:/internal/x/prerequisite-imports as file:///D:/PA_2024/3D/MergeDino/MergeDino_Op12/assets/Script/Plugin/Responsive.ts.
debug: Resolve file:///D:/PA_2024/3D/MergeDino/MergeDino_Op12/assets/Script/Plugin/Utils.ts from cce:/internal/x/prerequisite-imports as file:///D:/PA_2024/3D/MergeDino/MergeDino_Op12/assets/Script/Plugin/Utils.ts.
debug: Detected change: file:///D:/PA_2024/3D/MergeDino/MergeDino_Op12/assets/Script/Controller/GamePlay.ts. Last mtime: Thu Mar 14 2024 15:45:26 GMT+0700 (Indochina Time)@d6ba2e81-5fd5-455a-bbcd-d756b03ebf0b, Current mtime: Thu Mar 14 2024 16:09:24 GMT+0700 (Indochina Time)@d6ba2e81-5fd5-455a-bbcd-d756b03ebf0b
debug: Inspect file:///D:/PA_2024/3D/MergeDino/MergeDino_Op12/assets/Script/Controller/GamePlay.ts
debug: Detected change: file:///D:/PA_2024/3D/MergeDino/MergeDino_Op12/assets/Script/Controller/TouchAreaController.ts. Last mtime: Thu Mar 14 2024 15:40:31 GMT+0700 (Indochina Time)@6c960960-d0d4-46ba-9a72-c0e274c1640b, Current mtime: Thu Mar 14 2024 16:09:41 GMT+0700 (Indochina Time)@6c960960-d0d4-46ba-9a72-c0e274c1640b
debug: Inspect file:///D:/PA_2024/3D/MergeDino/MergeDino_Op12/assets/Script/Controller/TouchAreaController.ts
debug: Resolve cce:/internal/code-quality/cr.mjs from file:///D:/PA_2024/3D/MergeDino/MergeDino_Op12/assets/Script/Controller/GamePlay.ts as cce:/internal/code-quality/cr.mjs.
debug: Resolve cc from file:///D:/PA_2024/3D/MergeDino/MergeDino_Op12/assets/Script/Controller/GamePlay.ts as cce:/internal/x/cc.
debug: Resolve cc from file:///D:/PA_2024/3D/MergeDino/MergeDino_Op12/assets/Script/Controller/GamePlay.ts as cce:/internal/x/cc.
debug: Resolve cce:/internal/code-quality/cr.mjs from file:///D:/PA_2024/3D/MergeDino/MergeDino_Op12/assets/Script/Controller/TouchAreaController.ts as cce:/internal/code-quality/cr.mjs.
debug: Resolve cc from file:///D:/PA_2024/3D/MergeDino/MergeDino_Op12/assets/Script/Controller/TouchAreaController.ts as cce:/internal/x/cc.
debug: Resolve cc from file:///D:/PA_2024/3D/MergeDino/MergeDino_Op12/assets/Script/Controller/TouchAreaController.ts as cce:/internal/x/cc.
debug: Resolve ./GameController from file:///D:/PA_2024/3D/MergeDino/MergeDino_Op12/assets/Script/Controller/GamePlay.ts as file:///D:/PA_2024/3D/MergeDino/MergeDino_Op12/assets/Script/Controller/GameController.ts.
debug: Resolve ../Plugin/AudioManager from file:///D:/PA_2024/3D/MergeDino/MergeDino_Op12/assets/Script/Controller/GamePlay.ts as file:///D:/PA_2024/3D/MergeDino/MergeDino_Op12/assets/Script/Plugin/AudioManager.ts.
debug: Resolve ../Data/Constant from file:///D:/PA_2024/3D/MergeDino/MergeDino_Op12/assets/Script/Controller/GamePlay.ts as file:///D:/PA_2024/3D/MergeDino/MergeDino_Op12/assets/Script/Data/Constant.ts.
debug: Resolve ./NodesController from file:///D:/PA_2024/3D/MergeDino/MergeDino_Op12/assets/Script/Controller/GamePlay.ts as file:///D:/PA_2024/3D/MergeDino/MergeDino_Op12/assets/Script/Controller/NodesController.ts.
debug: Resolve ./NodesController from file:///D:/PA_2024/3D/MergeDino/MergeDino_Op12/assets/Script/Controller/TouchAreaController.ts as file:///D:/PA_2024/3D/MergeDino/MergeDino_Op12/assets/Script/Controller/NodesController.ts.
debug: Resolve ./GameController from file:///D:/PA_2024/3D/MergeDino/MergeDino_Op12/assets/Script/Controller/TouchAreaController.ts as file:///D:/PA_2024/3D/MergeDino/MergeDino_Op12/assets/Script/Controller/GameController.ts.
debug: Resolve ../Data/Constant from file:///D:/PA_2024/3D/MergeDino/MergeDino_Op12/assets/Script/Controller/TouchAreaController.ts as file:///D:/PA_2024/3D/MergeDino/MergeDino_Op12/assets/Script/Data/Constant.ts.
debug: Resolve ../Plugin/AudioManager from file:///D:/PA_2024/3D/MergeDino/MergeDino_Op12/assets/Script/Controller/TouchAreaController.ts as file:///D:/PA_2024/3D/MergeDino/MergeDino_Op12/assets/Script/Plugin/AudioManager.ts.
debug: Resolve ../Plugin/IronSource from file:///D:/PA_2024/3D/MergeDino/MergeDino_Op12/assets/Script/Controller/TouchAreaController.ts as file:///D:/PA_2024/3D/MergeDino/MergeDino_Op12/assets/Script/Plugin/IronSource.ts.
debug: Resolve ./GamePlay from file:///D:/PA_2024/3D/MergeDino/MergeDino_Op12/assets/Script/Controller/TouchAreaController.ts as file:///D:/PA_2024/3D/MergeDino/MergeDino_Op12/assets/Script/Controller/GamePlay.ts.
debug: Target(editor) ends with cost 254.56609988212585ms.
debug: Target(preview) build started.
debug: Detected change: cce:/internal/x/prerequisite-imports. Last mtime: Thu Jan 01 1970 08:22:29 GMT+0800 (Indochina Time), Current mtime: Thu Jan 01 1970 08:43:44 GMT+0800 (Indochina Time)
debug: Inspect cce:/internal/x/prerequisite-imports
debug: Resolve file:///D:/PA_2024/3D/MergeDino/MergeDino_Op12/assets/Script/Controller/BossController.ts from cce:/internal/x/prerequisite-imports as file:///D:/PA_2024/3D/MergeDino/MergeDino_Op12/assets/Script/Controller/BossController.ts.
debug: Resolve file:///D:/PA_2024/3D/MergeDino/MergeDino_Op12/assets/Script/Controller/CharacterControl.ts from cce:/internal/x/prerequisite-imports as file:///D:/PA_2024/3D/MergeDino/MergeDino_Op12/assets/Script/Controller/CharacterControl.ts.
debug: Resolve file:///D:/PA_2024/3D/MergeDino/MergeDino_Op12/assets/Script/Controller/GameController.ts from cce:/internal/x/prerequisite-imports as file:///D:/PA_2024/3D/MergeDino/MergeDino_Op12/assets/Script/Controller/GameController.ts.
debug: Resolve file:///D:/PA_2024/3D/MergeDino/MergeDino_Op12/assets/Script/Controller/GamePlay.ts from cce:/internal/x/prerequisite-imports as file:///D:/PA_2024/3D/MergeDino/MergeDino_Op12/assets/Script/Controller/GamePlay.ts.
debug: Resolve file:///D:/PA_2024/3D/MergeDino/MergeDino_Op12/assets/Script/Controller/NodesController.ts from cce:/internal/x/prerequisite-imports as file:///D:/PA_2024/3D/MergeDino/MergeDino_Op12/assets/Script/Controller/NodesController.ts.
debug: Resolve file:///D:/PA_2024/3D/MergeDino/MergeDino_Op12/assets/Script/Controller/RangerControl.ts from cce:/internal/x/prerequisite-imports as file:///D:/PA_2024/3D/MergeDino/MergeDino_Op12/assets/Script/Controller/RangerControl.ts.
debug: Resolve file:///D:/PA_2024/3D/MergeDino/MergeDino_Op12/assets/Script/Controller/TouchAreaController.ts from cce:/internal/x/prerequisite-imports as file:///D:/PA_2024/3D/MergeDino/MergeDino_Op12/assets/Script/Controller/TouchAreaController.ts.
debug: Resolve file:///D:/PA_2024/3D/MergeDino/MergeDino_Op12/assets/Script/Data/Constant.ts from cce:/internal/x/prerequisite-imports as file:///D:/PA_2024/3D/MergeDino/MergeDino_Op12/assets/Script/Data/Constant.ts.
debug: Resolve file:///D:/PA_2024/3D/MergeDino/MergeDino_Op12/assets/Script/Plugin/AudioManager.ts from cce:/internal/x/prerequisite-imports as file:///D:/PA_2024/3D/MergeDino/MergeDino_Op12/assets/Script/Plugin/AudioManager.ts.
debug: Resolve file:///D:/PA_2024/3D/MergeDino/MergeDino_Op12/assets/Script/Plugin/IronSource.ts from cce:/internal/x/prerequisite-imports as file:///D:/PA_2024/3D/MergeDino/MergeDino_Op12/assets/Script/Plugin/IronSource.ts.
debug: Resolve file:///D:/PA_2024/3D/MergeDino/MergeDino_Op12/assets/Script/Plugin/Responsive.ts from cce:/internal/x/prerequisite-imports as file:///D:/PA_2024/3D/MergeDino/MergeDino_Op12/assets/Script/Plugin/Responsive.ts.
debug: Resolve file:///D:/PA_2024/3D/MergeDino/MergeDino_Op12/assets/Script/Plugin/Utils.ts from cce:/internal/x/prerequisite-imports as file:///D:/PA_2024/3D/MergeDino/MergeDino_Op12/assets/Script/Plugin/Utils.ts.
debug: Detected change: file:///D:/PA_2024/3D/MergeDino/MergeDino_Op12/assets/Script/Controller/GamePlay.ts. Last mtime: Thu Mar 14 2024 15:45:26 GMT+0700 (Indochina Time)@d6ba2e81-5fd5-455a-bbcd-d756b03ebf0b, Current mtime: Thu Mar 14 2024 16:09:24 GMT+0700 (Indochina Time)@d6ba2e81-5fd5-455a-bbcd-d756b03ebf0b
debug: Inspect file:///D:/PA_2024/3D/MergeDino/MergeDino_Op12/assets/Script/Controller/GamePlay.ts
debug: Detected change: file:///D:/PA_2024/3D/MergeDino/MergeDino_Op12/assets/Script/Controller/TouchAreaController.ts. Last mtime: Thu Mar 14 2024 15:40:31 GMT+0700 (Indochina Time)@6c960960-d0d4-46ba-9a72-c0e274c1640b, Current mtime: Thu Mar 14 2024 16:09:41 GMT+0700 (Indochina Time)@6c960960-d0d4-46ba-9a72-c0e274c1640b
debug: Inspect file:///D:/PA_2024/3D/MergeDino/MergeDino_Op12/assets/Script/Controller/TouchAreaController.ts
debug: Resolve cce:/internal/code-quality/cr.mjs from file:///D:/PA_2024/3D/MergeDino/MergeDino_Op12/assets/Script/Controller/TouchAreaController.ts as cce:/internal/code-quality/cr.mjs.
debug: Resolve cc from file:///D:/PA_2024/3D/MergeDino/MergeDino_Op12/assets/Script/Controller/TouchAreaController.ts as cce:/internal/x/cc.
debug: Resolve cc from file:///D:/PA_2024/3D/MergeDino/MergeDino_Op12/assets/Script/Controller/TouchAreaController.ts as cce:/internal/x/cc.
debug: Resolve cce:/internal/code-quality/cr.mjs from file:///D:/PA_2024/3D/MergeDino/MergeDino_Op12/assets/Script/Controller/GamePlay.ts as cce:/internal/code-quality/cr.mjs.
debug: Resolve cc from file:///D:/PA_2024/3D/MergeDino/MergeDino_Op12/assets/Script/Controller/GamePlay.ts as cce:/internal/x/cc.
debug: Resolve cc from file:///D:/PA_2024/3D/MergeDino/MergeDino_Op12/assets/Script/Controller/GamePlay.ts as cce:/internal/x/cc.
debug: Resolve ../Data/Constant from file:///D:/PA_2024/3D/MergeDino/MergeDino_Op12/assets/Script/Controller/TouchAreaController.ts as file:///D:/PA_2024/3D/MergeDino/MergeDino_Op12/assets/Script/Data/Constant.ts.
debug: Resolve ./NodesController from file:///D:/PA_2024/3D/MergeDino/MergeDino_Op12/assets/Script/Controller/TouchAreaController.ts as file:///D:/PA_2024/3D/MergeDino/MergeDino_Op12/assets/Script/Controller/NodesController.ts.
debug: Resolve ./GameController from file:///D:/PA_2024/3D/MergeDino/MergeDino_Op12/assets/Script/Controller/TouchAreaController.ts as file:///D:/PA_2024/3D/MergeDino/MergeDino_Op12/assets/Script/Controller/GameController.ts.
debug: Resolve ../Plugin/AudioManager from file:///D:/PA_2024/3D/MergeDino/MergeDino_Op12/assets/Script/Controller/TouchAreaController.ts as file:///D:/PA_2024/3D/MergeDino/MergeDino_Op12/assets/Script/Plugin/AudioManager.ts.
debug: Resolve ../Plugin/IronSource from file:///D:/PA_2024/3D/MergeDino/MergeDino_Op12/assets/Script/Controller/TouchAreaController.ts as file:///D:/PA_2024/3D/MergeDino/MergeDino_Op12/assets/Script/Plugin/IronSource.ts.
debug: Resolve ./GamePlay from file:///D:/PA_2024/3D/MergeDino/MergeDino_Op12/assets/Script/Controller/TouchAreaController.ts as file:///D:/PA_2024/3D/MergeDino/MergeDino_Op12/assets/Script/Controller/GamePlay.ts.
debug: Resolve ./GameController from file:///D:/PA_2024/3D/MergeDino/MergeDino_Op12/assets/Script/Controller/GamePlay.ts as file:///D:/PA_2024/3D/MergeDino/MergeDino_Op12/assets/Script/Controller/GameController.ts.
debug: Resolve ../Plugin/AudioManager from file:///D:/PA_2024/3D/MergeDino/MergeDino_Op12/assets/Script/Controller/GamePlay.ts as file:///D:/PA_2024/3D/MergeDino/MergeDino_Op12/assets/Script/Plugin/AudioManager.ts.
debug: Resolve ../Data/Constant from file:///D:/PA_2024/3D/MergeDino/MergeDino_Op12/assets/Script/Controller/GamePlay.ts as file:///D:/PA_2024/3D/MergeDino/MergeDino_Op12/assets/Script/Data/Constant.ts.
debug: Resolve ./NodesController from file:///D:/PA_2024/3D/MergeDino/MergeDino_Op12/assets/Script/Controller/GamePlay.ts as file:///D:/PA_2024/3D/MergeDino/MergeDino_Op12/assets/Script/Controller/NodesController.ts.
debug: Target(preview) ends with cost 228.12840008735657ms.
