2024-02-29 14:55:31-log: [Package] menu@1.0.0 enable
2024-02-29 14:55:31-log: [Package] profile@1.0.0 enable
2024-02-29 14:55:31-log: [Package] project@1.0.1 enable
2024-02-29 14:55:31-log: [Package] messages@1.0.0 enable
2024-02-29 14:55:31-log: [Package] program@1.0.0 enable
2024-02-29 14:55:31-log: [Package] device@1.0.1 enable
2024-02-29 14:55:31-log: [Package] ui-kit@1.0.1 enable
2024-02-29 14:55:31-log: [Package] tester@1.0.0 enable
2024-02-29 14:55:31-log: [Package] preferences@1.0.0 enable
2024-02-29 14:55:32-log: Setup mods mgr.: 607.103ms
2024-02-29 14:55:32-log: Profile changed: engine (modules.includeModules: 2d,3d,audio,base,dragon-bones,gfx-webgl,gfx-webgl2,intersection-2d,marionette,particle,particle-2d,physics-2d-box2d,physics-cannon,primitive,profiler,spine,terrain,tiled-map,tween,ui,video,webview)
2024-02-29 14:55:32-log: [Package] engine@1.0.5 enable
2024-02-29 14:55:35-log: [Package] programming@1.0.0 enable
2024-02-29 14:55:35-log: [Package] engine-extends@1.0.0 enable
2024-02-29 14:55:35-log: [Package] asset-db@1.0.0 enable
2024-02-29 14:55:35-log: [Package] console@1.0.0 enable
2024-02-29 14:55:35-log: [Package] scene@1.0.0 enable
2024-02-29 14:55:36-log: [Package] utils@1.0.0 enable
2024-02-29 14:55:36-log: [Package] assets@1.0.0 enable
2024-02-29 14:55:36-log: [Package] inspector@1.0.0 enable
2024-02-29 14:55:36-log: [Package] hierarchy@1.0.0 enable
2024-02-29 14:55:37-log: [Package] preview@1.0.1 enable
2024-02-29 14:55:37-log: [Package] animator@1.0.0 enable
2024-02-29 14:55:38-log: [Package] builder@1.3.1 enable
2024-02-29 14:55:38-log: [Package] node-library@1.0.0 enable
2024-02-29 14:55:38-log: [Package] shortcuts@1.0.1 enable
2024-02-29 14:55:38-log: [Package] package-asset@1.0.0 enable
2024-02-29 14:55:38-log: [Package] reference-image@1.0.0 enable
2024-02-29 14:55:38-log: [Package] animation-graph@1.0.0 enable
2024-02-29 14:55:38-log: [Package] channel-upload-tools@1.0.0 enable
2024-02-29 14:55:38-log: [Package] runtime-dev-tools@1.0.0 enable
2024-02-29 14:55:38-log: [Package] lightmap@1.0.4 enable
2024-02-29 14:55:38-log: [Package] alipay-mini-game@1.0.0 enable
2024-02-29 14:55:38-log: [Package] android@1.0.0 enable
2024-02-29 14:55:38-log: [Package] baidu-mini-game@1.0.0 enable
2024-02-29 14:55:38-log: [Package] bytedance-mini-game@1.0.1 enable
2024-02-29 14:55:38-log: [Package] huawei-agc@1.0.0 enable
2024-02-29 14:55:38-log: [Package] ios@1.0.0 enable
2024-02-29 14:55:38-log: [Package] ios-app-clip@1.0.0 enable
2024-02-29 14:55:38-log: [Package] mac@1.0.0 enable
2024-02-29 14:55:38-log: [Package] native@1.0.0 enable
2024-02-29 14:55:39-log: [Package] ohos@1.0.0 enable
2024-02-29 14:55:39-log: [Package] web-desktop@1.0.0 enable
2024-02-29 14:55:39-log: [Package] web-mobile@1.0.0 enable
2024-02-29 14:55:39-log: [Package] wechatgame@1.0.1 enable
2024-02-29 14:55:39-log: [Package] windows@1.0.0 enable
2024-02-29 14:55:39-log: [Package] xiaomi-quick-game@1.0.0 enable
2024-02-29 14:55:39-log: [Package] cocos-play@1.0.0 enable
2024-02-29 14:55:39-log: [Package] huawei-quick-game@1.0.0 enable
2024-02-29 14:55:39-log: [Package] link-sure@1.0.0 enable
2024-02-29 14:55:39-log: [Package] oppo-mini-game@1.0.0 enable
2024-02-29 14:55:39-log: [Package] qtt@1.0.0 enable
2024-02-29 14:55:39-log: [Package] vivo-mini-game@1.0.0 enable
2024-02-29 14:55:39-log: [Package] cocos-service@3.0.2 enable
2024-02-29 14:55:39-log: [Package] importer@1.0.0 enable
2024-02-29 14:55:39-log: [Package] extension@3.0.15 enable
2024-02-29 14:55:40-log: [Im-plugin] Check im-plugin version.
2024-02-29 14:55:40-log: [Package] im-plugin@3.0.8 enable
2024-02-29 14:55:40-log: [Package] super-html@1.1.3 enable
2024-02-29 14:55:41-log: [Im-plugin] No online info of im-plugin.
2024-02-29 14:55:52-warn: Browserslist: caniuse-lite is outdated. Please run:
npx browserslist@latest --update-db

Why you should do it regularly:
https://github.com/browserslist/browserslist#browsers-data-updating
2024-02-29 14:55:52-log: [Scene] Cocos Creator v3.4.2
2024-02-29 14:56:09-info: [Scene] Forward render pipeline initialized.
2024-02-29 15:45:04-warn: [Build] Browserslist: caniuse-lite is outdated. Please run:
npx browserslist@latest --update-db
2024-02-29 15:45:05-warn: [Build] Browserslist: caniuse-lite is outdated. Please run:
npx browserslist@latest --update-db

Why you should do it regularly:
https://github.com/browserslist/browserslist#browsers-data-updating
2024-02-29 15:45:09-warn: [Build] [[Build.Script.Rollup]] Circular dependency: file:///D:/PA_2024/3D/FishIO/FishIO_Op7/assets/scripts/Controller/PlayerController.ts -> file:///D:/PA_2024/3D/FishIO/FishIO_Op7/assets/scripts/Controller/TouchAreaController.ts -> file:///D:/PA_2024/3D/FishIO/FishIO_Op7/assets/scripts/Controller/PlayerController.ts
2024-02-29 16:23:54-log: [Scene] Animation node(b6viHK7qZHhZoyU5MjTIBA)doesn't exist
2024-02-29 16:28:45-warn: [Build] [[Build.Script.Rollup]] Circular dependency: file:///D:/PA_2024/3D/FishIO/FishIO_Op7/assets/scripts/Controller/PlayerController.ts -> file:///D:/PA_2024/3D/FishIO/FishIO_Op7/assets/scripts/Controller/TouchAreaController.ts -> file:///D:/PA_2024/3D/FishIO/FishIO_Op7/assets/scripts/Controller/PlayerController.ts
