debug: Tue, 27 Aug 2024 01:55:23 GMT
debug: Project: D:\PA_2024\3D\MergeRobo\MergeRobo_Op8
debug: Targets: editor,preview
debug: Incremental file seems great.
debug: Engine path: C:\ProgramData\cocos\editors\Creator\3.4.2\resources\resources\3d\engine
debug: Initializing target [Editor]
debug: Loading cache
debug: Loading cache costs 32.66179996728897ms.
debug: Engine features shipped in editor: base,gfx-webgl,gfx-webgl2,3d,2d,ui,particle,particle-2d,physics-framework,physics-2d-framework,intersection-2d,primitive,profiler,audio,video,terrain,webview,tween,tiled-map,spine,dragon-bones,marionette
debug: Initializing target [Preview]
debug: Loading cache
debug: Loading cache costs 46.255499958992004ms.
debug: Sync engine features: 2d,3d,audio,base,dragon-bones,gfx-webgl,gfx-webgl2,marionette,particle,physics-cannon,primitive,profiler,spine,terrain,tiled-map,tween,ui,webview
debug: Pulling asset-db.
debug: Fetch asset-db cost: 26.58050000667572ms.
debug: Build iteration starts.
Number of accumulated asset changes: 12
Feature changed: false
debug: Target(editor) build started.
debug: Detected change: cce:/internal/x/cc. Last mtime: Thu Jan 01 1970 08:00:08 GMT+0800 (Indochina Time), Current mtime: Thu Jan 01 1970 08:00:05 GMT+0800 (Indochina Time)
debug: Inspect cce:/internal/x/cc
debug: Resolve cce:/internal/x/cc-fu/base from cce:/internal/x/cc as external dependency cce:/internal/x/cc-fu/base.
debug: Resolve cce:/internal/x/cc-fu/gfx-webgl from cce:/internal/x/cc as external dependency cce:/internal/x/cc-fu/gfx-webgl.
debug: Resolve cce:/internal/x/cc-fu/gfx-webgl2 from cce:/internal/x/cc as external dependency cce:/internal/x/cc-fu/gfx-webgl2.
debug: Resolve cce:/internal/x/cc-fu/3d from cce:/internal/x/cc as external dependency cce:/internal/x/cc-fu/3d.
debug: Resolve cce:/internal/x/cc-fu/2d from cce:/internal/x/cc as external dependency cce:/internal/x/cc-fu/2d.
debug: Resolve cce:/internal/x/cc-fu/ui from cce:/internal/x/cc as external dependency cce:/internal/x/cc-fu/ui.
debug: Resolve cce:/internal/x/cc-fu/particle from cce:/internal/x/cc as external dependency cce:/internal/x/cc-fu/particle.
debug: Resolve cce:/internal/x/cc-fu/particle-2d from cce:/internal/x/cc as external dependency cce:/internal/x/cc-fu/particle-2d.
debug: Resolve cce:/internal/x/cc-fu/physics-framework from cce:/internal/x/cc as external dependency cce:/internal/x/cc-fu/physics-framework.
debug: Resolve cce:/internal/x/cc-fu/physics-2d-framework from cce:/internal/x/cc as external dependency cce:/internal/x/cc-fu/physics-2d-framework.
debug: Resolve cce:/internal/x/cc-fu/intersection-2d from cce:/internal/x/cc as external dependency cce:/internal/x/cc-fu/intersection-2d.
debug: Resolve cce:/internal/x/cc-fu/primitive from cce:/internal/x/cc as external dependency cce:/internal/x/cc-fu/primitive.
debug: Resolve cce:/internal/x/cc-fu/profiler from cce:/internal/x/cc as external dependency cce:/internal/x/cc-fu/profiler.
debug: Resolve cce:/internal/x/cc-fu/audio from cce:/internal/x/cc as external dependency cce:/internal/x/cc-fu/audio.
debug: Resolve cce:/internal/x/cc-fu/video from cce:/internal/x/cc as external dependency cce:/internal/x/cc-fu/video.
debug: Resolve cce:/internal/x/cc-fu/terrain from cce:/internal/x/cc as external dependency cce:/internal/x/cc-fu/terrain.
debug: Resolve cce:/internal/x/cc-fu/webview from cce:/internal/x/cc as external dependency cce:/internal/x/cc-fu/webview.
debug: Resolve cce:/internal/x/cc-fu/tween from cce:/internal/x/cc as external dependency cce:/internal/x/cc-fu/tween.
debug: Resolve cce:/internal/x/cc-fu/tiled-map from cce:/internal/x/cc as external dependency cce:/internal/x/cc-fu/tiled-map.
debug: Resolve cce:/internal/x/cc-fu/spine from cce:/internal/x/cc as external dependency cce:/internal/x/cc-fu/spine.
debug: Resolve cce:/internal/x/cc-fu/dragon-bones from cce:/internal/x/cc as external dependency cce:/internal/x/cc-fu/dragon-bones.
debug: Detected change: cce:/internal/x/prerequisite-imports. Last mtime: Thu Jan 01 1970 09:59:15 GMT+0800 (Indochina Time), Current mtime: Thu Jan 01 1970 08:00:24 GMT+0800 (Indochina Time)
debug: Inspect cce:/internal/x/prerequisite-imports
debug: Resolve file:///D:/PA_2024/3D/MergeRobo/MergeRobo_Op8/assets/Script/Controller/BossController.ts from cce:/internal/x/prerequisite-imports as file:///D:/PA_2024/3D/MergeRobo/MergeRobo_Op8/assets/Script/Controller/BossController.ts.
debug: Resolve file:///D:/PA_2024/3D/MergeRobo/MergeRobo_Op8/assets/Script/Controller/CameraController.ts from cce:/internal/x/prerequisite-imports as file:///D:/PA_2024/3D/MergeRobo/MergeRobo_Op8/assets/Script/Controller/CameraController.ts.
debug: Resolve file:///D:/PA_2024/3D/MergeRobo/MergeRobo_Op8/assets/Script/Controller/CharacterControl.ts from cce:/internal/x/prerequisite-imports as file:///D:/PA_2024/3D/MergeRobo/MergeRobo_Op8/assets/Script/Controller/CharacterControl.ts.
debug: Resolve file:///D:/PA_2024/3D/MergeRobo/MergeRobo_Op8/assets/Script/Controller/GameController.ts from cce:/internal/x/prerequisite-imports as file:///D:/PA_2024/3D/MergeRobo/MergeRobo_Op8/assets/Script/Controller/GameController.ts.
debug: Resolve file:///D:/PA_2024/3D/MergeRobo/MergeRobo_Op8/assets/Script/Controller/GamePlay.ts from cce:/internal/x/prerequisite-imports as file:///D:/PA_2024/3D/MergeRobo/MergeRobo_Op8/assets/Script/Controller/GamePlay.ts.
debug: Resolve file:///D:/PA_2024/3D/MergeRobo/MergeRobo_Op8/assets/Script/Controller/NodesController.ts from cce:/internal/x/prerequisite-imports as file:///D:/PA_2024/3D/MergeRobo/MergeRobo_Op8/assets/Script/Controller/NodesController.ts.
debug: Resolve file:///D:/PA_2024/3D/MergeRobo/MergeRobo_Op8/assets/Script/Controller/TouchAreaController.ts from cce:/internal/x/prerequisite-imports as file:///D:/PA_2024/3D/MergeRobo/MergeRobo_Op8/assets/Script/Controller/TouchAreaController.ts.
debug: Resolve file:///D:/PA_2024/3D/MergeRobo/MergeRobo_Op8/assets/Script/Data/Constant.ts from cce:/internal/x/prerequisite-imports as file:///D:/PA_2024/3D/MergeRobo/MergeRobo_Op8/assets/Script/Data/Constant.ts.
debug: Resolve file:///D:/PA_2024/3D/MergeRobo/MergeRobo_Op8/assets/Script/Plugin/IronSource.ts from cce:/internal/x/prerequisite-imports as file:///D:/PA_2024/3D/MergeRobo/MergeRobo_Op8/assets/Script/Plugin/IronSource.ts.
debug: Resolve file:///D:/PA_2024/3D/MergeRobo/MergeRobo_Op8/assets/Script/Plugin/AudioManager.ts from cce:/internal/x/prerequisite-imports as file:///D:/PA_2024/3D/MergeRobo/MergeRobo_Op8/assets/Script/Plugin/AudioManager.ts.
debug: Resolve file:///D:/PA_2024/3D/MergeRobo/MergeRobo_Op8/assets/Script/Plugin/Responsive.ts from cce:/internal/x/prerequisite-imports as file:///D:/PA_2024/3D/MergeRobo/MergeRobo_Op8/assets/Script/Plugin/Responsive.ts.
debug: Resolve file:///D:/PA_2024/3D/MergeRobo/MergeRobo_Op8/assets/Script/Plugin/Utils.ts from cce:/internal/x/prerequisite-imports as file:///D:/PA_2024/3D/MergeRobo/MergeRobo_Op8/assets/Script/Plugin/Utils.ts.
debug: Detected change: cce:/internal/code-quality/cr.mjs. Last mtime: Fri Aug 23 2024 13:30:28 GMT+0700 (Indochina Time), Current mtime: Tue Aug 27 2024 08:55:17 GMT+0700 (Indochina Time)
debug: Inspect cce:/internal/code-quality/cr.mjs
debug: Detected change: file:///D:/PA_2024/3D/MergeRobo/MergeRobo_Op8/assets/Script/Controller/CameraController.ts. Last mtime: Tue Jun 25 2024 06:08:52 GMT+0700 (Indochina Time)@125892b6-132a-4885-ba14-772194ee983b, Current mtime: Fri Aug 23 2024 15:26:21 GMT+0700 (Indochina Time)@125892b6-132a-4885-ba14-772194ee983b
debug: Inspect file:///D:/PA_2024/3D/MergeRobo/MergeRobo_Op8/assets/Script/Controller/CameraController.ts
debug: Detected change: file:///D:/PA_2024/3D/MergeRobo/MergeRobo_Op8/assets/Script/Controller/CharacterControl.ts. Last mtime: Tue Jun 25 2024 10:25:47 GMT+0700 (Indochina Time)@1a87ce5d-7de6-498d-b936-d4e05fc7f88f, Current mtime: Fri Aug 23 2024 15:00:12 GMT+0700 (Indochina Time)@1a87ce5d-7de6-498d-b936-d4e05fc7f88f
debug: Inspect file:///D:/PA_2024/3D/MergeRobo/MergeRobo_Op8/assets/Script/Controller/CharacterControl.ts
debug: Detected change: file:///D:/PA_2024/3D/MergeRobo/MergeRobo_Op8/assets/Script/Controller/GamePlay.ts. Last mtime: Tue Jun 25 2024 10:33:45 GMT+0700 (Indochina Time)@d6ba2e81-5fd5-455a-bbcd-d756b03ebf0b, Current mtime: Fri Aug 23 2024 15:27:32 GMT+0700 (Indochina Time)@d6ba2e81-5fd5-455a-bbcd-d756b03ebf0b
debug: Inspect file:///D:/PA_2024/3D/MergeRobo/MergeRobo_Op8/assets/Script/Controller/GamePlay.ts
debug: Resolve cce:/internal/code-quality/cr.mjs from file:///D:/PA_2024/3D/MergeRobo/MergeRobo_Op8/assets/Script/Controller/GamePlay.ts as cce:/internal/code-quality/cr.mjs.
debug: Resolve cc from file:///D:/PA_2024/3D/MergeRobo/MergeRobo_Op8/assets/Script/Controller/GamePlay.ts as cce:/internal/x/cc.
debug: Resolve cc from file:///D:/PA_2024/3D/MergeRobo/MergeRobo_Op8/assets/Script/Controller/GamePlay.ts as cce:/internal/x/cc.
debug: Resolve cc from file:///D:/PA_2024/3D/MergeRobo/MergeRobo_Op8/assets/Script/Controller/CameraController.ts as cce:/internal/x/cc.
debug: Resolve cc from file:///D:/PA_2024/3D/MergeRobo/MergeRobo_Op8/assets/Script/Controller/CameraController.ts as cce:/internal/x/cc.
debug: Resolve cce:/internal/code-quality/cr.mjs from file:///D:/PA_2024/3D/MergeRobo/MergeRobo_Op8/assets/Script/Controller/CharacterControl.ts as cce:/internal/code-quality/cr.mjs.
debug: Resolve cc from file:///D:/PA_2024/3D/MergeRobo/MergeRobo_Op8/assets/Script/Controller/CharacterControl.ts as cce:/internal/x/cc.
debug: Resolve cc from file:///D:/PA_2024/3D/MergeRobo/MergeRobo_Op8/assets/Script/Controller/CharacterControl.ts as cce:/internal/x/cc.
debug: Resolve ./GameController from file:///D:/PA_2024/3D/MergeRobo/MergeRobo_Op8/assets/Script/Controller/GamePlay.ts as file:///D:/PA_2024/3D/MergeRobo/MergeRobo_Op8/assets/Script/Controller/GameController.ts.
debug: Resolve ../Plugin/AudioManager from file:///D:/PA_2024/3D/MergeRobo/MergeRobo_Op8/assets/Script/Controller/GamePlay.ts as file:///D:/PA_2024/3D/MergeRobo/MergeRobo_Op8/assets/Script/Plugin/AudioManager.ts.
debug: Resolve ../Data/Constant from file:///D:/PA_2024/3D/MergeRobo/MergeRobo_Op8/assets/Script/Controller/GamePlay.ts as file:///D:/PA_2024/3D/MergeRobo/MergeRobo_Op8/assets/Script/Data/Constant.ts.
debug: Resolve ./NodesController from file:///D:/PA_2024/3D/MergeRobo/MergeRobo_Op8/assets/Script/Controller/GamePlay.ts as file:///D:/PA_2024/3D/MergeRobo/MergeRobo_Op8/assets/Script/Controller/NodesController.ts.
debug: Resolve ./BossController from file:///D:/PA_2024/3D/MergeRobo/MergeRobo_Op8/assets/Script/Controller/GamePlay.ts as file:///D:/PA_2024/3D/MergeRobo/MergeRobo_Op8/assets/Script/Controller/BossController.ts.
debug: Resolve ../Data/Constant from file:///D:/PA_2024/3D/MergeRobo/MergeRobo_Op8/assets/Script/Controller/CharacterControl.ts as file:///D:/PA_2024/3D/MergeRobo/MergeRobo_Op8/assets/Script/Data/Constant.ts.
debug: Resolve ../Plugin/AudioManager from file:///D:/PA_2024/3D/MergeRobo/MergeRobo_Op8/assets/Script/Controller/CharacterControl.ts as file:///D:/PA_2024/3D/MergeRobo/MergeRobo_Op8/assets/Script/Plugin/AudioManager.ts.
debug: Resolve ./NodesController from file:///D:/PA_2024/3D/MergeRobo/MergeRobo_Op8/assets/Script/Controller/CharacterControl.ts as file:///D:/PA_2024/3D/MergeRobo/MergeRobo_Op8/assets/Script/Controller/NodesController.ts.
debug: Target(editor) ends with cost 437.306500017643ms.
debug: Target(preview) build started.
debug: Detected change: cce:/internal/x/cc. Last mtime: Thu Jan 01 1970 08:00:08 GMT+0800 (Indochina Time), Current mtime: Thu Jan 01 1970 08:00:06 GMT+0800 (Indochina Time)
debug: Inspect cce:/internal/x/cc
debug: Resolve cce:/internal/x/cc-fu/2d from cce:/internal/x/cc as external dependency cce:/internal/x/cc-fu/2d.
debug: Resolve cce:/internal/x/cc-fu/3d from cce:/internal/x/cc as external dependency cce:/internal/x/cc-fu/3d.
debug: Resolve cce:/internal/x/cc-fu/audio from cce:/internal/x/cc as external dependency cce:/internal/x/cc-fu/audio.
debug: Resolve cce:/internal/x/cc-fu/base from cce:/internal/x/cc as external dependency cce:/internal/x/cc-fu/base.
debug: Resolve cce:/internal/x/cc-fu/dragon-bones from cce:/internal/x/cc as external dependency cce:/internal/x/cc-fu/dragon-bones.
debug: Resolve cce:/internal/x/cc-fu/gfx-webgl from cce:/internal/x/cc as external dependency cce:/internal/x/cc-fu/gfx-webgl.
debug: Resolve cce:/internal/x/cc-fu/gfx-webgl2 from cce:/internal/x/cc as external dependency cce:/internal/x/cc-fu/gfx-webgl2.
debug: Resolve cce:/internal/x/cc-fu/particle from cce:/internal/x/cc as external dependency cce:/internal/x/cc-fu/particle.
debug: Resolve cce:/internal/x/cc-fu/physics-cannon from cce:/internal/x/cc as external dependency cce:/internal/x/cc-fu/physics-cannon.
debug: Resolve cce:/internal/x/cc-fu/physics-framework from cce:/internal/x/cc as external dependency cce:/internal/x/cc-fu/physics-framework.
debug: Resolve cce:/internal/x/cc-fu/primitive from cce:/internal/x/cc as external dependency cce:/internal/x/cc-fu/primitive.
debug: Resolve cce:/internal/x/cc-fu/profiler from cce:/internal/x/cc as external dependency cce:/internal/x/cc-fu/profiler.
debug: Resolve cce:/internal/x/cc-fu/spine from cce:/internal/x/cc as external dependency cce:/internal/x/cc-fu/spine.
debug: Resolve cce:/internal/x/cc-fu/terrain from cce:/internal/x/cc as external dependency cce:/internal/x/cc-fu/terrain.
debug: Resolve cce:/internal/x/cc-fu/tiled-map from cce:/internal/x/cc as external dependency cce:/internal/x/cc-fu/tiled-map.
debug: Resolve cce:/internal/x/cc-fu/tween from cce:/internal/x/cc as external dependency cce:/internal/x/cc-fu/tween.
debug: Resolve cce:/internal/x/cc-fu/ui from cce:/internal/x/cc as external dependency cce:/internal/x/cc-fu/ui.
debug: Resolve cce:/internal/x/cc-fu/webview from cce:/internal/x/cc as external dependency cce:/internal/x/cc-fu/webview.
debug: Detected change: cce:/internal/x/prerequisite-imports. Last mtime: Thu Jan 01 1970 09:59:15 GMT+0800 (Indochina Time), Current mtime: Thu Jan 01 1970 08:00:25 GMT+0800 (Indochina Time)
debug: Inspect cce:/internal/x/prerequisite-imports
debug: Resolve file:///D:/PA_2024/3D/MergeRobo/MergeRobo_Op8/assets/Script/Controller/BossController.ts from cce:/internal/x/prerequisite-imports as file:///D:/PA_2024/3D/MergeRobo/MergeRobo_Op8/assets/Script/Controller/BossController.ts.
debug: Resolve file:///D:/PA_2024/3D/MergeRobo/MergeRobo_Op8/assets/Script/Controller/CameraController.ts from cce:/internal/x/prerequisite-imports as file:///D:/PA_2024/3D/MergeRobo/MergeRobo_Op8/assets/Script/Controller/CameraController.ts.
debug: Resolve file:///D:/PA_2024/3D/MergeRobo/MergeRobo_Op8/assets/Script/Controller/GameController.ts from cce:/internal/x/prerequisite-imports as file:///D:/PA_2024/3D/MergeRobo/MergeRobo_Op8/assets/Script/Controller/GameController.ts.
debug: Resolve file:///D:/PA_2024/3D/MergeRobo/MergeRobo_Op8/assets/Script/Controller/CharacterControl.ts from cce:/internal/x/prerequisite-imports as file:///D:/PA_2024/3D/MergeRobo/MergeRobo_Op8/assets/Script/Controller/CharacterControl.ts.
debug: Resolve file:///D:/PA_2024/3D/MergeRobo/MergeRobo_Op8/assets/Script/Controller/GamePlay.ts from cce:/internal/x/prerequisite-imports as file:///D:/PA_2024/3D/MergeRobo/MergeRobo_Op8/assets/Script/Controller/GamePlay.ts.
debug: Resolve file:///D:/PA_2024/3D/MergeRobo/MergeRobo_Op8/assets/Script/Controller/TouchAreaController.ts from cce:/internal/x/prerequisite-imports as file:///D:/PA_2024/3D/MergeRobo/MergeRobo_Op8/assets/Script/Controller/TouchAreaController.ts.
debug: Resolve file:///D:/PA_2024/3D/MergeRobo/MergeRobo_Op8/assets/Script/Controller/NodesController.ts from cce:/internal/x/prerequisite-imports as file:///D:/PA_2024/3D/MergeRobo/MergeRobo_Op8/assets/Script/Controller/NodesController.ts.
debug: Resolve file:///D:/PA_2024/3D/MergeRobo/MergeRobo_Op8/assets/Script/Data/Constant.ts from cce:/internal/x/prerequisite-imports as file:///D:/PA_2024/3D/MergeRobo/MergeRobo_Op8/assets/Script/Data/Constant.ts.
debug: Resolve file:///D:/PA_2024/3D/MergeRobo/MergeRobo_Op8/assets/Script/Plugin/AudioManager.ts from cce:/internal/x/prerequisite-imports as file:///D:/PA_2024/3D/MergeRobo/MergeRobo_Op8/assets/Script/Plugin/AudioManager.ts.
debug: Resolve file:///D:/PA_2024/3D/MergeRobo/MergeRobo_Op8/assets/Script/Plugin/IronSource.ts from cce:/internal/x/prerequisite-imports as file:///D:/PA_2024/3D/MergeRobo/MergeRobo_Op8/assets/Script/Plugin/IronSource.ts.
debug: Resolve file:///D:/PA_2024/3D/MergeRobo/MergeRobo_Op8/assets/Script/Plugin/Responsive.ts from cce:/internal/x/prerequisite-imports as file:///D:/PA_2024/3D/MergeRobo/MergeRobo_Op8/assets/Script/Plugin/Responsive.ts.
debug: Resolve file:///D:/PA_2024/3D/MergeRobo/MergeRobo_Op8/assets/Script/Plugin/Utils.ts from cce:/internal/x/prerequisite-imports as file:///D:/PA_2024/3D/MergeRobo/MergeRobo_Op8/assets/Script/Plugin/Utils.ts.
debug: Detected change: cce:/internal/code-quality/cr.mjs. Last mtime: Fri Aug 23 2024 13:30:28 GMT+0700 (Indochina Time), Current mtime: Tue Aug 27 2024 08:55:17 GMT+0700 (Indochina Time)
debug: Inspect cce:/internal/code-quality/cr.mjs
debug: Detected change: file:///D:/PA_2024/3D/MergeRobo/MergeRobo_Op8/assets/Script/Controller/CameraController.ts. Last mtime: Tue Jun 25 2024 06:08:52 GMT+0700 (Indochina Time)@125892b6-132a-4885-ba14-772194ee983b, Current mtime: Fri Aug 23 2024 15:26:21 GMT+0700 (Indochina Time)@125892b6-132a-4885-ba14-772194ee983b
debug: Inspect file:///D:/PA_2024/3D/MergeRobo/MergeRobo_Op8/assets/Script/Controller/CameraController.ts
debug: Detected change: file:///D:/PA_2024/3D/MergeRobo/MergeRobo_Op8/assets/Script/Controller/CharacterControl.ts. Last mtime: Tue Jun 25 2024 10:25:47 GMT+0700 (Indochina Time)@1a87ce5d-7de6-498d-b936-d4e05fc7f88f, Current mtime: Fri Aug 23 2024 15:00:12 GMT+0700 (Indochina Time)@1a87ce5d-7de6-498d-b936-d4e05fc7f88f
debug: Inspect file:///D:/PA_2024/3D/MergeRobo/MergeRobo_Op8/assets/Script/Controller/CharacterControl.ts
debug: Detected change: file:///D:/PA_2024/3D/MergeRobo/MergeRobo_Op8/assets/Script/Controller/GamePlay.ts. Last mtime: Tue Jun 25 2024 10:33:45 GMT+0700 (Indochina Time)@d6ba2e81-5fd5-455a-bbcd-d756b03ebf0b, Current mtime: Fri Aug 23 2024 15:27:32 GMT+0700 (Indochina Time)@d6ba2e81-5fd5-455a-bbcd-d756b03ebf0b
debug: Inspect file:///D:/PA_2024/3D/MergeRobo/MergeRobo_Op8/assets/Script/Controller/GamePlay.ts
debug: Resolve cce:/internal/code-quality/cr.mjs from file:///D:/PA_2024/3D/MergeRobo/MergeRobo_Op8/assets/Script/Controller/GamePlay.ts as cce:/internal/code-quality/cr.mjs.
debug: Resolve cc from file:///D:/PA_2024/3D/MergeRobo/MergeRobo_Op8/assets/Script/Controller/GamePlay.ts as cce:/internal/x/cc.
debug: Resolve cc from file:///D:/PA_2024/3D/MergeRobo/MergeRobo_Op8/assets/Script/Controller/GamePlay.ts as cce:/internal/x/cc.
debug: Resolve cc from file:///D:/PA_2024/3D/MergeRobo/MergeRobo_Op8/assets/Script/Controller/CameraController.ts as cce:/internal/x/cc.
debug: Resolve cc from file:///D:/PA_2024/3D/MergeRobo/MergeRobo_Op8/assets/Script/Controller/CameraController.ts as cce:/internal/x/cc.
debug: Resolve cce:/internal/code-quality/cr.mjs from file:///D:/PA_2024/3D/MergeRobo/MergeRobo_Op8/assets/Script/Controller/CharacterControl.ts as cce:/internal/code-quality/cr.mjs.
debug: Resolve cc from file:///D:/PA_2024/3D/MergeRobo/MergeRobo_Op8/assets/Script/Controller/CharacterControl.ts as cce:/internal/x/cc.
debug: Resolve cc from file:///D:/PA_2024/3D/MergeRobo/MergeRobo_Op8/assets/Script/Controller/CharacterControl.ts as cce:/internal/x/cc.
debug: Resolve ./GameController from file:///D:/PA_2024/3D/MergeRobo/MergeRobo_Op8/assets/Script/Controller/GamePlay.ts as file:///D:/PA_2024/3D/MergeRobo/MergeRobo_Op8/assets/Script/Controller/GameController.ts.
debug: Resolve ../Plugin/AudioManager from file:///D:/PA_2024/3D/MergeRobo/MergeRobo_Op8/assets/Script/Controller/GamePlay.ts as file:///D:/PA_2024/3D/MergeRobo/MergeRobo_Op8/assets/Script/Plugin/AudioManager.ts.
debug: Resolve ../Data/Constant from file:///D:/PA_2024/3D/MergeRobo/MergeRobo_Op8/assets/Script/Controller/GamePlay.ts as file:///D:/PA_2024/3D/MergeRobo/MergeRobo_Op8/assets/Script/Data/Constant.ts.
debug: Resolve ./NodesController from file:///D:/PA_2024/3D/MergeRobo/MergeRobo_Op8/assets/Script/Controller/GamePlay.ts as file:///D:/PA_2024/3D/MergeRobo/MergeRobo_Op8/assets/Script/Controller/NodesController.ts.
debug: Resolve ./BossController from file:///D:/PA_2024/3D/MergeRobo/MergeRobo_Op8/assets/Script/Controller/GamePlay.ts as file:///D:/PA_2024/3D/MergeRobo/MergeRobo_Op8/assets/Script/Controller/BossController.ts.
debug: Resolve ../Data/Constant from file:///D:/PA_2024/3D/MergeRobo/MergeRobo_Op8/assets/Script/Controller/CharacterControl.ts as file:///D:/PA_2024/3D/MergeRobo/MergeRobo_Op8/assets/Script/Data/Constant.ts.
debug: Resolve ../Plugin/AudioManager from file:///D:/PA_2024/3D/MergeRobo/MergeRobo_Op8/assets/Script/Controller/CharacterControl.ts as file:///D:/PA_2024/3D/MergeRobo/MergeRobo_Op8/assets/Script/Plugin/AudioManager.ts.
debug: Resolve ./NodesController from file:///D:/PA_2024/3D/MergeRobo/MergeRobo_Op8/assets/Script/Controller/CharacterControl.ts as file:///D:/PA_2024/3D/MergeRobo/MergeRobo_Op8/assets/Script/Controller/NodesController.ts.
debug: Target(preview) ends with cost 263.50200003385544ms.
