debug: Thu, 14 Mar 2024 04:40:55 GMT
debug: Project: D:\PA_2024\3D\MergeDino\MergeDino_Op10
debug: Targets: editor,preview
debug: Incremental file seems great.
debug: Engine path: C:\ProgramData\cocos\editors\Creator\3.4.2\resources\resources\3d\engine
debug: Initializing target [Editor]
debug: Loading cache
debug: Loading cache costs 2.529900074005127ms.
debug: Engine features shipped in editor: base,gfx-webgl,gfx-webgl2,3d,2d,ui,particle,particle-2d,physics-framework,physics-2d-framework,intersection-2d,primitive,profiler,audio,video,terrain,webview,tween,tiled-map,spine,dragon-bones,marionette
debug: Initializing target [Preview]
debug: Loading cache
debug: Loading cache costs 3.4057998657226562ms.
debug: Sync engine features: 2d,3d,audio,base,dragon-bones,gfx-webgl,gfx-webgl2,marionette,particle,physics-cannon,primitive,profiler,spine,terrain,tiled-map,tween,ui,webview
debug: Pulling asset-db.
debug: Fetch asset-db cost: 11.11080002784729ms.
debug: Build iteration starts.
Number of accumulated asset changes: 12
Feature changed: false
debug: Target(editor) build started.
debug: Detected change: cce:/internal/x/cc. Last mtime: Thu Jan 01 1970 08:00:08 GMT+0800 (Indochina Time), Current mtime: Thu Jan 01 1970 08:00:05 GMT+0800 (Indochina Time)
debug: Inspect cce:/internal/x/cc
debug: Resolve cce:/internal/x/cc-fu/base from cce:/internal/x/cc as external dependency cce:/internal/x/cc-fu/base.
debug: Resolve cce:/internal/x/cc-fu/gfx-webgl from cce:/internal/x/cc as external dependency cce:/internal/x/cc-fu/gfx-webgl.
debug: Resolve cce:/internal/x/cc-fu/gfx-webgl2 from cce:/internal/x/cc as external dependency cce:/internal/x/cc-fu/gfx-webgl2.
debug: Resolve cce:/internal/x/cc-fu/3d from cce:/internal/x/cc as external dependency cce:/internal/x/cc-fu/3d.
debug: Resolve cce:/internal/x/cc-fu/2d from cce:/internal/x/cc as external dependency cce:/internal/x/cc-fu/2d.
debug: Resolve cce:/internal/x/cc-fu/ui from cce:/internal/x/cc as external dependency cce:/internal/x/cc-fu/ui.
debug: Resolve cce:/internal/x/cc-fu/particle from cce:/internal/x/cc as external dependency cce:/internal/x/cc-fu/particle.
debug: Resolve cce:/internal/x/cc-fu/particle-2d from cce:/internal/x/cc as external dependency cce:/internal/x/cc-fu/particle-2d.
debug: Resolve cce:/internal/x/cc-fu/physics-framework from cce:/internal/x/cc as external dependency cce:/internal/x/cc-fu/physics-framework.
debug: Resolve cce:/internal/x/cc-fu/physics-2d-framework from cce:/internal/x/cc as external dependency cce:/internal/x/cc-fu/physics-2d-framework.
debug: Resolve cce:/internal/x/cc-fu/intersection-2d from cce:/internal/x/cc as external dependency cce:/internal/x/cc-fu/intersection-2d.
debug: Resolve cce:/internal/x/cc-fu/primitive from cce:/internal/x/cc as external dependency cce:/internal/x/cc-fu/primitive.
debug: Resolve cce:/internal/x/cc-fu/profiler from cce:/internal/x/cc as external dependency cce:/internal/x/cc-fu/profiler.
debug: Resolve cce:/internal/x/cc-fu/audio from cce:/internal/x/cc as external dependency cce:/internal/x/cc-fu/audio.
debug: Resolve cce:/internal/x/cc-fu/video from cce:/internal/x/cc as external dependency cce:/internal/x/cc-fu/video.
debug: Resolve cce:/internal/x/cc-fu/terrain from cce:/internal/x/cc as external dependency cce:/internal/x/cc-fu/terrain.
debug: Resolve cce:/internal/x/cc-fu/webview from cce:/internal/x/cc as external dependency cce:/internal/x/cc-fu/webview.
debug: Resolve cce:/internal/x/cc-fu/tween from cce:/internal/x/cc as external dependency cce:/internal/x/cc-fu/tween.
debug: Resolve cce:/internal/x/cc-fu/tiled-map from cce:/internal/x/cc as external dependency cce:/internal/x/cc-fu/tiled-map.
debug: Resolve cce:/internal/x/cc-fu/spine from cce:/internal/x/cc as external dependency cce:/internal/x/cc-fu/spine.
debug: Resolve cce:/internal/x/cc-fu/dragon-bones from cce:/internal/x/cc as external dependency cce:/internal/x/cc-fu/dragon-bones.
debug: Detected change: cce:/internal/x/prerequisite-imports. Last mtime: Thu Jan 01 1970 08:05:35 GMT+0800 (Indochina Time), Current mtime: Thu Jan 01 1970 08:00:11 GMT+0800 (Indochina Time)
debug: Inspect cce:/internal/x/prerequisite-imports
debug: Resolve file:///D:/PA_2024/3D/MergeDino/MergeDino_Op10/assets/Script/Controller/BossController.ts from cce:/internal/x/prerequisite-imports as file:///D:/PA_2024/3D/MergeDino/MergeDino_Op10/assets/Script/Controller/BossController.ts.
debug: Resolve file:///D:/PA_2024/3D/MergeDino/MergeDino_Op10/assets/Script/Controller/CharacterControl.ts from cce:/internal/x/prerequisite-imports as file:///D:/PA_2024/3D/MergeDino/MergeDino_Op10/assets/Script/Controller/CharacterControl.ts.
debug: Resolve file:///D:/PA_2024/3D/MergeDino/MergeDino_Op10/assets/Script/Controller/GameController.ts from cce:/internal/x/prerequisite-imports as file:///D:/PA_2024/3D/MergeDino/MergeDino_Op10/assets/Script/Controller/GameController.ts.
debug: Resolve file:///D:/PA_2024/3D/MergeDino/MergeDino_Op10/assets/Script/Controller/GamePlay.ts from cce:/internal/x/prerequisite-imports as file:///D:/PA_2024/3D/MergeDino/MergeDino_Op10/assets/Script/Controller/GamePlay.ts.
debug: Resolve file:///D:/PA_2024/3D/MergeDino/MergeDino_Op10/assets/Script/Controller/NodesController.ts from cce:/internal/x/prerequisite-imports as file:///D:/PA_2024/3D/MergeDino/MergeDino_Op10/assets/Script/Controller/NodesController.ts.
debug: Resolve file:///D:/PA_2024/3D/MergeDino/MergeDino_Op10/assets/Script/Controller/RangerControl.ts from cce:/internal/x/prerequisite-imports as file:///D:/PA_2024/3D/MergeDino/MergeDino_Op10/assets/Script/Controller/RangerControl.ts.
debug: Resolve file:///D:/PA_2024/3D/MergeDino/MergeDino_Op10/assets/Script/Controller/TouchAreaController.ts from cce:/internal/x/prerequisite-imports as file:///D:/PA_2024/3D/MergeDino/MergeDino_Op10/assets/Script/Controller/TouchAreaController.ts.
debug: Resolve file:///D:/PA_2024/3D/MergeDino/MergeDino_Op10/assets/Script/Data/Constant.ts from cce:/internal/x/prerequisite-imports as file:///D:/PA_2024/3D/MergeDino/MergeDino_Op10/assets/Script/Data/Constant.ts.
debug: Resolve file:///D:/PA_2024/3D/MergeDino/MergeDino_Op10/assets/Script/Plugin/AudioManager.ts from cce:/internal/x/prerequisite-imports as file:///D:/PA_2024/3D/MergeDino/MergeDino_Op10/assets/Script/Plugin/AudioManager.ts.
debug: Resolve file:///D:/PA_2024/3D/MergeDino/MergeDino_Op10/assets/Script/Plugin/IronSource.ts from cce:/internal/x/prerequisite-imports as file:///D:/PA_2024/3D/MergeDino/MergeDino_Op10/assets/Script/Plugin/IronSource.ts.
debug: Resolve file:///D:/PA_2024/3D/MergeDino/MergeDino_Op10/assets/Script/Plugin/Responsive.ts from cce:/internal/x/prerequisite-imports as file:///D:/PA_2024/3D/MergeDino/MergeDino_Op10/assets/Script/Plugin/Responsive.ts.
debug: Resolve file:///D:/PA_2024/3D/MergeDino/MergeDino_Op10/assets/Script/Plugin/Utils.ts from cce:/internal/x/prerequisite-imports as file:///D:/PA_2024/3D/MergeDino/MergeDino_Op10/assets/Script/Plugin/Utils.ts.
debug: Detected change: cce:/internal/code-quality/cr.mjs. Last mtime: Thu Mar 14 2024 09:14:39 GMT+0700 (Indochina Time), Current mtime: Thu Mar 14 2024 11:40:50 GMT+0700 (Indochina Time)
debug: Inspect cce:/internal/code-quality/cr.mjs
debug: Target(editor) ends with cost 428.4721999168396ms.
debug: Target(preview) build started.
debug: Detected change: cce:/internal/x/cc. Last mtime: Thu Jan 01 1970 08:00:08 GMT+0800 (Indochina Time), Current mtime: Thu Jan 01 1970 08:00:05 GMT+0800 (Indochina Time)
debug: Inspect cce:/internal/x/cc
debug: Resolve cce:/internal/x/cc-fu/2d from cce:/internal/x/cc as external dependency cce:/internal/x/cc-fu/2d.
debug: Resolve cce:/internal/x/cc-fu/3d from cce:/internal/x/cc as external dependency cce:/internal/x/cc-fu/3d.
debug: Resolve cce:/internal/x/cc-fu/audio from cce:/internal/x/cc as external dependency cce:/internal/x/cc-fu/audio.
debug: Resolve cce:/internal/x/cc-fu/base from cce:/internal/x/cc as external dependency cce:/internal/x/cc-fu/base.
debug: Resolve cce:/internal/x/cc-fu/dragon-bones from cce:/internal/x/cc as external dependency cce:/internal/x/cc-fu/dragon-bones.
debug: Resolve cce:/internal/x/cc-fu/gfx-webgl from cce:/internal/x/cc as external dependency cce:/internal/x/cc-fu/gfx-webgl.
debug: Resolve cce:/internal/x/cc-fu/gfx-webgl2 from cce:/internal/x/cc as external dependency cce:/internal/x/cc-fu/gfx-webgl2.
debug: Resolve cce:/internal/x/cc-fu/particle from cce:/internal/x/cc as external dependency cce:/internal/x/cc-fu/particle.
debug: Resolve cce:/internal/x/cc-fu/physics-cannon from cce:/internal/x/cc as external dependency cce:/internal/x/cc-fu/physics-cannon.
debug: Resolve cce:/internal/x/cc-fu/physics-framework from cce:/internal/x/cc as external dependency cce:/internal/x/cc-fu/physics-framework.
debug: Resolve cce:/internal/x/cc-fu/primitive from cce:/internal/x/cc as external dependency cce:/internal/x/cc-fu/primitive.
debug: Resolve cce:/internal/x/cc-fu/profiler from cce:/internal/x/cc as external dependency cce:/internal/x/cc-fu/profiler.
debug: Resolve cce:/internal/x/cc-fu/spine from cce:/internal/x/cc as external dependency cce:/internal/x/cc-fu/spine.
debug: Resolve cce:/internal/x/cc-fu/terrain from cce:/internal/x/cc as external dependency cce:/internal/x/cc-fu/terrain.
debug: Resolve cce:/internal/x/cc-fu/tiled-map from cce:/internal/x/cc as external dependency cce:/internal/x/cc-fu/tiled-map.
debug: Resolve cce:/internal/x/cc-fu/tween from cce:/internal/x/cc as external dependency cce:/internal/x/cc-fu/tween.
debug: Resolve cce:/internal/x/cc-fu/ui from cce:/internal/x/cc as external dependency cce:/internal/x/cc-fu/ui.
debug: Resolve cce:/internal/x/cc-fu/webview from cce:/internal/x/cc as external dependency cce:/internal/x/cc-fu/webview.
debug: Detected change: cce:/internal/x/prerequisite-imports. Last mtime: Thu Jan 01 1970 08:05:36 GMT+0800 (Indochina Time), Current mtime: Thu Jan 01 1970 08:00:11 GMT+0800 (Indochina Time)
debug: Inspect cce:/internal/x/prerequisite-imports
debug: Resolve file:///D:/PA_2024/3D/MergeDino/MergeDino_Op10/assets/Script/Controller/BossController.ts from cce:/internal/x/prerequisite-imports as file:///D:/PA_2024/3D/MergeDino/MergeDino_Op10/assets/Script/Controller/BossController.ts.
debug: Resolve file:///D:/PA_2024/3D/MergeDino/MergeDino_Op10/assets/Script/Controller/CharacterControl.ts from cce:/internal/x/prerequisite-imports as file:///D:/PA_2024/3D/MergeDino/MergeDino_Op10/assets/Script/Controller/CharacterControl.ts.
debug: Resolve file:///D:/PA_2024/3D/MergeDino/MergeDino_Op10/assets/Script/Controller/GamePlay.ts from cce:/internal/x/prerequisite-imports as file:///D:/PA_2024/3D/MergeDino/MergeDino_Op10/assets/Script/Controller/GamePlay.ts.
debug: Resolve file:///D:/PA_2024/3D/MergeDino/MergeDino_Op10/assets/Script/Controller/GameController.ts from cce:/internal/x/prerequisite-imports as file:///D:/PA_2024/3D/MergeDino/MergeDino_Op10/assets/Script/Controller/GameController.ts.
debug: Resolve file:///D:/PA_2024/3D/MergeDino/MergeDino_Op10/assets/Script/Controller/NodesController.ts from cce:/internal/x/prerequisite-imports as file:///D:/PA_2024/3D/MergeDino/MergeDino_Op10/assets/Script/Controller/NodesController.ts.
debug: Resolve file:///D:/PA_2024/3D/MergeDino/MergeDino_Op10/assets/Script/Controller/RangerControl.ts from cce:/internal/x/prerequisite-imports as file:///D:/PA_2024/3D/MergeDino/MergeDino_Op10/assets/Script/Controller/RangerControl.ts.
debug: Resolve file:///D:/PA_2024/3D/MergeDino/MergeDino_Op10/assets/Script/Controller/TouchAreaController.ts from cce:/internal/x/prerequisite-imports as file:///D:/PA_2024/3D/MergeDino/MergeDino_Op10/assets/Script/Controller/TouchAreaController.ts.
debug: Resolve file:///D:/PA_2024/3D/MergeDino/MergeDino_Op10/assets/Script/Data/Constant.ts from cce:/internal/x/prerequisite-imports as file:///D:/PA_2024/3D/MergeDino/MergeDino_Op10/assets/Script/Data/Constant.ts.
debug: Resolve file:///D:/PA_2024/3D/MergeDino/MergeDino_Op10/assets/Script/Plugin/AudioManager.ts from cce:/internal/x/prerequisite-imports as file:///D:/PA_2024/3D/MergeDino/MergeDino_Op10/assets/Script/Plugin/AudioManager.ts.
debug: Resolve file:///D:/PA_2024/3D/MergeDino/MergeDino_Op10/assets/Script/Plugin/IronSource.ts from cce:/internal/x/prerequisite-imports as file:///D:/PA_2024/3D/MergeDino/MergeDino_Op10/assets/Script/Plugin/IronSource.ts.
debug: Resolve file:///D:/PA_2024/3D/MergeDino/MergeDino_Op10/assets/Script/Plugin/Responsive.ts from cce:/internal/x/prerequisite-imports as file:///D:/PA_2024/3D/MergeDino/MergeDino_Op10/assets/Script/Plugin/Responsive.ts.
debug: Resolve file:///D:/PA_2024/3D/MergeDino/MergeDino_Op10/assets/Script/Plugin/Utils.ts from cce:/internal/x/prerequisite-imports as file:///D:/PA_2024/3D/MergeDino/MergeDino_Op10/assets/Script/Plugin/Utils.ts.
debug: Detected change: cce:/internal/code-quality/cr.mjs. Last mtime: Thu Mar 14 2024 09:14:39 GMT+0700 (Indochina Time), Current mtime: Thu Mar 14 2024 11:40:50 GMT+0700 (Indochina Time)
debug: Inspect cce:/internal/code-quality/cr.mjs
debug: Target(preview) ends with cost 90.39119982719421ms.
