debug: Thu, 21 Mar 2024 11:39:40 GMT
debug: Project: D:\PA_2024\3D\CatEscape\CatEscape_OP18
debug: Targets: editor,preview
debug: Incremental file seems great.
debug: Engine path: C:\ProgramData\cocos\editors\Creator\3.4.2\resources\resources\3d\engine
debug: Initializing target [Editor]
debug: Loading cache
debug: Loading cache costs 4.029699981212616ms.
debug: Engine features shipped in editor: base,gfx-webgl,gfx-webgl2,3d,2d,ui,particle,particle-2d,physics-framework,physics-2d-framework,intersection-2d,primitive,profiler,audio,video,terrain,webview,tween,tiled-map,spine,dragon-bones,marionette
debug: Initializing target [Preview]
debug: Loading cache
debug: Loading cache costs 3.852700024843216ms.
debug: Sync engine features: 2d,3d,audio,base,gfx-webgl,gfx-webgl2,intersection-2d,marionette,particle,particle-2d,physics-2d-box2d,physics-cannon,primitive,profiler,spine,terrain,tween,ui,video,webview
debug: Pulling asset-db.
debug: Fetch asset-db cost: 169.5218000113964ms.
debug: Build iteration starts.
Number of accumulated asset changes: 10
Feature changed: false
debug: Target(editor) build started.
debug: Detected change: cce:/internal/x/cc. Last mtime: Thu Jan 01 1970 08:00:06 GMT+0800 (Indochina Time), Current mtime: Thu Jan 01 1970 08:00:05 GMT+0800 (Indochina Time)
debug: Inspect cce:/internal/x/cc
debug: Resolve cce:/internal/x/cc-fu/base from cce:/internal/x/cc as external dependency cce:/internal/x/cc-fu/base.
debug: Resolve cce:/internal/x/cc-fu/gfx-webgl from cce:/internal/x/cc as external dependency cce:/internal/x/cc-fu/gfx-webgl.
debug: Resolve cce:/internal/x/cc-fu/gfx-webgl2 from cce:/internal/x/cc as external dependency cce:/internal/x/cc-fu/gfx-webgl2.
debug: Resolve cce:/internal/x/cc-fu/3d from cce:/internal/x/cc as external dependency cce:/internal/x/cc-fu/3d.
debug: Resolve cce:/internal/x/cc-fu/2d from cce:/internal/x/cc as external dependency cce:/internal/x/cc-fu/2d.
debug: Resolve cce:/internal/x/cc-fu/ui from cce:/internal/x/cc as external dependency cce:/internal/x/cc-fu/ui.
debug: Resolve cce:/internal/x/cc-fu/particle from cce:/internal/x/cc as external dependency cce:/internal/x/cc-fu/particle.
debug: Resolve cce:/internal/x/cc-fu/particle-2d from cce:/internal/x/cc as external dependency cce:/internal/x/cc-fu/particle-2d.
debug: Resolve cce:/internal/x/cc-fu/physics-framework from cce:/internal/x/cc as external dependency cce:/internal/x/cc-fu/physics-framework.
debug: Resolve cce:/internal/x/cc-fu/physics-2d-framework from cce:/internal/x/cc as external dependency cce:/internal/x/cc-fu/physics-2d-framework.
debug: Resolve cce:/internal/x/cc-fu/intersection-2d from cce:/internal/x/cc as external dependency cce:/internal/x/cc-fu/intersection-2d.
debug: Resolve cce:/internal/x/cc-fu/primitive from cce:/internal/x/cc as external dependency cce:/internal/x/cc-fu/primitive.
debug: Resolve cce:/internal/x/cc-fu/profiler from cce:/internal/x/cc as external dependency cce:/internal/x/cc-fu/profiler.
debug: Resolve cce:/internal/x/cc-fu/audio from cce:/internal/x/cc as external dependency cce:/internal/x/cc-fu/audio.
debug: Resolve cce:/internal/x/cc-fu/video from cce:/internal/x/cc as external dependency cce:/internal/x/cc-fu/video.
debug: Resolve cce:/internal/x/cc-fu/terrain from cce:/internal/x/cc as external dependency cce:/internal/x/cc-fu/terrain.
debug: Resolve cce:/internal/x/cc-fu/webview from cce:/internal/x/cc as external dependency cce:/internal/x/cc-fu/webview.
debug: Resolve cce:/internal/x/cc-fu/tween from cce:/internal/x/cc as external dependency cce:/internal/x/cc-fu/tween.
debug: Resolve cce:/internal/x/cc-fu/tiled-map from cce:/internal/x/cc as external dependency cce:/internal/x/cc-fu/tiled-map.
debug: Resolve cce:/internal/x/cc-fu/spine from cce:/internal/x/cc as external dependency cce:/internal/x/cc-fu/spine.
debug: Resolve cce:/internal/x/cc-fu/dragon-bones from cce:/internal/x/cc as external dependency cce:/internal/x/cc-fu/dragon-bones.
debug: Detected change: cce:/internal/x/prerequisite-imports. Last mtime: Thu Jan 01 1970 08:47:17 GMT+0800 (Indochina Time), Current mtime: Thu Jan 01 1970 08:00:15 GMT+0800 (Indochina Time)
debug: Inspect cce:/internal/x/prerequisite-imports
debug: Resolve file:///D:/PA_2024/3D/CatEscape/CatEscape_OP18/assets/Script/Data/Constant.ts from cce:/internal/x/prerequisite-imports as file:///D:/PA_2024/3D/CatEscape/CatEscape_OP18/assets/Script/Data/Constant.ts.
debug: Resolve file:///D:/PA_2024/3D/CatEscape/CatEscape_OP18/assets/Script/Game/BossAction.ts from cce:/internal/x/prerequisite-imports as file:///D:/PA_2024/3D/CatEscape/CatEscape_OP18/assets/Script/Game/BossAction.ts.
debug: Resolve file:///D:/PA_2024/3D/CatEscape/CatEscape_OP18/assets/Script/Game/CatController.ts from cce:/internal/x/prerequisite-imports as file:///D:/PA_2024/3D/CatEscape/CatEscape_OP18/assets/Script/Game/CatController.ts.
debug: Resolve file:///D:/PA_2024/3D/CatEscape/CatEscape_OP18/assets/Script/Game/CubeController.ts from cce:/internal/x/prerequisite-imports as file:///D:/PA_2024/3D/CatEscape/CatEscape_OP18/assets/Script/Game/CubeController.ts.
debug: Resolve file:///D:/PA_2024/3D/CatEscape/CatEscape_OP18/assets/Script/Game/Game.ts from cce:/internal/x/prerequisite-imports as file:///D:/PA_2024/3D/CatEscape/CatEscape_OP18/assets/Script/Game/Game.ts.
debug: Resolve file:///D:/PA_2024/3D/CatEscape/CatEscape_OP18/assets/Script/Game/GameController.ts from cce:/internal/x/prerequisite-imports as file:///D:/PA_2024/3D/CatEscape/CatEscape_OP18/assets/Script/Game/GameController.ts.
debug: Resolve file:///D:/PA_2024/3D/CatEscape/CatEscape_OP18/assets/Script/Game/JoyStick.ts from cce:/internal/x/prerequisite-imports as file:///D:/PA_2024/3D/CatEscape/CatEscape_OP18/assets/Script/Game/JoyStick.ts.
debug: Resolve file:///D:/PA_2024/3D/CatEscape/CatEscape_OP18/assets/Script/Game/LaserController.ts from cce:/internal/x/prerequisite-imports as file:///D:/PA_2024/3D/CatEscape/CatEscape_OP18/assets/Script/Game/LaserController.ts.
debug: Resolve file:///D:/PA_2024/3D/CatEscape/CatEscape_OP18/assets/Script/Plugin/AudioManager.ts from cce:/internal/x/prerequisite-imports as file:///D:/PA_2024/3D/CatEscape/CatEscape_OP18/assets/Script/Plugin/AudioManager.ts.
debug: Resolve file:///D:/PA_2024/3D/CatEscape/CatEscape_OP18/assets/Script/Plugin/Responsive.ts from cce:/internal/x/prerequisite-imports as file:///D:/PA_2024/3D/CatEscape/CatEscape_OP18/assets/Script/Plugin/Responsive.ts.
debug: Detected change: cce:/internal/code-quality/cr.mjs. Last mtime: Thu Mar 21 2024 16:43:42 GMT+0700 (Indochina Time), Current mtime: Thu Mar 21 2024 18:39:34 GMT+0700 (Indochina Time)
debug: Inspect cce:/internal/code-quality/cr.mjs
debug: Target(editor) ends with cost 202.16209998726845ms.
debug: Target(preview) build started.
debug: Detected change: cce:/internal/x/cc. Last mtime: Thu Jan 01 1970 08:00:06 GMT+0800 (Indochina Time), Current mtime: Thu Jan 01 1970 08:00:05 GMT+0800 (Indochina Time)
debug: Inspect cce:/internal/x/cc
debug: Resolve cce:/internal/x/cc-fu/2d from cce:/internal/x/cc as external dependency cce:/internal/x/cc-fu/2d.
debug: Resolve cce:/internal/x/cc-fu/3d from cce:/internal/x/cc as external dependency cce:/internal/x/cc-fu/3d.
debug: Resolve cce:/internal/x/cc-fu/audio from cce:/internal/x/cc as external dependency cce:/internal/x/cc-fu/audio.
debug: Resolve cce:/internal/x/cc-fu/base from cce:/internal/x/cc as external dependency cce:/internal/x/cc-fu/base.
debug: Resolve cce:/internal/x/cc-fu/gfx-webgl from cce:/internal/x/cc as external dependency cce:/internal/x/cc-fu/gfx-webgl.
debug: Resolve cce:/internal/x/cc-fu/gfx-webgl2 from cce:/internal/x/cc as external dependency cce:/internal/x/cc-fu/gfx-webgl2.
debug: Resolve cce:/internal/x/cc-fu/intersection-2d from cce:/internal/x/cc as external dependency cce:/internal/x/cc-fu/intersection-2d.
debug: Resolve cce:/internal/x/cc-fu/particle from cce:/internal/x/cc as external dependency cce:/internal/x/cc-fu/particle.
debug: Resolve cce:/internal/x/cc-fu/particle-2d from cce:/internal/x/cc as external dependency cce:/internal/x/cc-fu/particle-2d.
debug: Resolve cce:/internal/x/cc-fu/physics-2d-box2d from cce:/internal/x/cc as external dependency cce:/internal/x/cc-fu/physics-2d-box2d.
debug: Resolve cce:/internal/x/cc-fu/physics-2d-framework from cce:/internal/x/cc as external dependency cce:/internal/x/cc-fu/physics-2d-framework.
debug: Resolve cce:/internal/x/cc-fu/physics-cannon from cce:/internal/x/cc as external dependency cce:/internal/x/cc-fu/physics-cannon.
debug: Resolve cce:/internal/x/cc-fu/physics-framework from cce:/internal/x/cc as external dependency cce:/internal/x/cc-fu/physics-framework.
debug: Resolve cce:/internal/x/cc-fu/primitive from cce:/internal/x/cc as external dependency cce:/internal/x/cc-fu/primitive.
debug: Resolve cce:/internal/x/cc-fu/profiler from cce:/internal/x/cc as external dependency cce:/internal/x/cc-fu/profiler.
debug: Resolve cce:/internal/x/cc-fu/spine from cce:/internal/x/cc as external dependency cce:/internal/x/cc-fu/spine.
debug: Resolve cce:/internal/x/cc-fu/terrain from cce:/internal/x/cc as external dependency cce:/internal/x/cc-fu/terrain.
debug: Resolve cce:/internal/x/cc-fu/tween from cce:/internal/x/cc as external dependency cce:/internal/x/cc-fu/tween.
debug: Resolve cce:/internal/x/cc-fu/ui from cce:/internal/x/cc as external dependency cce:/internal/x/cc-fu/ui.
debug: Resolve cce:/internal/x/cc-fu/video from cce:/internal/x/cc as external dependency cce:/internal/x/cc-fu/video.
debug: Resolve cce:/internal/x/cc-fu/webview from cce:/internal/x/cc as external dependency cce:/internal/x/cc-fu/webview.
debug: Detected change: cce:/internal/x/prerequisite-imports. Last mtime: Thu Jan 01 1970 08:47:17 GMT+0800 (Indochina Time), Current mtime: Thu Jan 01 1970 08:00:15 GMT+0800 (Indochina Time)
debug: Inspect cce:/internal/x/prerequisite-imports
debug: Resolve file:///D:/PA_2024/3D/CatEscape/CatEscape_OP18/assets/Script/Data/Constant.ts from cce:/internal/x/prerequisite-imports as file:///D:/PA_2024/3D/CatEscape/CatEscape_OP18/assets/Script/Data/Constant.ts.
debug: Resolve file:///D:/PA_2024/3D/CatEscape/CatEscape_OP18/assets/Script/Game/BossAction.ts from cce:/internal/x/prerequisite-imports as file:///D:/PA_2024/3D/CatEscape/CatEscape_OP18/assets/Script/Game/BossAction.ts.
debug: Resolve file:///D:/PA_2024/3D/CatEscape/CatEscape_OP18/assets/Script/Game/CatController.ts from cce:/internal/x/prerequisite-imports as file:///D:/PA_2024/3D/CatEscape/CatEscape_OP18/assets/Script/Game/CatController.ts.
debug: Resolve file:///D:/PA_2024/3D/CatEscape/CatEscape_OP18/assets/Script/Game/CubeController.ts from cce:/internal/x/prerequisite-imports as file:///D:/PA_2024/3D/CatEscape/CatEscape_OP18/assets/Script/Game/CubeController.ts.
debug: Resolve file:///D:/PA_2024/3D/CatEscape/CatEscape_OP18/assets/Script/Game/Game.ts from cce:/internal/x/prerequisite-imports as file:///D:/PA_2024/3D/CatEscape/CatEscape_OP18/assets/Script/Game/Game.ts.
debug: Resolve file:///D:/PA_2024/3D/CatEscape/CatEscape_OP18/assets/Script/Game/GameController.ts from cce:/internal/x/prerequisite-imports as file:///D:/PA_2024/3D/CatEscape/CatEscape_OP18/assets/Script/Game/GameController.ts.
debug: Resolve file:///D:/PA_2024/3D/CatEscape/CatEscape_OP18/assets/Script/Game/JoyStick.ts from cce:/internal/x/prerequisite-imports as file:///D:/PA_2024/3D/CatEscape/CatEscape_OP18/assets/Script/Game/JoyStick.ts.
debug: Resolve file:///D:/PA_2024/3D/CatEscape/CatEscape_OP18/assets/Script/Game/LaserController.ts from cce:/internal/x/prerequisite-imports as file:///D:/PA_2024/3D/CatEscape/CatEscape_OP18/assets/Script/Game/LaserController.ts.
debug: Resolve file:///D:/PA_2024/3D/CatEscape/CatEscape_OP18/assets/Script/Plugin/AudioManager.ts from cce:/internal/x/prerequisite-imports as file:///D:/PA_2024/3D/CatEscape/CatEscape_OP18/assets/Script/Plugin/AudioManager.ts.
debug: Resolve file:///D:/PA_2024/3D/CatEscape/CatEscape_OP18/assets/Script/Plugin/Responsive.ts from cce:/internal/x/prerequisite-imports as file:///D:/PA_2024/3D/CatEscape/CatEscape_OP18/assets/Script/Plugin/Responsive.ts.
debug: Detected change: cce:/internal/code-quality/cr.mjs. Last mtime: Thu Mar 21 2024 16:43:42 GMT+0700 (Indochina Time), Current mtime: Thu Mar 21 2024 18:39:34 GMT+0700 (Indochina Time)
debug: Inspect cce:/internal/code-quality/cr.mjs
debug: Target(preview) ends with cost 95.74770000576973ms.
debug: Dispatch build request for time accumulated 3 asset changes.
debug: Build iteration starts.
Number of accumulated asset changes: 3
Feature changed: false
debug: Target(editor) build started.
debug: Detected change: cce:/internal/x/prerequisite-imports. Last mtime: Thu Jan 01 1970 08:00:15 GMT+0800 (Indochina Time), Current mtime: Thu Jan 01 1970 08:02:35 GMT+0800 (Indochina Time)
debug: Inspect cce:/internal/x/prerequisite-imports
debug: Resolve file:///D:/PA_2024/3D/CatEscape/CatEscape_OP18/assets/Script/Data/Constant.ts from cce:/internal/x/prerequisite-imports as file:///D:/PA_2024/3D/CatEscape/CatEscape_OP18/assets/Script/Data/Constant.ts.
debug: Resolve file:///D:/PA_2024/3D/CatEscape/CatEscape_OP18/assets/Script/Game/BossAction.ts from cce:/internal/x/prerequisite-imports as file:///D:/PA_2024/3D/CatEscape/CatEscape_OP18/assets/Script/Game/BossAction.ts.
debug: Resolve file:///D:/PA_2024/3D/CatEscape/CatEscape_OP18/assets/Script/Game/CatController.ts from cce:/internal/x/prerequisite-imports as file:///D:/PA_2024/3D/CatEscape/CatEscape_OP18/assets/Script/Game/CatController.ts.
debug: Resolve file:///D:/PA_2024/3D/CatEscape/CatEscape_OP18/assets/Script/Game/CubeController.ts from cce:/internal/x/prerequisite-imports as file:///D:/PA_2024/3D/CatEscape/CatEscape_OP18/assets/Script/Game/CubeController.ts.
debug: Resolve file:///D:/PA_2024/3D/CatEscape/CatEscape_OP18/assets/Script/Game/Game.ts from cce:/internal/x/prerequisite-imports as file:///D:/PA_2024/3D/CatEscape/CatEscape_OP18/assets/Script/Game/Game.ts.
debug: Resolve file:///D:/PA_2024/3D/CatEscape/CatEscape_OP18/assets/Script/Game/GameController.ts from cce:/internal/x/prerequisite-imports as file:///D:/PA_2024/3D/CatEscape/CatEscape_OP18/assets/Script/Game/GameController.ts.
debug: Resolve file:///D:/PA_2024/3D/CatEscape/CatEscape_OP18/assets/Script/Game/JoyStick.ts from cce:/internal/x/prerequisite-imports as file:///D:/PA_2024/3D/CatEscape/CatEscape_OP18/assets/Script/Game/JoyStick.ts.
debug: Resolve file:///D:/PA_2024/3D/CatEscape/CatEscape_OP18/assets/Script/Game/LaserController.ts from cce:/internal/x/prerequisite-imports as file:///D:/PA_2024/3D/CatEscape/CatEscape_OP18/assets/Script/Game/LaserController.ts.
debug: Resolve file:///D:/PA_2024/3D/CatEscape/CatEscape_OP18/assets/Script/Plugin/AudioManager.ts from cce:/internal/x/prerequisite-imports as file:///D:/PA_2024/3D/CatEscape/CatEscape_OP18/assets/Script/Plugin/AudioManager.ts.
debug: Resolve file:///D:/PA_2024/3D/CatEscape/CatEscape_OP18/assets/Script/Plugin/Responsive.ts from cce:/internal/x/prerequisite-imports as file:///D:/PA_2024/3D/CatEscape/CatEscape_OP18/assets/Script/Plugin/Responsive.ts.
debug: Detected change: file:///D:/PA_2024/3D/CatEscape/CatEscape_OP18/assets/Script/Data/Constant.ts. Last mtime: Thu Mar 21 2024 15:10:29 GMT+0700 (Indochina Time)@ad635aa5-c582-4a3b-bcc0-dd9df8f23e96, Current mtime: Thu Mar 21 2024 18:41:58 GMT+0700 (Indochina Time)@ad635aa5-c582-4a3b-bcc0-dd9df8f23e96
debug: Inspect file:///D:/PA_2024/3D/CatEscape/CatEscape_OP18/assets/Script/Data/Constant.ts
debug: Detected change: file:///D:/PA_2024/3D/CatEscape/CatEscape_OP18/assets/Script/Game/Game.ts. Last mtime: Thu Mar 21 2024 17:29:10 GMT+0700 (Indochina Time)@ab7fd72a-74c2-4195-b544-23f23c628884, Current mtime: Thu Mar 21 2024 18:41:14 GMT+0700 (Indochina Time)@ab7fd72a-74c2-4195-b544-23f23c628884
debug: Inspect file:///D:/PA_2024/3D/CatEscape/CatEscape_OP18/assets/Script/Game/Game.ts
debug: Detected change: file:///D:/PA_2024/3D/CatEscape/CatEscape_OP18/assets/Script/Game/JoyStick.ts. Last mtime: Thu Mar 21 2024 17:30:51 GMT+0700 (Indochina Time)@c3658a8e-41a7-4461-9b7c-d04a8fa6ae67, Current mtime: Thu Mar 21 2024 18:42:06 GMT+0700 (Indochina Time)@c3658a8e-41a7-4461-9b7c-d04a8fa6ae67
debug: Inspect file:///D:/PA_2024/3D/CatEscape/CatEscape_OP18/assets/Script/Game/JoyStick.ts
debug: Resolve cc from file:///D:/PA_2024/3D/CatEscape/CatEscape_OP18/assets/Script/Data/Constant.ts as cce:/internal/x/cc.
debug: Resolve cc from file:///D:/PA_2024/3D/CatEscape/CatEscape_OP18/assets/Script/Data/Constant.ts as cce:/internal/x/cc.
debug: Resolve cce:/internal/code-quality/cr.mjs from file:///D:/PA_2024/3D/CatEscape/CatEscape_OP18/assets/Script/Game/Game.ts as cce:/internal/code-quality/cr.mjs.
debug: Resolve cc from file:///D:/PA_2024/3D/CatEscape/CatEscape_OP18/assets/Script/Game/Game.ts as cce:/internal/x/cc.
debug: Resolve cc from file:///D:/PA_2024/3D/CatEscape/CatEscape_OP18/assets/Script/Game/Game.ts as cce:/internal/x/cc.
debug: Resolve cce:/internal/code-quality/cr.mjs from file:///D:/PA_2024/3D/CatEscape/CatEscape_OP18/assets/Script/Game/JoyStick.ts as cce:/internal/code-quality/cr.mjs.
debug: Resolve cc from file:///D:/PA_2024/3D/CatEscape/CatEscape_OP18/assets/Script/Game/JoyStick.ts as cce:/internal/x/cc.
debug: Resolve cc from file:///D:/PA_2024/3D/CatEscape/CatEscape_OP18/assets/Script/Game/JoyStick.ts as cce:/internal/x/cc.
debug: Resolve ./GameController from file:///D:/PA_2024/3D/CatEscape/CatEscape_OP18/assets/Script/Game/Game.ts as file:///D:/PA_2024/3D/CatEscape/CatEscape_OP18/assets/Script/Game/GameController.ts.
debug: Resolve ./JoyStick from file:///D:/PA_2024/3D/CatEscape/CatEscape_OP18/assets/Script/Game/Game.ts as file:///D:/PA_2024/3D/CatEscape/CatEscape_OP18/assets/Script/Game/JoyStick.ts.
debug: Resolve ../Data/Constant from file:///D:/PA_2024/3D/CatEscape/CatEscape_OP18/assets/Script/Game/Game.ts as file:///D:/PA_2024/3D/CatEscape/CatEscape_OP18/assets/Script/Data/Constant.ts.
debug: Resolve ../Plugin/AudioManager from file:///D:/PA_2024/3D/CatEscape/CatEscape_OP18/assets/Script/Game/Game.ts as file:///D:/PA_2024/3D/CatEscape/CatEscape_OP18/assets/Script/Plugin/AudioManager.ts.
debug: Resolve ../Data/Constant from file:///D:/PA_2024/3D/CatEscape/CatEscape_OP18/assets/Script/Game/JoyStick.ts as file:///D:/PA_2024/3D/CatEscape/CatEscape_OP18/assets/Script/Data/Constant.ts.
debug: Resolve ../Plugin/AudioManager from file:///D:/PA_2024/3D/CatEscape/CatEscape_OP18/assets/Script/Game/JoyStick.ts as file:///D:/PA_2024/3D/CatEscape/CatEscape_OP18/assets/Script/Plugin/AudioManager.ts.
debug: Target(editor) ends with cost 415.0284999907017ms.
debug: Target(preview) build started.
debug: Detected change: cce:/internal/x/prerequisite-imports. Last mtime: Thu Jan 01 1970 08:00:15 GMT+0800 (Indochina Time), Current mtime: Thu Jan 01 1970 08:02:36 GMT+0800 (Indochina Time)
debug: Inspect cce:/internal/x/prerequisite-imports
debug: Resolve file:///D:/PA_2024/3D/CatEscape/CatEscape_OP18/assets/Script/Data/Constant.ts from cce:/internal/x/prerequisite-imports as file:///D:/PA_2024/3D/CatEscape/CatEscape_OP18/assets/Script/Data/Constant.ts.
debug: Resolve file:///D:/PA_2024/3D/CatEscape/CatEscape_OP18/assets/Script/Game/BossAction.ts from cce:/internal/x/prerequisite-imports as file:///D:/PA_2024/3D/CatEscape/CatEscape_OP18/assets/Script/Game/BossAction.ts.
debug: Resolve file:///D:/PA_2024/3D/CatEscape/CatEscape_OP18/assets/Script/Game/CatController.ts from cce:/internal/x/prerequisite-imports as file:///D:/PA_2024/3D/CatEscape/CatEscape_OP18/assets/Script/Game/CatController.ts.
debug: Resolve file:///D:/PA_2024/3D/CatEscape/CatEscape_OP18/assets/Script/Game/CubeController.ts from cce:/internal/x/prerequisite-imports as file:///D:/PA_2024/3D/CatEscape/CatEscape_OP18/assets/Script/Game/CubeController.ts.
debug: Resolve file:///D:/PA_2024/3D/CatEscape/CatEscape_OP18/assets/Script/Game/Game.ts from cce:/internal/x/prerequisite-imports as file:///D:/PA_2024/3D/CatEscape/CatEscape_OP18/assets/Script/Game/Game.ts.
debug: Resolve file:///D:/PA_2024/3D/CatEscape/CatEscape_OP18/assets/Script/Game/GameController.ts from cce:/internal/x/prerequisite-imports as file:///D:/PA_2024/3D/CatEscape/CatEscape_OP18/assets/Script/Game/GameController.ts.
debug: Resolve file:///D:/PA_2024/3D/CatEscape/CatEscape_OP18/assets/Script/Game/JoyStick.ts from cce:/internal/x/prerequisite-imports as file:///D:/PA_2024/3D/CatEscape/CatEscape_OP18/assets/Script/Game/JoyStick.ts.
debug: Resolve file:///D:/PA_2024/3D/CatEscape/CatEscape_OP18/assets/Script/Game/LaserController.ts from cce:/internal/x/prerequisite-imports as file:///D:/PA_2024/3D/CatEscape/CatEscape_OP18/assets/Script/Game/LaserController.ts.
debug: Resolve file:///D:/PA_2024/3D/CatEscape/CatEscape_OP18/assets/Script/Plugin/AudioManager.ts from cce:/internal/x/prerequisite-imports as file:///D:/PA_2024/3D/CatEscape/CatEscape_OP18/assets/Script/Plugin/AudioManager.ts.
debug: Resolve file:///D:/PA_2024/3D/CatEscape/CatEscape_OP18/assets/Script/Plugin/Responsive.ts from cce:/internal/x/prerequisite-imports as file:///D:/PA_2024/3D/CatEscape/CatEscape_OP18/assets/Script/Plugin/Responsive.ts.
debug: Detected change: file:///D:/PA_2024/3D/CatEscape/CatEscape_OP18/assets/Script/Data/Constant.ts. Last mtime: Thu Mar 21 2024 15:10:29 GMT+0700 (Indochina Time)@ad635aa5-c582-4a3b-bcc0-dd9df8f23e96, Current mtime: Thu Mar 21 2024 18:41:58 GMT+0700 (Indochina Time)@ad635aa5-c582-4a3b-bcc0-dd9df8f23e96
debug: Inspect file:///D:/PA_2024/3D/CatEscape/CatEscape_OP18/assets/Script/Data/Constant.ts
debug: Detected change: file:///D:/PA_2024/3D/CatEscape/CatEscape_OP18/assets/Script/Game/Game.ts. Last mtime: Thu Mar 21 2024 17:29:10 GMT+0700 (Indochina Time)@ab7fd72a-74c2-4195-b544-23f23c628884, Current mtime: Thu Mar 21 2024 18:41:14 GMT+0700 (Indochina Time)@ab7fd72a-74c2-4195-b544-23f23c628884
debug: Inspect file:///D:/PA_2024/3D/CatEscape/CatEscape_OP18/assets/Script/Game/Game.ts
debug: Detected change: file:///D:/PA_2024/3D/CatEscape/CatEscape_OP18/assets/Script/Game/JoyStick.ts. Last mtime: Thu Mar 21 2024 17:30:51 GMT+0700 (Indochina Time)@c3658a8e-41a7-4461-9b7c-d04a8fa6ae67, Current mtime: Thu Mar 21 2024 18:42:06 GMT+0700 (Indochina Time)@c3658a8e-41a7-4461-9b7c-d04a8fa6ae67
debug: Inspect file:///D:/PA_2024/3D/CatEscape/CatEscape_OP18/assets/Script/Game/JoyStick.ts
debug: Resolve cc from file:///D:/PA_2024/3D/CatEscape/CatEscape_OP18/assets/Script/Data/Constant.ts as cce:/internal/x/cc.
debug: Resolve cc from file:///D:/PA_2024/3D/CatEscape/CatEscape_OP18/assets/Script/Data/Constant.ts as cce:/internal/x/cc.
debug: Resolve cce:/internal/code-quality/cr.mjs from file:///D:/PA_2024/3D/CatEscape/CatEscape_OP18/assets/Script/Game/Game.ts as cce:/internal/code-quality/cr.mjs.
debug: Resolve cc from file:///D:/PA_2024/3D/CatEscape/CatEscape_OP18/assets/Script/Game/Game.ts as cce:/internal/x/cc.
debug: Resolve cc from file:///D:/PA_2024/3D/CatEscape/CatEscape_OP18/assets/Script/Game/Game.ts as cce:/internal/x/cc.
debug: Resolve cce:/internal/code-quality/cr.mjs from file:///D:/PA_2024/3D/CatEscape/CatEscape_OP18/assets/Script/Game/JoyStick.ts as cce:/internal/code-quality/cr.mjs.
debug: Resolve cc from file:///D:/PA_2024/3D/CatEscape/CatEscape_OP18/assets/Script/Game/JoyStick.ts as cce:/internal/x/cc.
debug: Resolve cc from file:///D:/PA_2024/3D/CatEscape/CatEscape_OP18/assets/Script/Game/JoyStick.ts as cce:/internal/x/cc.
debug: Resolve ./GameController from file:///D:/PA_2024/3D/CatEscape/CatEscape_OP18/assets/Script/Game/Game.ts as file:///D:/PA_2024/3D/CatEscape/CatEscape_OP18/assets/Script/Game/GameController.ts.
debug: Resolve ./JoyStick from file:///D:/PA_2024/3D/CatEscape/CatEscape_OP18/assets/Script/Game/Game.ts as file:///D:/PA_2024/3D/CatEscape/CatEscape_OP18/assets/Script/Game/JoyStick.ts.
debug: Resolve ../Data/Constant from file:///D:/PA_2024/3D/CatEscape/CatEscape_OP18/assets/Script/Game/Game.ts as file:///D:/PA_2024/3D/CatEscape/CatEscape_OP18/assets/Script/Data/Constant.ts.
debug: Resolve ../Plugin/AudioManager from file:///D:/PA_2024/3D/CatEscape/CatEscape_OP18/assets/Script/Game/Game.ts as file:///D:/PA_2024/3D/CatEscape/CatEscape_OP18/assets/Script/Plugin/AudioManager.ts.
debug: Resolve ../Data/Constant from file:///D:/PA_2024/3D/CatEscape/CatEscape_OP18/assets/Script/Game/JoyStick.ts as file:///D:/PA_2024/3D/CatEscape/CatEscape_OP18/assets/Script/Data/Constant.ts.
debug: Resolve ../Plugin/AudioManager from file:///D:/PA_2024/3D/CatEscape/CatEscape_OP18/assets/Script/Game/JoyStick.ts as file:///D:/PA_2024/3D/CatEscape/CatEscape_OP18/assets/Script/Plugin/AudioManager.ts.
debug: Target(preview) ends with cost 290.29960000514984ms.
debug: Dispatch build request for time accumulated 2 asset changes.
debug: Build iteration starts.
Number of accumulated asset changes: 2
Feature changed: false
debug: Target(editor) build started.
debug: Detected change: cce:/internal/x/prerequisite-imports. Last mtime: Thu Jan 01 1970 08:02:35 GMT+0800 (Indochina Time), Current mtime: Thu Jan 01 1970 08:03:37 GMT+0800 (Indochina Time)
debug: Inspect cce:/internal/x/prerequisite-imports
debug: Resolve file:///D:/PA_2024/3D/CatEscape/CatEscape_OP18/assets/Script/Data/Constant.ts from cce:/internal/x/prerequisite-imports as file:///D:/PA_2024/3D/CatEscape/CatEscape_OP18/assets/Script/Data/Constant.ts.
debug: Resolve file:///D:/PA_2024/3D/CatEscape/CatEscape_OP18/assets/Script/Game/BossAction.ts from cce:/internal/x/prerequisite-imports as file:///D:/PA_2024/3D/CatEscape/CatEscape_OP18/assets/Script/Game/BossAction.ts.
debug: Resolve file:///D:/PA_2024/3D/CatEscape/CatEscape_OP18/assets/Script/Game/CatController.ts from cce:/internal/x/prerequisite-imports as file:///D:/PA_2024/3D/CatEscape/CatEscape_OP18/assets/Script/Game/CatController.ts.
debug: Resolve file:///D:/PA_2024/3D/CatEscape/CatEscape_OP18/assets/Script/Game/CubeController.ts from cce:/internal/x/prerequisite-imports as file:///D:/PA_2024/3D/CatEscape/CatEscape_OP18/assets/Script/Game/CubeController.ts.
debug: Resolve file:///D:/PA_2024/3D/CatEscape/CatEscape_OP18/assets/Script/Game/Game.ts from cce:/internal/x/prerequisite-imports as file:///D:/PA_2024/3D/CatEscape/CatEscape_OP18/assets/Script/Game/Game.ts.
debug: Resolve file:///D:/PA_2024/3D/CatEscape/CatEscape_OP18/assets/Script/Game/GameController.ts from cce:/internal/x/prerequisite-imports as file:///D:/PA_2024/3D/CatEscape/CatEscape_OP18/assets/Script/Game/GameController.ts.
debug: Resolve file:///D:/PA_2024/3D/CatEscape/CatEscape_OP18/assets/Script/Game/JoyStick.ts from cce:/internal/x/prerequisite-imports as file:///D:/PA_2024/3D/CatEscape/CatEscape_OP18/assets/Script/Game/JoyStick.ts.
debug: Resolve file:///D:/PA_2024/3D/CatEscape/CatEscape_OP18/assets/Script/Game/LaserController.ts from cce:/internal/x/prerequisite-imports as file:///D:/PA_2024/3D/CatEscape/CatEscape_OP18/assets/Script/Game/LaserController.ts.
debug: Resolve file:///D:/PA_2024/3D/CatEscape/CatEscape_OP18/assets/Script/Plugin/AudioManager.ts from cce:/internal/x/prerequisite-imports as file:///D:/PA_2024/3D/CatEscape/CatEscape_OP18/assets/Script/Plugin/AudioManager.ts.
debug: Resolve file:///D:/PA_2024/3D/CatEscape/CatEscape_OP18/assets/Script/Plugin/Responsive.ts from cce:/internal/x/prerequisite-imports as file:///D:/PA_2024/3D/CatEscape/CatEscape_OP18/assets/Script/Plugin/Responsive.ts.
debug: Detected change: file:///D:/PA_2024/3D/CatEscape/CatEscape_OP18/assets/Script/Game/JoyStick.ts. Last mtime: Thu Mar 21 2024 18:42:06 GMT+0700 (Indochina Time)@c3658a8e-41a7-4461-9b7c-d04a8fa6ae67, Current mtime: Thu Mar 21 2024 18:42:34 GMT+0700 (Indochina Time)@c3658a8e-41a7-4461-9b7c-d04a8fa6ae67
debug: Inspect file:///D:/PA_2024/3D/CatEscape/CatEscape_OP18/assets/Script/Game/JoyStick.ts
debug: Detected change: file:///D:/PA_2024/3D/CatEscape/CatEscape_OP18/assets/Script/Plugin/AudioManager.ts. Last mtime: Thu Mar 21 2024 14:53:10 GMT+0700 (Indochina Time)@d948bda0-32a7-400f-a091-cd304914088d, Current mtime: Thu Mar 21 2024 18:43:08 GMT+0700 (Indochina Time)@d948bda0-32a7-400f-a091-cd304914088d
debug: Inspect file:///D:/PA_2024/3D/CatEscape/CatEscape_OP18/assets/Script/Plugin/AudioManager.ts
debug: Resolve cce:/internal/code-quality/cr.mjs from file:///D:/PA_2024/3D/CatEscape/CatEscape_OP18/assets/Script/Game/JoyStick.ts as cce:/internal/code-quality/cr.mjs.
debug: Resolve cc from file:///D:/PA_2024/3D/CatEscape/CatEscape_OP18/assets/Script/Game/JoyStick.ts as cce:/internal/x/cc.
debug: Resolve cc from file:///D:/PA_2024/3D/CatEscape/CatEscape_OP18/assets/Script/Game/JoyStick.ts as cce:/internal/x/cc.
debug: Resolve cce:/internal/code-quality/cr.mjs from file:///D:/PA_2024/3D/CatEscape/CatEscape_OP18/assets/Script/Plugin/AudioManager.ts as cce:/internal/code-quality/cr.mjs.
debug: Resolve cc from file:///D:/PA_2024/3D/CatEscape/CatEscape_OP18/assets/Script/Plugin/AudioManager.ts as cce:/internal/x/cc.
debug: Resolve cc from file:///D:/PA_2024/3D/CatEscape/CatEscape_OP18/assets/Script/Plugin/AudioManager.ts as cce:/internal/x/cc.
debug: Resolve ../Data/Constant from file:///D:/PA_2024/3D/CatEscape/CatEscape_OP18/assets/Script/Game/JoyStick.ts as file:///D:/PA_2024/3D/CatEscape/CatEscape_OP18/assets/Script/Data/Constant.ts.
debug: Resolve ../Plugin/AudioManager from file:///D:/PA_2024/3D/CatEscape/CatEscape_OP18/assets/Script/Game/JoyStick.ts as file:///D:/PA_2024/3D/CatEscape/CatEscape_OP18/assets/Script/Plugin/AudioManager.ts.
debug: Resolve ../Data/Constant from file:///D:/PA_2024/3D/CatEscape/CatEscape_OP18/assets/Script/Plugin/AudioManager.ts as file:///D:/PA_2024/3D/CatEscape/CatEscape_OP18/assets/Script/Data/Constant.ts.
debug: Target(editor) ends with cost 2722.0189000070095ms.
debug: Target(preview) build started.
debug: Detected change: cce:/internal/x/prerequisite-imports. Last mtime: Thu Jan 01 1970 08:02:36 GMT+0800 (Indochina Time), Current mtime: Thu Jan 01 1970 08:03:40 GMT+0800 (Indochina Time)
debug: Inspect cce:/internal/x/prerequisite-imports
debug: Resolve file:///D:/PA_2024/3D/CatEscape/CatEscape_OP18/assets/Script/Data/Constant.ts from cce:/internal/x/prerequisite-imports as file:///D:/PA_2024/3D/CatEscape/CatEscape_OP18/assets/Script/Data/Constant.ts.
debug: Resolve file:///D:/PA_2024/3D/CatEscape/CatEscape_OP18/assets/Script/Game/BossAction.ts from cce:/internal/x/prerequisite-imports as file:///D:/PA_2024/3D/CatEscape/CatEscape_OP18/assets/Script/Game/BossAction.ts.
debug: Resolve file:///D:/PA_2024/3D/CatEscape/CatEscape_OP18/assets/Script/Game/CatController.ts from cce:/internal/x/prerequisite-imports as file:///D:/PA_2024/3D/CatEscape/CatEscape_OP18/assets/Script/Game/CatController.ts.
debug: Resolve file:///D:/PA_2024/3D/CatEscape/CatEscape_OP18/assets/Script/Game/CubeController.ts from cce:/internal/x/prerequisite-imports as file:///D:/PA_2024/3D/CatEscape/CatEscape_OP18/assets/Script/Game/CubeController.ts.
debug: Resolve file:///D:/PA_2024/3D/CatEscape/CatEscape_OP18/assets/Script/Game/Game.ts from cce:/internal/x/prerequisite-imports as file:///D:/PA_2024/3D/CatEscape/CatEscape_OP18/assets/Script/Game/Game.ts.
debug: Resolve file:///D:/PA_2024/3D/CatEscape/CatEscape_OP18/assets/Script/Game/GameController.ts from cce:/internal/x/prerequisite-imports as file:///D:/PA_2024/3D/CatEscape/CatEscape_OP18/assets/Script/Game/GameController.ts.
debug: Resolve file:///D:/PA_2024/3D/CatEscape/CatEscape_OP18/assets/Script/Game/JoyStick.ts from cce:/internal/x/prerequisite-imports as file:///D:/PA_2024/3D/CatEscape/CatEscape_OP18/assets/Script/Game/JoyStick.ts.
debug: Resolve file:///D:/PA_2024/3D/CatEscape/CatEscape_OP18/assets/Script/Game/LaserController.ts from cce:/internal/x/prerequisite-imports as file:///D:/PA_2024/3D/CatEscape/CatEscape_OP18/assets/Script/Game/LaserController.ts.
debug: Resolve file:///D:/PA_2024/3D/CatEscape/CatEscape_OP18/assets/Script/Plugin/AudioManager.ts from cce:/internal/x/prerequisite-imports as file:///D:/PA_2024/3D/CatEscape/CatEscape_OP18/assets/Script/Plugin/AudioManager.ts.
debug: Resolve file:///D:/PA_2024/3D/CatEscape/CatEscape_OP18/assets/Script/Plugin/Responsive.ts from cce:/internal/x/prerequisite-imports as file:///D:/PA_2024/3D/CatEscape/CatEscape_OP18/assets/Script/Plugin/Responsive.ts.
debug: Detected change: file:///D:/PA_2024/3D/CatEscape/CatEscape_OP18/assets/Script/Game/JoyStick.ts. Last mtime: Thu Mar 21 2024 18:42:06 GMT+0700 (Indochina Time)@c3658a8e-41a7-4461-9b7c-d04a8fa6ae67, Current mtime: Thu Mar 21 2024 18:42:34 GMT+0700 (Indochina Time)@c3658a8e-41a7-4461-9b7c-d04a8fa6ae67
debug: Inspect file:///D:/PA_2024/3D/CatEscape/CatEscape_OP18/assets/Script/Game/JoyStick.ts
debug: Detected change: file:///D:/PA_2024/3D/CatEscape/CatEscape_OP18/assets/Script/Plugin/AudioManager.ts. Last mtime: Thu Mar 21 2024 14:53:10 GMT+0700 (Indochina Time)@d948bda0-32a7-400f-a091-cd304914088d, Current mtime: Thu Mar 21 2024 18:43:08 GMT+0700 (Indochina Time)@d948bda0-32a7-400f-a091-cd304914088d
debug: Inspect file:///D:/PA_2024/3D/CatEscape/CatEscape_OP18/assets/Script/Plugin/AudioManager.ts
debug: Resolve cce:/internal/code-quality/cr.mjs from file:///D:/PA_2024/3D/CatEscape/CatEscape_OP18/assets/Script/Game/JoyStick.ts as cce:/internal/code-quality/cr.mjs.
debug: Resolve cc from file:///D:/PA_2024/3D/CatEscape/CatEscape_OP18/assets/Script/Game/JoyStick.ts as cce:/internal/x/cc.
debug: Resolve cc from file:///D:/PA_2024/3D/CatEscape/CatEscape_OP18/assets/Script/Game/JoyStick.ts as cce:/internal/x/cc.
debug: Resolve cce:/internal/code-quality/cr.mjs from file:///D:/PA_2024/3D/CatEscape/CatEscape_OP18/assets/Script/Plugin/AudioManager.ts as cce:/internal/code-quality/cr.mjs.
debug: Resolve cc from file:///D:/PA_2024/3D/CatEscape/CatEscape_OP18/assets/Script/Plugin/AudioManager.ts as cce:/internal/x/cc.
debug: Resolve cc from file:///D:/PA_2024/3D/CatEscape/CatEscape_OP18/assets/Script/Plugin/AudioManager.ts as cce:/internal/x/cc.
debug: Resolve ../Data/Constant from file:///D:/PA_2024/3D/CatEscape/CatEscape_OP18/assets/Script/Game/JoyStick.ts as file:///D:/PA_2024/3D/CatEscape/CatEscape_OP18/assets/Script/Data/Constant.ts.
debug: Resolve ../Plugin/AudioManager from file:///D:/PA_2024/3D/CatEscape/CatEscape_OP18/assets/Script/Game/JoyStick.ts as file:///D:/PA_2024/3D/CatEscape/CatEscape_OP18/assets/Script/Plugin/AudioManager.ts.
debug: Resolve ../Data/Constant from file:///D:/PA_2024/3D/CatEscape/CatEscape_OP18/assets/Script/Plugin/AudioManager.ts as file:///D:/PA_2024/3D/CatEscape/CatEscape_OP18/assets/Script/Data/Constant.ts.
debug: Target(preview) ends with cost 172.70039999485016ms.
debug: Dispatch build request for time accumulated 1 asset changes.
debug: Build iteration starts.
Number of accumulated asset changes: 1
Feature changed: false
debug: Target(editor) build started.
debug: Detected change: cce:/internal/x/prerequisite-imports. Last mtime: Thu Jan 01 1970 08:03:37 GMT+0800 (Indochina Time), Current mtime: Thu Jan 01 1970 08:03:54 GMT+0800 (Indochina Time)
debug: Inspect cce:/internal/x/prerequisite-imports
debug: Resolve file:///D:/PA_2024/3D/CatEscape/CatEscape_OP18/assets/Script/Data/Constant.ts from cce:/internal/x/prerequisite-imports as file:///D:/PA_2024/3D/CatEscape/CatEscape_OP18/assets/Script/Data/Constant.ts.
debug: Resolve file:///D:/PA_2024/3D/CatEscape/CatEscape_OP18/assets/Script/Game/BossAction.ts from cce:/internal/x/prerequisite-imports as file:///D:/PA_2024/3D/CatEscape/CatEscape_OP18/assets/Script/Game/BossAction.ts.
debug: Resolve file:///D:/PA_2024/3D/CatEscape/CatEscape_OP18/assets/Script/Game/CatController.ts from cce:/internal/x/prerequisite-imports as file:///D:/PA_2024/3D/CatEscape/CatEscape_OP18/assets/Script/Game/CatController.ts.
debug: Resolve file:///D:/PA_2024/3D/CatEscape/CatEscape_OP18/assets/Script/Game/CubeController.ts from cce:/internal/x/prerequisite-imports as file:///D:/PA_2024/3D/CatEscape/CatEscape_OP18/assets/Script/Game/CubeController.ts.
debug: Resolve file:///D:/PA_2024/3D/CatEscape/CatEscape_OP18/assets/Script/Game/Game.ts from cce:/internal/x/prerequisite-imports as file:///D:/PA_2024/3D/CatEscape/CatEscape_OP18/assets/Script/Game/Game.ts.
debug: Resolve file:///D:/PA_2024/3D/CatEscape/CatEscape_OP18/assets/Script/Game/GameController.ts from cce:/internal/x/prerequisite-imports as file:///D:/PA_2024/3D/CatEscape/CatEscape_OP18/assets/Script/Game/GameController.ts.
debug: Resolve file:///D:/PA_2024/3D/CatEscape/CatEscape_OP18/assets/Script/Game/JoyStick.ts from cce:/internal/x/prerequisite-imports as file:///D:/PA_2024/3D/CatEscape/CatEscape_OP18/assets/Script/Game/JoyStick.ts.
debug: Resolve file:///D:/PA_2024/3D/CatEscape/CatEscape_OP18/assets/Script/Game/LaserController.ts from cce:/internal/x/prerequisite-imports as file:///D:/PA_2024/3D/CatEscape/CatEscape_OP18/assets/Script/Game/LaserController.ts.
debug: Resolve file:///D:/PA_2024/3D/CatEscape/CatEscape_OP18/assets/Script/Plugin/AudioManager.ts from cce:/internal/x/prerequisite-imports as file:///D:/PA_2024/3D/CatEscape/CatEscape_OP18/assets/Script/Plugin/AudioManager.ts.
debug: Resolve file:///D:/PA_2024/3D/CatEscape/CatEscape_OP18/assets/Script/Plugin/Responsive.ts from cce:/internal/x/prerequisite-imports as file:///D:/PA_2024/3D/CatEscape/CatEscape_OP18/assets/Script/Plugin/Responsive.ts.
debug: Detected change: file:///D:/PA_2024/3D/CatEscape/CatEscape_OP18/assets/Script/Game/JoyStick.ts. Last mtime: Thu Mar 21 2024 18:42:34 GMT+0700 (Indochina Time)@c3658a8e-41a7-4461-9b7c-d04a8fa6ae67, Current mtime: Thu Mar 21 2024 18:43:27 GMT+0700 (Indochina Time)@c3658a8e-41a7-4461-9b7c-d04a8fa6ae67
debug: Inspect file:///D:/PA_2024/3D/CatEscape/CatEscape_OP18/assets/Script/Game/JoyStick.ts
debug: Resolve cce:/internal/code-quality/cr.mjs from file:///D:/PA_2024/3D/CatEscape/CatEscape_OP18/assets/Script/Game/JoyStick.ts as cce:/internal/code-quality/cr.mjs.
debug: Resolve cc from file:///D:/PA_2024/3D/CatEscape/CatEscape_OP18/assets/Script/Game/JoyStick.ts as cce:/internal/x/cc.
debug: Resolve cc from file:///D:/PA_2024/3D/CatEscape/CatEscape_OP18/assets/Script/Game/JoyStick.ts as cce:/internal/x/cc.
debug: Resolve ../Data/Constant from file:///D:/PA_2024/3D/CatEscape/CatEscape_OP18/assets/Script/Game/JoyStick.ts as file:///D:/PA_2024/3D/CatEscape/CatEscape_OP18/assets/Script/Data/Constant.ts.
debug: Resolve ../Plugin/AudioManager from file:///D:/PA_2024/3D/CatEscape/CatEscape_OP18/assets/Script/Game/JoyStick.ts as file:///D:/PA_2024/3D/CatEscape/CatEscape_OP18/assets/Script/Plugin/AudioManager.ts.
debug: Target(editor) ends with cost 183.87940001487732ms.
debug: Target(preview) build started.
debug: Detected change: cce:/internal/x/prerequisite-imports. Last mtime: Thu Jan 01 1970 08:03:40 GMT+0800 (Indochina Time), Current mtime: Thu Jan 01 1970 08:03:54 GMT+0800 (Indochina Time)
debug: Inspect cce:/internal/x/prerequisite-imports
debug: Resolve file:///D:/PA_2024/3D/CatEscape/CatEscape_OP18/assets/Script/Data/Constant.ts from cce:/internal/x/prerequisite-imports as file:///D:/PA_2024/3D/CatEscape/CatEscape_OP18/assets/Script/Data/Constant.ts.
debug: Resolve file:///D:/PA_2024/3D/CatEscape/CatEscape_OP18/assets/Script/Game/BossAction.ts from cce:/internal/x/prerequisite-imports as file:///D:/PA_2024/3D/CatEscape/CatEscape_OP18/assets/Script/Game/BossAction.ts.
debug: Resolve file:///D:/PA_2024/3D/CatEscape/CatEscape_OP18/assets/Script/Game/CubeController.ts from cce:/internal/x/prerequisite-imports as file:///D:/PA_2024/3D/CatEscape/CatEscape_OP18/assets/Script/Game/CubeController.ts.
debug: Resolve file:///D:/PA_2024/3D/CatEscape/CatEscape_OP18/assets/Script/Game/CatController.ts from cce:/internal/x/prerequisite-imports as file:///D:/PA_2024/3D/CatEscape/CatEscape_OP18/assets/Script/Game/CatController.ts.
debug: Resolve file:///D:/PA_2024/3D/CatEscape/CatEscape_OP18/assets/Script/Game/Game.ts from cce:/internal/x/prerequisite-imports as file:///D:/PA_2024/3D/CatEscape/CatEscape_OP18/assets/Script/Game/Game.ts.
debug: Resolve file:///D:/PA_2024/3D/CatEscape/CatEscape_OP18/assets/Script/Game/GameController.ts from cce:/internal/x/prerequisite-imports as file:///D:/PA_2024/3D/CatEscape/CatEscape_OP18/assets/Script/Game/GameController.ts.
debug: Resolve file:///D:/PA_2024/3D/CatEscape/CatEscape_OP18/assets/Script/Game/JoyStick.ts from cce:/internal/x/prerequisite-imports as file:///D:/PA_2024/3D/CatEscape/CatEscape_OP18/assets/Script/Game/JoyStick.ts.
debug: Resolve file:///D:/PA_2024/3D/CatEscape/CatEscape_OP18/assets/Script/Game/LaserController.ts from cce:/internal/x/prerequisite-imports as file:///D:/PA_2024/3D/CatEscape/CatEscape_OP18/assets/Script/Game/LaserController.ts.
debug: Resolve file:///D:/PA_2024/3D/CatEscape/CatEscape_OP18/assets/Script/Plugin/AudioManager.ts from cce:/internal/x/prerequisite-imports as file:///D:/PA_2024/3D/CatEscape/CatEscape_OP18/assets/Script/Plugin/AudioManager.ts.
debug: Resolve file:///D:/PA_2024/3D/CatEscape/CatEscape_OP18/assets/Script/Plugin/Responsive.ts from cce:/internal/x/prerequisite-imports as file:///D:/PA_2024/3D/CatEscape/CatEscape_OP18/assets/Script/Plugin/Responsive.ts.
debug: Detected change: file:///D:/PA_2024/3D/CatEscape/CatEscape_OP18/assets/Script/Game/JoyStick.ts. Last mtime: Thu Mar 21 2024 18:42:34 GMT+0700 (Indochina Time)@c3658a8e-41a7-4461-9b7c-d04a8fa6ae67, Current mtime: Thu Mar 21 2024 18:43:27 GMT+0700 (Indochina Time)@c3658a8e-41a7-4461-9b7c-d04a8fa6ae67
debug: Inspect file:///D:/PA_2024/3D/CatEscape/CatEscape_OP18/assets/Script/Game/JoyStick.ts
debug: Resolve cce:/internal/code-quality/cr.mjs from file:///D:/PA_2024/3D/CatEscape/CatEscape_OP18/assets/Script/Game/JoyStick.ts as cce:/internal/code-quality/cr.mjs.
debug: Resolve cc from file:///D:/PA_2024/3D/CatEscape/CatEscape_OP18/assets/Script/Game/JoyStick.ts as cce:/internal/x/cc.
debug: Resolve cc from file:///D:/PA_2024/3D/CatEscape/CatEscape_OP18/assets/Script/Game/JoyStick.ts as cce:/internal/x/cc.
debug: Resolve ../Data/Constant from file:///D:/PA_2024/3D/CatEscape/CatEscape_OP18/assets/Script/Game/JoyStick.ts as file:///D:/PA_2024/3D/CatEscape/CatEscape_OP18/assets/Script/Data/Constant.ts.
debug: Resolve ../Plugin/AudioManager from file:///D:/PA_2024/3D/CatEscape/CatEscape_OP18/assets/Script/Game/JoyStick.ts as file:///D:/PA_2024/3D/CatEscape/CatEscape_OP18/assets/Script/Plugin/AudioManager.ts.
debug: Target(preview) ends with cost 145.2693000137806ms.
debug: Dispatch build request for time accumulated 1 asset changes.
debug: Build iteration starts.
Number of accumulated asset changes: 1
Feature changed: false
debug: Target(editor) build started.
debug: Detected change: cce:/internal/x/prerequisite-imports. Last mtime: Thu Jan 01 1970 08:03:54 GMT+0800 (Indochina Time), Current mtime: Thu Jan 01 1970 08:05:22 GMT+0800 (Indochina Time)
debug: Inspect cce:/internal/x/prerequisite-imports
debug: Resolve file:///D:/PA_2024/3D/CatEscape/CatEscape_OP18/assets/Script/Data/Constant.ts from cce:/internal/x/prerequisite-imports as file:///D:/PA_2024/3D/CatEscape/CatEscape_OP18/assets/Script/Data/Constant.ts.
debug: Resolve file:///D:/PA_2024/3D/CatEscape/CatEscape_OP18/assets/Script/Game/BossAction.ts from cce:/internal/x/prerequisite-imports as file:///D:/PA_2024/3D/CatEscape/CatEscape_OP18/assets/Script/Game/BossAction.ts.
debug: Resolve file:///D:/PA_2024/3D/CatEscape/CatEscape_OP18/assets/Script/Game/CatController.ts from cce:/internal/x/prerequisite-imports as file:///D:/PA_2024/3D/CatEscape/CatEscape_OP18/assets/Script/Game/CatController.ts.
debug: Resolve file:///D:/PA_2024/3D/CatEscape/CatEscape_OP18/assets/Script/Game/CubeController.ts from cce:/internal/x/prerequisite-imports as file:///D:/PA_2024/3D/CatEscape/CatEscape_OP18/assets/Script/Game/CubeController.ts.
debug: Resolve file:///D:/PA_2024/3D/CatEscape/CatEscape_OP18/assets/Script/Game/Game.ts from cce:/internal/x/prerequisite-imports as file:///D:/PA_2024/3D/CatEscape/CatEscape_OP18/assets/Script/Game/Game.ts.
debug: Resolve file:///D:/PA_2024/3D/CatEscape/CatEscape_OP18/assets/Script/Game/GameController.ts from cce:/internal/x/prerequisite-imports as file:///D:/PA_2024/3D/CatEscape/CatEscape_OP18/assets/Script/Game/GameController.ts.
debug: Resolve file:///D:/PA_2024/3D/CatEscape/CatEscape_OP18/assets/Script/Game/JoyStick.ts from cce:/internal/x/prerequisite-imports as file:///D:/PA_2024/3D/CatEscape/CatEscape_OP18/assets/Script/Game/JoyStick.ts.
debug: Resolve file:///D:/PA_2024/3D/CatEscape/CatEscape_OP18/assets/Script/Game/LaserController.ts from cce:/internal/x/prerequisite-imports as file:///D:/PA_2024/3D/CatEscape/CatEscape_OP18/assets/Script/Game/LaserController.ts.
debug: Resolve file:///D:/PA_2024/3D/CatEscape/CatEscape_OP18/assets/Script/Plugin/AudioManager.ts from cce:/internal/x/prerequisite-imports as file:///D:/PA_2024/3D/CatEscape/CatEscape_OP18/assets/Script/Plugin/AudioManager.ts.
debug: Resolve file:///D:/PA_2024/3D/CatEscape/CatEscape_OP18/assets/Script/Plugin/Responsive.ts from cce:/internal/x/prerequisite-imports as file:///D:/PA_2024/3D/CatEscape/CatEscape_OP18/assets/Script/Plugin/Responsive.ts.
debug: Detected change: file:///D:/PA_2024/3D/CatEscape/CatEscape_OP18/assets/Script/Game/JoyStick.ts. Last mtime: Thu Mar 21 2024 18:43:27 GMT+0700 (Indochina Time)@c3658a8e-41a7-4461-9b7c-d04a8fa6ae67, Current mtime: Thu Mar 21 2024 18:44:54 GMT+0700 (Indochina Time)@c3658a8e-41a7-4461-9b7c-d04a8fa6ae67
debug: Inspect file:///D:/PA_2024/3D/CatEscape/CatEscape_OP18/assets/Script/Game/JoyStick.ts
debug: Resolve cce:/internal/code-quality/cr.mjs from file:///D:/PA_2024/3D/CatEscape/CatEscape_OP18/assets/Script/Game/JoyStick.ts as cce:/internal/code-quality/cr.mjs.
debug: Resolve cc from file:///D:/PA_2024/3D/CatEscape/CatEscape_OP18/assets/Script/Game/JoyStick.ts as cce:/internal/x/cc.
debug: Resolve cc from file:///D:/PA_2024/3D/CatEscape/CatEscape_OP18/assets/Script/Game/JoyStick.ts as cce:/internal/x/cc.
debug: Resolve ../Data/Constant from file:///D:/PA_2024/3D/CatEscape/CatEscape_OP18/assets/Script/Game/JoyStick.ts as file:///D:/PA_2024/3D/CatEscape/CatEscape_OP18/assets/Script/Data/Constant.ts.
debug: Resolve ../Plugin/AudioManager from file:///D:/PA_2024/3D/CatEscape/CatEscape_OP18/assets/Script/Game/JoyStick.ts as file:///D:/PA_2024/3D/CatEscape/CatEscape_OP18/assets/Script/Plugin/AudioManager.ts.
debug: Target(editor) ends with cost 117.50299999117851ms.
debug: Target(preview) build started.
debug: Detected change: cce:/internal/x/prerequisite-imports. Last mtime: Thu Jan 01 1970 08:03:54 GMT+0800 (Indochina Time), Current mtime: Thu Jan 01 1970 08:05:22 GMT+0800 (Indochina Time)
debug: Inspect cce:/internal/x/prerequisite-imports
debug: Resolve file:///D:/PA_2024/3D/CatEscape/CatEscape_OP18/assets/Script/Data/Constant.ts from cce:/internal/x/prerequisite-imports as file:///D:/PA_2024/3D/CatEscape/CatEscape_OP18/assets/Script/Data/Constant.ts.
debug: Resolve file:///D:/PA_2024/3D/CatEscape/CatEscape_OP18/assets/Script/Game/BossAction.ts from cce:/internal/x/prerequisite-imports as file:///D:/PA_2024/3D/CatEscape/CatEscape_OP18/assets/Script/Game/BossAction.ts.
debug: Resolve file:///D:/PA_2024/3D/CatEscape/CatEscape_OP18/assets/Script/Game/CatController.ts from cce:/internal/x/prerequisite-imports as file:///D:/PA_2024/3D/CatEscape/CatEscape_OP18/assets/Script/Game/CatController.ts.
debug: Resolve file:///D:/PA_2024/3D/CatEscape/CatEscape_OP18/assets/Script/Game/CubeController.ts from cce:/internal/x/prerequisite-imports as file:///D:/PA_2024/3D/CatEscape/CatEscape_OP18/assets/Script/Game/CubeController.ts.
debug: Resolve file:///D:/PA_2024/3D/CatEscape/CatEscape_OP18/assets/Script/Game/Game.ts from cce:/internal/x/prerequisite-imports as file:///D:/PA_2024/3D/CatEscape/CatEscape_OP18/assets/Script/Game/Game.ts.
debug: Resolve file:///D:/PA_2024/3D/CatEscape/CatEscape_OP18/assets/Script/Game/GameController.ts from cce:/internal/x/prerequisite-imports as file:///D:/PA_2024/3D/CatEscape/CatEscape_OP18/assets/Script/Game/GameController.ts.
debug: Resolve file:///D:/PA_2024/3D/CatEscape/CatEscape_OP18/assets/Script/Game/JoyStick.ts from cce:/internal/x/prerequisite-imports as file:///D:/PA_2024/3D/CatEscape/CatEscape_OP18/assets/Script/Game/JoyStick.ts.
debug: Resolve file:///D:/PA_2024/3D/CatEscape/CatEscape_OP18/assets/Script/Game/LaserController.ts from cce:/internal/x/prerequisite-imports as file:///D:/PA_2024/3D/CatEscape/CatEscape_OP18/assets/Script/Game/LaserController.ts.
debug: Resolve file:///D:/PA_2024/3D/CatEscape/CatEscape_OP18/assets/Script/Plugin/AudioManager.ts from cce:/internal/x/prerequisite-imports as file:///D:/PA_2024/3D/CatEscape/CatEscape_OP18/assets/Script/Plugin/AudioManager.ts.
debug: Resolve file:///D:/PA_2024/3D/CatEscape/CatEscape_OP18/assets/Script/Plugin/Responsive.ts from cce:/internal/x/prerequisite-imports as file:///D:/PA_2024/3D/CatEscape/CatEscape_OP18/assets/Script/Plugin/Responsive.ts.
debug: Detected change: file:///D:/PA_2024/3D/CatEscape/CatEscape_OP18/assets/Script/Game/JoyStick.ts. Last mtime: Thu Mar 21 2024 18:43:27 GMT+0700 (Indochina Time)@c3658a8e-41a7-4461-9b7c-d04a8fa6ae67, Current mtime: Thu Mar 21 2024 18:44:54 GMT+0700 (Indochina Time)@c3658a8e-41a7-4461-9b7c-d04a8fa6ae67
debug: Inspect file:///D:/PA_2024/3D/CatEscape/CatEscape_OP18/assets/Script/Game/JoyStick.ts
debug: Resolve cce:/internal/code-quality/cr.mjs from file:///D:/PA_2024/3D/CatEscape/CatEscape_OP18/assets/Script/Game/JoyStick.ts as cce:/internal/code-quality/cr.mjs.
debug: Resolve cc from file:///D:/PA_2024/3D/CatEscape/CatEscape_OP18/assets/Script/Game/JoyStick.ts as cce:/internal/x/cc.
debug: Resolve cc from file:///D:/PA_2024/3D/CatEscape/CatEscape_OP18/assets/Script/Game/JoyStick.ts as cce:/internal/x/cc.
debug: Resolve ../Data/Constant from file:///D:/PA_2024/3D/CatEscape/CatEscape_OP18/assets/Script/Game/JoyStick.ts as file:///D:/PA_2024/3D/CatEscape/CatEscape_OP18/assets/Script/Data/Constant.ts.
debug: Resolve ../Plugin/AudioManager from file:///D:/PA_2024/3D/CatEscape/CatEscape_OP18/assets/Script/Game/JoyStick.ts as file:///D:/PA_2024/3D/CatEscape/CatEscape_OP18/assets/Script/Plugin/AudioManager.ts.
debug: Target(preview) ends with cost 115.78079998493195ms.
debug: Dispatch build request for time accumulated 1 asset changes.
debug: Build iteration starts.
Number of accumulated asset changes: 1
Feature changed: false
debug: Target(editor) build started.
debug: Detected change: cce:/internal/x/prerequisite-imports. Last mtime: Thu Jan 01 1970 08:05:22 GMT+0800 (Indochina Time), Current mtime: Thu Jan 01 1970 08:06:02 GMT+0800 (Indochina Time)
debug: Inspect cce:/internal/x/prerequisite-imports
debug: Resolve file:///D:/PA_2024/3D/CatEscape/CatEscape_OP18/assets/Script/Data/Constant.ts from cce:/internal/x/prerequisite-imports as file:///D:/PA_2024/3D/CatEscape/CatEscape_OP18/assets/Script/Data/Constant.ts.
debug: Resolve file:///D:/PA_2024/3D/CatEscape/CatEscape_OP18/assets/Script/Game/BossAction.ts from cce:/internal/x/prerequisite-imports as file:///D:/PA_2024/3D/CatEscape/CatEscape_OP18/assets/Script/Game/BossAction.ts.
debug: Resolve file:///D:/PA_2024/3D/CatEscape/CatEscape_OP18/assets/Script/Game/CatController.ts from cce:/internal/x/prerequisite-imports as file:///D:/PA_2024/3D/CatEscape/CatEscape_OP18/assets/Script/Game/CatController.ts.
debug: Resolve file:///D:/PA_2024/3D/CatEscape/CatEscape_OP18/assets/Script/Game/CubeController.ts from cce:/internal/x/prerequisite-imports as file:///D:/PA_2024/3D/CatEscape/CatEscape_OP18/assets/Script/Game/CubeController.ts.
debug: Resolve file:///D:/PA_2024/3D/CatEscape/CatEscape_OP18/assets/Script/Game/Game.ts from cce:/internal/x/prerequisite-imports as file:///D:/PA_2024/3D/CatEscape/CatEscape_OP18/assets/Script/Game/Game.ts.
debug: Resolve file:///D:/PA_2024/3D/CatEscape/CatEscape_OP18/assets/Script/Game/GameController.ts from cce:/internal/x/prerequisite-imports as file:///D:/PA_2024/3D/CatEscape/CatEscape_OP18/assets/Script/Game/GameController.ts.
debug: Resolve file:///D:/PA_2024/3D/CatEscape/CatEscape_OP18/assets/Script/Game/JoyStick.ts from cce:/internal/x/prerequisite-imports as file:///D:/PA_2024/3D/CatEscape/CatEscape_OP18/assets/Script/Game/JoyStick.ts.
debug: Resolve file:///D:/PA_2024/3D/CatEscape/CatEscape_OP18/assets/Script/Game/LaserController.ts from cce:/internal/x/prerequisite-imports as file:///D:/PA_2024/3D/CatEscape/CatEscape_OP18/assets/Script/Game/LaserController.ts.
debug: Resolve file:///D:/PA_2024/3D/CatEscape/CatEscape_OP18/assets/Script/Plugin/AudioManager.ts from cce:/internal/x/prerequisite-imports as file:///D:/PA_2024/3D/CatEscape/CatEscape_OP18/assets/Script/Plugin/AudioManager.ts.
debug: Resolve file:///D:/PA_2024/3D/CatEscape/CatEscape_OP18/assets/Script/Plugin/Responsive.ts from cce:/internal/x/prerequisite-imports as file:///D:/PA_2024/3D/CatEscape/CatEscape_OP18/assets/Script/Plugin/Responsive.ts.
debug: Detected change: file:///D:/PA_2024/3D/CatEscape/CatEscape_OP18/assets/Script/Game/JoyStick.ts. Last mtime: Thu Mar 21 2024 18:44:54 GMT+0700 (Indochina Time)@c3658a8e-41a7-4461-9b7c-d04a8fa6ae67, Current mtime: Thu Mar 21 2024 18:45:28 GMT+0700 (Indochina Time)@c3658a8e-41a7-4461-9b7c-d04a8fa6ae67
debug: Inspect file:///D:/PA_2024/3D/CatEscape/CatEscape_OP18/assets/Script/Game/JoyStick.ts
debug: Resolve cce:/internal/code-quality/cr.mjs from file:///D:/PA_2024/3D/CatEscape/CatEscape_OP18/assets/Script/Game/JoyStick.ts as cce:/internal/code-quality/cr.mjs.
debug: Resolve cc from file:///D:/PA_2024/3D/CatEscape/CatEscape_OP18/assets/Script/Game/JoyStick.ts as cce:/internal/x/cc.
debug: Resolve cc from file:///D:/PA_2024/3D/CatEscape/CatEscape_OP18/assets/Script/Game/JoyStick.ts as cce:/internal/x/cc.
debug: Resolve ../Data/Constant from file:///D:/PA_2024/3D/CatEscape/CatEscape_OP18/assets/Script/Game/JoyStick.ts as file:///D:/PA_2024/3D/CatEscape/CatEscape_OP18/assets/Script/Data/Constant.ts.
debug: Resolve ../Plugin/AudioManager from file:///D:/PA_2024/3D/CatEscape/CatEscape_OP18/assets/Script/Game/JoyStick.ts as file:///D:/PA_2024/3D/CatEscape/CatEscape_OP18/assets/Script/Plugin/AudioManager.ts.
debug: Target(editor) ends with cost 88.9021999835968ms.
debug: Target(preview) build started.
debug: Detected change: cce:/internal/x/prerequisite-imports. Last mtime: Thu Jan 01 1970 08:05:22 GMT+0800 (Indochina Time), Current mtime: Thu Jan 01 1970 08:06:02 GMT+0800 (Indochina Time)
debug: Inspect cce:/internal/x/prerequisite-imports
debug: Resolve file:///D:/PA_2024/3D/CatEscape/CatEscape_OP18/assets/Script/Data/Constant.ts from cce:/internal/x/prerequisite-imports as file:///D:/PA_2024/3D/CatEscape/CatEscape_OP18/assets/Script/Data/Constant.ts.
debug: Resolve file:///D:/PA_2024/3D/CatEscape/CatEscape_OP18/assets/Script/Game/BossAction.ts from cce:/internal/x/prerequisite-imports as file:///D:/PA_2024/3D/CatEscape/CatEscape_OP18/assets/Script/Game/BossAction.ts.
debug: Resolve file:///D:/PA_2024/3D/CatEscape/CatEscape_OP18/assets/Script/Game/CatController.ts from cce:/internal/x/prerequisite-imports as file:///D:/PA_2024/3D/CatEscape/CatEscape_OP18/assets/Script/Game/CatController.ts.
debug: Resolve file:///D:/PA_2024/3D/CatEscape/CatEscape_OP18/assets/Script/Game/CubeController.ts from cce:/internal/x/prerequisite-imports as file:///D:/PA_2024/3D/CatEscape/CatEscape_OP18/assets/Script/Game/CubeController.ts.
debug: Resolve file:///D:/PA_2024/3D/CatEscape/CatEscape_OP18/assets/Script/Game/Game.ts from cce:/internal/x/prerequisite-imports as file:///D:/PA_2024/3D/CatEscape/CatEscape_OP18/assets/Script/Game/Game.ts.
debug: Resolve file:///D:/PA_2024/3D/CatEscape/CatEscape_OP18/assets/Script/Game/GameController.ts from cce:/internal/x/prerequisite-imports as file:///D:/PA_2024/3D/CatEscape/CatEscape_OP18/assets/Script/Game/GameController.ts.
debug: Resolve file:///D:/PA_2024/3D/CatEscape/CatEscape_OP18/assets/Script/Game/JoyStick.ts from cce:/internal/x/prerequisite-imports as file:///D:/PA_2024/3D/CatEscape/CatEscape_OP18/assets/Script/Game/JoyStick.ts.
debug: Resolve file:///D:/PA_2024/3D/CatEscape/CatEscape_OP18/assets/Script/Game/LaserController.ts from cce:/internal/x/prerequisite-imports as file:///D:/PA_2024/3D/CatEscape/CatEscape_OP18/assets/Script/Game/LaserController.ts.
debug: Resolve file:///D:/PA_2024/3D/CatEscape/CatEscape_OP18/assets/Script/Plugin/AudioManager.ts from cce:/internal/x/prerequisite-imports as file:///D:/PA_2024/3D/CatEscape/CatEscape_OP18/assets/Script/Plugin/AudioManager.ts.
debug: Resolve file:///D:/PA_2024/3D/CatEscape/CatEscape_OP18/assets/Script/Plugin/Responsive.ts from cce:/internal/x/prerequisite-imports as file:///D:/PA_2024/3D/CatEscape/CatEscape_OP18/assets/Script/Plugin/Responsive.ts.
debug: Detected change: file:///D:/PA_2024/3D/CatEscape/CatEscape_OP18/assets/Script/Game/JoyStick.ts. Last mtime: Thu Mar 21 2024 18:44:54 GMT+0700 (Indochina Time)@c3658a8e-41a7-4461-9b7c-d04a8fa6ae67, Current mtime: Thu Mar 21 2024 18:45:28 GMT+0700 (Indochina Time)@c3658a8e-41a7-4461-9b7c-d04a8fa6ae67
debug: Inspect file:///D:/PA_2024/3D/CatEscape/CatEscape_OP18/assets/Script/Game/JoyStick.ts
debug: Resolve cce:/internal/code-quality/cr.mjs from file:///D:/PA_2024/3D/CatEscape/CatEscape_OP18/assets/Script/Game/JoyStick.ts as cce:/internal/code-quality/cr.mjs.
debug: Resolve cc from file:///D:/PA_2024/3D/CatEscape/CatEscape_OP18/assets/Script/Game/JoyStick.ts as cce:/internal/x/cc.
debug: Resolve cc from file:///D:/PA_2024/3D/CatEscape/CatEscape_OP18/assets/Script/Game/JoyStick.ts as cce:/internal/x/cc.
debug: Resolve ../Data/Constant from file:///D:/PA_2024/3D/CatEscape/CatEscape_OP18/assets/Script/Game/JoyStick.ts as file:///D:/PA_2024/3D/CatEscape/CatEscape_OP18/assets/Script/Data/Constant.ts.
debug: Resolve ../Plugin/AudioManager from file:///D:/PA_2024/3D/CatEscape/CatEscape_OP18/assets/Script/Game/JoyStick.ts as file:///D:/PA_2024/3D/CatEscape/CatEscape_OP18/assets/Script/Plugin/AudioManager.ts.
debug: Target(preview) ends with cost 122.67170000076294ms.
debug: Dispatch build request for time accumulated 2 asset changes.
debug: Build iteration starts.
Number of accumulated asset changes: 2
Feature changed: false
debug: Target(editor) build started.
debug: Detected change: cce:/internal/x/prerequisite-imports. Last mtime: Thu Jan 01 1970 08:06:02 GMT+0800 (Indochina Time), Current mtime: Thu Jan 01 1970 08:07:19 GMT+0800 (Indochina Time)
debug: Inspect cce:/internal/x/prerequisite-imports
debug: Resolve file:///D:/PA_2024/3D/CatEscape/CatEscape_OP18/assets/Script/Data/Constant.ts from cce:/internal/x/prerequisite-imports as file:///D:/PA_2024/3D/CatEscape/CatEscape_OP18/assets/Script/Data/Constant.ts.
debug: Resolve file:///D:/PA_2024/3D/CatEscape/CatEscape_OP18/assets/Script/Game/BossAction.ts from cce:/internal/x/prerequisite-imports as file:///D:/PA_2024/3D/CatEscape/CatEscape_OP18/assets/Script/Game/BossAction.ts.
debug: Resolve file:///D:/PA_2024/3D/CatEscape/CatEscape_OP18/assets/Script/Game/CatController.ts from cce:/internal/x/prerequisite-imports as file:///D:/PA_2024/3D/CatEscape/CatEscape_OP18/assets/Script/Game/CatController.ts.
debug: Resolve file:///D:/PA_2024/3D/CatEscape/CatEscape_OP18/assets/Script/Game/CubeController.ts from cce:/internal/x/prerequisite-imports as file:///D:/PA_2024/3D/CatEscape/CatEscape_OP18/assets/Script/Game/CubeController.ts.
debug: Resolve file:///D:/PA_2024/3D/CatEscape/CatEscape_OP18/assets/Script/Game/Game.ts from cce:/internal/x/prerequisite-imports as file:///D:/PA_2024/3D/CatEscape/CatEscape_OP18/assets/Script/Game/Game.ts.
debug: Resolve file:///D:/PA_2024/3D/CatEscape/CatEscape_OP18/assets/Script/Game/GameController.ts from cce:/internal/x/prerequisite-imports as file:///D:/PA_2024/3D/CatEscape/CatEscape_OP18/assets/Script/Game/GameController.ts.
debug: Resolve file:///D:/PA_2024/3D/CatEscape/CatEscape_OP18/assets/Script/Game/JoyStick.ts from cce:/internal/x/prerequisite-imports as file:///D:/PA_2024/3D/CatEscape/CatEscape_OP18/assets/Script/Game/JoyStick.ts.
debug: Resolve file:///D:/PA_2024/3D/CatEscape/CatEscape_OP18/assets/Script/Game/LaserController.ts from cce:/internal/x/prerequisite-imports as file:///D:/PA_2024/3D/CatEscape/CatEscape_OP18/assets/Script/Game/LaserController.ts.
debug: Resolve file:///D:/PA_2024/3D/CatEscape/CatEscape_OP18/assets/Script/Plugin/AudioManager.ts from cce:/internal/x/prerequisite-imports as file:///D:/PA_2024/3D/CatEscape/CatEscape_OP18/assets/Script/Plugin/AudioManager.ts.
debug: Resolve file:///D:/PA_2024/3D/CatEscape/CatEscape_OP18/assets/Script/Plugin/Responsive.ts from cce:/internal/x/prerequisite-imports as file:///D:/PA_2024/3D/CatEscape/CatEscape_OP18/assets/Script/Plugin/Responsive.ts.
debug: Detected change: file:///D:/PA_2024/3D/CatEscape/CatEscape_OP18/assets/Script/Game/Game.ts. Last mtime: Thu Mar 21 2024 18:41:14 GMT+0700 (Indochina Time)@ab7fd72a-74c2-4195-b544-23f23c628884, Current mtime: Thu Mar 21 2024 18:46:35 GMT+0700 (Indochina Time)@ab7fd72a-74c2-4195-b544-23f23c628884
debug: Inspect file:///D:/PA_2024/3D/CatEscape/CatEscape_OP18/assets/Script/Game/Game.ts
debug: Detected change: file:///D:/PA_2024/3D/CatEscape/CatEscape_OP18/assets/Script/Game/JoyStick.ts. Last mtime: Thu Mar 21 2024 18:45:28 GMT+0700 (Indochina Time)@c3658a8e-41a7-4461-9b7c-d04a8fa6ae67, Current mtime: Thu Mar 21 2024 18:46:52 GMT+0700 (Indochina Time)@c3658a8e-41a7-4461-9b7c-d04a8fa6ae67
debug: Inspect file:///D:/PA_2024/3D/CatEscape/CatEscape_OP18/assets/Script/Game/JoyStick.ts
debug: Resolve cce:/internal/code-quality/cr.mjs from file:///D:/PA_2024/3D/CatEscape/CatEscape_OP18/assets/Script/Game/Game.ts as cce:/internal/code-quality/cr.mjs.
debug: Resolve cc from file:///D:/PA_2024/3D/CatEscape/CatEscape_OP18/assets/Script/Game/Game.ts as cce:/internal/x/cc.
debug: Resolve cc from file:///D:/PA_2024/3D/CatEscape/CatEscape_OP18/assets/Script/Game/Game.ts as cce:/internal/x/cc.
debug: Resolve cce:/internal/code-quality/cr.mjs from file:///D:/PA_2024/3D/CatEscape/CatEscape_OP18/assets/Script/Game/JoyStick.ts as cce:/internal/code-quality/cr.mjs.
debug: Resolve cc from file:///D:/PA_2024/3D/CatEscape/CatEscape_OP18/assets/Script/Game/JoyStick.ts as cce:/internal/x/cc.
debug: Resolve cc from file:///D:/PA_2024/3D/CatEscape/CatEscape_OP18/assets/Script/Game/JoyStick.ts as cce:/internal/x/cc.
debug: Resolve ./GameController from file:///D:/PA_2024/3D/CatEscape/CatEscape_OP18/assets/Script/Game/Game.ts as file:///D:/PA_2024/3D/CatEscape/CatEscape_OP18/assets/Script/Game/GameController.ts.
debug: Resolve ./JoyStick from file:///D:/PA_2024/3D/CatEscape/CatEscape_OP18/assets/Script/Game/Game.ts as file:///D:/PA_2024/3D/CatEscape/CatEscape_OP18/assets/Script/Game/JoyStick.ts.
debug: Resolve ../Data/Constant from file:///D:/PA_2024/3D/CatEscape/CatEscape_OP18/assets/Script/Game/Game.ts as file:///D:/PA_2024/3D/CatEscape/CatEscape_OP18/assets/Script/Data/Constant.ts.
debug: Resolve ../Plugin/AudioManager from file:///D:/PA_2024/3D/CatEscape/CatEscape_OP18/assets/Script/Game/Game.ts as file:///D:/PA_2024/3D/CatEscape/CatEscape_OP18/assets/Script/Plugin/AudioManager.ts.
debug: Resolve ../Data/Constant from file:///D:/PA_2024/3D/CatEscape/CatEscape_OP18/assets/Script/Game/JoyStick.ts as file:///D:/PA_2024/3D/CatEscape/CatEscape_OP18/assets/Script/Data/Constant.ts.
debug: Resolve ../Plugin/AudioManager from file:///D:/PA_2024/3D/CatEscape/CatEscape_OP18/assets/Script/Game/JoyStick.ts as file:///D:/PA_2024/3D/CatEscape/CatEscape_OP18/assets/Script/Plugin/AudioManager.ts.
debug: Target(editor) ends with cost 224.99349999427795ms.
debug: Target(preview) build started.
debug: Detected change: cce:/internal/x/prerequisite-imports. Last mtime: Thu Jan 01 1970 08:06:02 GMT+0800 (Indochina Time), Current mtime: Thu Jan 01 1970 08:07:19 GMT+0800 (Indochina Time)
debug: Inspect cce:/internal/x/prerequisite-imports
debug: Resolve file:///D:/PA_2024/3D/CatEscape/CatEscape_OP18/assets/Script/Data/Constant.ts from cce:/internal/x/prerequisite-imports as file:///D:/PA_2024/3D/CatEscape/CatEscape_OP18/assets/Script/Data/Constant.ts.
debug: Resolve file:///D:/PA_2024/3D/CatEscape/CatEscape_OP18/assets/Script/Game/BossAction.ts from cce:/internal/x/prerequisite-imports as file:///D:/PA_2024/3D/CatEscape/CatEscape_OP18/assets/Script/Game/BossAction.ts.
debug: Resolve file:///D:/PA_2024/3D/CatEscape/CatEscape_OP18/assets/Script/Game/CatController.ts from cce:/internal/x/prerequisite-imports as file:///D:/PA_2024/3D/CatEscape/CatEscape_OP18/assets/Script/Game/CatController.ts.
debug: Resolve file:///D:/PA_2024/3D/CatEscape/CatEscape_OP18/assets/Script/Game/CubeController.ts from cce:/internal/x/prerequisite-imports as file:///D:/PA_2024/3D/CatEscape/CatEscape_OP18/assets/Script/Game/CubeController.ts.
debug: Resolve file:///D:/PA_2024/3D/CatEscape/CatEscape_OP18/assets/Script/Game/Game.ts from cce:/internal/x/prerequisite-imports as file:///D:/PA_2024/3D/CatEscape/CatEscape_OP18/assets/Script/Game/Game.ts.
debug: Resolve file:///D:/PA_2024/3D/CatEscape/CatEscape_OP18/assets/Script/Game/GameController.ts from cce:/internal/x/prerequisite-imports as file:///D:/PA_2024/3D/CatEscape/CatEscape_OP18/assets/Script/Game/GameController.ts.
debug: Resolve file:///D:/PA_2024/3D/CatEscape/CatEscape_OP18/assets/Script/Game/JoyStick.ts from cce:/internal/x/prerequisite-imports as file:///D:/PA_2024/3D/CatEscape/CatEscape_OP18/assets/Script/Game/JoyStick.ts.
debug: Resolve file:///D:/PA_2024/3D/CatEscape/CatEscape_OP18/assets/Script/Game/LaserController.ts from cce:/internal/x/prerequisite-imports as file:///D:/PA_2024/3D/CatEscape/CatEscape_OP18/assets/Script/Game/LaserController.ts.
debug: Resolve file:///D:/PA_2024/3D/CatEscape/CatEscape_OP18/assets/Script/Plugin/AudioManager.ts from cce:/internal/x/prerequisite-imports as file:///D:/PA_2024/3D/CatEscape/CatEscape_OP18/assets/Script/Plugin/AudioManager.ts.
debug: Resolve file:///D:/PA_2024/3D/CatEscape/CatEscape_OP18/assets/Script/Plugin/Responsive.ts from cce:/internal/x/prerequisite-imports as file:///D:/PA_2024/3D/CatEscape/CatEscape_OP18/assets/Script/Plugin/Responsive.ts.
debug: Detected change: file:///D:/PA_2024/3D/CatEscape/CatEscape_OP18/assets/Script/Game/Game.ts. Last mtime: Thu Mar 21 2024 18:41:14 GMT+0700 (Indochina Time)@ab7fd72a-74c2-4195-b544-23f23c628884, Current mtime: Thu Mar 21 2024 18:46:35 GMT+0700 (Indochina Time)@ab7fd72a-74c2-4195-b544-23f23c628884
debug: Inspect file:///D:/PA_2024/3D/CatEscape/CatEscape_OP18/assets/Script/Game/Game.ts
debug: Detected change: file:///D:/PA_2024/3D/CatEscape/CatEscape_OP18/assets/Script/Game/JoyStick.ts. Last mtime: Thu Mar 21 2024 18:45:28 GMT+0700 (Indochina Time)@c3658a8e-41a7-4461-9b7c-d04a8fa6ae67, Current mtime: Thu Mar 21 2024 18:46:52 GMT+0700 (Indochina Time)@c3658a8e-41a7-4461-9b7c-d04a8fa6ae67
debug: Inspect file:///D:/PA_2024/3D/CatEscape/CatEscape_OP18/assets/Script/Game/JoyStick.ts
debug: Resolve cce:/internal/code-quality/cr.mjs from file:///D:/PA_2024/3D/CatEscape/CatEscape_OP18/assets/Script/Game/JoyStick.ts as cce:/internal/code-quality/cr.mjs.
debug: Resolve cc from file:///D:/PA_2024/3D/CatEscape/CatEscape_OP18/assets/Script/Game/JoyStick.ts as cce:/internal/x/cc.
debug: Resolve cc from file:///D:/PA_2024/3D/CatEscape/CatEscape_OP18/assets/Script/Game/JoyStick.ts as cce:/internal/x/cc.
debug: Resolve cce:/internal/code-quality/cr.mjs from file:///D:/PA_2024/3D/CatEscape/CatEscape_OP18/assets/Script/Game/Game.ts as cce:/internal/code-quality/cr.mjs.
debug: Resolve cc from file:///D:/PA_2024/3D/CatEscape/CatEscape_OP18/assets/Script/Game/Game.ts as cce:/internal/x/cc.
debug: Resolve cc from file:///D:/PA_2024/3D/CatEscape/CatEscape_OP18/assets/Script/Game/Game.ts as cce:/internal/x/cc.
debug: Resolve ../Data/Constant from file:///D:/PA_2024/3D/CatEscape/CatEscape_OP18/assets/Script/Game/JoyStick.ts as file:///D:/PA_2024/3D/CatEscape/CatEscape_OP18/assets/Script/Data/Constant.ts.
debug: Resolve ../Plugin/AudioManager from file:///D:/PA_2024/3D/CatEscape/CatEscape_OP18/assets/Script/Game/JoyStick.ts as file:///D:/PA_2024/3D/CatEscape/CatEscape_OP18/assets/Script/Plugin/AudioManager.ts.
debug: Resolve ./GameController from file:///D:/PA_2024/3D/CatEscape/CatEscape_OP18/assets/Script/Game/Game.ts as file:///D:/PA_2024/3D/CatEscape/CatEscape_OP18/assets/Script/Game/GameController.ts.
debug: Resolve ./JoyStick from file:///D:/PA_2024/3D/CatEscape/CatEscape_OP18/assets/Script/Game/Game.ts as file:///D:/PA_2024/3D/CatEscape/CatEscape_OP18/assets/Script/Game/JoyStick.ts.
debug: Resolve ../Data/Constant from file:///D:/PA_2024/3D/CatEscape/CatEscape_OP18/assets/Script/Game/Game.ts as file:///D:/PA_2024/3D/CatEscape/CatEscape_OP18/assets/Script/Data/Constant.ts.
debug: Resolve ../Plugin/AudioManager from file:///D:/PA_2024/3D/CatEscape/CatEscape_OP18/assets/Script/Game/Game.ts as file:///D:/PA_2024/3D/CatEscape/CatEscape_OP18/assets/Script/Plugin/AudioManager.ts.
debug: Target(preview) ends with cost 235.36039999127388ms.
