debug: Mon, 17 Jun 2024 03:22:43 GMT
debug: Project: D:\PA_2024\3D\DogEscape\DogEscape_Op2
debug: Targets: editor,preview
debug: Incremental file seems great.
debug: Engine path: C:\ProgramData\cocos\editors\Creator\3.4.2\resources\resources\3d\engine
debug: Initializing target [Editor]
debug: Loading cache
debug: Loading cache costs 44.19990000128746ms.
debug: Engine features shipped in editor: base,gfx-webgl,gfx-webgl2,3d,2d,ui,particle,particle-2d,physics-framework,physics-2d-framework,intersection-2d,primitive,profiler,audio,video,terrain,webview,tween,tiled-map,spine,dragon-bones,marionette
debug: Initializing target [Preview]
debug: Loading cache
debug: Loading cache costs 32.81140002608299ms.
debug: Sync engine features: 2d,3d,audio,base,gfx-webgl,gfx-webgl2,intersection-2d,marionette,particle,particle-2d,physics-2d-box2d,physics-cannon,primitive,profiler,spine,terrain,tween,ui,video,webview
debug: Pulling asset-db.
debug: Fetch asset-db cost: 68.10090002417564ms.
debug: Build iteration starts.
Number of accumulated asset changes: 10
Feature changed: false
debug: Target(editor) build started.
debug: Detected change: cce:/internal/x/cc. Last mtime: Thu Jan 01 1970 08:00:06 GMT+0800 (Indochina Time), Current mtime: Thu Jan 01 1970 08:00:08 GMT+0800 (Indochina Time)
debug: Inspect cce:/internal/x/cc
debug: Resolve cce:/internal/x/cc-fu/base from cce:/internal/x/cc as external dependency cce:/internal/x/cc-fu/base.
debug: Resolve cce:/internal/x/cc-fu/gfx-webgl from cce:/internal/x/cc as external dependency cce:/internal/x/cc-fu/gfx-webgl.
debug: Resolve cce:/internal/x/cc-fu/gfx-webgl2 from cce:/internal/x/cc as external dependency cce:/internal/x/cc-fu/gfx-webgl2.
debug: Resolve cce:/internal/x/cc-fu/3d from cce:/internal/x/cc as external dependency cce:/internal/x/cc-fu/3d.
debug: Resolve cce:/internal/x/cc-fu/2d from cce:/internal/x/cc as external dependency cce:/internal/x/cc-fu/2d.
debug: Resolve cce:/internal/x/cc-fu/ui from cce:/internal/x/cc as external dependency cce:/internal/x/cc-fu/ui.
debug: Resolve cce:/internal/x/cc-fu/particle from cce:/internal/x/cc as external dependency cce:/internal/x/cc-fu/particle.
debug: Resolve cce:/internal/x/cc-fu/particle-2d from cce:/internal/x/cc as external dependency cce:/internal/x/cc-fu/particle-2d.
debug: Resolve cce:/internal/x/cc-fu/physics-framework from cce:/internal/x/cc as external dependency cce:/internal/x/cc-fu/physics-framework.
debug: Resolve cce:/internal/x/cc-fu/physics-2d-framework from cce:/internal/x/cc as external dependency cce:/internal/x/cc-fu/physics-2d-framework.
debug: Resolve cce:/internal/x/cc-fu/intersection-2d from cce:/internal/x/cc as external dependency cce:/internal/x/cc-fu/intersection-2d.
debug: Resolve cce:/internal/x/cc-fu/primitive from cce:/internal/x/cc as external dependency cce:/internal/x/cc-fu/primitive.
debug: Resolve cce:/internal/x/cc-fu/profiler from cce:/internal/x/cc as external dependency cce:/internal/x/cc-fu/profiler.
debug: Resolve cce:/internal/x/cc-fu/audio from cce:/internal/x/cc as external dependency cce:/internal/x/cc-fu/audio.
debug: Resolve cce:/internal/x/cc-fu/video from cce:/internal/x/cc as external dependency cce:/internal/x/cc-fu/video.
debug: Resolve cce:/internal/x/cc-fu/terrain from cce:/internal/x/cc as external dependency cce:/internal/x/cc-fu/terrain.
debug: Resolve cce:/internal/x/cc-fu/webview from cce:/internal/x/cc as external dependency cce:/internal/x/cc-fu/webview.
debug: Resolve cce:/internal/x/cc-fu/tween from cce:/internal/x/cc as external dependency cce:/internal/x/cc-fu/tween.
debug: Resolve cce:/internal/x/cc-fu/tiled-map from cce:/internal/x/cc as external dependency cce:/internal/x/cc-fu/tiled-map.
debug: Resolve cce:/internal/x/cc-fu/spine from cce:/internal/x/cc as external dependency cce:/internal/x/cc-fu/spine.
debug: Resolve cce:/internal/x/cc-fu/dragon-bones from cce:/internal/x/cc as external dependency cce:/internal/x/cc-fu/dragon-bones.
debug: Detected change: cce:/internal/x/prerequisite-imports. Last mtime: Thu Jan 01 1970 08:00:38 GMT+0800 (Indochina Time), Current mtime: Thu Jan 01 1970 08:00:33 GMT+0800 (Indochina Time)
debug: Inspect cce:/internal/x/prerequisite-imports
debug: Resolve file:///D:/PA_2024/3D/DogEscape/DogEscape_Op2/assets/Script/Data/Constant.ts from cce:/internal/x/prerequisite-imports as file:///D:/PA_2024/3D/DogEscape/DogEscape_Op2/assets/Script/Data/Constant.ts.
debug: Resolve file:///D:/PA_2024/3D/DogEscape/DogEscape_Op2/assets/Script/Game/BossAction.ts from cce:/internal/x/prerequisite-imports as file:///D:/PA_2024/3D/DogEscape/DogEscape_Op2/assets/Script/Game/BossAction.ts.
debug: Resolve file:///D:/PA_2024/3D/DogEscape/DogEscape_Op2/assets/Script/Game/CatController.ts from cce:/internal/x/prerequisite-imports as file:///D:/PA_2024/3D/DogEscape/DogEscape_Op2/assets/Script/Game/CatController.ts.
debug: Resolve file:///D:/PA_2024/3D/DogEscape/DogEscape_Op2/assets/Script/Game/CubeController.ts from cce:/internal/x/prerequisite-imports as file:///D:/PA_2024/3D/DogEscape/DogEscape_Op2/assets/Script/Game/CubeController.ts.
debug: Resolve file:///D:/PA_2024/3D/DogEscape/DogEscape_Op2/assets/Script/Game/GameController.ts from cce:/internal/x/prerequisite-imports as file:///D:/PA_2024/3D/DogEscape/DogEscape_Op2/assets/Script/Game/GameController.ts.
debug: Resolve file:///D:/PA_2024/3D/DogEscape/DogEscape_Op2/assets/Script/Game/Game.ts from cce:/internal/x/prerequisite-imports as file:///D:/PA_2024/3D/DogEscape/DogEscape_Op2/assets/Script/Game/Game.ts.
debug: Resolve file:///D:/PA_2024/3D/DogEscape/DogEscape_Op2/assets/Script/Game/JoyStick.ts from cce:/internal/x/prerequisite-imports as file:///D:/PA_2024/3D/DogEscape/DogEscape_Op2/assets/Script/Game/JoyStick.ts.
debug: Resolve file:///D:/PA_2024/3D/DogEscape/DogEscape_Op2/assets/Script/Game/LaserController.ts from cce:/internal/x/prerequisite-imports as file:///D:/PA_2024/3D/DogEscape/DogEscape_Op2/assets/Script/Game/LaserController.ts.
debug: Resolve file:///D:/PA_2024/3D/DogEscape/DogEscape_Op2/assets/Script/Plugin/AudioManager.ts from cce:/internal/x/prerequisite-imports as file:///D:/PA_2024/3D/DogEscape/DogEscape_Op2/assets/Script/Plugin/AudioManager.ts.
debug: Resolve file:///D:/PA_2024/3D/DogEscape/DogEscape_Op2/assets/Script/Plugin/Responsive.ts from cce:/internal/x/prerequisite-imports as file:///D:/PA_2024/3D/DogEscape/DogEscape_Op2/assets/Script/Plugin/Responsive.ts.
debug: Detected change: cce:/internal/code-quality/cr.mjs. Last mtime: Fri Jun 14 2024 15:23:56 GMT+0700 (Indochina Time), Current mtime: Mon Jun 17 2024 10:22:34 GMT+0700 (Indochina Time)
debug: Inspect cce:/internal/code-quality/cr.mjs
debug: Detected change: file:///D:/PA_2024/3D/DogEscape/DogEscape_Op2/assets/Script/Game/CatController.ts. Last mtime: Fri Mar 08 2024 17:43:31 GMT+0700 (Indochina Time)@502264de-30b3-4a12-acee-60c1500523a6, Current mtime: Fri Jun 14 2024 15:47:07 GMT+0700 (Indochina Time)@502264de-30b3-4a12-acee-60c1500523a6
debug: Inspect file:///D:/PA_2024/3D/DogEscape/DogEscape_Op2/assets/Script/Game/CatController.ts
debug: Detected change: file:///D:/PA_2024/3D/DogEscape/DogEscape_Op2/assets/Script/Game/JoyStick.ts. Last mtime: Fri Jun 14 2024 15:05:02 GMT+0700 (Indochina Time)@c3658a8e-41a7-4461-9b7c-d04a8fa6ae67, Current mtime: Fri Jun 14 2024 15:39:54 GMT+0700 (Indochina Time)@c3658a8e-41a7-4461-9b7c-d04a8fa6ae67
debug: Inspect file:///D:/PA_2024/3D/DogEscape/DogEscape_Op2/assets/Script/Game/JoyStick.ts
debug: Resolve cce:/internal/code-quality/cr.mjs from file:///D:/PA_2024/3D/DogEscape/DogEscape_Op2/assets/Script/Game/JoyStick.ts as cce:/internal/code-quality/cr.mjs.
debug: Resolve cc from file:///D:/PA_2024/3D/DogEscape/DogEscape_Op2/assets/Script/Game/JoyStick.ts as cce:/internal/x/cc.
debug: Resolve cc from file:///D:/PA_2024/3D/DogEscape/DogEscape_Op2/assets/Script/Game/JoyStick.ts as cce:/internal/x/cc.
debug: Resolve cce:/internal/code-quality/cr.mjs from file:///D:/PA_2024/3D/DogEscape/DogEscape_Op2/assets/Script/Game/CatController.ts as cce:/internal/code-quality/cr.mjs.
debug: Resolve cc from file:///D:/PA_2024/3D/DogEscape/DogEscape_Op2/assets/Script/Game/CatController.ts as cce:/internal/x/cc.
debug: Resolve cc from file:///D:/PA_2024/3D/DogEscape/DogEscape_Op2/assets/Script/Game/CatController.ts as cce:/internal/x/cc.
debug: Resolve ../Data/Constant from file:///D:/PA_2024/3D/DogEscape/DogEscape_Op2/assets/Script/Game/JoyStick.ts as file:///D:/PA_2024/3D/DogEscape/DogEscape_Op2/assets/Script/Data/Constant.ts.
debug: Resolve ../Plugin/AudioManager from file:///D:/PA_2024/3D/DogEscape/DogEscape_Op2/assets/Script/Game/JoyStick.ts as file:///D:/PA_2024/3D/DogEscape/DogEscape_Op2/assets/Script/Plugin/AudioManager.ts.
debug: Resolve ./JoyStick from file:///D:/PA_2024/3D/DogEscape/DogEscape_Op2/assets/Script/Game/CatController.ts as file:///D:/PA_2024/3D/DogEscape/DogEscape_Op2/assets/Script/Game/JoyStick.ts.
debug: Resolve ./Game from file:///D:/PA_2024/3D/DogEscape/DogEscape_Op2/assets/Script/Game/CatController.ts as file:///D:/PA_2024/3D/DogEscape/DogEscape_Op2/assets/Script/Game/Game.ts.
debug: Resolve ../Data/Constant from file:///D:/PA_2024/3D/DogEscape/DogEscape_Op2/assets/Script/Game/CatController.ts as file:///D:/PA_2024/3D/DogEscape/DogEscape_Op2/assets/Script/Data/Constant.ts.
debug: Resolve ../Plugin/AudioManager from file:///D:/PA_2024/3D/DogEscape/DogEscape_Op2/assets/Script/Game/CatController.ts as file:///D:/PA_2024/3D/DogEscape/DogEscape_Op2/assets/Script/Plugin/AudioManager.ts.
debug: Target(editor) ends with cost 583.1038000285625ms.
debug: Target(preview) build started.
debug: Detected change: cce:/internal/x/cc. Last mtime: Thu Jan 01 1970 08:00:06 GMT+0800 (Indochina Time), Current mtime: Thu Jan 01 1970 08:00:08 GMT+0800 (Indochina Time)
debug: Inspect cce:/internal/x/cc
debug: Resolve cce:/internal/x/cc-fu/2d from cce:/internal/x/cc as external dependency cce:/internal/x/cc-fu/2d.
debug: Resolve cce:/internal/x/cc-fu/3d from cce:/internal/x/cc as external dependency cce:/internal/x/cc-fu/3d.
debug: Resolve cce:/internal/x/cc-fu/audio from cce:/internal/x/cc as external dependency cce:/internal/x/cc-fu/audio.
debug: Resolve cce:/internal/x/cc-fu/base from cce:/internal/x/cc as external dependency cce:/internal/x/cc-fu/base.
debug: Resolve cce:/internal/x/cc-fu/gfx-webgl from cce:/internal/x/cc as external dependency cce:/internal/x/cc-fu/gfx-webgl.
debug: Resolve cce:/internal/x/cc-fu/gfx-webgl2 from cce:/internal/x/cc as external dependency cce:/internal/x/cc-fu/gfx-webgl2.
debug: Resolve cce:/internal/x/cc-fu/intersection-2d from cce:/internal/x/cc as external dependency cce:/internal/x/cc-fu/intersection-2d.
debug: Resolve cce:/internal/x/cc-fu/particle from cce:/internal/x/cc as external dependency cce:/internal/x/cc-fu/particle.
debug: Resolve cce:/internal/x/cc-fu/particle-2d from cce:/internal/x/cc as external dependency cce:/internal/x/cc-fu/particle-2d.
debug: Resolve cce:/internal/x/cc-fu/physics-2d-box2d from cce:/internal/x/cc as external dependency cce:/internal/x/cc-fu/physics-2d-box2d.
debug: Resolve cce:/internal/x/cc-fu/physics-2d-framework from cce:/internal/x/cc as external dependency cce:/internal/x/cc-fu/physics-2d-framework.
debug: Resolve cce:/internal/x/cc-fu/physics-cannon from cce:/internal/x/cc as external dependency cce:/internal/x/cc-fu/physics-cannon.
debug: Resolve cce:/internal/x/cc-fu/physics-framework from cce:/internal/x/cc as external dependency cce:/internal/x/cc-fu/physics-framework.
debug: Resolve cce:/internal/x/cc-fu/primitive from cce:/internal/x/cc as external dependency cce:/internal/x/cc-fu/primitive.
debug: Resolve cce:/internal/x/cc-fu/profiler from cce:/internal/x/cc as external dependency cce:/internal/x/cc-fu/profiler.
debug: Resolve cce:/internal/x/cc-fu/spine from cce:/internal/x/cc as external dependency cce:/internal/x/cc-fu/spine.
debug: Resolve cce:/internal/x/cc-fu/terrain from cce:/internal/x/cc as external dependency cce:/internal/x/cc-fu/terrain.
debug: Resolve cce:/internal/x/cc-fu/tween from cce:/internal/x/cc as external dependency cce:/internal/x/cc-fu/tween.
debug: Resolve cce:/internal/x/cc-fu/ui from cce:/internal/x/cc as external dependency cce:/internal/x/cc-fu/ui.
debug: Resolve cce:/internal/x/cc-fu/video from cce:/internal/x/cc as external dependency cce:/internal/x/cc-fu/video.
debug: Resolve cce:/internal/x/cc-fu/webview from cce:/internal/x/cc as external dependency cce:/internal/x/cc-fu/webview.
debug: Detected change: cce:/internal/x/prerequisite-imports. Last mtime: Thu Jan 01 1970 08:00:38 GMT+0800 (Indochina Time), Current mtime: Thu Jan 01 1970 08:00:33 GMT+0800 (Indochina Time)
debug: Inspect cce:/internal/x/prerequisite-imports
debug: Resolve file:///D:/PA_2024/3D/DogEscape/DogEscape_Op2/assets/Script/Data/Constant.ts from cce:/internal/x/prerequisite-imports as file:///D:/PA_2024/3D/DogEscape/DogEscape_Op2/assets/Script/Data/Constant.ts.
debug: Resolve file:///D:/PA_2024/3D/DogEscape/DogEscape_Op2/assets/Script/Game/BossAction.ts from cce:/internal/x/prerequisite-imports as file:///D:/PA_2024/3D/DogEscape/DogEscape_Op2/assets/Script/Game/BossAction.ts.
debug: Resolve file:///D:/PA_2024/3D/DogEscape/DogEscape_Op2/assets/Script/Game/CatController.ts from cce:/internal/x/prerequisite-imports as file:///D:/PA_2024/3D/DogEscape/DogEscape_Op2/assets/Script/Game/CatController.ts.
debug: Resolve file:///D:/PA_2024/3D/DogEscape/DogEscape_Op2/assets/Script/Game/CubeController.ts from cce:/internal/x/prerequisite-imports as file:///D:/PA_2024/3D/DogEscape/DogEscape_Op2/assets/Script/Game/CubeController.ts.
debug: Resolve file:///D:/PA_2024/3D/DogEscape/DogEscape_Op2/assets/Script/Game/Game.ts from cce:/internal/x/prerequisite-imports as file:///D:/PA_2024/3D/DogEscape/DogEscape_Op2/assets/Script/Game/Game.ts.
debug: Resolve file:///D:/PA_2024/3D/DogEscape/DogEscape_Op2/assets/Script/Game/GameController.ts from cce:/internal/x/prerequisite-imports as file:///D:/PA_2024/3D/DogEscape/DogEscape_Op2/assets/Script/Game/GameController.ts.
debug: Resolve file:///D:/PA_2024/3D/DogEscape/DogEscape_Op2/assets/Script/Game/JoyStick.ts from cce:/internal/x/prerequisite-imports as file:///D:/PA_2024/3D/DogEscape/DogEscape_Op2/assets/Script/Game/JoyStick.ts.
debug: Resolve file:///D:/PA_2024/3D/DogEscape/DogEscape_Op2/assets/Script/Game/LaserController.ts from cce:/internal/x/prerequisite-imports as file:///D:/PA_2024/3D/DogEscape/DogEscape_Op2/assets/Script/Game/LaserController.ts.
debug: Resolve file:///D:/PA_2024/3D/DogEscape/DogEscape_Op2/assets/Script/Plugin/AudioManager.ts from cce:/internal/x/prerequisite-imports as file:///D:/PA_2024/3D/DogEscape/DogEscape_Op2/assets/Script/Plugin/AudioManager.ts.
debug: Resolve file:///D:/PA_2024/3D/DogEscape/DogEscape_Op2/assets/Script/Plugin/Responsive.ts from cce:/internal/x/prerequisite-imports as file:///D:/PA_2024/3D/DogEscape/DogEscape_Op2/assets/Script/Plugin/Responsive.ts.
debug: Detected change: cce:/internal/code-quality/cr.mjs. Last mtime: Fri Jun 14 2024 15:23:56 GMT+0700 (Indochina Time), Current mtime: Mon Jun 17 2024 10:22:34 GMT+0700 (Indochina Time)
debug: Inspect cce:/internal/code-quality/cr.mjs
debug: Detected change: file:///D:/PA_2024/3D/DogEscape/DogEscape_Op2/assets/Script/Game/CatController.ts. Last mtime: Fri Mar 08 2024 17:43:31 GMT+0700 (Indochina Time)@502264de-30b3-4a12-acee-60c1500523a6, Current mtime: Fri Jun 14 2024 15:47:07 GMT+0700 (Indochina Time)@502264de-30b3-4a12-acee-60c1500523a6
debug: Inspect file:///D:/PA_2024/3D/DogEscape/DogEscape_Op2/assets/Script/Game/CatController.ts
debug: Detected change: file:///D:/PA_2024/3D/DogEscape/DogEscape_Op2/assets/Script/Game/JoyStick.ts. Last mtime: Fri Jun 14 2024 15:05:02 GMT+0700 (Indochina Time)@c3658a8e-41a7-4461-9b7c-d04a8fa6ae67, Current mtime: Fri Jun 14 2024 15:39:54 GMT+0700 (Indochina Time)@c3658a8e-41a7-4461-9b7c-d04a8fa6ae67
debug: Inspect file:///D:/PA_2024/3D/DogEscape/DogEscape_Op2/assets/Script/Game/JoyStick.ts
debug: Resolve cce:/internal/code-quality/cr.mjs from file:///D:/PA_2024/3D/DogEscape/DogEscape_Op2/assets/Script/Game/CatController.ts as cce:/internal/code-quality/cr.mjs.
debug: Resolve cc from file:///D:/PA_2024/3D/DogEscape/DogEscape_Op2/assets/Script/Game/CatController.ts as cce:/internal/x/cc.
debug: Resolve cc from file:///D:/PA_2024/3D/DogEscape/DogEscape_Op2/assets/Script/Game/CatController.ts as cce:/internal/x/cc.
debug: Resolve cce:/internal/code-quality/cr.mjs from file:///D:/PA_2024/3D/DogEscape/DogEscape_Op2/assets/Script/Game/JoyStick.ts as cce:/internal/code-quality/cr.mjs.
debug: Resolve cc from file:///D:/PA_2024/3D/DogEscape/DogEscape_Op2/assets/Script/Game/JoyStick.ts as cce:/internal/x/cc.
debug: Resolve cc from file:///D:/PA_2024/3D/DogEscape/DogEscape_Op2/assets/Script/Game/JoyStick.ts as cce:/internal/x/cc.
debug: Resolve ./JoyStick from file:///D:/PA_2024/3D/DogEscape/DogEscape_Op2/assets/Script/Game/CatController.ts as file:///D:/PA_2024/3D/DogEscape/DogEscape_Op2/assets/Script/Game/JoyStick.ts.
debug: Resolve ./Game from file:///D:/PA_2024/3D/DogEscape/DogEscape_Op2/assets/Script/Game/CatController.ts as file:///D:/PA_2024/3D/DogEscape/DogEscape_Op2/assets/Script/Game/Game.ts.
debug: Resolve ../Data/Constant from file:///D:/PA_2024/3D/DogEscape/DogEscape_Op2/assets/Script/Game/CatController.ts as file:///D:/PA_2024/3D/DogEscape/DogEscape_Op2/assets/Script/Data/Constant.ts.
debug: Resolve ../Plugin/AudioManager from file:///D:/PA_2024/3D/DogEscape/DogEscape_Op2/assets/Script/Game/CatController.ts as file:///D:/PA_2024/3D/DogEscape/DogEscape_Op2/assets/Script/Plugin/AudioManager.ts.
debug: Resolve ../Data/Constant from file:///D:/PA_2024/3D/DogEscape/DogEscape_Op2/assets/Script/Game/JoyStick.ts as file:///D:/PA_2024/3D/DogEscape/DogEscape_Op2/assets/Script/Data/Constant.ts.
debug: Resolve ../Plugin/AudioManager from file:///D:/PA_2024/3D/DogEscape/DogEscape_Op2/assets/Script/Game/JoyStick.ts as file:///D:/PA_2024/3D/DogEscape/DogEscape_Op2/assets/Script/Plugin/AudioManager.ts.
debug: Target(preview) ends with cost 434.15080001950264ms.
debug: Dispatch build request for time accumulated 1 asset changes.
debug: Build iteration starts.
Number of accumulated asset changes: 1
Feature changed: false
debug: Target(editor) build started.
debug: Detected change: cce:/internal/x/prerequisite-imports. Last mtime: Thu Jan 01 1970 08:00:33 GMT+0800 (Indochina Time), Current mtime: Thu Jan 01 1970 08:07:37 GMT+0800 (Indochina Time)
debug: Inspect cce:/internal/x/prerequisite-imports
debug: Resolve file:///D:/PA_2024/3D/DogEscape/DogEscape_Op2/assets/Script/Data/Constant.ts from cce:/internal/x/prerequisite-imports as file:///D:/PA_2024/3D/DogEscape/DogEscape_Op2/assets/Script/Data/Constant.ts.
debug: Resolve file:///D:/PA_2024/3D/DogEscape/DogEscape_Op2/assets/Script/Game/CatController.ts from cce:/internal/x/prerequisite-imports as file:///D:/PA_2024/3D/DogEscape/DogEscape_Op2/assets/Script/Game/CatController.ts.
debug: Resolve file:///D:/PA_2024/3D/DogEscape/DogEscape_Op2/assets/Script/Game/BossAction.ts from cce:/internal/x/prerequisite-imports as file:///D:/PA_2024/3D/DogEscape/DogEscape_Op2/assets/Script/Game/BossAction.ts.
debug: Resolve file:///D:/PA_2024/3D/DogEscape/DogEscape_Op2/assets/Script/Game/CubeController.ts from cce:/internal/x/prerequisite-imports as file:///D:/PA_2024/3D/DogEscape/DogEscape_Op2/assets/Script/Game/CubeController.ts.
debug: Resolve file:///D:/PA_2024/3D/DogEscape/DogEscape_Op2/assets/Script/Game/Game.ts from cce:/internal/x/prerequisite-imports as file:///D:/PA_2024/3D/DogEscape/DogEscape_Op2/assets/Script/Game/Game.ts.
debug: Resolve file:///D:/PA_2024/3D/DogEscape/DogEscape_Op2/assets/Script/Game/GameController.ts from cce:/internal/x/prerequisite-imports as file:///D:/PA_2024/3D/DogEscape/DogEscape_Op2/assets/Script/Game/GameController.ts.
debug: Resolve file:///D:/PA_2024/3D/DogEscape/DogEscape_Op2/assets/Script/Game/JoyStick.ts from cce:/internal/x/prerequisite-imports as file:///D:/PA_2024/3D/DogEscape/DogEscape_Op2/assets/Script/Game/JoyStick.ts.
debug: Resolve file:///D:/PA_2024/3D/DogEscape/DogEscape_Op2/assets/Script/Game/LaserController.ts from cce:/internal/x/prerequisite-imports as file:///D:/PA_2024/3D/DogEscape/DogEscape_Op2/assets/Script/Game/LaserController.ts.
debug: Resolve file:///D:/PA_2024/3D/DogEscape/DogEscape_Op2/assets/Script/Plugin/AudioManager.ts from cce:/internal/x/prerequisite-imports as file:///D:/PA_2024/3D/DogEscape/DogEscape_Op2/assets/Script/Plugin/AudioManager.ts.
debug: Resolve file:///D:/PA_2024/3D/DogEscape/DogEscape_Op2/assets/Script/Plugin/Responsive.ts from cce:/internal/x/prerequisite-imports as file:///D:/PA_2024/3D/DogEscape/DogEscape_Op2/assets/Script/Plugin/Responsive.ts.
debug: Detected change: file:///D:/PA_2024/3D/DogEscape/DogEscape_Op2/assets/Script/Game/Game.ts. Last mtime: Fri May 17 2024 17:33:46 GMT+0700 (Indochina Time)@ab7fd72a-74c2-4195-b544-23f23c628884, Current mtime: Mon Jun 17 2024 10:25:11 GMT+0700 (Indochina Time)@ab7fd72a-74c2-4195-b544-23f23c628884
debug: Inspect file:///D:/PA_2024/3D/DogEscape/DogEscape_Op2/assets/Script/Game/Game.ts
debug: Resolve cce:/internal/code-quality/cr.mjs from file:///D:/PA_2024/3D/DogEscape/DogEscape_Op2/assets/Script/Game/Game.ts as cce:/internal/code-quality/cr.mjs.
debug: Resolve cc from file:///D:/PA_2024/3D/DogEscape/DogEscape_Op2/assets/Script/Game/Game.ts as cce:/internal/x/cc.
debug: Resolve cc from file:///D:/PA_2024/3D/DogEscape/DogEscape_Op2/assets/Script/Game/Game.ts as cce:/internal/x/cc.
debug: Resolve ./GameController from file:///D:/PA_2024/3D/DogEscape/DogEscape_Op2/assets/Script/Game/Game.ts as file:///D:/PA_2024/3D/DogEscape/DogEscape_Op2/assets/Script/Game/GameController.ts.
debug: Resolve ./JoyStick from file:///D:/PA_2024/3D/DogEscape/DogEscape_Op2/assets/Script/Game/Game.ts as file:///D:/PA_2024/3D/DogEscape/DogEscape_Op2/assets/Script/Game/JoyStick.ts.
debug: Resolve ../Data/Constant from file:///D:/PA_2024/3D/DogEscape/DogEscape_Op2/assets/Script/Game/Game.ts as file:///D:/PA_2024/3D/DogEscape/DogEscape_Op2/assets/Script/Data/Constant.ts.
debug: Resolve ../Plugin/AudioManager from file:///D:/PA_2024/3D/DogEscape/DogEscape_Op2/assets/Script/Game/Game.ts as file:///D:/PA_2024/3D/DogEscape/DogEscape_Op2/assets/Script/Plugin/AudioManager.ts.
debug: Target(editor) ends with cost 137.88980001211166ms.
debug: Target(preview) build started.
debug: Detected change: cce:/internal/x/prerequisite-imports. Last mtime: Thu Jan 01 1970 08:00:33 GMT+0800 (Indochina Time), Current mtime: Thu Jan 01 1970 08:07:38 GMT+0800 (Indochina Time)
debug: Inspect cce:/internal/x/prerequisite-imports
debug: Resolve file:///D:/PA_2024/3D/DogEscape/DogEscape_Op2/assets/Script/Data/Constant.ts from cce:/internal/x/prerequisite-imports as file:///D:/PA_2024/3D/DogEscape/DogEscape_Op2/assets/Script/Data/Constant.ts.
debug: Resolve file:///D:/PA_2024/3D/DogEscape/DogEscape_Op2/assets/Script/Game/BossAction.ts from cce:/internal/x/prerequisite-imports as file:///D:/PA_2024/3D/DogEscape/DogEscape_Op2/assets/Script/Game/BossAction.ts.
debug: Resolve file:///D:/PA_2024/3D/DogEscape/DogEscape_Op2/assets/Script/Game/CatController.ts from cce:/internal/x/prerequisite-imports as file:///D:/PA_2024/3D/DogEscape/DogEscape_Op2/assets/Script/Game/CatController.ts.
debug: Resolve file:///D:/PA_2024/3D/DogEscape/DogEscape_Op2/assets/Script/Game/CubeController.ts from cce:/internal/x/prerequisite-imports as file:///D:/PA_2024/3D/DogEscape/DogEscape_Op2/assets/Script/Game/CubeController.ts.
debug: Resolve file:///D:/PA_2024/3D/DogEscape/DogEscape_Op2/assets/Script/Game/Game.ts from cce:/internal/x/prerequisite-imports as file:///D:/PA_2024/3D/DogEscape/DogEscape_Op2/assets/Script/Game/Game.ts.
debug: Resolve file:///D:/PA_2024/3D/DogEscape/DogEscape_Op2/assets/Script/Game/GameController.ts from cce:/internal/x/prerequisite-imports as file:///D:/PA_2024/3D/DogEscape/DogEscape_Op2/assets/Script/Game/GameController.ts.
debug: Resolve file:///D:/PA_2024/3D/DogEscape/DogEscape_Op2/assets/Script/Game/JoyStick.ts from cce:/internal/x/prerequisite-imports as file:///D:/PA_2024/3D/DogEscape/DogEscape_Op2/assets/Script/Game/JoyStick.ts.
debug: Resolve file:///D:/PA_2024/3D/DogEscape/DogEscape_Op2/assets/Script/Game/LaserController.ts from cce:/internal/x/prerequisite-imports as file:///D:/PA_2024/3D/DogEscape/DogEscape_Op2/assets/Script/Game/LaserController.ts.
debug: Resolve file:///D:/PA_2024/3D/DogEscape/DogEscape_Op2/assets/Script/Plugin/AudioManager.ts from cce:/internal/x/prerequisite-imports as file:///D:/PA_2024/3D/DogEscape/DogEscape_Op2/assets/Script/Plugin/AudioManager.ts.
debug: Resolve file:///D:/PA_2024/3D/DogEscape/DogEscape_Op2/assets/Script/Plugin/Responsive.ts from cce:/internal/x/prerequisite-imports as file:///D:/PA_2024/3D/DogEscape/DogEscape_Op2/assets/Script/Plugin/Responsive.ts.
debug: Detected change: file:///D:/PA_2024/3D/DogEscape/DogEscape_Op2/assets/Script/Game/Game.ts. Last mtime: Fri May 17 2024 17:33:46 GMT+0700 (Indochina Time)@ab7fd72a-74c2-4195-b544-23f23c628884, Current mtime: Mon Jun 17 2024 10:25:11 GMT+0700 (Indochina Time)@ab7fd72a-74c2-4195-b544-23f23c628884
debug: Inspect file:///D:/PA_2024/3D/DogEscape/DogEscape_Op2/assets/Script/Game/Game.ts
debug: Resolve cce:/internal/code-quality/cr.mjs from file:///D:/PA_2024/3D/DogEscape/DogEscape_Op2/assets/Script/Game/Game.ts as cce:/internal/code-quality/cr.mjs.
debug: Resolve cc from file:///D:/PA_2024/3D/DogEscape/DogEscape_Op2/assets/Script/Game/Game.ts as cce:/internal/x/cc.
debug: Resolve cc from file:///D:/PA_2024/3D/DogEscape/DogEscape_Op2/assets/Script/Game/Game.ts as cce:/internal/x/cc.
debug: Resolve ./GameController from file:///D:/PA_2024/3D/DogEscape/DogEscape_Op2/assets/Script/Game/Game.ts as file:///D:/PA_2024/3D/DogEscape/DogEscape_Op2/assets/Script/Game/GameController.ts.
debug: Resolve ./JoyStick from file:///D:/PA_2024/3D/DogEscape/DogEscape_Op2/assets/Script/Game/Game.ts as file:///D:/PA_2024/3D/DogEscape/DogEscape_Op2/assets/Script/Game/JoyStick.ts.
debug: Resolve ../Data/Constant from file:///D:/PA_2024/3D/DogEscape/DogEscape_Op2/assets/Script/Game/Game.ts as file:///D:/PA_2024/3D/DogEscape/DogEscape_Op2/assets/Script/Data/Constant.ts.
debug: Resolve ../Plugin/AudioManager from file:///D:/PA_2024/3D/DogEscape/DogEscape_Op2/assets/Script/Game/Game.ts as file:///D:/PA_2024/3D/DogEscape/DogEscape_Op2/assets/Script/Plugin/AudioManager.ts.
debug: Target(preview) ends with cost 141.12720000743866ms.
debug: Dispatch build request for time accumulated 3 asset changes.
debug: Build iteration starts.
Number of accumulated asset changes: 3
Feature changed: false
debug: Target(editor) build started.
debug: Detected change: cce:/internal/x/prerequisite-imports. Last mtime: Thu Jan 01 1970 08:07:37 GMT+0800 (Indochina Time), Current mtime: Thu Jan 01 1970 08:13:13 GMT+0800 (Indochina Time)
debug: Inspect cce:/internal/x/prerequisite-imports
debug: Resolve file:///D:/PA_2024/3D/DogEscape/DogEscape_Op2/assets/Script/Data/Constant.ts from cce:/internal/x/prerequisite-imports as file:///D:/PA_2024/3D/DogEscape/DogEscape_Op2/assets/Script/Data/Constant.ts.
debug: Resolve file:///D:/PA_2024/3D/DogEscape/DogEscape_Op2/assets/Script/Game/BossAction.ts from cce:/internal/x/prerequisite-imports as file:///D:/PA_2024/3D/DogEscape/DogEscape_Op2/assets/Script/Game/BossAction.ts.
debug: Resolve file:///D:/PA_2024/3D/DogEscape/DogEscape_Op2/assets/Script/Game/CatController.ts from cce:/internal/x/prerequisite-imports as file:///D:/PA_2024/3D/DogEscape/DogEscape_Op2/assets/Script/Game/CatController.ts.
debug: Resolve file:///D:/PA_2024/3D/DogEscape/DogEscape_Op2/assets/Script/Game/CubeController.ts from cce:/internal/x/prerequisite-imports as file:///D:/PA_2024/3D/DogEscape/DogEscape_Op2/assets/Script/Game/CubeController.ts.
debug: Resolve file:///D:/PA_2024/3D/DogEscape/DogEscape_Op2/assets/Script/Game/Game.ts from cce:/internal/x/prerequisite-imports as file:///D:/PA_2024/3D/DogEscape/DogEscape_Op2/assets/Script/Game/Game.ts.
debug: Resolve file:///D:/PA_2024/3D/DogEscape/DogEscape_Op2/assets/Script/Game/GameController.ts from cce:/internal/x/prerequisite-imports as file:///D:/PA_2024/3D/DogEscape/DogEscape_Op2/assets/Script/Game/GameController.ts.
debug: Resolve file:///D:/PA_2024/3D/DogEscape/DogEscape_Op2/assets/Script/Game/JoyStick.ts from cce:/internal/x/prerequisite-imports as file:///D:/PA_2024/3D/DogEscape/DogEscape_Op2/assets/Script/Game/JoyStick.ts.
debug: Resolve file:///D:/PA_2024/3D/DogEscape/DogEscape_Op2/assets/Script/Game/LaserController.ts from cce:/internal/x/prerequisite-imports as file:///D:/PA_2024/3D/DogEscape/DogEscape_Op2/assets/Script/Game/LaserController.ts.
debug: Resolve file:///D:/PA_2024/3D/DogEscape/DogEscape_Op2/assets/Script/Plugin/AudioManager.ts from cce:/internal/x/prerequisite-imports as file:///D:/PA_2024/3D/DogEscape/DogEscape_Op2/assets/Script/Plugin/AudioManager.ts.
debug: Resolve file:///D:/PA_2024/3D/DogEscape/DogEscape_Op2/assets/Script/Plugin/Responsive.ts from cce:/internal/x/prerequisite-imports as file:///D:/PA_2024/3D/DogEscape/DogEscape_Op2/assets/Script/Plugin/Responsive.ts.
debug: Detected change: file:///D:/PA_2024/3D/DogEscape/DogEscape_Op2/assets/Script/Game/Game.ts. Last mtime: Mon Jun 17 2024 10:25:11 GMT+0700 (Indochina Time)@ab7fd72a-74c2-4195-b544-23f23c628884, Current mtime: Mon Jun 17 2024 10:30:48 GMT+0700 (Indochina Time)@ab7fd72a-74c2-4195-b544-23f23c628884
debug: Inspect file:///D:/PA_2024/3D/DogEscape/DogEscape_Op2/assets/Script/Game/Game.ts
debug: Detected change: file:///D:/PA_2024/3D/DogEscape/DogEscape_Op2/assets/Script/Game/GameController.ts. Last mtime: Fri May 17 2024 17:25:45 GMT+0700 (Indochina Time)@cf8e169e-b668-4ef4-8c67-dee951a14489, Current mtime: Mon Jun 17 2024 10:34:55 GMT+0700 (Indochina Time)@cf8e169e-b668-4ef4-8c67-dee951a14489
debug: Inspect file:///D:/PA_2024/3D/DogEscape/DogEscape_Op2/assets/Script/Game/GameController.ts
debug: Detected change: file:///D:/PA_2024/3D/DogEscape/DogEscape_Op2/assets/Script/Game/JoyStick.ts. Last mtime: Fri Jun 14 2024 15:39:54 GMT+0700 (Indochina Time)@c3658a8e-41a7-4461-9b7c-d04a8fa6ae67, Current mtime: Mon Jun 17 2024 10:33:10 GMT+0700 (Indochina Time)@c3658a8e-41a7-4461-9b7c-d04a8fa6ae67
debug: Inspect file:///D:/PA_2024/3D/DogEscape/DogEscape_Op2/assets/Script/Game/JoyStick.ts
debug: Resolve cce:/internal/code-quality/cr.mjs from file:///D:/PA_2024/3D/DogEscape/DogEscape_Op2/assets/Script/Game/Game.ts as cce:/internal/code-quality/cr.mjs.
debug: Resolve cc from file:///D:/PA_2024/3D/DogEscape/DogEscape_Op2/assets/Script/Game/Game.ts as cce:/internal/x/cc.
debug: Resolve cc from file:///D:/PA_2024/3D/DogEscape/DogEscape_Op2/assets/Script/Game/Game.ts as cce:/internal/x/cc.
debug: Resolve cce:/internal/code-quality/cr.mjs from file:///D:/PA_2024/3D/DogEscape/DogEscape_Op2/assets/Script/Game/JoyStick.ts as cce:/internal/code-quality/cr.mjs.
debug: Resolve cc from file:///D:/PA_2024/3D/DogEscape/DogEscape_Op2/assets/Script/Game/JoyStick.ts as cce:/internal/x/cc.
debug: Resolve cc from file:///D:/PA_2024/3D/DogEscape/DogEscape_Op2/assets/Script/Game/JoyStick.ts as cce:/internal/x/cc.
debug: Resolve cce:/internal/code-quality/cr.mjs from file:///D:/PA_2024/3D/DogEscape/DogEscape_Op2/assets/Script/Game/GameController.ts as cce:/internal/code-quality/cr.mjs.
debug: Resolve cc from file:///D:/PA_2024/3D/DogEscape/DogEscape_Op2/assets/Script/Game/GameController.ts as cce:/internal/x/cc.
debug: Resolve cc from file:///D:/PA_2024/3D/DogEscape/DogEscape_Op2/assets/Script/Game/GameController.ts as cce:/internal/x/cc.
debug: Resolve ./GameController from file:///D:/PA_2024/3D/DogEscape/DogEscape_Op2/assets/Script/Game/Game.ts as file:///D:/PA_2024/3D/DogEscape/DogEscape_Op2/assets/Script/Game/GameController.ts.
debug: Resolve ./JoyStick from file:///D:/PA_2024/3D/DogEscape/DogEscape_Op2/assets/Script/Game/Game.ts as file:///D:/PA_2024/3D/DogEscape/DogEscape_Op2/assets/Script/Game/JoyStick.ts.
debug: Resolve ../Data/Constant from file:///D:/PA_2024/3D/DogEscape/DogEscape_Op2/assets/Script/Game/Game.ts as file:///D:/PA_2024/3D/DogEscape/DogEscape_Op2/assets/Script/Data/Constant.ts.
debug: Resolve ../Plugin/AudioManager from file:///D:/PA_2024/3D/DogEscape/DogEscape_Op2/assets/Script/Game/Game.ts as file:///D:/PA_2024/3D/DogEscape/DogEscape_Op2/assets/Script/Plugin/AudioManager.ts.
debug: Resolve ../Data/Constant from file:///D:/PA_2024/3D/DogEscape/DogEscape_Op2/assets/Script/Game/JoyStick.ts as file:///D:/PA_2024/3D/DogEscape/DogEscape_Op2/assets/Script/Data/Constant.ts.
debug: Resolve ../Plugin/AudioManager from file:///D:/PA_2024/3D/DogEscape/DogEscape_Op2/assets/Script/Game/JoyStick.ts as file:///D:/PA_2024/3D/DogEscape/DogEscape_Op2/assets/Script/Plugin/AudioManager.ts.
debug: Resolve ../Plugin/AudioManager from file:///D:/PA_2024/3D/DogEscape/DogEscape_Op2/assets/Script/Game/GameController.ts as file:///D:/PA_2024/3D/DogEscape/DogEscape_Op2/assets/Script/Plugin/AudioManager.ts.
debug: Resolve ../Data/Constant from file:///D:/PA_2024/3D/DogEscape/DogEscape_Op2/assets/Script/Game/GameController.ts as file:///D:/PA_2024/3D/DogEscape/DogEscape_Op2/assets/Script/Data/Constant.ts.
debug: Target(editor) ends with cost 208.04370000958443ms.
debug: Target(preview) build started.
debug: Detected change: cce:/internal/x/prerequisite-imports. Last mtime: Thu Jan 01 1970 08:07:38 GMT+0800 (Indochina Time), Current mtime: Thu Jan 01 1970 08:13:13 GMT+0800 (Indochina Time)
debug: Inspect cce:/internal/x/prerequisite-imports
debug: Resolve file:///D:/PA_2024/3D/DogEscape/DogEscape_Op2/assets/Script/Data/Constant.ts from cce:/internal/x/prerequisite-imports as file:///D:/PA_2024/3D/DogEscape/DogEscape_Op2/assets/Script/Data/Constant.ts.
debug: Resolve file:///D:/PA_2024/3D/DogEscape/DogEscape_Op2/assets/Script/Game/BossAction.ts from cce:/internal/x/prerequisite-imports as file:///D:/PA_2024/3D/DogEscape/DogEscape_Op2/assets/Script/Game/BossAction.ts.
debug: Resolve file:///D:/PA_2024/3D/DogEscape/DogEscape_Op2/assets/Script/Game/CatController.ts from cce:/internal/x/prerequisite-imports as file:///D:/PA_2024/3D/DogEscape/DogEscape_Op2/assets/Script/Game/CatController.ts.
debug: Resolve file:///D:/PA_2024/3D/DogEscape/DogEscape_Op2/assets/Script/Game/CubeController.ts from cce:/internal/x/prerequisite-imports as file:///D:/PA_2024/3D/DogEscape/DogEscape_Op2/assets/Script/Game/CubeController.ts.
debug: Resolve file:///D:/PA_2024/3D/DogEscape/DogEscape_Op2/assets/Script/Game/Game.ts from cce:/internal/x/prerequisite-imports as file:///D:/PA_2024/3D/DogEscape/DogEscape_Op2/assets/Script/Game/Game.ts.
debug: Resolve file:///D:/PA_2024/3D/DogEscape/DogEscape_Op2/assets/Script/Game/GameController.ts from cce:/internal/x/prerequisite-imports as file:///D:/PA_2024/3D/DogEscape/DogEscape_Op2/assets/Script/Game/GameController.ts.
debug: Resolve file:///D:/PA_2024/3D/DogEscape/DogEscape_Op2/assets/Script/Game/JoyStick.ts from cce:/internal/x/prerequisite-imports as file:///D:/PA_2024/3D/DogEscape/DogEscape_Op2/assets/Script/Game/JoyStick.ts.
debug: Resolve file:///D:/PA_2024/3D/DogEscape/DogEscape_Op2/assets/Script/Game/LaserController.ts from cce:/internal/x/prerequisite-imports as file:///D:/PA_2024/3D/DogEscape/DogEscape_Op2/assets/Script/Game/LaserController.ts.
debug: Resolve file:///D:/PA_2024/3D/DogEscape/DogEscape_Op2/assets/Script/Plugin/AudioManager.ts from cce:/internal/x/prerequisite-imports as file:///D:/PA_2024/3D/DogEscape/DogEscape_Op2/assets/Script/Plugin/AudioManager.ts.
debug: Resolve file:///D:/PA_2024/3D/DogEscape/DogEscape_Op2/assets/Script/Plugin/Responsive.ts from cce:/internal/x/prerequisite-imports as file:///D:/PA_2024/3D/DogEscape/DogEscape_Op2/assets/Script/Plugin/Responsive.ts.
debug: Detected change: file:///D:/PA_2024/3D/DogEscape/DogEscape_Op2/assets/Script/Game/Game.ts. Last mtime: Mon Jun 17 2024 10:25:11 GMT+0700 (Indochina Time)@ab7fd72a-74c2-4195-b544-23f23c628884, Current mtime: Mon Jun 17 2024 10:30:48 GMT+0700 (Indochina Time)@ab7fd72a-74c2-4195-b544-23f23c628884
debug: Inspect file:///D:/PA_2024/3D/DogEscape/DogEscape_Op2/assets/Script/Game/Game.ts
debug: Detected change: file:///D:/PA_2024/3D/DogEscape/DogEscape_Op2/assets/Script/Game/GameController.ts. Last mtime: Fri May 17 2024 17:25:45 GMT+0700 (Indochina Time)@cf8e169e-b668-4ef4-8c67-dee951a14489, Current mtime: Mon Jun 17 2024 10:34:55 GMT+0700 (Indochina Time)@cf8e169e-b668-4ef4-8c67-dee951a14489
debug: Inspect file:///D:/PA_2024/3D/DogEscape/DogEscape_Op2/assets/Script/Game/GameController.ts
debug: Detected change: file:///D:/PA_2024/3D/DogEscape/DogEscape_Op2/assets/Script/Game/JoyStick.ts. Last mtime: Fri Jun 14 2024 15:39:54 GMT+0700 (Indochina Time)@c3658a8e-41a7-4461-9b7c-d04a8fa6ae67, Current mtime: Mon Jun 17 2024 10:33:10 GMT+0700 (Indochina Time)@c3658a8e-41a7-4461-9b7c-d04a8fa6ae67
debug: Inspect file:///D:/PA_2024/3D/DogEscape/DogEscape_Op2/assets/Script/Game/JoyStick.ts
debug: Resolve cce:/internal/code-quality/cr.mjs from file:///D:/PA_2024/3D/DogEscape/DogEscape_Op2/assets/Script/Game/Game.ts as cce:/internal/code-quality/cr.mjs.
debug: Resolve cc from file:///D:/PA_2024/3D/DogEscape/DogEscape_Op2/assets/Script/Game/Game.ts as cce:/internal/x/cc.
debug: Resolve cc from file:///D:/PA_2024/3D/DogEscape/DogEscape_Op2/assets/Script/Game/Game.ts as cce:/internal/x/cc.
debug: Resolve cce:/internal/code-quality/cr.mjs from file:///D:/PA_2024/3D/DogEscape/DogEscape_Op2/assets/Script/Game/GameController.ts as cce:/internal/code-quality/cr.mjs.
debug: Resolve cc from file:///D:/PA_2024/3D/DogEscape/DogEscape_Op2/assets/Script/Game/GameController.ts as cce:/internal/x/cc.
debug: Resolve cc from file:///D:/PA_2024/3D/DogEscape/DogEscape_Op2/assets/Script/Game/GameController.ts as cce:/internal/x/cc.
debug: Resolve cce:/internal/code-quality/cr.mjs from file:///D:/PA_2024/3D/DogEscape/DogEscape_Op2/assets/Script/Game/JoyStick.ts as cce:/internal/code-quality/cr.mjs.
debug: Resolve cc from file:///D:/PA_2024/3D/DogEscape/DogEscape_Op2/assets/Script/Game/JoyStick.ts as cce:/internal/x/cc.
debug: Resolve cc from file:///D:/PA_2024/3D/DogEscape/DogEscape_Op2/assets/Script/Game/JoyStick.ts as cce:/internal/x/cc.
debug: Resolve ./GameController from file:///D:/PA_2024/3D/DogEscape/DogEscape_Op2/assets/Script/Game/Game.ts as file:///D:/PA_2024/3D/DogEscape/DogEscape_Op2/assets/Script/Game/GameController.ts.
debug: Resolve ./JoyStick from file:///D:/PA_2024/3D/DogEscape/DogEscape_Op2/assets/Script/Game/Game.ts as file:///D:/PA_2024/3D/DogEscape/DogEscape_Op2/assets/Script/Game/JoyStick.ts.
debug: Resolve ../Data/Constant from file:///D:/PA_2024/3D/DogEscape/DogEscape_Op2/assets/Script/Game/Game.ts as file:///D:/PA_2024/3D/DogEscape/DogEscape_Op2/assets/Script/Data/Constant.ts.
debug: Resolve ../Plugin/AudioManager from file:///D:/PA_2024/3D/DogEscape/DogEscape_Op2/assets/Script/Game/Game.ts as file:///D:/PA_2024/3D/DogEscape/DogEscape_Op2/assets/Script/Plugin/AudioManager.ts.
debug: Resolve ../Plugin/AudioManager from file:///D:/PA_2024/3D/DogEscape/DogEscape_Op2/assets/Script/Game/GameController.ts as file:///D:/PA_2024/3D/DogEscape/DogEscape_Op2/assets/Script/Plugin/AudioManager.ts.
debug: Resolve ../Data/Constant from file:///D:/PA_2024/3D/DogEscape/DogEscape_Op2/assets/Script/Game/GameController.ts as file:///D:/PA_2024/3D/DogEscape/DogEscape_Op2/assets/Script/Data/Constant.ts.
debug: Resolve ../Data/Constant from file:///D:/PA_2024/3D/DogEscape/DogEscape_Op2/assets/Script/Game/JoyStick.ts as file:///D:/PA_2024/3D/DogEscape/DogEscape_Op2/assets/Script/Data/Constant.ts.
debug: Resolve ../Plugin/AudioManager from file:///D:/PA_2024/3D/DogEscape/DogEscape_Op2/assets/Script/Game/JoyStick.ts as file:///D:/PA_2024/3D/DogEscape/DogEscape_Op2/assets/Script/Plugin/AudioManager.ts.
debug: Target(preview) ends with cost 251.90090000629425ms.
