debug: Wed, 17 Jul 2024 07:04:59 GMT
debug: Project: D:\PA_2024\3D\Satisdom\Satisdom_Op4
debug: Targets: editor,preview
debug: Incremental file seems great.
debug: Engine path: C:\ProgramData\cocos\editors\Creator\3.4.2\resources\resources\3d\engine
debug: Initializing target [Editor]
debug: Loading cache
debug: Loading cache costs 31.36300003528595ms.
debug: Engine features shipped in editor: base,gfx-webgl,gfx-webgl2,3d,2d,ui,particle,particle-2d,physics-framework,physics-2d-framework,intersection-2d,primitive,profiler,audio,video,terrain,webview,tween,tiled-map,spine,dragon-bones,marionette
debug: Initializing target [Preview]
debug: Loading cache
debug: Loading cache costs 56.773500084877014ms.
debug: Sync engine features: 2d,3d,audio,base,dragon-bones,gfx-webgl,gfx-webgl2,intersection-2d,marionette,particle-2d,primitive,profiler,terrain,tiled-map,tween,ui,video,webview
debug: Pulling asset-db.
debug: Fetch asset-db cost: 8.524500012397766ms.
debug: Build iteration starts.
Number of accumulated asset changes: 10
Feature changed: false
debug: Target(editor) build started.
debug: Detected change: cce:/internal/x/cc. Last mtime: Thu Jan 01 1970 08:00:07 GMT+0800 (Indochina Time), Current mtime: Thu Jan 01 1970 08:00:06 GMT+0800 (Indochina Time)
debug: Inspect cce:/internal/x/cc
debug: Resolve cce:/internal/x/cc-fu/base from cce:/internal/x/cc as external dependency cce:/internal/x/cc-fu/base.
debug: Resolve cce:/internal/x/cc-fu/gfx-webgl from cce:/internal/x/cc as external dependency cce:/internal/x/cc-fu/gfx-webgl.
debug: Resolve cce:/internal/x/cc-fu/gfx-webgl2 from cce:/internal/x/cc as external dependency cce:/internal/x/cc-fu/gfx-webgl2.
debug: Resolve cce:/internal/x/cc-fu/3d from cce:/internal/x/cc as external dependency cce:/internal/x/cc-fu/3d.
debug: Resolve cce:/internal/x/cc-fu/2d from cce:/internal/x/cc as external dependency cce:/internal/x/cc-fu/2d.
debug: Resolve cce:/internal/x/cc-fu/ui from cce:/internal/x/cc as external dependency cce:/internal/x/cc-fu/ui.
debug: Resolve cce:/internal/x/cc-fu/particle from cce:/internal/x/cc as external dependency cce:/internal/x/cc-fu/particle.
debug: Resolve cce:/internal/x/cc-fu/particle-2d from cce:/internal/x/cc as external dependency cce:/internal/x/cc-fu/particle-2d.
debug: Resolve cce:/internal/x/cc-fu/physics-framework from cce:/internal/x/cc as external dependency cce:/internal/x/cc-fu/physics-framework.
debug: Resolve cce:/internal/x/cc-fu/physics-2d-framework from cce:/internal/x/cc as external dependency cce:/internal/x/cc-fu/physics-2d-framework.
debug: Resolve cce:/internal/x/cc-fu/intersection-2d from cce:/internal/x/cc as external dependency cce:/internal/x/cc-fu/intersection-2d.
debug: Resolve cce:/internal/x/cc-fu/primitive from cce:/internal/x/cc as external dependency cce:/internal/x/cc-fu/primitive.
debug: Resolve cce:/internal/x/cc-fu/profiler from cce:/internal/x/cc as external dependency cce:/internal/x/cc-fu/profiler.
debug: Resolve cce:/internal/x/cc-fu/audio from cce:/internal/x/cc as external dependency cce:/internal/x/cc-fu/audio.
debug: Resolve cce:/internal/x/cc-fu/video from cce:/internal/x/cc as external dependency cce:/internal/x/cc-fu/video.
debug: Resolve cce:/internal/x/cc-fu/terrain from cce:/internal/x/cc as external dependency cce:/internal/x/cc-fu/terrain.
debug: Resolve cce:/internal/x/cc-fu/webview from cce:/internal/x/cc as external dependency cce:/internal/x/cc-fu/webview.
debug: Resolve cce:/internal/x/cc-fu/tween from cce:/internal/x/cc as external dependency cce:/internal/x/cc-fu/tween.
debug: Resolve cce:/internal/x/cc-fu/tiled-map from cce:/internal/x/cc as external dependency cce:/internal/x/cc-fu/tiled-map.
debug: Resolve cce:/internal/x/cc-fu/spine from cce:/internal/x/cc as external dependency cce:/internal/x/cc-fu/spine.
debug: Resolve cce:/internal/x/cc-fu/dragon-bones from cce:/internal/x/cc as external dependency cce:/internal/x/cc-fu/dragon-bones.
debug: Detected change: cce:/internal/x/prerequisite-imports. Last mtime: Thu Jan 01 1970 08:28:47 GMT+0800 (Indochina Time), Current mtime: Thu Jan 01 1970 08:00:28 GMT+0800 (Indochina Time)
debug: Inspect cce:/internal/x/prerequisite-imports
debug: Resolve file:///D:/PA_2024/3D/Satisdom/Satisdom_Op4/assets/Script/Data/constants.ts from cce:/internal/x/prerequisite-imports as file:///D:/PA_2024/3D/Satisdom/Satisdom_Op4/assets/Script/Data/constants.ts.
debug: Resolve file:///D:/PA_2024/3D/Satisdom/Satisdom_Op4/assets/Script/Data/interfaces.ts from cce:/internal/x/prerequisite-imports as file:///D:/PA_2024/3D/Satisdom/Satisdom_Op4/assets/Script/Data/interfaces.ts.
debug: Resolve file:///D:/PA_2024/3D/Satisdom/Satisdom_Op4/assets/Script/Game/Controller/AudioManager.ts from cce:/internal/x/prerequisite-imports as file:///D:/PA_2024/3D/Satisdom/Satisdom_Op4/assets/Script/Game/Controller/AudioManager.ts.
debug: Resolve file:///D:/PA_2024/3D/Satisdom/Satisdom_Op4/assets/Script/Game/Controller/GameController.ts from cce:/internal/x/prerequisite-imports as file:///D:/PA_2024/3D/Satisdom/Satisdom_Op4/assets/Script/Game/Controller/GameController.ts.
debug: Resolve file:///D:/PA_2024/3D/Satisdom/Satisdom_Op4/assets/Script/Game/Controller/NodeController.ts from cce:/internal/x/prerequisite-imports as file:///D:/PA_2024/3D/Satisdom/Satisdom_Op4/assets/Script/Game/Controller/NodeController.ts.
debug: Resolve file:///D:/PA_2024/3D/Satisdom/Satisdom_Op4/assets/Script/Game/Controller/TouchController.ts from cce:/internal/x/prerequisite-imports as file:///D:/PA_2024/3D/Satisdom/Satisdom_Op4/assets/Script/Game/Controller/TouchController.ts.
debug: Resolve file:///D:/PA_2024/3D/Satisdom/Satisdom_Op4/assets/Script/Game/Controller/TubeController.ts from cce:/internal/x/prerequisite-imports as file:///D:/PA_2024/3D/Satisdom/Satisdom_Op4/assets/Script/Game/Controller/TubeController.ts.
debug: Resolve file:///D:/PA_2024/3D/Satisdom/Satisdom_Op4/assets/Script/Game/Other/BottleItem.ts from cce:/internal/x/prerequisite-imports as file:///D:/PA_2024/3D/Satisdom/Satisdom_Op4/assets/Script/Game/Other/BottleItem.ts.
debug: Resolve file:///D:/PA_2024/3D/Satisdom/Satisdom_Op4/assets/Script/Game/Other/Responsive.ts from cce:/internal/x/prerequisite-imports as file:///D:/PA_2024/3D/Satisdom/Satisdom_Op4/assets/Script/Game/Other/Responsive.ts.
debug: Resolve file:///D:/PA_2024/3D/Satisdom/Satisdom_Op4/assets/Script/Game/Other/GamePlay.ts from cce:/internal/x/prerequisite-imports as file:///D:/PA_2024/3D/Satisdom/Satisdom_Op4/assets/Script/Game/Other/GamePlay.ts.
debug: Detected change: cce:/internal/code-quality/cr.mjs. Last mtime: Tue Jul 16 2024 16:08:33 GMT+0700 (Indochina Time), Current mtime: Wed Jul 17 2024 14:04:52 GMT+0700 (Indochina Time)
debug: Inspect cce:/internal/code-quality/cr.mjs
debug: Detected change: file:///D:/PA_2024/3D/Satisdom/Satisdom_Op4/assets/Script/Game/Controller/TouchController.ts. Last mtime: Wed Jul 10 2024 19:18:28 GMT+0700 (Indochina Time)@555fbb57-612d-4cca-b292-1970c634e9f6, Current mtime: Tue Jul 16 2024 16:55:06 GMT+0700 (Indochina Time)@555fbb57-612d-4cca-b292-1970c634e9f6
debug: Inspect file:///D:/PA_2024/3D/Satisdom/Satisdom_Op4/assets/Script/Game/Controller/TouchController.ts
debug: Detected change: file:///D:/PA_2024/3D/Satisdom/Satisdom_Op4/assets/Script/Game/Other/BottleItem.ts. Last mtime: Tue Jul 16 2024 16:34:48 GMT+0700 (Indochina Time)@1c7c6889-6e1a-4ec9-93db-55a12713b053, Current mtime: Wed Jul 17 2024 09:57:46 GMT+0700 (Indochina Time)@1c7c6889-6e1a-4ec9-93db-55a12713b053
debug: Inspect file:///D:/PA_2024/3D/Satisdom/Satisdom_Op4/assets/Script/Game/Other/BottleItem.ts
debug: Resolve cce:/internal/code-quality/cr.mjs from file:///D:/PA_2024/3D/Satisdom/Satisdom_Op4/assets/Script/Game/Controller/TouchController.ts as cce:/internal/code-quality/cr.mjs.
debug: Resolve cc from file:///D:/PA_2024/3D/Satisdom/Satisdom_Op4/assets/Script/Game/Controller/TouchController.ts as cce:/internal/x/cc.
debug: Resolve cc from file:///D:/PA_2024/3D/Satisdom/Satisdom_Op4/assets/Script/Game/Controller/TouchController.ts as cce:/internal/x/cc.
debug: Resolve ./NodeController from file:///D:/PA_2024/3D/Satisdom/Satisdom_Op4/assets/Script/Game/Controller/TouchController.ts as file:///D:/PA_2024/3D/Satisdom/Satisdom_Op4/assets/Script/Game/Controller/NodeController.ts.
debug: Resolve ../Other/BottleItem from file:///D:/PA_2024/3D/Satisdom/Satisdom_Op4/assets/Script/Game/Controller/TouchController.ts as file:///D:/PA_2024/3D/Satisdom/Satisdom_Op4/assets/Script/Game/Other/BottleItem.ts.
debug: Resolve ../Other/GamePlay from file:///D:/PA_2024/3D/Satisdom/Satisdom_Op4/assets/Script/Game/Controller/TouchController.ts as file:///D:/PA_2024/3D/Satisdom/Satisdom_Op4/assets/Script/Game/Other/GamePlay.ts.
debug: Resolve ../../Data/constants from file:///D:/PA_2024/3D/Satisdom/Satisdom_Op4/assets/Script/Game/Controller/TouchController.ts as file:///D:/PA_2024/3D/Satisdom/Satisdom_Op4/assets/Script/Data/constants.ts.
debug: Resolve cce:/internal/code-quality/cr.mjs from file:///D:/PA_2024/3D/Satisdom/Satisdom_Op4/assets/Script/Game/Other/BottleItem.ts as cce:/internal/code-quality/cr.mjs.
debug: Resolve cc from file:///D:/PA_2024/3D/Satisdom/Satisdom_Op4/assets/Script/Game/Other/BottleItem.ts as cce:/internal/x/cc.
debug: Resolve cc from file:///D:/PA_2024/3D/Satisdom/Satisdom_Op4/assets/Script/Game/Other/BottleItem.ts as cce:/internal/x/cc.
debug: Resolve ../../Data/constants from file:///D:/PA_2024/3D/Satisdom/Satisdom_Op4/assets/Script/Game/Other/BottleItem.ts as file:///D:/PA_2024/3D/Satisdom/Satisdom_Op4/assets/Script/Data/constants.ts.
debug: Resolve ../Controller/AudioManager from file:///D:/PA_2024/3D/Satisdom/Satisdom_Op4/assets/Script/Game/Other/BottleItem.ts as file:///D:/PA_2024/3D/Satisdom/Satisdom_Op4/assets/Script/Game/Controller/AudioManager.ts.
debug: Target(editor) ends with cost 1193.0583999156952ms.
debug: Target(preview) build started.
debug: Detected change: cce:/internal/x/cc. Last mtime: Thu Jan 01 1970 08:00:07 GMT+0800 (Indochina Time), Current mtime: Thu Jan 01 1970 08:00:07 GMT+0800 (Indochina Time)
debug: Inspect cce:/internal/x/cc
debug: Resolve cce:/internal/x/cc-fu/2d from cce:/internal/x/cc as external dependency cce:/internal/x/cc-fu/2d.
debug: Resolve cce:/internal/x/cc-fu/3d from cce:/internal/x/cc as external dependency cce:/internal/x/cc-fu/3d.
debug: Resolve cce:/internal/x/cc-fu/audio from cce:/internal/x/cc as external dependency cce:/internal/x/cc-fu/audio.
debug: Resolve cce:/internal/x/cc-fu/base from cce:/internal/x/cc as external dependency cce:/internal/x/cc-fu/base.
debug: Resolve cce:/internal/x/cc-fu/dragon-bones from cce:/internal/x/cc as external dependency cce:/internal/x/cc-fu/dragon-bones.
debug: Resolve cce:/internal/x/cc-fu/gfx-webgl from cce:/internal/x/cc as external dependency cce:/internal/x/cc-fu/gfx-webgl.
debug: Resolve cce:/internal/x/cc-fu/gfx-webgl2 from cce:/internal/x/cc as external dependency cce:/internal/x/cc-fu/gfx-webgl2.
debug: Resolve cce:/internal/x/cc-fu/intersection-2d from cce:/internal/x/cc as external dependency cce:/internal/x/cc-fu/intersection-2d.
debug: Resolve cce:/internal/x/cc-fu/particle-2d from cce:/internal/x/cc as external dependency cce:/internal/x/cc-fu/particle-2d.
debug: Resolve cce:/internal/x/cc-fu/primitive from cce:/internal/x/cc as external dependency cce:/internal/x/cc-fu/primitive.
debug: Resolve cce:/internal/x/cc-fu/profiler from cce:/internal/x/cc as external dependency cce:/internal/x/cc-fu/profiler.
debug: Resolve cce:/internal/x/cc-fu/terrain from cce:/internal/x/cc as external dependency cce:/internal/x/cc-fu/terrain.
debug: Resolve cce:/internal/x/cc-fu/tiled-map from cce:/internal/x/cc as external dependency cce:/internal/x/cc-fu/tiled-map.
debug: Resolve cce:/internal/x/cc-fu/tween from cce:/internal/x/cc as external dependency cce:/internal/x/cc-fu/tween.
debug: Resolve cce:/internal/x/cc-fu/ui from cce:/internal/x/cc as external dependency cce:/internal/x/cc-fu/ui.
debug: Resolve cce:/internal/x/cc-fu/video from cce:/internal/x/cc as external dependency cce:/internal/x/cc-fu/video.
debug: Resolve cce:/internal/x/cc-fu/webview from cce:/internal/x/cc as external dependency cce:/internal/x/cc-fu/webview.
debug: Detected change: cce:/internal/x/prerequisite-imports. Last mtime: Thu Jan 01 1970 08:28:47 GMT+0800 (Indochina Time), Current mtime: Thu Jan 01 1970 08:00:30 GMT+0800 (Indochina Time)
debug: Inspect cce:/internal/x/prerequisite-imports
debug: Resolve file:///D:/PA_2024/3D/Satisdom/Satisdom_Op4/assets/Script/Data/constants.ts from cce:/internal/x/prerequisite-imports as file:///D:/PA_2024/3D/Satisdom/Satisdom_Op4/assets/Script/Data/constants.ts.
debug: Resolve file:///D:/PA_2024/3D/Satisdom/Satisdom_Op4/assets/Script/Data/interfaces.ts from cce:/internal/x/prerequisite-imports as file:///D:/PA_2024/3D/Satisdom/Satisdom_Op4/assets/Script/Data/interfaces.ts.
debug: Resolve file:///D:/PA_2024/3D/Satisdom/Satisdom_Op4/assets/Script/Game/Controller/AudioManager.ts from cce:/internal/x/prerequisite-imports as file:///D:/PA_2024/3D/Satisdom/Satisdom_Op4/assets/Script/Game/Controller/AudioManager.ts.
debug: Resolve file:///D:/PA_2024/3D/Satisdom/Satisdom_Op4/assets/Script/Game/Controller/GameController.ts from cce:/internal/x/prerequisite-imports as file:///D:/PA_2024/3D/Satisdom/Satisdom_Op4/assets/Script/Game/Controller/GameController.ts.
debug: Resolve file:///D:/PA_2024/3D/Satisdom/Satisdom_Op4/assets/Script/Game/Controller/NodeController.ts from cce:/internal/x/prerequisite-imports as file:///D:/PA_2024/3D/Satisdom/Satisdom_Op4/assets/Script/Game/Controller/NodeController.ts.
debug: Resolve file:///D:/PA_2024/3D/Satisdom/Satisdom_Op4/assets/Script/Game/Controller/TouchController.ts from cce:/internal/x/prerequisite-imports as file:///D:/PA_2024/3D/Satisdom/Satisdom_Op4/assets/Script/Game/Controller/TouchController.ts.
debug: Resolve file:///D:/PA_2024/3D/Satisdom/Satisdom_Op4/assets/Script/Game/Controller/TubeController.ts from cce:/internal/x/prerequisite-imports as file:///D:/PA_2024/3D/Satisdom/Satisdom_Op4/assets/Script/Game/Controller/TubeController.ts.
debug: Resolve file:///D:/PA_2024/3D/Satisdom/Satisdom_Op4/assets/Script/Game/Other/BottleItem.ts from cce:/internal/x/prerequisite-imports as file:///D:/PA_2024/3D/Satisdom/Satisdom_Op4/assets/Script/Game/Other/BottleItem.ts.
debug: Resolve file:///D:/PA_2024/3D/Satisdom/Satisdom_Op4/assets/Script/Game/Other/GamePlay.ts from cce:/internal/x/prerequisite-imports as file:///D:/PA_2024/3D/Satisdom/Satisdom_Op4/assets/Script/Game/Other/GamePlay.ts.
debug: Resolve file:///D:/PA_2024/3D/Satisdom/Satisdom_Op4/assets/Script/Game/Other/Responsive.ts from cce:/internal/x/prerequisite-imports as file:///D:/PA_2024/3D/Satisdom/Satisdom_Op4/assets/Script/Game/Other/Responsive.ts.
debug: Detected change: cce:/internal/code-quality/cr.mjs. Last mtime: Tue Jul 16 2024 16:08:33 GMT+0700 (Indochina Time), Current mtime: Wed Jul 17 2024 14:04:52 GMT+0700 (Indochina Time)
debug: Inspect cce:/internal/code-quality/cr.mjs
debug: Detected change: file:///D:/PA_2024/3D/Satisdom/Satisdom_Op4/assets/Script/Game/Controller/TouchController.ts. Last mtime: Wed Jul 10 2024 19:18:28 GMT+0700 (Indochina Time)@555fbb57-612d-4cca-b292-1970c634e9f6, Current mtime: Tue Jul 16 2024 16:55:06 GMT+0700 (Indochina Time)@555fbb57-612d-4cca-b292-1970c634e9f6
debug: Inspect file:///D:/PA_2024/3D/Satisdom/Satisdom_Op4/assets/Script/Game/Controller/TouchController.ts
debug: Detected change: file:///D:/PA_2024/3D/Satisdom/Satisdom_Op4/assets/Script/Game/Other/BottleItem.ts. Last mtime: Tue Jul 16 2024 16:34:48 GMT+0700 (Indochina Time)@1c7c6889-6e1a-4ec9-93db-55a12713b053, Current mtime: Wed Jul 17 2024 09:57:46 GMT+0700 (Indochina Time)@1c7c6889-6e1a-4ec9-93db-55a12713b053
debug: Inspect file:///D:/PA_2024/3D/Satisdom/Satisdom_Op4/assets/Script/Game/Other/BottleItem.ts
debug: Resolve cce:/internal/code-quality/cr.mjs from file:///D:/PA_2024/3D/Satisdom/Satisdom_Op4/assets/Script/Game/Controller/TouchController.ts as cce:/internal/code-quality/cr.mjs.
debug: Resolve cc from file:///D:/PA_2024/3D/Satisdom/Satisdom_Op4/assets/Script/Game/Controller/TouchController.ts as cce:/internal/x/cc.
debug: Resolve cc from file:///D:/PA_2024/3D/Satisdom/Satisdom_Op4/assets/Script/Game/Controller/TouchController.ts as cce:/internal/x/cc.
debug: Resolve ./NodeController from file:///D:/PA_2024/3D/Satisdom/Satisdom_Op4/assets/Script/Game/Controller/TouchController.ts as file:///D:/PA_2024/3D/Satisdom/Satisdom_Op4/assets/Script/Game/Controller/NodeController.ts.
debug: Resolve ../../Data/constants from file:///D:/PA_2024/3D/Satisdom/Satisdom_Op4/assets/Script/Game/Controller/TouchController.ts as file:///D:/PA_2024/3D/Satisdom/Satisdom_Op4/assets/Script/Data/constants.ts.
debug: Resolve ../Other/BottleItem from file:///D:/PA_2024/3D/Satisdom/Satisdom_Op4/assets/Script/Game/Controller/TouchController.ts as file:///D:/PA_2024/3D/Satisdom/Satisdom_Op4/assets/Script/Game/Other/BottleItem.ts.
debug: Resolve ../Other/GamePlay from file:///D:/PA_2024/3D/Satisdom/Satisdom_Op4/assets/Script/Game/Controller/TouchController.ts as file:///D:/PA_2024/3D/Satisdom/Satisdom_Op4/assets/Script/Game/Other/GamePlay.ts.
debug: Resolve cce:/internal/code-quality/cr.mjs from file:///D:/PA_2024/3D/Satisdom/Satisdom_Op4/assets/Script/Game/Other/BottleItem.ts as cce:/internal/code-quality/cr.mjs.
debug: Resolve cc from file:///D:/PA_2024/3D/Satisdom/Satisdom_Op4/assets/Script/Game/Other/BottleItem.ts as cce:/internal/x/cc.
debug: Resolve cc from file:///D:/PA_2024/3D/Satisdom/Satisdom_Op4/assets/Script/Game/Other/BottleItem.ts as cce:/internal/x/cc.
debug: Resolve ../../Data/constants from file:///D:/PA_2024/3D/Satisdom/Satisdom_Op4/assets/Script/Game/Other/BottleItem.ts as file:///D:/PA_2024/3D/Satisdom/Satisdom_Op4/assets/Script/Data/constants.ts.
debug: Resolve ../Controller/AudioManager from file:///D:/PA_2024/3D/Satisdom/Satisdom_Op4/assets/Script/Game/Other/BottleItem.ts as file:///D:/PA_2024/3D/Satisdom/Satisdom_Op4/assets/Script/Game/Controller/AudioManager.ts.
debug: Target(preview) ends with cost 8571.69069993496ms.
