2024-08-30 16:25:34-log: [Package] menu@1.0.0 enable
2024-08-30 16:25:34-log: [Package] profile@1.0.0 enable
2024-08-30 16:25:34-log: [Package] project@1.0.1 enable
2024-08-30 16:25:34-log: [Package] messages@1.0.0 enable
2024-08-30 16:25:34-log: [Package] program@1.0.0 enable
2024-08-30 16:25:34-log: [Package] device@1.0.1 enable
2024-08-30 16:25:34-log: [Package] ui-kit@1.0.1 enable
2024-08-30 16:25:34-log: [Package] tester@1.0.0 enable
2024-08-30 16:25:34-log: [Package] preferences@1.0.0 enable
2024-08-30 16:25:35-log: Setup mods mgr.: 313.973ms
2024-08-30 16:25:35-log: Profile changed: engine (modules.includeModules: 2d,3d,audio,base,dragon-bones,gfx-webgl,gfx-webgl2,marionette,particle,physics-cannon,primitive,profiler,spine,terrain,tiled-map,tween,ui,webview)
2024-08-30 16:25:35-log: [Package] engine@1.0.5 enable
2024-08-30 16:25:37-log: [Package] programming@1.0.0 enable
2024-08-30 16:25:38-log: [Package] engine-extends@1.0.0 enable
2024-08-30 16:25:38-log: [Package] asset-db@1.0.0 enable
2024-08-30 16:25:38-log: [Package] console@1.0.0 enable
2024-08-30 16:25:38-log: [Package] scene@1.0.0 enable
2024-08-30 16:25:38-log: [Package] utils@1.0.0 enable
2024-08-30 16:25:38-log: [Package] assets@1.0.0 enable
2024-08-30 16:25:38-log: [Package] inspector@1.0.0 enable
2024-08-30 16:25:38-log: [Package] hierarchy@1.0.0 enable
2024-08-30 16:25:39-log: [Package] preview@1.0.1 enable
2024-08-30 16:25:39-log: [Package] animator@1.0.0 enable
2024-08-30 16:25:41-log: [Package] builder@1.3.1 enable
2024-08-30 16:25:41-log: [Package] node-library@1.0.0 enable
2024-08-30 16:25:41-log: [Package] shortcuts@1.0.1 enable
2024-08-30 16:25:41-log: [Package] package-asset@1.0.0 enable
2024-08-30 16:25:41-log: [Package] reference-image@1.0.0 enable
2024-08-30 16:25:41-log: [Package] animation-graph@1.0.0 enable
2024-08-30 16:25:41-log: [Package] channel-upload-tools@1.0.0 enable
2024-08-30 16:25:41-log: [Package] runtime-dev-tools@1.0.0 enable
2024-08-30 16:25:41-log: [Package] lightmap@1.0.4 enable
2024-08-30 16:25:41-log: [Package] alipay-mini-game@1.0.0 enable
2024-08-30 16:25:41-log: [Package] android@1.0.0 enable
2024-08-30 16:25:41-log: [Package] baidu-mini-game@1.0.0 enable
2024-08-30 16:25:41-log: [Package] bytedance-mini-game@1.0.1 enable
2024-08-30 16:25:41-log: [Package] huawei-agc@1.0.0 enable
2024-08-30 16:25:41-log: [Package] ios@1.0.0 enable
2024-08-30 16:25:41-log: [Package] ios-app-clip@1.0.0 enable
2024-08-30 16:25:41-log: [Package] mac@1.0.0 enable
2024-08-30 16:25:42-log: [Package] native@1.0.0 enable
2024-08-30 16:25:42-log: [Package] ohos@1.0.0 enable
2024-08-30 16:25:42-log: [Package] web-desktop@1.0.0 enable
2024-08-30 16:25:42-log: [Package] web-mobile@1.0.0 enable
2024-08-30 16:25:42-log: [Package] wechatgame@1.0.1 enable
2024-08-30 16:25:42-log: [Package] windows@1.0.0 enable
2024-08-30 16:25:42-log: [Package] xiaomi-quick-game@1.0.0 enable
2024-08-30 16:25:42-log: [Package] cocos-play@1.0.0 enable
2024-08-30 16:25:42-log: [Package] huawei-quick-game@1.0.0 enable
2024-08-30 16:25:42-log: [Package] link-sure@1.0.0 enable
2024-08-30 16:25:42-log: [Package] oppo-mini-game@1.0.0 enable
2024-08-30 16:25:42-log: [Package] qtt@1.0.0 enable
2024-08-30 16:25:42-log: [Package] vivo-mini-game@1.0.0 enable
2024-08-30 16:25:43-log: [Package] cocos-service@3.0.2 enable
2024-08-30 16:25:43-log: [Package] importer@1.0.0 enable
2024-08-30 16:25:43-log: [Package] extension@3.0.15 enable
2024-08-30 16:25:44-log: [Im-plugin] Check im-plugin version.
2024-08-30 16:25:44-log: [Package] im-plugin@3.0.8 enable
2024-08-30 16:25:44-log: [Package] super-html@1.1.3 enable
2024-08-30 16:25:44-log: [Im-plugin] No online info of im-plugin.
