2024-06-17 10:22:40-log: [Package] menu@1.0.0 enable
2024-06-17 10:22:40-log: [Package] profile@1.0.0 enable
2024-06-17 10:22:40-log: [Package] project@1.0.1 enable
2024-06-17 10:22:40-log: [Package] messages@1.0.0 enable
2024-06-17 10:22:40-log: [Package] program@1.0.0 enable
2024-06-17 10:22:40-log: [Package] device@1.0.1 enable
2024-06-17 10:22:40-log: [Package] ui-kit@1.0.1 enable
2024-06-17 10:22:40-log: [Package] tester@1.0.0 enable
2024-06-17 10:22:40-log: [Package] preferences@1.0.0 enable
2024-06-17 10:22:40-log: Setup mods mgr.: 285.641ms
2024-06-17 10:22:40-log: Profile changed: engine (modules.includeModules: 2d,3d,audio,base,gfx-webgl,gfx-webgl2,intersection-2d,marionette,particle,particle-2d,physics-2d-box2d,physics-cannon,primitive,profiler,spine,terrain,tween,ui,video,webview)
2024-06-17 10:22:40-log: [Package] engine@1.0.5 enable
2024-06-17 10:22:43-log: [Package] programming@1.0.0 enable
2024-06-17 10:22:43-log: [Package] engine-extends@1.0.0 enable
2024-06-17 10:22:43-log: [Package] asset-db@1.0.0 enable
2024-06-17 10:22:43-log: [Package] console@1.0.0 enable
2024-06-17 10:22:43-log: [Package] scene@1.0.0 enable
2024-06-17 10:22:43-log: [Package] about@1.0.0 enable
2024-06-17 10:22:43-log: [Package] server@1.0.0 enable
2024-06-17 10:22:44-log: [Package] utils@1.0.0 enable
2024-06-17 10:22:44-log: [Package] assets@1.0.0 enable
2024-06-17 10:22:44-log: [Package] inspector@1.0.0 enable
2024-06-17 10:22:44-log: [Package] hierarchy@1.0.0 enable
2024-06-17 10:22:45-log: [Package] preview@1.0.1 enable
2024-06-17 10:22:45-log: [Package] animator@1.0.0 enable
2024-06-17 10:22:46-log: [Package] builder@1.3.1 enable
2024-06-17 10:22:46-log: [Package] node-library@1.0.0 enable
2024-06-17 10:22:46-log: [Package] shortcuts@1.0.1 enable
2024-06-17 10:22:46-log: [Package] package-asset@1.0.0 enable
2024-06-17 10:22:46-log: [Package] reference-image@1.0.0 enable
2024-06-17 10:22:46-log: [Package] animation-graph@1.0.0 enable
2024-06-17 10:22:46-log: [Package] channel-upload-tools@1.0.0 enable
2024-06-17 10:22:46-log: [Package] runtime-dev-tools@1.0.0 enable
2024-06-17 10:22:46-log: [Package] lightmap@1.0.4 enable
2024-06-17 10:22:47-log: [Package] alipay-mini-game@1.0.0 enable
2024-06-17 10:22:47-log: [Package] android@1.0.0 enable
2024-06-17 10:22:47-log: [Package] baidu-mini-game@1.0.0 enable
2024-06-17 10:22:47-log: [Package] bytedance-mini-game@1.0.1 enable
2024-06-17 10:22:47-log: [Package] huawei-agc@1.0.0 enable
2024-06-17 10:22:47-log: [Package] ios@1.0.0 enable
2024-06-17 10:22:47-log: [Package] ios-app-clip@1.0.0 enable
2024-06-17 10:22:47-log: [Package] mac@1.0.0 enable
2024-06-17 10:22:47-log: [Package] native@1.0.0 enable
2024-06-17 10:22:47-log: [Package] ohos@1.0.0 enable
2024-06-17 10:22:47-log: [Package] web-desktop@1.0.0 enable
2024-06-17 10:22:47-log: [Package] web-mobile@1.0.0 enable
2024-06-17 10:22:47-log: [Package] wechatgame@1.0.1 enable
2024-06-17 10:22:47-log: [Package] windows@1.0.0 enable
2024-06-17 10:22:48-log: [Package] importer@1.0.0 enable
2024-06-17 10:22:48-log: [Package] extension@3.0.15 enable
2024-06-17 10:22:48-log: [Im-plugin] Check im-plugin version.
2024-06-17 10:22:48-log: [Package] im-plugin@3.0.8 enable
2024-06-17 10:22:47-log: [Package] cocos-service@3.0.2 enable
2024-06-17 10:22:47-log: [Package] xiaomi-quick-game@1.0.0 enable
2024-06-17 10:22:47-log: [Package] cocos-play@1.0.0 enable
2024-06-17 10:22:47-log: [Package] huawei-quick-game@1.0.0 enable
2024-06-17 10:22:47-log: [Package] link-sure@1.0.0 enable
2024-06-17 10:22:47-log: [Package] oppo-mini-game@1.0.0 enable
2024-06-17 10:22:47-log: [Package] qtt@1.0.0 enable
2024-06-17 10:22:47-log: [Package] vivo-mini-game@1.0.0 enable
2024-06-17 10:22:49-log: [Package] super-html@1.1.3 enable
2024-06-17 10:22:50-log: [Im-plugin] No online info of im-plugin.
2024-06-17 10:23:06-error: [Asset DB] Importer exec failed: {asset[D:\PA_2024\3D\DogEscape\DogEscape_Op2\assets\Image\Mesh\CE_police_base_update.fbx](0d2b9f0c-58bb-4d29-93df-ae6dbddbc6ab)}
2024-06-17 10:23:06-error: [Asset DB] Failed to import D:\PA_2024\3D\DogEscape\DogEscape_Op2\assets\Image\Mesh\CE_police_base_update.fbx
2024-06-17 10:23:06-warn: [Asset DB] Importer exec warning: {asset[D:\PA_2024\3D\DogEscape\DogEscape_Op2\assets\Op15\New folder\Asset\breakwall.fbx@7d6ab](44fcee2b-3695-48d1-a19c-02364541e7e0@7d6ab)}: The importer version is lower than asset
2024-06-17 10:23:06-warn: [Asset DB] Importer exec warning: {asset[D:\PA_2024\3D\DogEscape\DogEscape_Op2\assets\Op15\New folder\Asset\CE_police_base_update.fbx@7d6ab](220733e3-d15a-4b68-b95b-6fd323b50ba7@7d6ab)}: The importer version is lower than asset
2024-06-17 10:23:06-warn: [Asset DB] Importer exec warning: {asset[D:\PA_2024\3D\DogEscape\DogEscape_Op2\assets\Op15\New folder\Asset\CE_police_base_update.fbx@36c77](220733e3-d15a-4b68-b95b-6fd323b50ba7@36c77)}: The importer version is lower than asset
2024-06-17 10:23:06-warn: [Asset DB] Importer exec warning: {asset[D:\PA_2024\3D\DogEscape\DogEscape_Op2\assets\Op15\New folder\Asset\conveyor_belt.fbx@7d6ab](99d2a234-a70f-4c72-b538-5128343f87a8@7d6ab)}: The importer version is lower than asset
2024-06-17 10:23:06-warn: [Asset DB] Importer exec warning: {asset[D:\PA_2024\3D\DogEscape\DogEscape_Op2\assets\Op15\New folder\Asset\exit_door.fbx@7d6ab](48055fdd-9b72-42f8-bb1a-c9d362b92e6b@7d6ab)}: The importer version is lower than asset
2024-06-17 10:23:06-warn: [Asset DB] Importer exec warning: {asset[D:\PA_2024\3D\DogEscape\DogEscape_Op2\assets\Op15\New folder\Asset\floor.fbx@7d6ab](f8dfea48-595c-429a-8bed-17db60678f57@7d6ab)}: The importer version is lower than asset
2024-06-17 10:23:06-warn: [Asset DB] Importer exec warning: {asset[D:\PA_2024\3D\DogEscape\DogEscape_Op2\assets\Op15\New folder\Asset\laser_button.fbx@7d6ab](e522f2b0-31b9-44bf-9992-57a5f580e6c1@7d6ab)}: The importer version is lower than asset
2024-06-17 10:23:06-warn: [Asset DB] Importer exec warning: {asset[D:\PA_2024\3D\DogEscape\DogEscape_Op2\assets\Op15\New folder\Asset\laser_wall.fbx@7d6ab](e2bc85dc-5646-4eb6-acf2-b73ec6f48668@7d6ab)}: The importer version is lower than asset
2024-06-17 10:23:06-warn: [Asset DB] Importer exec warning: {asset[D:\PA_2024\3D\DogEscape\DogEscape_Op2\assets\Op15\New folder\Image\hand.png@6c48a](9e9db634-2a9f-4576-ab98-e8079eb56064@6c48a)}: The importer version is lower than asset
2024-06-17 10:23:06-warn: [Asset DB] Importer exec warning: {asset[D:\PA_2024\3D\DogEscape\DogEscape_Op2\assets\Op15\New folder\Image\ic_textureconveyor.png@6c48a](4fe46031-fd49-4949-90bf-4a0b14534e44@6c48a)}: The importer version is lower than asset
2024-06-17 10:23:06-warn: [Asset DB] Importer exec warning: {asset[D:\PA_2024\3D\DogEscape\DogEscape_Op2\assets\Op15\New folder\Image\ic_textureconveyor.png@f9941](4fe46031-fd49-4949-90bf-4a0b14534e44@f9941)}: The importer version is lower than asset
2024-06-17 10:23:06-warn: [Asset DB] Importer exec warning: {asset[D:\PA_2024\3D\DogEscape\DogEscape_Op2\assets\Op15\New folder\Perfab\CE_police_base_update.fbx@3effa](e2dc50d7-4518-418b-85e1-e7da5b4ed05d@3effa)}: The importer version is lower than asset
2024-06-17 10:23:06-warn: [Asset DB] Importer exec warning: {asset[D:\PA_2024\3D\DogEscape\DogEscape_Op2\assets\Op15\New folder\Perfab\CE_police_base_update.fbx@221a5](e2dc50d7-4518-418b-85e1-e7da5b4ed05d@221a5)}: The importer version is lower than asset
2024-06-17 10:23:06-warn: [Asset DB] Importer exec warning: {asset[D:\PA_2024\3D\DogEscape\DogEscape_Op2\assets\Op15\New folder\Image\AppIcons\icon_background.png@6c48a](15c284aa-063b-4204-9d8c-e346d6f0e1c7@6c48a)}: The importer version is lower than asset
2024-06-17 10:23:06-warn: [Asset DB] Importer exec warning: {asset[D:\PA_2024\3D\DogEscape\DogEscape_Op2\assets\Op15\New folder\Image\AppIcons\icon_foreground.png@6c48a](f61a0398-92bc-41e6-bd09-d9c6ac1950bc@6c48a)}: The importer version is lower than asset
2024-06-17 10:23:06-warn: [Asset DB] Importer exec warning: {asset[D:\PA_2024\3D\DogEscape\DogEscape_Op2\assets\Op15\New folder\Image\AppIcons\icon_legacy.png@6c48a](912bd3d4-3b87-4af8-a235-5f53793725a8@6c48a)}: The importer version is lower than asset
2024-06-17 10:23:06-warn: [Asset DB] Importer exec warning: {asset[D:\PA_2024\3D\DogEscape\DogEscape_Op2\assets\Op15\New folder\Image\AppIcons\icon_legacy.png@f9941](912bd3d4-3b87-4af8-a235-5f53793725a8@f9941)}: The importer version is lower than asset
2024-06-17 10:23:06-warn: [Asset DB] Importer exec warning: {asset[D:\PA_2024\3D\DogEscape\DogEscape_Op2\assets\Op15\New folder\Image\AppIcons\icon_round.png@6c48a](73f881a3-ad05-43cb-bbfc-70c7d040a2ec@6c48a)}: The importer version is lower than asset
2024-06-17 10:23:06-warn: [Asset DB] Importer exec warning: {asset[D:\PA_2024\3D\DogEscape\DogEscape_Op2\assets\Op15\New folder\Image\AppIcons\icon_square.png@6c48a](2ebeb0c1-c4ba-411a-998b-37623b4269fb@6c48a)}: The importer version is lower than asset
2024-06-17 10:23:06-warn: [Asset DB] Importer exec warning: {asset[D:\PA_2024\3D\DogEscape\DogEscape_Op2\assets\Op15\New folder\Image\AppIcons\icon_square_512.png@6c48a](5f638af9-4a5c-4429-863b-b9625b2b1e99@6c48a)}: The importer version is lower than asset
2024-06-17 10:23:06-warn: [Asset DB] Importer exec warning: {asset[D:\PA_2024\3D\DogEscape\DogEscape_Op2\assets\Op15\New folder\Image\Fonts\LilitaOne-Regular Outline 120 SDF Atlas.png@6c48a](544eab02-19c7-48a0-9471-a92cb4863411@6c48a)}: The importer version is lower than asset
2024-06-17 10:23:06-warn: [Asset DB] Importer exec warning: {asset[D:\PA_2024\3D\DogEscape\DogEscape_Op2\assets\Op15\New folder\Image\Mesh\Cats_Base.fbx@d20e9](2cafc96a-e877-4ce3-892b-732a67f0be7a@d20e9)}: The importer version is lower than asset
2024-06-17 10:23:06-warn: [Asset DB] Importer exec warning: {asset[D:\PA_2024\3D\DogEscape\DogEscape_Op2\assets\Op15\New folder\Image\Mesh\Cat_ShowSkin.fbx@e873a](c009134f-744a-4e77-b12e-c3bc06e022ba@e873a)}: The importer version is lower than asset
2024-06-17 10:23:06-warn: [Asset DB] Importer exec warning: {asset[D:\PA_2024\3D\DogEscape\DogEscape_Op2\assets\Op15\New folder\Image\Mesh\Cat_ShowSkin.fbx@a562b](c009134f-744a-4e77-b12e-c3bc06e022ba@a562b)}: The importer version is lower than asset
2024-06-17 10:23:06-warn: [Asset DB] Importer exec warning: {asset[D:\PA_2024\3D\DogEscape\DogEscape_Op2\assets\Op15\New folder\Image\Mesh\Cat_SkinShow.fbx@d20e9](5dca8a06-8a60-4a49-9f4e-af9570e744c4@d20e9)}: The importer version is lower than asset
2024-06-17 10:23:06-warn: [Asset DB] Importer exec warning: {asset[D:\PA_2024\3D\DogEscape\DogEscape_Op2\assets\Op15\New folder\Image\Mesh\CE_Box_Base.fbx@7d6ab](9532aa52-33cd-4600-9de1-96bd727be6be@7d6ab)}: The importer version is lower than asset
2024-06-17 10:23:06-warn: [Asset DB] Importer exec warning: {asset[D:\PA_2024\3D\DogEscape\DogEscape_Op2\assets\Op15\New folder\Image\Mesh\CE_police_base_update.fbx@7d6ab](8d350bb3-b7ac-4af0-a730-beab950991bd@7d6ab)}: The importer version is lower than asset
2024-06-17 10:23:06-warn: [Asset DB] Importer exec warning: {asset[D:\PA_2024\3D\DogEscape\DogEscape_Op2\assets\Op15\New folder\Image\Mesh\CE_police_base_update.fbx@36c77](8d350bb3-b7ac-4af0-a730-beab950991bd@36c77)}: The importer version is lower than asset
2024-06-17 10:23:06-warn: [Asset DB] Importer exec warning: {asset[D:\PA_2024\3D\DogEscape\DogEscape_Op2\assets\Op15\New folder\Image\Mesh\lv2.fbx@8fb9e](61337b64-fff3-4bcf-a216-ebdf739bdab5@8fb9e)}: The importer version is lower than asset
2024-06-17 10:23:06-warn: [Asset DB] Importer exec warning: {asset[D:\PA_2024\3D\DogEscape\DogEscape_Op2\assets\Op15\New folder\Image\Mesh\lv3.fbx@6fcae](e588f01e-56ca-4ba3-94db-f219d511d476@6fcae)}: The importer version is lower than asset
2024-06-17 10:23:06-warn: [Asset DB] Importer exec warning: {asset[D:\PA_2024\3D\DogEscape\DogEscape_Op2\assets\Op15\New folder\Image\Mesh\lv4.fbx@9da75](78318585-8ce4-4a93-ae41-2ad1267a2552@9da75)}: The importer version is lower than asset
2024-06-17 10:23:06-warn: [Asset DB] Importer exec warning: {asset[D:\PA_2024\3D\DogEscape\DogEscape_Op2\assets\Op15\New folder\Image\Mesh\lv5.fbx@6c3a1](80481804-e01d-457d-9baa-34347e8e16fd@6c3a1)}: The importer version is lower than asset
2024-06-17 10:23:06-warn: [Asset DB] Importer exec warning: {asset[D:\PA_2024\3D\DogEscape\DogEscape_Op2\assets\Op15\New folder\Image\Mesh\Robo_Cat_Base.fbx@7d6ab](7c4471f6-f84e-488d-9ed5-32beac30a208@7d6ab)}: The importer version is lower than asset
2024-06-17 10:23:06-warn: [Asset DB] Importer exec warning: {asset[D:\PA_2024\3D\DogEscape\DogEscape_Op2\assets\Op15\New folder\Image\Sprites\Circle512.png@6c48a](7831d35c-0a5c-495b-9578-2b9e441678cc@6c48a)}: The importer version is lower than asset
2024-06-17 10:23:06-warn: [Asset DB] Importer exec warning: {asset[D:\PA_2024\3D\DogEscape\DogEscape_Op2\assets\Op15\New folder\Image\Sprites\GuideArrow 2.png@6c48a](8c98a107-5504-4ab8-9e9c-5a2488c15ec7@6c48a)}: The importer version is lower than asset
2024-06-17 10:23:06-warn: [Asset DB] Importer exec warning: {asset[D:\PA_2024\3D\DogEscape\DogEscape_Op2\assets\Op15\New folder\Image\Sprites\GuideArrow.png@6c48a](c4fbdd52-77cf-420e-84d3-0424cb4d7009@6c48a)}: The importer version is lower than asset
2024-06-17 10:23:06-warn: [Asset DB] Importer exec warning: {asset[D:\PA_2024\3D\DogEscape\DogEscape_Op2\assets\Op15\New folder\Image\Sprites\InvisibleIcon.png@6c48a](d6289e49-7b5f-433c-800b-7aeba8feff19@6c48a)}: The importer version is lower than asset
2024-06-17 10:23:06-warn: [Asset DB] Importer exec warning: {asset[D:\PA_2024\3D\DogEscape\DogEscape_Op2\assets\Op15\New folder\Image\Sprites\NoIcon.png@6c48a](6c11cc6c-5160-490a-b488-558a765dedd0@6c48a)}: The importer version is lower than asset
2024-06-17 10:23:06-warn: [Asset DB] Importer exec warning: {asset[D:\PA_2024\3D\DogEscape\DogEscape_Op2\assets\Op15\New folder\Image\Sprites\PawFX.png@6c48a](d1864453-03c3-45e4-9b2d-0f02c6736db0@6c48a)}: The importer version is lower than asset
2024-06-17 10:23:06-warn: [Asset DB] Importer exec warning: {asset[D:\PA_2024\3D\DogEscape\DogEscape_Op2\assets\Op15\New folder\Image\Sprites\PoliceView.png@6c48a](a272c562-7ad0-4f63-b050-08536c45de11@6c48a)}: The importer version is lower than asset
2024-06-17 10:23:06-warn: [Asset DB] Importer exec warning: {asset[D:\PA_2024\3D\DogEscape\DogEscape_Op2\assets\Op15\New folder\Image\Sprites\SteelBarIcon.png@6c48a](faa2748b-bd12-4bb9-b76b-3adbebe7f3eb@6c48a)}: The importer version is lower than asset
2024-06-17 10:23:06-warn: [Asset DB] Importer exec warning: {asset[D:\PA_2024\3D\DogEscape\DogEscape_Op2\assets\Op15\New folder\Image\Texture\box.jpg@6c48a](a21ec396-0121-4cbe-95d6-e4d88fe89325@6c48a)}: The importer version is lower than asset
2024-06-17 10:23:06-warn: [Asset DB] Importer exec warning: {asset[D:\PA_2024\3D\DogEscape\DogEscape_Op2\assets\Op15\New folder\Image\Texture\grass_tile.png@6c48a](2066ecdc-5663-4fef-b5dc-c64bfd743e2c@6c48a)}: The importer version is lower than asset
2024-06-17 10:23:06-warn: [Asset DB] Importer exec warning: {asset[D:\PA_2024\3D\DogEscape\DogEscape_Op2\assets\Op15\New folder\Image\Texture\Megatexture.png@6c48a](696ce767-f720-4112-b3b7-55d7037b0d09@6c48a)}: The importer version is lower than asset
2024-06-17 10:23:06-warn: [Asset DB] Importer exec warning: {asset[D:\PA_2024\3D\DogEscape\DogEscape_Op2\assets\Op15\New folder\Image\Texture\RoboCat01.png@6c48a](22e78865-d2df-47a3-804d-15d4099f3fe9@6c48a)}: The importer version is lower than asset
2024-06-17 10:23:06-warn: [Asset DB] Importer exec warning: {asset[D:\PA_2024\3D\DogEscape\DogEscape_Op2\assets\Op15\New folder\Image\Texture\Scene_Atlas.png@6c48a](c6527d6f-265c-4dc0-9bf5-0daf0f7aa5d9@6c48a)}: The importer version is lower than asset
2024-06-17 10:23:06-warn: [Asset DB] Importer exec warning: {asset[D:\PA_2024\3D\DogEscape\DogEscape_Op2\assets\Op15\New folder\Image\Texture\Texture.jpg@6c48a](fa9aff32-70f5-46e5-9dfc-d73aef786987@6c48a)}: The importer version is lower than asset
2024-06-17 10:23:06-warn: [Asset DB] Importer exec warning: {asset[D:\PA_2024\3D\DogEscape\DogEscape_Op2\assets\Op15\New folder\Room\Decor\arcademachine.fbx@d20e9](0974436f-e4c2-4aef-9ae7-d1f918b6dcd7@d20e9)}: The importer version is lower than asset
2024-06-17 10:23:06-warn: [Asset DB] Importer exec warning: {asset[D:\PA_2024\3D\DogEscape\DogEscape_Op2\assets\Op15\New folder\Room\Decor\bedroom_bed.fbx@d20e9](e17b0634-e9e1-4dc3-8576-5c5604318d61@d20e9)}: The importer version is lower than asset
2024-06-17 10:23:06-warn: [Asset DB] Importer exec warning: {asset[D:\PA_2024\3D\DogEscape\DogEscape_Op2\assets\Op15\New folder\Room\Decor\bedroom_bedsidetable.fbx@d20e9](9514e0ca-a225-47ee-a926-101cc10d4510@d20e9)}: The importer version is lower than asset
2024-06-17 10:23:06-warn: [Asset DB] Importer exec warning: {asset[D:\PA_2024\3D\DogEscape\DogEscape_Op2\assets\Op15\New folder\Room\Decor\clock1.fbx@7d6ab](5be76a1a-6252-494d-8223-e0a670170f77@7d6ab)}: The importer version is lower than asset
2024-06-17 10:23:06-warn: [Asset DB] Importer exec warning: {asset[D:\PA_2024\3D\DogEscape\DogEscape_Op2\assets\Op15\New folder\Room\Decor\clock2.fbx@7d6ab](e5f4b71b-10e1-407e-83a8-407719c20c7d@7d6ab)}: The importer version is lower than asset
2024-06-17 10:23:06-warn: [Asset DB] Importer exec warning: {asset[D:\PA_2024\3D\DogEscape\DogEscape_Op2\assets\Op15\New folder\Room\Decor\kitchen_recipes.fbx@d20e9](7a19f21f-8e57-4bd7-9fb2-cb61e32dd90f@d20e9)}: The importer version is lower than asset
2024-06-17 10:23:06-warn: [Asset DB] Importer exec warning: {asset[D:\PA_2024\3D\DogEscape\DogEscape_Op2\assets\Op15\New folder\Room\Decor\kitchen_watertap.fbx@d20e9](4deb87c2-72ff-4539-b44f-e3208c1a8d81@d20e9)}: The importer version is lower than asset
2024-06-17 10:23:06-warn: [Asset DB] Importer exec warning: {asset[D:\PA_2024\3D\DogEscape\DogEscape_Op2\assets\Op15\New folder\Room\Decor\lamp.fbx@d20e9](c2687940-4473-462b-9a5b-54f61bd05207@d20e9)}: The importer version is lower than asset
2024-06-17 10:23:06-warn: [Asset DB] Importer exec warning: {asset[D:\PA_2024\3D\DogEscape\DogEscape_Op2\assets\Op15\New folder\Room\Decor\livingroom_bookshelf.fbx@7d6ab](5cb0a8a6-f0aa-4fc5-994f-df64cd597561@7d6ab)}: The importer version is lower than asset
2024-06-17 10:23:06-warn: [Asset DB] Importer exec warning: {asset[D:\PA_2024\3D\DogEscape\DogEscape_Op2\assets\Op15\New folder\Room\Decor\livingroom_carpet.fbx@7d6ab](643f771e-7865-4be6-a605-98a92f080205@7d6ab)}: The importer version is lower than asset
2024-06-17 10:23:06-warn: [Asset DB] Importer exec warning: {asset[D:\PA_2024\3D\DogEscape\DogEscape_Op2\assets\Op15\New folder\Room\Decor\livingroom_chair.fbx@7d6ab](c6a8cb67-37d6-4ac0-a6cf-ad8e84a3cf34@7d6ab)}: The importer version is lower than asset
2024-06-17 10:23:06-warn: [Asset DB] Importer exec warning: {asset[D:\PA_2024\3D\DogEscape\DogEscape_Op2\assets\Op15\New folder\Room\Decor\livingroom_plant.fbx@7d6ab](5506b87d-c73b-4354-b444-65a7f333999f@7d6ab)}: The importer version is lower than asset
2024-06-17 10:23:06-warn: [Asset DB] Importer exec warning: {asset[D:\PA_2024\3D\DogEscape\DogEscape_Op2\assets\Op15\New folder\Room\Decor\livingroom_tv.fbx@7d6ab](7934f171-3cc5-4b8d-9757-47e32b51528b@7d6ab)}: The importer version is lower than asset
2024-06-17 10:23:06-warn: [Asset DB] Importer exec warning: {asset[D:\PA_2024\3D\DogEscape\DogEscape_Op2\assets\Op15\New folder\Room\Decor\office_archiver.fbx@7d6ab](798dccb3-3562-464a-85b1-070d4e809ef9@7d6ab)}: The importer version is lower than asset
2024-06-17 10:23:06-warn: [Asset DB] Importer exec warning: {asset[D:\PA_2024\3D\DogEscape\DogEscape_Op2\assets\Op15\New folder\Room\Decor\office_coat.fbx@7d6ab](f0a9b0ff-3f84-4174-a57f-053dbc478320@7d6ab)}: The importer version is lower than asset
2024-06-17 10:23:06-warn: [Asset DB] Importer exec warning: {asset[D:\PA_2024\3D\DogEscape\DogEscape_Op2\assets\Op15\New folder\Room\Decor\office_posters.fbx@7d6ab](2b83c325-3d42-4cec-9149-bb8e4929b787@7d6ab)}: The importer version is lower than asset
2024-06-17 10:23:06-warn: [Asset DB] Importer exec warning: {asset[D:\PA_2024\3D\DogEscape\DogEscape_Op2\assets\Op15\New folder\Room\Decor\office_safe.fbx@7d6ab](1e1055ac-ac17-4b1c-b4e2-8e7a39f9eb50@7d6ab)}: The importer version is lower than asset
2024-06-17 10:23:06-warn: [Asset DB] Importer exec warning: {asset[D:\PA_2024\3D\DogEscape\DogEscape_Op2\assets\Op15\New folder\Room\Decor\office_skeleton.fbx@d20e9](220ab9f1-cf9e-40bb-b52d-e35e9399cbde@d20e9)}: The importer version is lower than asset
2024-06-17 10:23:06-warn: [Asset DB] Importer exec warning: {asset[D:\PA_2024\3D\DogEscape\DogEscape_Op2\assets\Op15\New folder\Room\Decor\office_table.fbx@7d6ab](f3e25f62-67cd-4774-85e7-f3dd254e0996@7d6ab)}: The importer version is lower than asset
2024-06-17 10:23:06-warn: [Asset DB] Importer exec warning: {asset[D:\PA_2024\3D\DogEscape\DogEscape_Op2\assets\Op15\New folder\Room\Decor\vendingmachine.fbx@7d6ab](da2a7bc3-2aeb-455a-bf3f-a4f22e519c71@7d6ab)}: The importer version is lower than asset
2024-06-17 10:23:06-warn: [Asset DB] Importer exec warning: {asset[D:\PA_2024\3D\DogEscape\DogEscape_Op2\assets\Op15\New folder\Room\Mesh\Sercurity_Door.fbx@7d6ab](ceb9aa5e-075a-4610-8b6d-af37d687e9e9@7d6ab)}: The importer version is lower than asset
2024-06-17 10:23:06-warn: [Asset DB] Importer exec warning: {asset[D:\PA_2024\3D\DogEscape\DogEscape_Op2\assets\Op15\New folder\Room\Texture\Active_Texture.png@6c48a](8d5a8a7d-00ce-48fb-a691-5fa10ad08cb3@6c48a)}: The importer version is lower than asset
2024-06-17 10:23:06-warn: [Asset DB] Importer exec warning: {asset[D:\PA_2024\3D\DogEscape\DogEscape_Op2\assets\Op15\New folder\Room\Texture\laser.png@6c48a](a8a556f0-fdf2-4211-ac11-c62458196157@6c48a)}: The importer version is lower than asset
2024-06-17 10:23:06-warn: [Asset DB] Importer exec warning: {asset[D:\PA_2024\3D\DogEscape\DogEscape_Op2\assets\Op15\New folder\Room\Texture\lasez02.png@6c48a](31787e32-796d-4460-9da5-29eb94c97eab@6c48a)}: The importer version is lower than asset
2024-06-17 10:23:06-warn: [Asset DB] Importer exec warning: {asset[D:\PA_2024\3D\DogEscape\DogEscape_Op2\assets\Op15\New folder\Room\Texture\lasez03.png@6c48a](5fa81bca-315e-4667-ae86-9975ab82ed72@6c48a)}: The importer version is lower than asset
2024-06-17 10:23:06-warn: [Asset DB] Importer exec warning: {asset[D:\PA_2024\3D\DogEscape\DogEscape_Op2\assets\Op15\New folder\Room\Texture\Megatexture02.png@6c48a](2f08e925-8791-44d8-9d88-af17f74e9a9b@6c48a)}: The importer version is lower than asset
2024-06-17 10:23:06-warn: [Asset DB] Importer exec warning: {asset[D:\PA_2024\3D\DogEscape\DogEscape_Op2\assets\Op15\New folder\Room\Texture\MTexture.jpg@6c48a](b0f8c635-919c-43c4-90a2-6465c833661f@6c48a)}: The importer version is lower than asset
2024-06-17 10:23:06-warn: [Asset DB] Importer exec warning: {asset[D:\PA_2024\3D\DogEscape\DogEscape_Op2\assets\Op15\New folder\Room\Texture\stander.png@6c48a](2abba84c-ee89-4052-87d2-d358964beaa3@6c48a)}: The importer version is lower than asset
2024-06-17 10:23:06-warn: [Asset DB] Importer exec warning: {asset[D:\PA_2024\3D\DogEscape\DogEscape_Op2\assets\Op15\New folder\Room\Texture\Texture.jpg@6c48a](9129dd27-9aa4-4fd6-a52b-98db3f88a570@6c48a)}: The importer version is lower than asset
2024-06-17 10:23:06-warn: [Asset DB] Importer exec warning: {asset[D:\PA_2024\3D\DogEscape\DogEscape_Op2\assets\Op15\New folder\Room\Texture\Texture.png@6c48a](89408935-ac0e-4139-80bf-ab473a972446@6c48a)}: The importer version is lower than asset
2024-06-17 10:23:07-warn: [Asset DB] Importer exec warning: {asset[D:\PA_2024\3D\DogEscape\DogEscape_Op2\assets\Op15\New folder\Image\Mesh\Vehicle\Car_Base_Up.fbx@4f17a](4f13c865-8f58-42b6-8e9a-b307afbacdd9@4f17a)}: The importer version is lower than asset
2024-06-17 10:23:07-warn: [Asset DB] Importer exec warning: {asset[D:\PA_2024\3D\DogEscape\DogEscape_Op2\assets\Op15\New folder\Image\Mesh\Vehicle\Car_Base_Up.fbx@d20e9](4f13c865-8f58-42b6-8e9a-b307afbacdd9@d20e9)}: The importer version is lower than asset
2024-06-17 10:23:07-warn: [Asset DB] Importer exec warning: {asset[D:\PA_2024\3D\DogEscape\DogEscape_Op2\assets\Op15\New folder\Image\Mesh\Vehicle\Helicopter_Base.fbx@91dcf](40554f1e-97ea-448f-a64a-70fc75acd328@91dcf)}: The importer version is lower than asset
2024-06-17 10:23:07-warn: [Asset DB] Importer exec warning: {asset[D:\PA_2024\3D\DogEscape\DogEscape_Op2\assets\Op15\New folder\Image\Mesh\Vehicle\SpaceShip_Base.fbx@2ce41](7b3c4453-19d1-4347-9ae1-61156184e074@2ce41)}: The importer version is lower than asset
2024-06-17 10:23:07-warn: [Asset DB] Importer exec warning: {asset[D:\PA_2024\3D\DogEscape\DogEscape_Op2\assets\Op15\New folder\Image\Mesh\Vehicle\SubMarine_Base.fbx@e873a](a49c9de5-8c20-4b83-b031-11045408956d@e873a)}: The importer version is lower than asset
2024-06-17 10:23:07-warn: [Asset DB] Importer exec warning: {asset[D:\PA_2024\3D\DogEscape\DogEscape_Op2\assets\Op15\New folder\Image\Mesh\Vehicle\Train_Base.fbx@a562b](eac70c45-5439-4ff0-9f24-9988b86cdb6f@a562b)}: The importer version is lower than asset
2024-06-17 10:23:07-warn: [Asset DB] Importer exec warning: {asset[D:\PA_2024\3D\DogEscape\DogEscape_Op2\assets\Op15\New folder\Image\Sprites\popup-end-levels\Bg.png@6c48a](1d140cb8-abd8-493a-94bc-5cd39db7af17@6c48a)}: The importer version is lower than asset
2024-06-17 10:23:07-warn: [Asset DB] Importer exec warning: {asset[D:\PA_2024\3D\DogEscape\DogEscape_Op2\assets\Op15\New folder\Image\Sprites\popup-end-levels\btn_green.png@6c48a](838f9d15-2b27-4838-bc55-b168e377fd63@6c48a)}: The importer version is lower than asset
2024-06-17 10:23:07-warn: [Asset DB] Importer exec warning: {asset[D:\PA_2024\3D\DogEscape\DogEscape_Op2\assets\Op15\New folder\Image\Sprites\popup-end-levels\btn_yellow.png@6c48a](8e76e142-4160-49c3-9107-90cf7eb2e720@6c48a)}: The importer version is lower than asset
2024-06-17 10:23:07-warn: [Asset DB] Importer exec warning: {asset[D:\PA_2024\3D\DogEscape\DogEscape_Op2\assets\Op15\New folder\Image\Sprites\popup-end-levels\frame_percent.png@6c48a](289c036e-f347-41c1-8609-d9b483071701@6c48a)}: The importer version is lower than asset
2024-06-17 10:23:07-warn: [Asset DB] Importer exec warning: {asset[D:\PA_2024\3D\DogEscape\DogEscape_Op2\assets\Op15\New folder\Image\Sprites\popup-end-levels\glow2.png@6c48a](34b68ecf-59c0-41fc-9baa-0cf97db73cca@6c48a)}: The importer version is lower than asset
2024-06-17 10:23:07-warn: [Asset DB] Importer exec warning: {asset[D:\PA_2024\3D\DogEscape\DogEscape_Op2\assets\Op15\New folder\Image\Sprites\popup-settings-rate\btn_close.png@6c48a](6be2c29c-78cb-4115-9c4c-5cf747bc63d7@6c48a)}: The importer version is lower than asset
2024-06-17 10:23:07-warn: [Asset DB] Importer exec warning: {asset[D:\PA_2024\3D\DogEscape\DogEscape_Op2\assets\Op15\New folder\Image\Sprites\popup-settings-rate\btn_music_off.png@6c48a](55d83f4a-06c7-4fff-be89-041e3d72357a@6c48a)}: The importer version is lower than asset
2024-06-17 10:23:07-warn: [Asset DB] Importer exec warning: {asset[D:\PA_2024\3D\DogEscape\DogEscape_Op2\assets\Op15\New folder\Image\Sprites\popup-settings-rate\btn_music_on.png@6c48a](2f846144-67b0-41a1-b06b-8c7f745e6efe@6c48a)}: The importer version is lower than asset
2024-06-17 10:23:07-warn: [Asset DB] Importer exec warning: {asset[D:\PA_2024\3D\DogEscape\DogEscape_Op2\assets\Op15\New folder\Image\Sprites\popup-settings-rate\btn_privacy.png@6c48a](b44f8374-2163-4d80-8e12-3d0a21e35d0f@6c48a)}: The importer version is lower than asset
2024-06-17 10:23:07-warn: [Asset DB] Importer exec warning: {asset[D:\PA_2024\3D\DogEscape\DogEscape_Op2\assets\Op15\New folder\Image\Sprites\popup-settings-rate\btn_rateus.png@6c48a](e3eb458a-1ca1-4962-92cb-13a84e139bd1@6c48a)}: The importer version is lower than asset
2024-06-17 10:23:07-warn: [Asset DB] Importer exec warning: {asset[D:\PA_2024\3D\DogEscape\DogEscape_Op2\assets\Op15\New folder\Image\Sprites\popup-settings-rate\btn_sound_off.png@6c48a](c1bed125-0b03-402e-9c3d-c11f2fc52a96@6c48a)}: The importer version is lower than asset
2024-06-17 10:23:07-warn: [Asset DB] Importer exec warning: {asset[D:\PA_2024\3D\DogEscape\DogEscape_Op2\assets\Op15\New folder\Image\Sprites\popup-settings-rate\btn_sound_on.png@6c48a](4d45e064-49ca-4d4e-a111-7590e5de3d7d@6c48a)}: The importer version is lower than asset
2024-06-17 10:23:07-warn: [Asset DB] Importer exec warning: {asset[D:\PA_2024\3D\DogEscape\DogEscape_Op2\assets\Op15\New folder\Image\Sprites\popup-settings-rate\btn_termofservice.png@6c48a](20de1ca9-3fe6-4840-b462-2572212ca3c6@6c48a)}: The importer version is lower than asset
2024-06-17 10:23:07-warn: [Asset DB] Importer exec warning: {asset[D:\PA_2024\3D\DogEscape\DogEscape_Op2\assets\Op15\New folder\Image\Sprites\popup-settings-rate\btn_vibrate_off.png@6c48a](b773c6f8-96c4-4dfd-bc92-c6850a4d3301@6c48a)}: The importer version is lower than asset
2024-06-17 10:23:07-warn: [Asset DB] Importer exec warning: {asset[D:\PA_2024\3D\DogEscape\DogEscape_Op2\assets\Op15\New folder\Image\Sprites\popup-settings-rate\btn_vibrate_on.png@6c48a](75b4f7a7-92cc-49a6-bf5a-d58c95584a1f@6c48a)}: The importer version is lower than asset
2024-06-17 10:23:07-warn: [Asset DB] Importer exec warning: {asset[D:\PA_2024\3D\DogEscape\DogEscape_Op2\assets\Op15\New folder\Image\Sprites\popup-settings-rate\frame_popup.png@6c48a](c0055974-f9e5-47c3-920f-77cb98651513@6c48a)}: The importer version is lower than asset
2024-06-17 10:23:07-warn: [Asset DB] Importer exec warning: {asset[D:\PA_2024\3D\DogEscape\DogEscape_Op2\assets\Op15\New folder\Image\Sprites\popup-settings-rate\frame_title.png@6c48a](bb90bb28-719e-4972-864d-79a727841814@6c48a)}: The importer version is lower than asset
2024-06-17 10:23:07-warn: [Asset DB] Importer exec warning: {asset[D:\PA_2024\3D\DogEscape\DogEscape_Op2\assets\Op15\New folder\Image\Sprites\popup-settings-rate\ic_ads.png@6c48a](02bc5be2-e29b-4220-8ad5-d148ab2c9a54@6c48a)}: The importer version is lower than asset
2024-06-17 10:23:07-warn: [Asset DB] Importer exec warning: {asset[D:\PA_2024\3D\DogEscape\DogEscape_Op2\assets\Op15\New folder\Image\Sprites\popup-settings-rate\ic_star_off.png@6c48a](ae370366-b346-407f-8345-c7fa8522edf8@6c48a)}: The importer version is lower than asset
2024-06-17 10:23:07-warn: [Asset DB] Importer exec warning: {asset[D:\PA_2024\3D\DogEscape\DogEscape_Op2\assets\Op15\New folder\Image\Sprites\popup-settings-rate\ic_star_on.png@6c48a](809dd533-2f56-405b-ac03-16ea5d1ae246@6c48a)}: The importer version is lower than asset
2024-06-17 10:23:07-warn: [Asset DB] Importer exec warning: {asset[D:\PA_2024\3D\DogEscape\DogEscape_Op2\assets\Op15\New folder\Image\Sprites\popup-shop\btn_back.png@6c48a](1b92cdb1-447b-4536-b2f4-b05ff7e271d1@6c48a)}: The importer version is lower than asset
2024-06-17 10:23:07-warn: [Asset DB] Importer exec warning: {asset[D:\PA_2024\3D\DogEscape\DogEscape_Op2\assets\Op15\New folder\Image\Sprites\popup-shop\btn_premium.png@6c48a](7c1671aa-387d-413b-96e4-5da6f2877cc9@6c48a)}: The importer version is lower than asset
2024-06-17 10:23:07-warn: [Asset DB] Importer exec warning: {asset[D:\PA_2024\3D\DogEscape\DogEscape_Op2\assets\Op15\New folder\Image\Sprites\popup-shop\btn_skin.png@6c48a](c9a14a41-8005-4fff-8064-2e16e3994604@6c48a)}: The importer version is lower than asset
2024-06-17 10:23:07-warn: [Asset DB] Importer exec warning: {asset[D:\PA_2024\3D\DogEscape\DogEscape_Op2\assets\Op15\New folder\Image\Sprites\popup-shop\btn_trail.png@6c48a](e906e555-7aea-4be6-a97b-f76f3f67d1f1@6c48a)}: The importer version is lower than asset
2024-06-17 10:23:07-warn: [Asset DB] Importer exec warning: {asset[D:\PA_2024\3D\DogEscape\DogEscape_Op2\assets\Op15\New folder\Image\Sprites\popup-shop\frame_item_premium.png@6c48a](13c27345-de10-458a-9ce3-13881e364c0a@6c48a)}: The importer version is lower than asset
2024-06-17 10:23:07-warn: [Asset DB] Importer exec warning: {asset[D:\PA_2024\3D\DogEscape\DogEscape_Op2\assets\Op15\New folder\Image\Sprites\popup-shop\frame_item_premium_selected.png@6c48a](630f7a0d-764c-4c67-8d22-aaa908f464eb@6c48a)}: The importer version is lower than asset
2024-06-17 10:23:07-warn: [Asset DB] Importer exec warning: {asset[D:\PA_2024\3D\DogEscape\DogEscape_Op2\assets\Op15\New folder\Image\Sprites\popup-shop\frame_item_skin.png@6c48a](eb7ee648-81c8-4bf5-a09f-3f636fc1d5be@6c48a)}: The importer version is lower than asset
2024-06-17 10:23:07-warn: [Asset DB] Importer exec warning: {asset[D:\PA_2024\3D\DogEscape\DogEscape_Op2\assets\Op15\New folder\Image\Sprites\popup-shop\frame_item_skin_selected.png@6c48a](071ec6d6-861a-477f-974d-b9e916613b46@6c48a)}: The importer version is lower than asset
2024-06-17 10:23:07-warn: [Asset DB] Importer exec warning: {asset[D:\PA_2024\3D\DogEscape\DogEscape_Op2\assets\Op15\New folder\Image\Sprites\popup-shop\frame_item_trail.png@6c48a](f3a7b85a-4fac-43fa-bc99-fd0c6b8757a3@6c48a)}: The importer version is lower than asset
2024-06-17 10:23:07-warn: [Asset DB] Importer exec warning: {asset[D:\PA_2024\3D\DogEscape\DogEscape_Op2\assets\Op15\New folder\Image\Sprites\popup-shop\frame_item_trail_selected.png@6c48a](ce3b787b-6eb1-4eff-bc57-d68b0ddd5f90@6c48a)}: The importer version is lower than asset
2024-06-17 10:23:07-warn: [Asset DB] Importer exec warning: {asset[D:\PA_2024\3D\DogEscape\DogEscape_Op2\assets\Op15\New folder\Image\Sprites\popup-shop\ic_lock.png@6c48a](a54f9c17-4452-467a-afbc-365929a5cf93@6c48a)}: The importer version is lower than asset
2024-06-17 10:23:07-warn: [Asset DB] Importer exec warning: {asset[D:\PA_2024\3D\DogEscape\DogEscape_Op2\assets\Op15\New folder\Image\Sprites\popup-shop\tab_premium.png@6c48a](aeb2ff3b-cb62-43df-9d06-2290b445adba@6c48a)}: The importer version is lower than asset
2024-06-17 10:23:07-warn: [Asset DB] Importer exec warning: {asset[D:\PA_2024\3D\DogEscape\DogEscape_Op2\assets\Op15\New folder\Image\Sprites\popup-shop\tab_selected.png@6c48a](76b0d0a7-994d-49bc-ac2d-3dd6b590d652@6c48a)}: The importer version is lower than asset
2024-06-17 10:23:07-warn: [Asset DB] Importer exec warning: {asset[D:\PA_2024\3D\DogEscape\DogEscape_Op2\assets\Op15\New folder\Image\Sprites\popup-shop\tab_skin.png@6c48a](b0dd1972-aa88-4365-b0b6-a804567ee316@6c48a)}: The importer version is lower than asset
2024-06-17 10:23:07-warn: [Asset DB] Importer exec warning: {asset[D:\PA_2024\3D\DogEscape\DogEscape_Op2\assets\Op15\New folder\Image\Sprites\popup-shop\tab_trail.png@6c48a](f2d18864-79b5-457b-9917-32d2ad06961d@6c48a)}: The importer version is lower than asset
2024-06-17 10:23:07-warn: [Asset DB] Importer exec warning: {asset[D:\PA_2024\3D\DogEscape\DogEscape_Op2\assets\Op15\New folder\Image\Sprites\SkinIcons\ic_army.png@6c48a](ac2ac6af-d90c-4d9c-9c02-07fe315ca74f@6c48a)}: The importer version is lower than asset
2024-06-17 10:23:07-warn: [Asset DB] Importer exec warning: {asset[D:\PA_2024\3D\DogEscape\DogEscape_Op2\assets\Op15\New folder\Image\Sprites\SkinIcons\ic_astronaut.png@6c48a](efeac20b-72a9-4007-bcdb-4d3d2126e7ed@6c48a)}: The importer version is lower than asset
2024-06-17 10:23:07-warn: [Asset DB] Importer exec warning: {asset[D:\PA_2024\3D\DogEscape\DogEscape_Op2\assets\Op15\New folder\Image\Sprites\SkinIcons\ic_beecat.png@6c48a](f8450d3b-65a1-487d-ade4-85f056ffa9bf@6c48a)}: The importer version is lower than asset
2024-06-17 10:23:07-warn: [Asset DB] Importer exec warning: {asset[D:\PA_2024\3D\DogEscape\DogEscape_Op2\assets\Op15\New folder\Image\Sprites\SkinIcons\ic_berserker.png@6c48a](a1227f5b-588a-4feb-9100-880cd2636595@6c48a)}: The importer version is lower than asset
2024-06-17 10:23:07-warn: [Asset DB] Importer exec warning: {asset[D:\PA_2024\3D\DogEscape\DogEscape_Op2\assets\Op15\New folder\Image\Sprites\SkinIcons\ic_chef.png@6c48a](846f0450-f636-44c0-a240-7f21b661bc6d@6c48a)}: The importer version is lower than asset
2024-06-17 10:23:07-warn: [Asset DB] Importer exec warning: {asset[D:\PA_2024\3D\DogEscape\DogEscape_Op2\assets\Op15\New folder\Image\Sprites\SkinIcons\ic_chinadragon.png@6c48a](1efaa643-115e-4bae-ba32-fec8ff6652c8@6c48a)}: The importer version is lower than asset
2024-06-17 10:23:07-warn: [Asset DB] Importer exec warning: {asset[D:\PA_2024\3D\DogEscape\DogEscape_Op2\assets\Op15\New folder\Image\Sprites\SkinIcons\ic_clown.png@6c48a](f81cd649-5797-44f3-8443-4de341e545dc@6c48a)}: The importer version is lower than asset
2024-06-17 10:23:07-warn: [Asset DB] Importer exec warning: {asset[D:\PA_2024\3D\DogEscape\DogEscape_Op2\assets\Op15\New folder\Image\Sprites\SkinIcons\ic_cowboy.png@6c48a](9a70e874-17e7-47ba-b901-3c33aa25de69@6c48a)}: The importer version is lower than asset
2024-06-17 10:23:07-warn: [Asset DB] Importer exec warning: {asset[D:\PA_2024\3D\DogEscape\DogEscape_Op2\assets\Op15\New folder\Image\Sprites\SkinIcons\ic_cyberpunk.png@6c48a](20e8cbd7-66ec-4459-9ff6-1336c6bdfd38@6c48a)}: The importer version is lower than asset
2024-06-17 10:23:07-warn: [Asset DB] Importer exec warning: {asset[D:\PA_2024\3D\DogEscape\DogEscape_Op2\assets\Op15\New folder\Image\Sprites\SkinIcons\ic_deer.png@6c48a](5d3f5fb5-ef63-4cfb-a184-ef17eec0ef64@6c48a)}: The importer version is lower than asset
2024-06-17 10:23:07-warn: [Asset DB] Importer exec warning: {asset[D:\PA_2024\3D\DogEscape\DogEscape_Op2\assets\Op15\New folder\Image\Sprites\SkinIcons\ic_default.png@6c48a](634bd49c-0533-4b45-92a9-143645f31de9@6c48a)}: The importer version is lower than asset
2024-06-17 10:23:07-warn: [Asset DB] Importer exec warning: {asset[D:\PA_2024\3D\DogEscape\DogEscape_Op2\assets\Op15\New folder\Image\Sprites\SkinIcons\ic_dr.png@6c48a](3e63d466-f961-428e-b6f5-d30e4600f18f@6c48a)}: The importer version is lower than asset
2024-06-17 10:23:07-warn: [Asset DB] Importer exec warning: {asset[D:\PA_2024\3D\DogEscape\DogEscape_Op2\assets\Op15\New folder\Image\Sprites\SkinIcons\ic_dragon.png@6c48a](79fa4a6e-164e-4428-bcc7-f9f1824af5e4@6c48a)}: The importer version is lower than asset
2024-06-17 10:23:07-warn: [Asset DB] Importer exec warning: {asset[D:\PA_2024\3D\DogEscape\DogEscape_Op2\assets\Op15\New folder\Image\Sprites\SkinIcons\ic_dragon2.png@6c48a](55df0963-3cbb-4313-81f9-735624561b63@6c48a)}: The importer version is lower than asset
2024-06-17 10:23:07-warn: [Asset DB] Importer exec warning: {asset[D:\PA_2024\3D\DogEscape\DogEscape_Op2\assets\Op15\New folder\Image\Sprites\SkinIcons\ic_farmer.png@6c48a](900116b6-d8e8-4ad3-90ae-cdb83aac1c11@6c48a)}: The importer version is lower than asset
2024-06-17 10:23:07-warn: [Asset DB] Importer exec warning: {asset[D:\PA_2024\3D\DogEscape\DogEscape_Op2\assets\Op15\New folder\Image\Sprites\SkinIcons\ic_king.png@6c48a](a9981a23-7b55-4b43-a10a-689e7edddaa4@6c48a)}: The importer version is lower than asset
2024-06-17 10:23:07-warn: [Asset DB] Importer exec warning: {asset[D:\PA_2024\3D\DogEscape\DogEscape_Op2\assets\Op15\New folder\Image\Sprites\SkinIcons\ic_knight.png@6c48a](c877de57-c2a9-47da-92b7-147c1dde1033@6c48a)}: The importer version is lower than asset
2024-06-17 10:23:07-warn: [Asset DB] Importer exec warning: {asset[D:\PA_2024\3D\DogEscape\DogEscape_Op2\assets\Op15\New folder\Image\Sprites\SkinIcons\ic_ninja.png@6c48a](0677b1c3-4d9e-43b0-ab94-95d8220ac071@6c48a)}: The importer version is lower than asset
2024-06-17 10:23:07-warn: [Asset DB] Importer exec warning: {asset[D:\PA_2024\3D\DogEscape\DogEscape_Op2\assets\Op15\New folder\Image\Sprites\SkinIcons\ic_pharaoh.png@6c48a](9451d2d9-157a-4bdb-9d3d-71b2f289009c@6c48a)}: The importer version is lower than asset
2024-06-17 10:23:07-warn: [Asset DB] Importer exec warning: {asset[D:\PA_2024\3D\DogEscape\DogEscape_Op2\assets\Op15\New folder\Image\Sprites\SkinIcons\ic_pirate.png@6c48a](52ee3ef9-1607-4e59-8ae9-6de159b28120@6c48a)}: The importer version is lower than asset
2024-06-17 10:23:07-warn: [Asset DB] Importer exec warning: {asset[D:\PA_2024\3D\DogEscape\DogEscape_Op2\assets\Op15\New folder\Image\Sprites\SkinIcons\ic_puss.png@6c48a](6b08da98-01b2-4465-b22b-1288af0aa0e2@6c48a)}: The importer version is lower than asset
2024-06-17 10:23:07-warn: [Asset DB] Importer exec warning: {asset[D:\PA_2024\3D\DogEscape\DogEscape_Op2\assets\Op15\New folder\Image\Sprites\SkinIcons\ic_rabbit.png@6c48a](c09aeaed-ca16-4329-ba2e-bf83ed4b660f@6c48a)}: The importer version is lower than asset
2024-06-17 10:23:07-warn: [Asset DB] Importer exec warning: {asset[D:\PA_2024\3D\DogEscape\DogEscape_Op2\assets\Op15\New folder\Image\Sprites\SkinIcons\ic_robinhood.png@6c48a](5f73df27-7770-4d68-89fa-aa5d9aa76b6c@6c48a)}: The importer version is lower than asset
2024-06-17 10:23:07-warn: [Asset DB] Importer exec warning: {asset[D:\PA_2024\3D\DogEscape\DogEscape_Op2\assets\Op15\New folder\Image\Sprites\SkinIcons\ic_rocker.png@6c48a](6504fc7c-7932-4d4b-bffb-4f9a6c69417c@6c48a)}: The importer version is lower than asset
2024-06-17 10:23:07-warn: [Asset DB] Importer exec warning: {asset[D:\PA_2024\3D\DogEscape\DogEscape_Op2\assets\Op15\New folder\Image\Sprites\SkinIcons\ic_samurai.png@6c48a](4dc686ac-7b0c-4b88-9648-b6834fe6c610@6c48a)}: The importer version is lower than asset
2024-06-17 10:23:07-warn: [Asset DB] Importer exec warning: {asset[D:\PA_2024\3D\DogEscape\DogEscape_Op2\assets\Op15\New folder\Image\Sprites\SkinIcons\ic_superman.png@6c48a](b384e933-29cf-440a-a91b-d1013cba5cf2@6c48a)}: The importer version is lower than asset
2024-06-17 10:23:07-warn: [Asset DB] Importer exec warning: {asset[D:\PA_2024\3D\DogEscape\DogEscape_Op2\assets\Op15\New folder\Image\Sprites\SkinIcons\ic_swim.png@6c48a](9cb51859-801b-429b-837e-12579e947ae8@6c48a)}: The importer version is lower than asset
2024-06-17 10:23:07-warn: [Asset DB] Importer exec warning: {asset[D:\PA_2024\3D\DogEscape\DogEscape_Op2\assets\Op15\New folder\Image\Sprites\SkinIcons\ic_travel.png@6c48a](72ef68bc-e19c-4691-99dd-4fc1bb51a92d@6c48a)}: The importer version is lower than asset
2024-06-17 10:23:07-warn: [Asset DB] Importer exec warning: {asset[D:\PA_2024\3D\DogEscape\DogEscape_Op2\assets\Op15\New folder\Image\Sprites\SkinIcons\ic_unicorn.png@6c48a](5cbb6635-ba83-4d08-aa83-e994e7ddd779@6c48a)}: The importer version is lower than asset
2024-06-17 10:23:07-warn: [Asset DB] Importer exec warning: {asset[D:\PA_2024\3D\DogEscape\DogEscape_Op2\assets\Op15\New folder\Image\Sprites\SkinIcons\ic_vampire.png@6c48a](e976ade9-73b8-4553-8866-a16c5416f95b@6c48a)}: The importer version is lower than asset
2024-06-17 10:23:07-warn: [Asset DB] Importer exec warning: {asset[D:\PA_2024\3D\DogEscape\DogEscape_Op2\assets\Op15\New folder\Image\Sprites\SkinIcons\ic_winter.png@6c48a](445d7158-843f-402a-9924-2cae2e5dc02f@6c48a)}: The importer version is lower than asset
2024-06-17 10:23:07-warn: [Asset DB] Importer exec warning: {asset[D:\PA_2024\3D\DogEscape\DogEscape_Op2\assets\Op15\New folder\Image\Sprites\SkinIcons\ic_wizard.png@6c48a](9acc07f5-3b32-4ec5-b620-e9e71a4ff81f@6c48a)}: The importer version is lower than asset
2024-06-17 10:23:07-warn: [Asset DB] Importer exec warning: {asset[D:\PA_2024\3D\DogEscape\DogEscape_Op2\assets\Op15\New folder\Image\Sprites\TrailIcons\bubble_trail.png@6c48a](5ca017b4-9cc9-4417-b3e7-45f7ffd9e78e@6c48a)}: The importer version is lower than asset
2024-06-17 10:23:07-warn: [Asset DB] Importer exec warning: {asset[D:\PA_2024\3D\DogEscape\DogEscape_Op2\assets\Op15\New folder\Image\Sprites\TrailIcons\Emoji-Trail.png@6c48a](88a5174e-23c8-42bc-8b4e-256c4c37c654@6c48a)}: The importer version is lower than asset
2024-06-17 10:23:07-warn: [Asset DB] Importer exec warning: {asset[D:\PA_2024\3D\DogEscape\DogEscape_Op2\assets\Op15\New folder\Image\Sprites\TrailIcons\GroundSlam Trail.png@6c48a](99c18752-72f2-4090-a102-751f49922eec@6c48a)}: The importer version is lower than asset
2024-06-17 10:23:07-warn: [Asset DB] Importer exec warning: {asset[D:\PA_2024\3D\DogEscape\DogEscape_Op2\assets\Op15\New folder\Image\Sprites\TrailIcons\heart_trail.png@6c48a](799b6ce5-c231-4ed5-b620-633d659af7fc@6c48a)}: The importer version is lower than asset
2024-06-17 10:23:07-warn: [Asset DB] Importer exec warning: {asset[D:\PA_2024\3D\DogEscape\DogEscape_Op2\assets\Op15\New folder\Image\Sprites\TrailIcons\Lightning Trail.png@6c48a](30c987ef-9828-4057-a994-e5db26de49f2@6c48a)}: The importer version is lower than asset
2024-06-17 10:23:07-warn: [Asset DB] Importer exec warning: {asset[D:\PA_2024\3D\DogEscape\DogEscape_Op2\assets\Op15\New folder\Image\Sprites\TrailIcons\Rainbow_trail.png@6c48a](4f9f956c-2f5f-4f13-8a33-5b4ab9f60a11@6c48a)}: The importer version is lower than asset
2024-06-17 10:23:07-warn: [Asset DB] Importer exec warning: {asset[D:\PA_2024\3D\DogEscape\DogEscape_Op2\assets\Op15\New folder\Image\Sprites\TrailIcons\SmokeFire Trail.png@6c48a](adb1304b-4ad8-491a-87c7-6b77fa95d000@6c48a)}: The importer version is lower than asset
2024-06-17 10:23:07-warn: [Asset DB] Importer exec warning: {asset[D:\PA_2024\3D\DogEscape\DogEscape_Op2\assets\Op15\New folder\Image\Sprites\TrailIcons\star_trail.png@6c48a](dfffff01-e533-4583-b742-3449753638d9@6c48a)}: The importer version is lower than asset
2024-06-17 10:23:07-warn: [Asset DB] Importer exec warning: {asset[D:\PA_2024\3D\DogEscape\DogEscape_Op2\assets\Op15\New folder\Image\Sprites\TrailIcons\stink_trail.png@6c48a](80bbf68e-5876-4295-8a3b-ad70d404c99e@6c48a)}: The importer version is lower than asset
2024-06-17 10:23:07-warn: [Asset DB] Importer exec warning: {asset[D:\PA_2024\3D\DogEscape\DogEscape_Op2\assets\Op15\New folder\Image\Sprites\UI\btn_removeads.png@6c48a](d8c654ac-3079-41d4-a64d-dd202101d1a6@6c48a)}: The importer version is lower than asset
2024-06-17 10:23:07-warn: [Asset DB] Importer exec warning: {asset[D:\PA_2024\3D\DogEscape\DogEscape_Op2\assets\Op15\New folder\Image\Sprites\UI\btn_settings.png@6c48a](8aaaeadc-96bc-4e52-af5b-6f04c14343b5@6c48a)}: The importer version is lower than asset
2024-06-17 10:23:07-warn: [Asset DB] Importer exec warning: {asset[D:\PA_2024\3D\DogEscape\DogEscape_Op2\assets\Op15\New folder\Image\Sprites\UI\btn_skin.png@6c48a](0e8908d2-d890-4507-ad9d-971a6581ba8b@6c48a)}: The importer version is lower than asset
2024-06-17 10:23:07-warn: [Asset DB] Importer exec warning: {asset[D:\PA_2024\3D\DogEscape\DogEscape_Op2\assets\Op15\New folder\Image\Sprites\UI\Help me_.png@6c48a](f94f8b4a-9f8b-4854-b432-ce4abe229099@6c48a)}: The importer version is lower than asset
2024-06-17 10:23:07-warn: [Asset DB] Importer exec warning: {asset[D:\PA_2024\3D\DogEscape\DogEscape_Op2\assets\Op15\New folder\Image\Sprites\UI\Help me_.png@f9941](f94f8b4a-9f8b-4854-b432-ce4abe229099@f9941)}: The importer version is lower than asset
2024-06-17 10:23:07-warn: [Asset DB] Importer exec warning: {asset[D:\PA_2024\3D\DogEscape\DogEscape_Op2\assets\Op15\New folder\Image\Sprites\UI\icon.png@6c48a](a1740159-35c5-488b-b7a9-d148a876ca2c@6c48a)}: The importer version is lower than asset
2024-06-17 10:23:07-warn: [Asset DB] Importer exec warning: {asset[D:\PA_2024\3D\DogEscape\DogEscape_Op2\assets\Op15\New folder\Image\Sprites\UI\icon.png@f9941](a1740159-35c5-488b-b7a9-d148a876ca2c@f9941)}: The importer version is lower than asset
2024-06-17 10:23:07-warn: [Asset DB] Importer exec warning: {asset[D:\PA_2024\3D\DogEscape\DogEscape_Op2\assets\Op15\New folder\Image\Sprites\UI\img_navigate.png@6c48a](04ffdfad-7b38-4999-80be-cfbf6d78b356@6c48a)}: The importer version is lower than asset
2024-06-17 10:23:07-warn: [Asset DB] Importer exec warning: {asset[D:\PA_2024\3D\DogEscape\DogEscape_Op2\assets\Op15\New folder\Image\Sprites\UI\img_navigate.png@f9941](04ffdfad-7b38-4999-80be-cfbf6d78b356@f9941)}: The importer version is lower than asset
2024-06-17 10:23:07-warn: [Asset DB] Importer exec warning: {asset[D:\PA_2024\3D\DogEscape\DogEscape_Op2\assets\Op15\New folder\Image\Sprites\UI\light_shadow.png@6c48a](f083d9b7-2c3d-4171-b770-134811e483fc@6c48a)}: The importer version is lower than asset
2024-06-17 10:23:07-warn: [Asset DB] Importer exec warning: {asset[D:\PA_2024\3D\DogEscape\DogEscape_Op2\assets\Op15\New folder\Image\Sprites\UI\process_energy_base.png@6c48a](5456cdf6-1541-469f-9fbd-c250b5371bbd@6c48a)}: The importer version is lower than asset
2024-06-17 10:23:07-warn: [Asset DB] Importer exec warning: {asset[D:\PA_2024\3D\DogEscape\DogEscape_Op2\assets\Op15\New folder\Image\Sprites\UI\process_energy_run.png@6c48a](f3f3ca11-1983-4098-a01e-e1961d178e2b@6c48a)}: The importer version is lower than asset
2024-06-17 10:23:07-warn: [Asset DB] Importer exec warning: {asset[D:\PA_2024\3D\DogEscape\DogEscape_Op2\assets\Op15\New folder\Image\Sprites\UI\r_optimized.jpg@6c48a](78480794-103b-4172-9e07-21604e9398f5@6c48a)}: The importer version is lower than asset
2024-06-17 10:23:07-warn: [Asset DB] Importer exec warning: {asset[D:\PA_2024\3D\DogEscape\DogEscape_Op2\assets\Op15\New folder\Image\Sprites\UI\r_optimized.jpg@f9941](78480794-103b-4172-9e07-21604e9398f5@f9941)}: The importer version is lower than asset
2024-06-17 10:23:07-warn: [Asset DB] Importer exec warning: {asset[D:\PA_2024\3D\DogEscape\DogEscape_Op2\assets\Op15\New folder\Image\Sprites\UI\text_dragtomove.png@6c48a](6e460d35-41a1-4222-aa04-ef005bdf215f@6c48a)}: The importer version is lower than asset
2024-06-17 10:23:07-warn: [Asset DB] Importer exec warning: {asset[D:\PA_2024\3D\DogEscape\DogEscape_Op2\assets\Op15\New folder\Image\Sprites\UI\text_dragtomove.png@f9941](6e460d35-41a1-4222-aa04-ef005bdf215f@f9941)}: The importer version is lower than asset
2024-06-17 10:23:07-warn: [Asset DB] Importer exec warning: {asset[D:\PA_2024\3D\DogEscape\DogEscape_Op2\assets\Op15\New folder\Image\Sprites\UI\text_gradient.png@6c48a](71f88483-1190-4b54-8970-00592ebdb2d3@6c48a)}: The importer version is lower than asset
2024-06-17 10:23:07-warn: [Asset DB] Importer exec warning: {asset[D:\PA_2024\3D\DogEscape\DogEscape_Op2\assets\Op15\New folder\Image\Sprites\UI\text_success.png@6c48a](d77c7c21-fe0c-46c8-abc1-53cd76c9fc04@6c48a)}: The importer version is lower than asset
2024-06-17 10:23:07-warn: [Asset DB] Importer exec warning: {asset[D:\PA_2024\3D\DogEscape\DogEscape_Op2\assets\Op15\New folder\Image\Sprites\UI\text_success.png@f9941](d77c7c21-fe0c-46c8-abc1-53cd76c9fc04@f9941)}: The importer version is lower than asset
2024-06-17 10:23:07-warn: [Asset DB] Importer exec warning: {asset[D:\PA_2024\3D\DogEscape\DogEscape_Op2\assets\Op15\New folder\Image\Sprites\UI\title_game.png@6c48a](a706b714-209a-4dc9-b407-0b6e23611944@6c48a)}: The importer version is lower than asset
2024-06-17 10:23:07-warn: [Asset DB] Importer exec warning: {asset[D:\PA_2024\3D\DogEscape\DogEscape_Op2\assets\Op15\New folder\Image\Sprites\UI\title_game.png@f9941](a706b714-209a-4dc9-b407-0b6e23611944@f9941)}: The importer version is lower than asset
2024-06-17 10:23:07-warn: [Asset DB] Importer exec warning: {asset[D:\PA_2024\3D\DogEscape\DogEscape_Op2\assets\Op15\New folder\Image\Sprites\UI\tut_hand.png@6c48a](87bba4a6-4505-4bf3-bf57-588047c70787@6c48a)}: The importer version is lower than asset
2024-06-17 10:23:07-warn: [Asset DB] Importer exec warning: {asset[D:\PA_2024\3D\DogEscape\DogEscape_Op2\assets\Op15\New folder\Image\Sprites\UI\tut_hand.png@f9941](87bba4a6-4505-4bf3-bf57-588047c70787@f9941)}: The importer version is lower than asset
2024-06-17 10:23:07-warn: [Asset DB] Importer exec warning: {asset[D:\PA_2024\3D\DogEscape\DogEscape_Op2\assets\Op15\New folder\Image\Texture\Skins\Cat Show.png@6c48a](ec555387-432b-4605-a86e-7a54a43a07ec@6c48a)}: The importer version is lower than asset
2024-06-17 10:23:07-warn: [Asset DB] Importer exec warning: {asset[D:\PA_2024\3D\DogEscape\DogEscape_Op2\assets\Op15\New folder\Image\Texture\Skins\Cat Show2.png@6c48a](d9ce0a1c-cbd1-440f-ac10-b8c9bb0d1c12@6c48a)}: The importer version is lower than asset
2024-06-17 10:23:07-warn: [Asset DB] Importer exec warning: {asset[D:\PA_2024\3D\DogEscape\DogEscape_Op2\assets\Op15\New folder\Image\Texture\Skins\Cat Show3.png@6c48a](c107a9cb-a3ff-403b-bfc1-5d28f09818ea@6c48a)}: The importer version is lower than asset
2024-06-17 10:23:07-warn: [Asset DB] Importer exec warning: {asset[D:\PA_2024\3D\DogEscape\DogEscape_Op2\assets\Op15\New folder\Image\Texture\Skins\Cat01.png@6c48a](c409378f-3db4-4ac2-982c-1153060c5f4b@6c48a)}: The importer version is lower than asset
2024-06-17 10:23:07-warn: [Asset DB] Importer exec warning: {asset[D:\PA_2024\3D\DogEscape\DogEscape_Op2\assets\Op15\New folder\Image\Texture\Skins\Cat02.png@6c48a](113a98c3-1280-461a-96a5-60b48010e654@6c48a)}: The importer version is lower than asset
2024-06-17 10:23:07-warn: [Asset DB] Importer exec warning: {asset[D:\PA_2024\3D\DogEscape\DogEscape_Op2\assets\Op15\New folder\Image\Texture\Skins\Cat03.png@6c48a](2ee3d690-9316-4871-a059-559d74e86de6@6c48a)}: The importer version is lower than asset
2024-06-17 10:23:07-warn: [Asset DB] Importer exec warning: {asset[D:\PA_2024\3D\DogEscape\DogEscape_Op2\assets\Op15\New folder\Room\Mesh\Plant\Plant_01.fbx@ba42f](8524d244-c21b-47f3-800f-2328bd6c3111@ba42f)}: The importer version is lower than asset
2024-06-17 10:23:07-warn: [Asset DB] Importer exec warning: {asset[D:\PA_2024\3D\DogEscape\DogEscape_Op2\assets\Op15\New folder\Room\Mesh\Plant\Plant_02.fbx@ba42f](da2cd374-a6b1-479b-960e-26e038fa94bf@ba42f)}: The importer version is lower than asset
2024-06-17 10:23:07-warn: [Asset DB] Importer exec warning: {asset[D:\PA_2024\3D\DogEscape\DogEscape_Op2\assets\Op15\New folder\Room\Mesh\Plant\Plant_03.fbx@ba42f](6c2b4528-df92-4d12-b45e-a4d015b164e7@ba42f)}: The importer version is lower than asset
2024-06-17 10:23:07-warn: [Asset DB] Importer exec warning: {asset[D:\PA_2024\3D\DogEscape\DogEscape_Op2\assets\Op15\New folder\Room\Mesh\Plant\Plant_04.fbx@ba42f](d71d2613-3d53-40b0-8dc6-0fb13c6e5e54@ba42f)}: The importer version is lower than asset
2024-06-17 10:23:07-warn: [Asset DB] Importer exec warning: {asset[D:\PA_2024\3D\DogEscape\DogEscape_Op2\assets\Op15\New folder\Room\Mesh\Theme01\Button.fbx@7d6ab](1ecc39b5-ed7f-4cf4-8609-5d9515245410@7d6ab)}: The importer version is lower than asset
2024-06-17 10:23:07-warn: [Asset DB] Importer exec warning: {asset[D:\PA_2024\3D\DogEscape\DogEscape_Op2\assets\Op15\New folder\Room\Mesh\Theme01\DoorKeycardGreen.fbx@7d6ab](800b6c9a-a621-40a2-a9a8-6e8fba0b1578@7d6ab)}: The importer version is lower than asset
2024-06-17 10:23:07-warn: [Asset DB] Importer exec warning: {asset[D:\PA_2024\3D\DogEscape\DogEscape_Op2\assets\Op15\New folder\Room\Mesh\Theme01\Doors.fbx@7d6ab](ca92b767-cda7-4ac0-b7a6-60a843ec80a4@7d6ab)}: The importer version is lower than asset
2024-06-17 10:23:07-warn: [Asset DB] Importer exec warning: {asset[D:\PA_2024\3D\DogEscape\DogEscape_Op2\assets\Op15\New folder\Room\Mesh\Theme01\Electro.fbx@7d6ab](252f64c2-50ac-409e-9fa4-354fffcd48eb@7d6ab)}: The importer version is lower than asset
2024-06-17 10:23:07-warn: [Asset DB] Importer exec warning: {asset[D:\PA_2024\3D\DogEscape\DogEscape_Op2\assets\Op15\New folder\Room\Mesh\Theme01\Sofa.fbx@7d6ab](3ae49a99-0cba-4812-9f2a-4709df6f1094@7d6ab)}: The importer version is lower than asset
2024-06-17 10:23:07-warn: [Asset DB] Importer exec warning: {asset[D:\PA_2024\3D\DogEscape\DogEscape_Op2\assets\Op15\New folder\Room\Mesh\Theme01\tree_A.fbx@7d6ab](1302f187-a3f2-4862-98af-9bd1bf25a30c@7d6ab)}: The importer version is lower than asset
2024-06-17 10:23:07-warn: [Asset DB] Importer exec warning: {asset[D:\PA_2024\3D\DogEscape\DogEscape_Op2\assets\Op15\New folder\Room\Mesh\Theme01\VendingMachine.fbx@7d6ab](89a80e28-cff1-4897-9d19-e483bba6cc49@7d6ab)}: The importer version is lower than asset
2024-06-17 10:23:07-warn: [Asset DB] Importer exec warning: {asset[D:\PA_2024\3D\DogEscape\DogEscape_Op2\assets\Op15\New folder\Room\Mesh\Theme02\ambry.fbx@7d6ab](bdba4ce1-d618-4127-a4e6-57cefbeb4cb2@7d6ab)}: The importer version is lower than asset
2024-06-17 10:23:07-warn: [Asset DB] Importer exec warning: {asset[D:\PA_2024\3D\DogEscape\DogEscape_Op2\assets\Op15\New folder\Room\Mesh\Theme02\bunks.fbx@7d6ab](5d66c170-73cc-4486-b46d-ea26b94cfa79@7d6ab)}: The importer version is lower than asset
2024-06-17 10:23:07-warn: [Asset DB] Importer exec warning: {asset[D:\PA_2024\3D\DogEscape\DogEscape_Op2\assets\Op15\New folder\Room\Mesh\Theme02\fir_tree.fbx@7d6ab](c5cb31b9-367a-4ebd-8f6f-3e54ddf520ad@7d6ab)}: The importer version is lower than asset
2024-06-17 10:23:07-warn: [Asset DB] Importer exec warning: {asset[D:\PA_2024\3D\DogEscape\DogEscape_Op2\assets\Op15\New folder\Room\Mesh\Theme02\office_chair.fbx@7d6ab](2827c675-ae5b-4754-bdf4-ea7a128f411e@7d6ab)}: The importer version is lower than asset
2024-06-17 10:23:07-warn: [Asset DB] Importer exec warning: {asset[D:\PA_2024\3D\DogEscape\DogEscape_Op2\assets\Op15\New folder\Room\Mesh\Theme02\rails.fbx@7d6ab](d14c9714-1b67-4ef6-a2ab-c913dd594fe4@7d6ab)}: The importer version is lower than asset
2024-06-17 10:23:07-warn: [Asset DB] Importer exec warning: {asset[D:\PA_2024\3D\DogEscape\DogEscape_Op2\assets\Op15\New folder\Room\Mesh\Theme02\tablePC_on.fbx@7d6ab](6d8d1c64-9ec5-48f1-a169-d2782324e75b@7d6ab)}: The importer version is lower than asset
2024-06-17 10:23:07-warn: [Asset DB] Importer exec warning: {asset[D:\PA_2024\3D\DogEscape\DogEscape_Op2\assets\Op15\New folder\Room\Mesh\Theme03\amphora.fbx@7d6ab](4eb5d1c7-cb1d-471b-9736-e1161deda0f4@7d6ab)}: The importer version is lower than asset
2024-06-17 10:23:07-warn: [Asset DB] Importer exec warning: {asset[D:\PA_2024\3D\DogEscape\DogEscape_Op2\assets\Op15\New folder\Room\Mesh\Theme03\bonfire.fbx@7d6ab](7acbc941-eade-45a4-9cda-5b65c6c0151f@7d6ab)}: The importer version is lower than asset
2024-06-17 10:23:07-warn: [Asset DB] Importer exec warning: {asset[D:\PA_2024\3D\DogEscape\DogEscape_Op2\assets\Op15\New folder\Room\Mesh\Theme03\bonfire_meat.fbx@7d6ab](e257977a-a471-4b25-9041-a86fcbe23bfe@7d6ab)}: The importer version is lower than asset
2024-06-17 10:23:07-warn: [Asset DB] Importer exec warning: {asset[D:\PA_2024\3D\DogEscape\DogEscape_Op2\assets\Op15\New folder\Room\Mesh\Theme03\DoorTribal.fbx@7d6ab](7ba4bf05-c62f-48e3-9399-eaf1faf0e31b@7d6ab)}: The importer version is lower than asset
2024-06-17 10:23:07-warn: [Asset DB] Importer exec warning: {asset[D:\PA_2024\3D\DogEscape\DogEscape_Op2\assets\Op15\New folder\Room\Mesh\Theme03\Palm_tree.fbx@7d6ab](6fe638b9-104d-4d56-8d49-e3741d5c8fab@7d6ab)}: The importer version is lower than asset
2024-06-17 10:23:07-warn: [Asset DB] Importer exec warning: {asset[D:\PA_2024\3D\DogEscape\DogEscape_Op2\assets\Op15\New folder\Room\Mesh\Theme03\table_wooden.fbx@7d6ab](5c4dc34a-5b8a-419d-b3b7-871b8d4eefb1@7d6ab)}: The importer version is lower than asset
2024-06-17 10:23:07-warn: [Asset DB] Importer exec warning: {asset[D:\PA_2024\3D\DogEscape\DogEscape_Op2\assets\Op15\New folder\Room\Mesh\Theme03\wall_mask.fbx@7d6ab](eaafab6a-a26a-40b8-b878-5f6149a0cc68@7d6ab)}: The importer version is lower than asset
2024-06-17 10:23:07-warn: [Asset DB] Importer exec warning: {asset[D:\PA_2024\3D\DogEscape\DogEscape_Op2\assets\Op15\New folder\Room\Mesh\Theme04\ammo_box.fbx@7d6ab](8e8e75db-0c5b-44e5-8a25-456c6e818724@7d6ab)}: The importer version is lower than asset
2024-06-17 10:23:07-warn: [Asset DB] Importer exec warning: {asset[D:\PA_2024\3D\DogEscape\DogEscape_Op2\assets\Op15\New folder\Room\Mesh\Theme04\military_cactus1.fbx@7d6ab](101d2d74-09af-46af-b4fa-6620fa653f92@7d6ab)}: The importer version is lower than asset
2024-06-17 10:23:07-warn: [Asset DB] Importer exec warning: {asset[D:\PA_2024\3D\DogEscape\DogEscape_Op2\assets\Op15\New folder\Room\Mesh\Theme04\military_cactus2.fbx@7d6ab](459a1121-fa61-4b0d-9018-07fa04ec4638@7d6ab)}: The importer version is lower than asset
2024-06-17 10:23:07-warn: [Asset DB] Importer exec warning: {asset[D:\PA_2024\3D\DogEscape\DogEscape_Op2\assets\Op15\New folder\Room\Mesh\Theme04\military_car.fbx@7d6ab](dc674816-0a31-4fce-8f99-d5204ad9b9aa@7d6ab)}: The importer version is lower than asset
2024-06-17 10:23:07-warn: [Asset DB] Importer exec warning: {asset[D:\PA_2024\3D\DogEscape\DogEscape_Op2\assets\Op15\New folder\Room\Mesh\Theme04\military_ground.fbx@7d6ab](6a5770dd-4ee7-48f7-9bb9-93e63dc3f660@7d6ab)}: The importer version is lower than asset
2024-06-17 10:23:07-warn: [Asset DB] Importer exec warning: {asset[D:\PA_2024\3D\DogEscape\DogEscape_Op2\assets\Op15\New folder\Room\Mesh\Theme04\military_house.fbx@7d6ab](f11b0d4f-dd48-4feb-81d5-a9c25e8e9ff7@7d6ab)}: The importer version is lower than asset
2024-06-17 10:23:07-warn: [Asset DB] Importer exec warning: {asset[D:\PA_2024\3D\DogEscape\DogEscape_Op2\assets\Op15\New folder\Room\Mesh\Theme04\military_mountain1.fbx@7d6ab](02dd81e9-2672-4a81-b587-06475703f854@7d6ab)}: The importer version is lower than asset
2024-06-17 10:23:07-warn: [Asset DB] Importer exec warning: {asset[D:\PA_2024\3D\DogEscape\DogEscape_Op2\assets\Op15\New folder\Room\Mesh\Theme04\military_mountain2.fbx@7d6ab](77044843-c53a-4997-975c-bc63a547f78a@7d6ab)}: The importer version is lower than asset
2024-06-17 10:23:07-warn: [Asset DB] Importer exec warning: {asset[D:\PA_2024\3D\DogEscape\DogEscape_Op2\assets\Op15\New folder\Room\Mesh\Theme04\military_oil.fbx@7d6ab](e0f11db5-0e82-4d1c-918b-20262ebe1641@7d6ab)}: The importer version is lower than asset
2024-06-17 10:23:07-warn: [Asset DB] Importer exec warning: {asset[D:\PA_2024\3D\DogEscape\DogEscape_Op2\assets\Op15\New folder\Room\Mesh\Theme04\military_plant.fbx@7d6ab](bffa7d6c-82a1-41dc-8a7c-3e318de828bf@7d6ab)}: The importer version is lower than asset
2024-06-17 10:23:07-warn: [Asset DB] Importer exec warning: {asset[D:\PA_2024\3D\DogEscape\DogEscape_Op2\assets\Op15\New folder\Room\Mesh\Theme04\military_sandbag.fbx@7d6ab](e02de267-0a06-4b17-b7d9-6454305606f2@7d6ab)}: The importer version is lower than asset
2024-06-17 10:23:07-warn: [Asset DB] Importer exec warning: {asset[D:\PA_2024\3D\DogEscape\DogEscape_Op2\assets\Op15\New folder\Room\Mesh\Theme04\military_stopbar.fbx@7d6ab](7162b218-d1b0-46a1-bb91-309657681e3a@7d6ab)}: The importer version is lower than asset
2024-06-17 10:23:07-warn: [Asset DB] Importer exec warning: {asset[D:\PA_2024\3D\DogEscape\DogEscape_Op2\assets\Op15\New folder\Room\Mesh\Theme04\military_stopcolumn.fbx@7d6ab](92d46601-61f1-4b10-8fc3-540ba2a572d7@7d6ab)}: The importer version is lower than asset
2024-06-17 10:23:07-warn: [Asset DB] Importer exec warning: {asset[D:\PA_2024\3D\DogEscape\DogEscape_Op2\assets\Op15\New folder\Room\Mesh\Theme04\military_turret.fbx@7d6ab](4c52a862-a29d-42a9-a8d3-98a5b92bbe89@7d6ab)}: The importer version is lower than asset
2024-06-17 10:23:07-warn: [Asset DB] Importer exec warning: {asset[D:\PA_2024\3D\DogEscape\DogEscape_Op2\assets\Op15\New folder\Room\Mesh\Theme04\military_watchtower.fbx@7d6ab](10e120f8-5b51-4032-8c50-5710ef23aef9@7d6ab)}: The importer version is lower than asset
2024-06-17 10:23:07-warn: [Asset DB] Importer exec warning: {asset[D:\PA_2024\3D\DogEscape\DogEscape_Op2\assets\Op15\New folder\Room\Mesh\Theme05\automatic_gun.fbx@7d6ab](a948086c-083a-49e6-aef3-68ae920d43d3@7d6ab)}: The importer version is lower than asset
2024-06-17 10:23:07-warn: [Asset DB] Importer exec warning: {asset[D:\PA_2024\3D\DogEscape\DogEscape_Op2\assets\Op15\New folder\Room\Mesh\Theme05\breakwall.fbx@7d6ab](c4cabbfd-cf36-458d-9da6-be326d11435a@7d6ab)}: The importer version is lower than asset
2024-06-17 10:23:07-warn: [Asset DB] Importer exec warning: {asset[D:\PA_2024\3D\DogEscape\DogEscape_Op2\assets\Op15\New folder\Room\Mesh\Theme05\bulletportal_exit.fbx@7d6ab](53ee7f27-a799-4be0-9ee9-06651d1123bf@7d6ab)}: The importer version is lower than asset
2024-06-17 10:23:07-warn: [Asset DB] Importer exec warning: {asset[D:\PA_2024\3D\DogEscape\DogEscape_Op2\assets\Op15\New folder\Room\Mesh\Theme05\bullet_portal.fbx@7d6ab](88d50fc7-dfd0-48f3-9f98-e1195e453224@7d6ab)}: The importer version is lower than asset
2024-06-17 10:23:07-warn: [Asset DB] Importer exec warning: {asset[D:\PA_2024\3D\DogEscape\DogEscape_Op2\assets\Op15\New folder\Room\Mesh\Theme05\cabinet.fbx@7d6ab](8bdf1d1b-2c61-406b-931d-16a291dce44b@7d6ab)}: The importer version is lower than asset
2024-06-17 10:23:07-warn: [Asset DB] Importer exec warning: {asset[D:\PA_2024\3D\DogEscape\DogEscape_Op2\assets\Op15\New folder\Room\Mesh\Theme05\cat_food.fbx@7d6ab](6e02b886-c1e8-41a6-96e0-587c9eb88058@7d6ab)}: The importer version is lower than asset
2024-06-17 10:23:07-warn: [Asset DB] Importer exec warning: {asset[D:\PA_2024\3D\DogEscape\DogEscape_Op2\assets\Op15\New folder\Room\Mesh\Theme05\conveyor_belt.fbx@7d6ab](d60a6f9a-cb1e-4af6-9b73-1fa1727543a1@7d6ab)}: The importer version is lower than asset
2024-06-17 10:23:07-warn: [Asset DB] Importer exec warning: {asset[D:\PA_2024\3D\DogEscape\DogEscape_Op2\assets\Op15\New folder\Room\Mesh\Theme05\exit_door.fbx@7d6ab](6097938f-e1e5-426a-b9f7-d864fdf570df@7d6ab)}: The importer version is lower than asset
2024-06-17 10:23:07-warn: [Asset DB] Importer exec warning: {asset[D:\PA_2024\3D\DogEscape\DogEscape_Op2\assets\Op15\New folder\Room\Mesh\Theme05\floor.fbx@7d6ab](b1581e48-4e2a-4fc3-b307-2aea4001d6d1@7d6ab)}: The importer version is lower than asset
2024-06-17 10:23:07-warn: [Asset DB] Importer exec warning: {asset[D:\PA_2024\3D\DogEscape\DogEscape_Op2\assets\Op15\New folder\Room\Mesh\Theme05\laser_button.fbx@7d6ab](79e1aa4a-8ece-41ac-bc63-fffda96995b6@7d6ab)}: The importer version is lower than asset
2024-06-17 10:23:07-warn: [Asset DB] Importer exec warning: {asset[D:\PA_2024\3D\DogEscape\DogEscape_Op2\assets\Op15\New folder\Room\Mesh\Theme05\laser_wall.fbx@7d6ab](16677e68-0d52-4061-b38f-c8e9fdff7d1a@7d6ab)}: The importer version is lower than asset
2024-06-17 10:23:07-warn: [Asset DB] Importer exec warning: {asset[D:\PA_2024\3D\DogEscape\DogEscape_Op2\assets\Op15\New folder\Room\Mesh\Theme05\star.fbx@7d6ab](b7491405-a06c-4cb4-83af-59481f2035cd@7d6ab)}: The importer version is lower than asset
2024-06-17 10:23:07-warn: [Asset DB] Importer exec warning: {asset[D:\PA_2024\3D\DogEscape\DogEscape_Op2\assets\Op15\New folder\Room\Mesh\Theme05\teleport_enter.fbx@7d6ab](b92e0cf8-7a82-4a65-a4ca-4cce5cb9fc32@7d6ab)}: The importer version is lower than asset
2024-06-17 10:23:07-warn: [Asset DB] Importer exec warning: {asset[D:\PA_2024\3D\DogEscape\DogEscape_Op2\assets\Op15\New folder\Room\Mesh\Theme05\teleport_exit.fbx@7d6ab](d79ecd0c-b969-4600-8fc1-7a763ca0d776@7d6ab)}: The importer version is lower than asset
2024-06-17 10:23:07-warn: Browserslist: caniuse-lite is outdated. Please run:
npx browserslist@latest --update-db

Why you should do it regularly:
https://github.com/browserslist/browserslist#browsers-data-updating
2024-06-17 10:23:08-log: [Scene] Cocos Creator v3.4.2
2024-06-17 10:23:21-info: [Scene] Forward render pipeline initialized.
2024-06-17 10:36:17-warn: [Build] Browserslist: caniuse-lite is outdated. Please run:
npx browserslist@latest --update-db
2024-06-17 10:36:18-warn: [Build] Browserslist: caniuse-lite is outdated. Please run:
npx browserslist@latest --update-db

Why you should do it regularly:
https://github.com/browserslist/browserslist#browsers-data-updating
2024-06-17 10:36:22-warn: [Build] Engine cache directory({link(C:\Users\Admin\AppData\Local\Temp\CocosCreator\3.4.2\builder\engine\20ba7c6106c7813ca7377f752f8273b3)}) exists but has empty content. It's abnormal.
