2024-01-23 09:00:16-log: [Package] menu@1.0.0 enable
2024-01-23 09:00:16-log: [Package] profile@1.0.0 enable
2024-01-23 09:00:16-log: [Package] project@1.0.1 enable
2024-01-23 09:00:16-log: [Package] messages@1.0.0 enable
2024-01-23 09:00:16-log: [Package] program@1.0.0 enable
2024-01-23 09:00:16-log: [Package] device@1.0.1 enable
2024-01-23 09:00:16-log: [Package] ui-kit@1.0.1 enable
2024-01-23 09:00:16-log: [Package] tester@1.0.0 enable
2024-01-23 09:00:16-log: [Package] preferences@1.0.0 enable
2024-01-23 09:00:17-log: Setup mods mgr.: 607.674ms
2024-01-23 09:00:17-log: Profile changed: engine (modules.includeModules: 2d,3d,audio,base,dragon-bones,gfx-webgl,gfx-webgl2,intersection-2d,marionette,particle-2d,primitive,profiler,terrain,tiled-map,tween,ui,video,webview)
2024-01-23 09:00:17-log: [Package] engine@1.0.5 enable
2024-01-23 09:00:20-log: [Package] programming@1.0.0 enable
2024-01-23 09:00:20-log: [Package] engine-extends@1.0.0 enable
2024-01-23 09:00:20-log: [Package] asset-db@1.0.0 enable
2024-01-23 09:00:20-log: [Package] console@1.0.0 enable
2024-01-23 09:00:20-log: [Package] scene@1.0.0 enable
2024-01-23 09:00:21-log: [Package] utils@1.0.0 enable
2024-01-23 09:00:21-log: [Package] assets@1.0.0 enable
2024-01-23 09:00:21-log: [Package] inspector@1.0.0 enable
2024-01-23 09:00:21-log: [Package] hierarchy@1.0.0 enable
2024-01-23 09:00:22-log: [Package] preview@1.0.1 enable
2024-01-23 09:00:22-log: [Package] animator@1.0.0 enable
2024-01-23 09:00:23-log: [Package] builder@1.3.1 enable
2024-01-23 09:00:23-log: [Package] node-library@1.0.0 enable
2024-01-23 09:00:23-log: [Package] shortcuts@1.0.1 enable
2024-01-23 09:00:23-log: [Package] package-asset@1.0.0 enable
2024-01-23 09:00:23-log: [Package] reference-image@1.0.0 enable
2024-01-23 09:00:23-log: [Package] animation-graph@1.0.0 enable
2024-01-23 09:00:23-log: [Package] channel-upload-tools@1.0.0 enable
2024-01-23 09:00:23-log: [Package] runtime-dev-tools@1.0.0 enable
2024-01-23 09:00:23-log: [Package] lightmap@1.0.4 enable
2024-01-23 09:00:23-log: [Package] alipay-mini-game@1.0.0 enable
2024-01-23 09:00:23-log: [Package] android@1.0.0 enable
2024-01-23 09:00:23-log: [Package] baidu-mini-game@1.0.0 enable
2024-01-23 09:00:23-log: [Package] bytedance-mini-game@1.0.1 enable
2024-01-23 09:00:23-log: [Package] huawei-agc@1.0.0 enable
2024-01-23 09:00:23-log: [Package] ios@1.0.0 enable
2024-01-23 09:00:23-log: [Package] ios-app-clip@1.0.0 enable
2024-01-23 09:00:23-log: [Package] mac@1.0.0 enable
2024-01-23 09:00:24-log: [Package] native@1.0.0 enable
2024-01-23 09:00:24-log: [Package] ohos@1.0.0 enable
2024-01-23 09:00:24-log: [Package] web-desktop@1.0.0 enable
2024-01-23 09:00:24-log: [Package] web-mobile@1.0.0 enable
2024-01-23 09:00:24-log: [Package] wechatgame@1.0.1 enable
2024-01-23 09:00:24-log: [Package] windows@1.0.0 enable
2024-01-23 09:00:24-log: [Package] xiaomi-quick-game@1.0.0 enable
2024-01-23 09:00:24-log: [Package] cocos-play@1.0.0 enable
2024-01-23 09:00:24-log: [Package] huawei-quick-game@1.0.0 enable
2024-01-23 09:00:24-log: [Package] link-sure@1.0.0 enable
2024-01-23 09:00:24-log: [Package] oppo-mini-game@1.0.0 enable
2024-01-23 09:00:24-log: [Package] qtt@1.0.0 enable
2024-01-23 09:00:24-log: [Package] vivo-mini-game@1.0.0 enable
2024-01-23 09:00:28-log: [Package] cocos-service@3.0.7 enable
2024-01-23 09:00:28-log: [Package] importer@1.0.0 enable
2024-01-23 09:00:28-log: [Package] extension@3.0.15 enable
2024-01-23 09:00:28-log: [Im-plugin] Check im-plugin version.
2024-01-23 09:00:28-log: [Package] im-plugin@3.0.8 enable
2024-01-23 09:00:28-log: [Package] super-html@1.1.3 enable
2024-01-23 09:00:29-log: [Im-plugin] No online info of im-plugin.
2024-01-23 09:00:34-warn: Browserslist: caniuse-lite is outdated. Please run:
npx browserslist@latest --update-db

Why you should do it regularly:
https://github.com/browserslist/browserslist#browsers-data-updating
2024-01-23 09:00:35-log: [Scene] Cocos Creator v3.4.2
2024-01-23 09:00:37-info: [Scene] Forward render pipeline initialized.
2024-01-23 09:07:43-warn: [Build] Browserslist: caniuse-lite is outdated. Please run:
npx browserslist@latest --update-db
2024-01-23 09:07:44-warn: [Build] Browserslist: caniuse-lite is outdated. Please run:
npx browserslist@latest --update-db

Why you should do it regularly:
https://github.com/browserslist/browserslist#browsers-data-updating
2024-01-23 09:48:31-warn: [Scene] fail to create prop: /btn/hand_base cc.Sprite.color.r
2024-01-23 09:48:31-warn: [Scene] fail to create prop: /btn/hand_base cc.Sprite.color.g
2024-01-23 09:48:31-warn: [Scene] fail to create prop: /btn/hand_base cc.Sprite.color.b
2024-01-23 09:48:31-warn: [Scene] fail to create prop: /btn/hand_base cc.Sprite.color.a
2024-01-23 09:48:34-warn: [Scene] fail to create prop: /btn/hand_base cc.Sprite.color.r
2024-01-23 09:48:34-warn: [Scene] fail to create prop: /btn/hand_base cc.Sprite.color.g
2024-01-23 09:48:34-warn: [Scene] fail to create prop: /btn/hand_base cc.Sprite.color.b
2024-01-23 09:48:34-warn: [Scene] fail to create prop: /btn/hand_base cc.Sprite.color.a
2024-01-23 09:48:37-warn: [Scene] fail to create prop: /btn/hand_base cc.Sprite.color.r
2024-01-23 09:48:37-warn: [Scene] fail to create prop: /btn/hand_base cc.Sprite.color.g
2024-01-23 09:48:37-warn: [Scene] fail to create prop: /btn/hand_base cc.Sprite.color.b
2024-01-23 09:48:37-warn: [Scene] fail to create prop: /btn/hand_base cc.Sprite.color.a
2024-01-23 10:21:41-warn: [Build] Preview in build may make some errors
2024-01-23 15:53:46-log: [Scene] Animation node(e6I1cbLEpM7KXQs7LokXMx)doesn't exist
