debug: Fri, 23 Feb 2024 02:41:40 GMT
debug: Project: D:\PA_2023\2D\FishIO\FishIO_Op6
debug: Targets: editor,preview
debug: Incremental file seems great.
debug: Engine path: C:\ProgramData\cocos\editors\Creator\3.4.2\resources\resources\3d\engine
debug: Initializing target [Editor]
debug: Loading cache
debug: Loading cache costs 42.612499713897705ms.
debug: Engine features shipped in editor: base,gfx-webgl,gfx-webgl2,3d,2d,ui,particle,particle-2d,physics-framework,physics-2d-framework,intersection-2d,primitive,profiler,audio,video,terrain,webview,tween,tiled-map,spine,dragon-bones,marionette
debug: Initializing target [Preview]
debug: Loading cache
debug: Loading cache costs 30.892799854278564ms.
debug: Sync engine features: 2d,3d,audio,base,dragon-bones,gfx-webgl,gfx-webgl2,intersection-2d,marionette,particle,particle-2d,physics-2d-box2d,physics-cannon,primitive,profiler,spine,terrain,tiled-map,tween,ui,video,webview
debug: Pulling asset-db.
debug: Fetch asset-db cost: 18.704599857330322ms.
debug: Build iteration starts.
Number of accumulated asset changes: 12
Feature changed: false
debug: Target(editor) build started.
debug: Detected change: cce:/internal/x/cc. Last mtime: Thu Jan 01 1970 08:00:12 GMT+0800 (Indochina Time), Current mtime: Thu Jan 01 1970 08:00:06 GMT+0800 (Indochina Time)
debug: Inspect cce:/internal/x/cc
debug: Resolve cce:/internal/x/cc-fu/base from cce:/internal/x/cc as external dependency cce:/internal/x/cc-fu/base.
debug: Resolve cce:/internal/x/cc-fu/gfx-webgl from cce:/internal/x/cc as external dependency cce:/internal/x/cc-fu/gfx-webgl.
debug: Resolve cce:/internal/x/cc-fu/gfx-webgl2 from cce:/internal/x/cc as external dependency cce:/internal/x/cc-fu/gfx-webgl2.
debug: Resolve cce:/internal/x/cc-fu/3d from cce:/internal/x/cc as external dependency cce:/internal/x/cc-fu/3d.
debug: Resolve cce:/internal/x/cc-fu/2d from cce:/internal/x/cc as external dependency cce:/internal/x/cc-fu/2d.
debug: Resolve cce:/internal/x/cc-fu/ui from cce:/internal/x/cc as external dependency cce:/internal/x/cc-fu/ui.
debug: Resolve cce:/internal/x/cc-fu/particle from cce:/internal/x/cc as external dependency cce:/internal/x/cc-fu/particle.
debug: Resolve cce:/internal/x/cc-fu/particle-2d from cce:/internal/x/cc as external dependency cce:/internal/x/cc-fu/particle-2d.
debug: Resolve cce:/internal/x/cc-fu/physics-framework from cce:/internal/x/cc as external dependency cce:/internal/x/cc-fu/physics-framework.
debug: Resolve cce:/internal/x/cc-fu/physics-2d-framework from cce:/internal/x/cc as external dependency cce:/internal/x/cc-fu/physics-2d-framework.
debug: Resolve cce:/internal/x/cc-fu/intersection-2d from cce:/internal/x/cc as external dependency cce:/internal/x/cc-fu/intersection-2d.
debug: Resolve cce:/internal/x/cc-fu/primitive from cce:/internal/x/cc as external dependency cce:/internal/x/cc-fu/primitive.
debug: Resolve cce:/internal/x/cc-fu/profiler from cce:/internal/x/cc as external dependency cce:/internal/x/cc-fu/profiler.
debug: Resolve cce:/internal/x/cc-fu/audio from cce:/internal/x/cc as external dependency cce:/internal/x/cc-fu/audio.
debug: Resolve cce:/internal/x/cc-fu/video from cce:/internal/x/cc as external dependency cce:/internal/x/cc-fu/video.
debug: Resolve cce:/internal/x/cc-fu/terrain from cce:/internal/x/cc as external dependency cce:/internal/x/cc-fu/terrain.
debug: Resolve cce:/internal/x/cc-fu/webview from cce:/internal/x/cc as external dependency cce:/internal/x/cc-fu/webview.
debug: Resolve cce:/internal/x/cc-fu/tween from cce:/internal/x/cc as external dependency cce:/internal/x/cc-fu/tween.
debug: Resolve cce:/internal/x/cc-fu/tiled-map from cce:/internal/x/cc as external dependency cce:/internal/x/cc-fu/tiled-map.
debug: Resolve cce:/internal/x/cc-fu/spine from cce:/internal/x/cc as external dependency cce:/internal/x/cc-fu/spine.
debug: Resolve cce:/internal/x/cc-fu/dragon-bones from cce:/internal/x/cc as external dependency cce:/internal/x/cc-fu/dragon-bones.
debug: Detected change: cce:/internal/x/prerequisite-imports. Last mtime: Thu Jan 01 1970 08:00:56 GMT+0800 (Indochina Time), Current mtime: Thu Jan 01 1970 08:00:13 GMT+0800 (Indochina Time)
debug: Inspect cce:/internal/x/prerequisite-imports
debug: Resolve file:///D:/PA_2023/2D/FishIO/FishIO_Op6/assets/scripts/Controller/AudioManager.ts from cce:/internal/x/prerequisite-imports as file:///D:/PA_2023/2D/FishIO/FishIO_Op6/assets/scripts/Controller/AudioManager.ts.
debug: Resolve file:///D:/PA_2023/2D/FishIO/FishIO_Op6/assets/scripts/Controller/CameraController.ts from cce:/internal/x/prerequisite-imports as file:///D:/PA_2023/2D/FishIO/FishIO_Op6/assets/scripts/Controller/CameraController.ts.
debug: Resolve file:///D:/PA_2023/2D/FishIO/FishIO_Op6/assets/scripts/Controller/EnemiesController.ts from cce:/internal/x/prerequisite-imports as file:///D:/PA_2023/2D/FishIO/FishIO_Op6/assets/scripts/Controller/EnemiesController.ts.
debug: Resolve file:///D:/PA_2023/2D/FishIO/FishIO_Op6/assets/scripts/Controller/GameController.ts from cce:/internal/x/prerequisite-imports as file:///D:/PA_2023/2D/FishIO/FishIO_Op6/assets/scripts/Controller/GameController.ts.
debug: Resolve file:///D:/PA_2023/2D/FishIO/FishIO_Op6/assets/scripts/Controller/PlayerController.ts from cce:/internal/x/prerequisite-imports as file:///D:/PA_2023/2D/FishIO/FishIO_Op6/assets/scripts/Controller/PlayerController.ts.
debug: Resolve file:///D:/PA_2023/2D/FishIO/FishIO_Op6/assets/scripts/Controller/TouchAreaController.ts from cce:/internal/x/prerequisite-imports as file:///D:/PA_2023/2D/FishIO/FishIO_Op6/assets/scripts/Controller/TouchAreaController.ts.
debug: Resolve file:///D:/PA_2023/2D/FishIO/FishIO_Op6/assets/scripts/Controller/UI_Controller.ts from cce:/internal/x/prerequisite-imports as file:///D:/PA_2023/2D/FishIO/FishIO_Op6/assets/scripts/Controller/UI_Controller.ts.
debug: Resolve file:///D:/PA_2023/2D/FishIO/FishIO_Op6/assets/scripts/Controller/VideoController.ts from cce:/internal/x/prerequisite-imports as file:///D:/PA_2023/2D/FishIO/FishIO_Op6/assets/scripts/Controller/VideoController.ts.
debug: Resolve file:///D:/PA_2023/2D/FishIO/FishIO_Op6/assets/scripts/Data/Constant.ts from cce:/internal/x/prerequisite-imports as file:///D:/PA_2023/2D/FishIO/FishIO_Op6/assets/scripts/Data/Constant.ts.
debug: Resolve file:///D:/PA_2023/2D/FishIO/FishIO_Op6/assets/scripts/Data/IronSource.ts from cce:/internal/x/prerequisite-imports as file:///D:/PA_2023/2D/FishIO/FishIO_Op6/assets/scripts/Data/IronSource.ts.
debug: Resolve file:///D:/PA_2023/2D/FishIO/FishIO_Op6/assets/scripts/TypeScript/Enemy.ts from cce:/internal/x/prerequisite-imports as file:///D:/PA_2023/2D/FishIO/FishIO_Op6/assets/scripts/TypeScript/Enemy.ts.
debug: Resolve file:///D:/PA_2023/2D/FishIO/FishIO_Op6/assets/scripts/TypeScript/Responsive.ts from cce:/internal/x/prerequisite-imports as file:///D:/PA_2023/2D/FishIO/FishIO_Op6/assets/scripts/TypeScript/Responsive.ts.
debug: Detected change: cce:/internal/code-quality/cr.mjs. Last mtime: Sat Jan 20 2024 09:50:36 GMT+0700 (Indochina Time), Current mtime: Fri Feb 23 2024 09:41:34 GMT+0700 (Indochina Time)
debug: Inspect cce:/internal/code-quality/cr.mjs
debug: Target(editor) ends with cost 149.35739994049072ms.
debug: Target(preview) build started.
debug: Detected change: cce:/internal/x/cc. Last mtime: Thu Jan 01 1970 08:00:12 GMT+0800 (Indochina Time), Current mtime: Thu Jan 01 1970 08:00:06 GMT+0800 (Indochina Time)
debug: Inspect cce:/internal/x/cc
debug: Resolve cce:/internal/x/cc-fu/2d from cce:/internal/x/cc as external dependency cce:/internal/x/cc-fu/2d.
debug: Resolve cce:/internal/x/cc-fu/3d from cce:/internal/x/cc as external dependency cce:/internal/x/cc-fu/3d.
debug: Resolve cce:/internal/x/cc-fu/audio from cce:/internal/x/cc as external dependency cce:/internal/x/cc-fu/audio.
debug: Resolve cce:/internal/x/cc-fu/base from cce:/internal/x/cc as external dependency cce:/internal/x/cc-fu/base.
debug: Resolve cce:/internal/x/cc-fu/dragon-bones from cce:/internal/x/cc as external dependency cce:/internal/x/cc-fu/dragon-bones.
debug: Resolve cce:/internal/x/cc-fu/gfx-webgl from cce:/internal/x/cc as external dependency cce:/internal/x/cc-fu/gfx-webgl.
debug: Resolve cce:/internal/x/cc-fu/gfx-webgl2 from cce:/internal/x/cc as external dependency cce:/internal/x/cc-fu/gfx-webgl2.
debug: Resolve cce:/internal/x/cc-fu/intersection-2d from cce:/internal/x/cc as external dependency cce:/internal/x/cc-fu/intersection-2d.
debug: Resolve cce:/internal/x/cc-fu/particle from cce:/internal/x/cc as external dependency cce:/internal/x/cc-fu/particle.
debug: Resolve cce:/internal/x/cc-fu/particle-2d from cce:/internal/x/cc as external dependency cce:/internal/x/cc-fu/particle-2d.
debug: Resolve cce:/internal/x/cc-fu/physics-2d-box2d from cce:/internal/x/cc as external dependency cce:/internal/x/cc-fu/physics-2d-box2d.
debug: Resolve cce:/internal/x/cc-fu/physics-2d-framework from cce:/internal/x/cc as external dependency cce:/internal/x/cc-fu/physics-2d-framework.
debug: Resolve cce:/internal/x/cc-fu/physics-cannon from cce:/internal/x/cc as external dependency cce:/internal/x/cc-fu/physics-cannon.
debug: Resolve cce:/internal/x/cc-fu/physics-framework from cce:/internal/x/cc as external dependency cce:/internal/x/cc-fu/physics-framework.
debug: Resolve cce:/internal/x/cc-fu/primitive from cce:/internal/x/cc as external dependency cce:/internal/x/cc-fu/primitive.
debug: Resolve cce:/internal/x/cc-fu/profiler from cce:/internal/x/cc as external dependency cce:/internal/x/cc-fu/profiler.
debug: Resolve cce:/internal/x/cc-fu/spine from cce:/internal/x/cc as external dependency cce:/internal/x/cc-fu/spine.
debug: Resolve cce:/internal/x/cc-fu/terrain from cce:/internal/x/cc as external dependency cce:/internal/x/cc-fu/terrain.
debug: Resolve cce:/internal/x/cc-fu/tiled-map from cce:/internal/x/cc as external dependency cce:/internal/x/cc-fu/tiled-map.
debug: Resolve cce:/internal/x/cc-fu/tween from cce:/internal/x/cc as external dependency cce:/internal/x/cc-fu/tween.
debug: Resolve cce:/internal/x/cc-fu/ui from cce:/internal/x/cc as external dependency cce:/internal/x/cc-fu/ui.
debug: Resolve cce:/internal/x/cc-fu/video from cce:/internal/x/cc as external dependency cce:/internal/x/cc-fu/video.
debug: Resolve cce:/internal/x/cc-fu/webview from cce:/internal/x/cc as external dependency cce:/internal/x/cc-fu/webview.
debug: Detected change: cce:/internal/x/prerequisite-imports. Last mtime: Thu Jan 01 1970 08:00:57 GMT+0800 (Indochina Time), Current mtime: Thu Jan 01 1970 08:00:13 GMT+0800 (Indochina Time)
debug: Inspect cce:/internal/x/prerequisite-imports
debug: Resolve file:///D:/PA_2023/2D/FishIO/FishIO_Op6/assets/scripts/Controller/AudioManager.ts from cce:/internal/x/prerequisite-imports as file:///D:/PA_2023/2D/FishIO/FishIO_Op6/assets/scripts/Controller/AudioManager.ts.
debug: Resolve file:///D:/PA_2023/2D/FishIO/FishIO_Op6/assets/scripts/Controller/CameraController.ts from cce:/internal/x/prerequisite-imports as file:///D:/PA_2023/2D/FishIO/FishIO_Op6/assets/scripts/Controller/CameraController.ts.
debug: Resolve file:///D:/PA_2023/2D/FishIO/FishIO_Op6/assets/scripts/Controller/EnemiesController.ts from cce:/internal/x/prerequisite-imports as file:///D:/PA_2023/2D/FishIO/FishIO_Op6/assets/scripts/Controller/EnemiesController.ts.
debug: Resolve file:///D:/PA_2023/2D/FishIO/FishIO_Op6/assets/scripts/Controller/GameController.ts from cce:/internal/x/prerequisite-imports as file:///D:/PA_2023/2D/FishIO/FishIO_Op6/assets/scripts/Controller/GameController.ts.
debug: Resolve file:///D:/PA_2023/2D/FishIO/FishIO_Op6/assets/scripts/Controller/PlayerController.ts from cce:/internal/x/prerequisite-imports as file:///D:/PA_2023/2D/FishIO/FishIO_Op6/assets/scripts/Controller/PlayerController.ts.
debug: Resolve file:///D:/PA_2023/2D/FishIO/FishIO_Op6/assets/scripts/Controller/TouchAreaController.ts from cce:/internal/x/prerequisite-imports as file:///D:/PA_2023/2D/FishIO/FishIO_Op6/assets/scripts/Controller/TouchAreaController.ts.
debug: Resolve file:///D:/PA_2023/2D/FishIO/FishIO_Op6/assets/scripts/Controller/UI_Controller.ts from cce:/internal/x/prerequisite-imports as file:///D:/PA_2023/2D/FishIO/FishIO_Op6/assets/scripts/Controller/UI_Controller.ts.
debug: Resolve file:///D:/PA_2023/2D/FishIO/FishIO_Op6/assets/scripts/Controller/VideoController.ts from cce:/internal/x/prerequisite-imports as file:///D:/PA_2023/2D/FishIO/FishIO_Op6/assets/scripts/Controller/VideoController.ts.
debug: Resolve file:///D:/PA_2023/2D/FishIO/FishIO_Op6/assets/scripts/Data/Constant.ts from cce:/internal/x/prerequisite-imports as file:///D:/PA_2023/2D/FishIO/FishIO_Op6/assets/scripts/Data/Constant.ts.
debug: Resolve file:///D:/PA_2023/2D/FishIO/FishIO_Op6/assets/scripts/Data/IronSource.ts from cce:/internal/x/prerequisite-imports as file:///D:/PA_2023/2D/FishIO/FishIO_Op6/assets/scripts/Data/IronSource.ts.
debug: Resolve file:///D:/PA_2023/2D/FishIO/FishIO_Op6/assets/scripts/TypeScript/Enemy.ts from cce:/internal/x/prerequisite-imports as file:///D:/PA_2023/2D/FishIO/FishIO_Op6/assets/scripts/TypeScript/Enemy.ts.
debug: Resolve file:///D:/PA_2023/2D/FishIO/FishIO_Op6/assets/scripts/TypeScript/Responsive.ts from cce:/internal/x/prerequisite-imports as file:///D:/PA_2023/2D/FishIO/FishIO_Op6/assets/scripts/TypeScript/Responsive.ts.
debug: Detected change: cce:/internal/code-quality/cr.mjs. Last mtime: Sat Jan 20 2024 09:50:36 GMT+0700 (Indochina Time), Current mtime: Fri Feb 23 2024 09:41:34 GMT+0700 (Indochina Time)
debug: Inspect cce:/internal/code-quality/cr.mjs
debug: Target(preview) ends with cost 119.7605996131897ms.
